gl1016.arc-ts.umich.edu
gl1017.arc-ts.umich.edu
Requirement already satisfied: horovod in /home/ivanpu/.local/lib/python3.8/site-packages (0.21.3)
Requirement already satisfied: cloudpickle in /sw/arcts/centos7/python3.8-anaconda/2020.07/lib/python3.8/site-packages (from horovod) (1.5.0)
Requirement already satisfied: cffi>=1.4.0 in /sw/arcts/centos7/python3.8-anaconda/2020.07/lib/python3.8/site-packages (from horovod) (1.14.0)
Requirement already satisfied: pyyaml in /sw/arcts/centos7/python3.8-anaconda/2020.07/lib/python3.8/site-packages (from horovod) (5.3.1)
Requirement already satisfied: psutil in /sw/arcts/centos7/python3.8-anaconda/2020.07/lib/python3.8/site-packages (from horovod) (5.7.0)
Requirement already satisfied: pycparser in /sw/arcts/centos7/python3.8-anaconda/2020.07/lib/python3.8/site-packages (from cffi>=1.4.0->horovod) (2.20)
Step #0	Loss: 2.332686
Step #0	Loss: 2.306970
Step #10	Loss: 0.779123
Step #10	Loss: 1.255694
Step #20	Loss: 0.790294
Step #20	Loss: 0.572843
Step #30	Loss: 0.464775
Step #30	Loss: 0.454582
Step #40	Loss: 0.766254
Step #40	Loss: 0.421950
Step #50	Loss: 0.332563
Step #50	Loss: 0.782910
Step #60	Loss: 0.492283
Step #60	Loss: 0.738247
Step #70	Loss: 0.600439
Step #70	Loss: 0.332779
Step #80	Loss: 0.463248
Step #80	Loss: 0.710294
Step #90	Loss: 0.326327
Step #90	Loss: 0.615683
Step #100	Loss: 0.285143
Step #100	Loss: 0.395511
Step #110	Loss: 0.255848
Step #110	Loss: 0.445488
Step #120	Loss: 0.204105
Step #120	Loss: 0.621766
Step #130	Loss: 0.287087
Step #130	Loss: 0.184152
Step #140	Loss: 0.048908
Step #140	Loss: 0.107468
Step #150	Loss: 0.224376
Step #150	Loss: 0.063479
Step #160	Loss: 0.541843
Step #160	Loss: 0.144557
Step #170	Loss: 0.162631
Step #170	Loss: 0.042367
Step #180	Loss: 0.298447
Step #180	Loss: 0.383758
Step #190	Loss: 0.267335
Step #190	Loss: 0.400777
Step #200	Loss: 0.137631
Step #200	Loss: 0.044512
Step #210	Loss: 0.151940
Step #210	Loss: 0.050703
Step #220	Loss: 0.273435
Step #220	Loss: 0.278905
Step #230	Loss: 0.119100
Step #230	Loss: 0.070705
Step #240	Loss: 0.097763
Step #240	Loss: 0.116854
Step #250	Loss: 0.279507
Step #250	Loss: 0.254357
Step #260	Loss: 0.149307
Step #260	Loss: 0.101222
Step #270	Loss: 0.136203
Step #270	Loss: 0.084437
Step #280	Loss: 0.163113
Step #280	Loss: 0.267773
Step #290	Loss: 0.032481
Step #290	Loss: 0.266190
Step #300	Loss: 0.316620
Step #300	Loss: 0.414943
Step #310	Loss: 0.133480
Step #310	Loss: 0.257468
Step #320	Loss: 0.155556
Step #320	Loss: 0.114844
Step #330	Loss: 0.052331
Step #330	Loss: 0.017852
Step #340	Loss: 0.036440
Step #340	Loss: 0.314518
Step #350	Loss: 0.254248
Step #350	Loss: 0.165457
Step #360	Loss: 0.140350
Step #360	Loss: 0.035766
Step #370	Loss: 0.248489
Step #370	Loss: 0.071034
Step #380	Loss: 0.049564
Step #380	Loss: 0.036334
Step #390	Loss: 0.089662
Step #390	Loss: 0.122791
Step #400	Loss: 0.051795
Step #400	Loss: 0.052986
Step #410	Loss: 0.196699
Step #410	Loss: 0.208611
Step #420	Loss: 0.137901
Step #420	Loss: 0.012251
Step #430	Loss: 0.267911
Step #430	Loss: 0.135643
Step #440	Loss: 0.010824
Step #440	Loss: 0.030338
Step #450	Loss: 0.039082
Step #450	Loss: 0.113252
Step #460	Loss: 0.034009
Step #460	Loss: 0.033436
Step #470	Loss: 0.194419
Step #470	Loss: 0.029136
Step #480	Loss: 0.101731
Step #480	Loss: 0.068730
Step #490	Loss: 0.050097
Step #490	Loss: 0.247418
Step #500	Loss: 0.138480
Step #500	Loss: 0.119090
Step #510	Loss: 0.051556
Step #510	Loss: 0.083838
Step #520	Loss: 0.030189
Step #520	Loss: 0.021760
Step #530	Loss: 0.088701
Step #530	Loss: 0.068379
Step #540	Loss: 0.054532
Step #540	Loss: 0.006629
Step #550	Loss: 0.017757
Step #550	Loss: 0.004681
Step #560	Loss: 0.126526
Step #560	Loss: 0.572860
Step #570	Loss: 0.394500
Step #570	Loss: 0.198734
Step #580	Loss: 0.343869
Step #580	Loss: 0.026474
Step #590	Loss: 0.016505
Step #590	Loss: 0.087929
Step #600	Loss: 0.135073
Step #600	Loss: 0.094412
Step #610	Loss: 0.064380
Step #610	Loss: 0.123545
Step #620	Loss: 0.009739
Step #620	Loss: 0.054653
Step #630	Loss: 0.027960
Step #630	Loss: 0.141526
Step #640	Loss: 0.014913
Step #640	Loss: 0.022103
Step #650	Loss: 0.055890
Step #650	Loss: 0.036841
Step #660	Loss: 0.073637
Step #660	Loss: 0.034832
Step #670	Loss: 0.401456
Step #670	Loss: 0.314928
Step #680	Loss: 0.003836
Step #680	Loss: 0.153620
Step #690	Loss: 0.055823
Step #690	Loss: 0.076391
Step #700	Loss: 0.305363
Step #700	Loss: 0.284810
Step #710	Loss: 0.042798
Step #710	Loss: 0.401566
Step #720	Loss: 0.189823
Step #720	Loss: 0.092708
Step #730	Loss: 0.008149
Step #730	Loss: 0.162602
Step #740	Loss: 0.207414
Step #740	Loss: 0.320147
Step #750	Loss: 0.025490
Step #750	Loss: 0.110369
Step #760	Loss: 0.017911
Step #760	Loss: 0.080055
Step #770	Loss: 0.021104
Step #770	Loss: 0.120788
Step #780	Loss: 0.047613
Step #780	Loss: 0.042681
Step #790	Loss: 0.125422
Step #790	Loss: 0.021729
Step #800	Loss: 0.025923
Step #800	Loss: 0.061156
Step #810	Loss: 0.127993
Step #810	Loss: 0.014558
Step #820	Loss: 0.021496
Step #820	Loss: 0.549030
Step #830	Loss: 0.049041
Step #830	Loss: 0.034262
Step #840	Loss: 0.301330
Step #840	Loss: 0.116680
Step #850	Loss: 0.204222
Step #850	Loss: 0.066397
Step #860	Loss: 0.034944
Step #860	Loss: 0.059752
Step #870	Loss: 0.140375
Step #870	Loss: 0.075146
Step #880	Loss: 0.079511
Step #880	Loss: 0.039470
Step #890	Loss: 0.081018
Step #890	Loss: 0.191931
Step #900	Loss: 0.002653
Step #900	Loss: 0.103687
Step #910	Loss: 0.087233
Step #910	Loss: 0.167792
Step #920	Loss: 0.090399
Step #920	Loss: 0.038831
Step #930	Loss: 0.055591
Step #930	Loss: 0.012319
Step #940	Loss: 0.093985
Step #940	Loss: 0.282020
Step #950	Loss: 0.097704
Step #950	Loss: 0.033648
Step #960	Loss: 0.083297
Step #960	Loss: 0.152026
Step #970	Loss: 0.042777
Step #970	Loss: 0.057576
Step #980	Loss: 0.198648
Step #980	Loss: 0.040028
Step #990	Loss: 0.073008
Step #990	Loss: 0.012923
Step #1000	Loss: 0.033353
Step #1000	Loss: 0.341444
Step #1010	Loss: 0.080479
Step #1010	Loss: 0.019300
Step #1020	Loss: 0.062758
Step #1020	Loss: 0.129809
Step #1030	Loss: 0.153036
Step #1030	Loss: 0.010702
Step #1040	Loss: 0.162314
Step #1040	Loss: 0.057485
Step #1050	Loss: 0.333281
Step #1050	Loss: 0.029807
Step #1060	Loss: 0.163544
Step #1060	Loss: 0.076188
Step #1070	Loss: 0.031150
Step #1070	Loss: 0.237179
Step #1080	Loss: 0.020959
Step #1080	Loss: 0.043768
Step #1090	Loss: 0.014522
Step #1090	Loss: 0.003153
Step #1100	Loss: 0.056967
Step #1100	Loss: 0.171845
Step #1110	Loss: 0.417927
Step #1110	Loss: 0.022836
Step #1120	Loss: 0.035975
Step #1120	Loss: 0.079011
Step #1130	Loss: 0.065266
Step #1130	Loss: 0.495025
Step #1140	Loss: 0.080923
Step #1140	Loss: 0.314545
Step #1150	Loss: 0.233928
Step #1150	Loss: 0.004595
Step #1160	Loss: 0.015145
Step #1160	Loss: 0.065701
Step #1170	Loss: 0.389204
Step #1170	Loss: 0.025930
Step #1180	Loss: 0.031181
Step #1180	Loss: 0.052203
Step #1190	Loss: 0.014523
Step #1190	Loss: 0.070297
Step #1200	Loss: 0.099560
Step #1200	Loss: 0.025989
Step #1210	Loss: 0.014337
Step #1210	Loss: 0.089729
Step #1220	Loss: 0.034113
Step #1220	Loss: 0.033926
Step #1230	Loss: 0.298904
Step #1230	Loss: 0.066918
Step #1240	Loss: 0.016271
Step #1240	Loss: 0.220246
Step #1250	Loss: 0.004383
Step #1250	Loss: 0.170104
Step #1260	Loss: 0.021086
Step #1260	Loss: 0.128309
Step #1270	Loss: 0.012523
Step #1270	Loss: 0.037801
Step #1280	Loss: 0.470303
Step #1280	Loss: 0.149241
Step #1290	Loss: 0.278433
Step #1290	Loss: 0.116501
Step #1300	Loss: 0.065059
Step #1300	Loss: 0.152169
Step #1310	Loss: 0.183202
Step #1310	Loss: 0.170086
Step #1320	Loss: 0.002819
Step #1320	Loss: 0.482456
Step #1330	Loss: 0.074768
Step #1330	Loss: 0.118027
Step #1340	Loss: 0.031881
Step #1340	Loss: 0.011391
Step #1350	Loss: 0.237550
Step #1350	Loss: 0.049417
Step #1360	Loss: 0.139533
Step #1360	Loss: 0.072925
Step #1370	Loss: 0.186581
Step #1370	Loss: 0.003001
Step #1380	Loss: 0.043373
Step #1380	Loss: 0.128839
Step #1390	Loss: 0.004311
Step #1390	Loss: 0.096027
Step #1400	Loss: 0.051130
Step #1400	Loss: 0.060947
Step #1410	Loss: 0.008447
Step #1410	Loss: 0.038758
Step #1420	Loss: 0.032800
Step #1420	Loss: 0.114633
Step #1430	Loss: 0.044506
Step #1430	Loss: 0.078056
Step #1440	Loss: 0.142257
Step #1440	Loss: 0.010055
Step #1450	Loss: 0.124746
Step #1450	Loss: 0.012504
Step #1460	Loss: 0.157479
Step #1460	Loss: 0.300576
Step #1470	Loss: 0.207929
Step #1470	Loss: 0.029619
Step #1480	Loss: 0.085645
Step #1480	Loss: 0.199306
Step #1490	Loss: 0.011646
Step #1490	Loss: 0.163782
Step #1500	Loss: 0.012222
Step #1500	Loss: 0.050804
Step #1510	Loss: 0.060296
Step #1510	Loss: 0.007646
Step #1520	Loss: 0.046196
Step #1520	Loss: 0.044986
Step #1530	Loss: 0.059424
Step #1530	Loss: 0.091428
Step #1540	Loss: 0.298786
Step #1540	Loss: 0.013104
Step #1550	Loss: 0.001077
Step #1550	Loss: 0.365534
Step #1560	Loss: 0.061114
Step #1560	Loss: 0.230275
Step #1570	Loss: 0.008641
Step #1570	Loss: 0.018752
Step #1580	Loss: 0.120551
Step #1580	Loss: 0.019973
Step #1590	Loss: 0.191294
Step #1590	Loss: 0.265638
Step #1600	Loss: 0.053846
Step #1600	Loss: 0.091668
Step #1610	Loss: 0.038428
Step #1610	Loss: 0.043607
Step #1620	Loss: 0.011676
Step #1620	Loss: 0.059704
Step #1630	Loss: 0.026729
Step #1630	Loss: 0.010679
Step #1640	Loss: 0.248582
Step #1640	Loss: 0.247919
Step #1650	Loss: 0.019989
Step #1650	Loss: 0.045260
Step #1660	Loss: 0.076279
Step #1660	Loss: 0.170897
Step #1670	Loss: 0.190875
Step #1670	Loss: 0.134346
Step #1680	Loss: 0.091831
Step #1680	Loss: 0.045239
Step #1690	Loss: 0.025221
Step #1690	Loss: 0.022645
Step #1700	Loss: 0.015464
Step #1700	Loss: 0.064404
Step #1710	Loss: 0.056598
Step #1710	Loss: 0.113808
Step #1720	Loss: 0.013126
Step #1720	Loss: 0.050574
Step #1730	Loss: 0.066780
Step #1730	Loss: 0.003166
Step #1740	Loss: 0.008769
Step #1740	Loss: 0.049572
Step #1750	Loss: 0.190675
Step #1750	Loss: 0.307478
Step #1760	Loss: 0.011279
Step #1760	Loss: 0.176571
Step #1770	Loss: 0.182509
Step #1770	Loss: 0.112852
Step #1780	Loss: 0.019496
Step #1780	Loss: 0.083646
Step #1790	Loss: 0.070431
Step #1790	Loss: 0.041815
Step #1800	Loss: 0.117984
Step #1800	Loss: 0.029753
Step #1810	Loss: 0.049764
Step #1810	Loss: 0.426037
Step #1820	Loss: 0.207657
Step #1820	Loss: 0.020887
Step #1830	Loss: 0.027920
Step #1830	Loss: 0.104921
Step #1840	Loss: 0.150391
Step #1840	Loss: 0.035671
Step #1850	Loss: 0.056378
Step #1850	Loss: 0.536646
Step #1860	Loss: 0.055363
Step #1860	Loss: 0.161723
Step #1870	Loss: 0.269039
Step #1870	Loss: 0.011198
Step #1880	Loss: 0.330085
Step #1880	Loss: 0.106990
Step #1890	Loss: 0.389707
Step #1890	Loss: 0.003091
Step #1900	Loss: 0.056104
Step #1900	Loss: 0.073262
Step #1910	Loss: 0.004717
Step #1910	Loss: 0.259621
Step #1920	Loss: 0.014972
Step #1920	Loss: 0.099049
Step #1930	Loss: 0.008285
Step #1930	Loss: 0.026483
Step #1940	Loss: 0.056837
Step #1940	Loss: 0.081231
Step #1950	Loss: 0.260541
Step #1950	Loss: 0.108769
Step #1960	Loss: 0.056717
Step #1960	Loss: 0.007696
Step #1970	Loss: 0.007968
Step #1970	Loss: 0.232452
Step #1980	Loss: 0.041766
Step #1980	Loss: 0.010494
Step #1990	Loss: 0.003788
Step #1990	Loss: 0.029665
Step #2000	Loss: 0.083691
Step #2000	Loss: 0.124950
Step #2010	Loss: 0.041014
Step #2010	Loss: 0.003909
Step #2020	Loss: 0.094885
Step #2020	Loss: 0.014825
Step #2030	Loss: 0.037323
Step #2030	Loss: 0.043509
Step #2040	Loss: 0.047436
Step #2040	Loss: 0.008960
Step #2050	Loss: 0.050236
Step #2050	Loss: 0.355302
Step #2060	Loss: 0.081762
Step #2060	Loss: 0.001378
Step #2070	Loss: 0.011202
Step #2070	Loss: 0.010191
Step #2080	Loss: 0.020139
Step #2080	Loss: 0.067225
Step #2090	Loss: 0.106228
Step #2090	Loss: 0.020823
Step #2100	Loss: 0.053482
Step #2100	Loss: 0.242681
Step #2110	Loss: 0.035469
Step #2110	Loss: 0.041290
Step #2120	Loss: 0.246992
Step #2120	Loss: 0.004687
Step #2130	Loss: 0.133809
Step #2130	Loss: 0.064020
Step #2140	Loss: 0.048447
Step #2140	Loss: 0.004247
Step #2150	Loss: 0.063128
Step #2150	Loss: 0.052472
Step #2160	Loss: 0.031779
Step #2160	Loss: 0.152146
Step #2170	Loss: 0.003168
Step #2170	Loss: 0.022286
Step #2180	Loss: 0.013362
Step #2180	Loss: 0.095388
Step #2190	Loss: 0.026220
Step #2190	Loss: 0.019008
Step #2200	Loss: 0.007900
Step #2200	Loss: 0.012858
Step #2210	Loss: 0.036789
Step #2210	Loss: 0.255669
Step #2220	Loss: 0.032663
Step #2220	Loss: 0.011524
Step #2230	Loss: 0.003542
Step #2230	Loss: 0.044941
Step #2240	Loss: 0.007926
Step #2240	Loss: 0.018989
Step #2250	Loss: 0.210475
Step #2250	Loss: 0.108881
Step #2260	Loss: 0.109851
Step #2260	Loss: 0.041926
Step #2270	Loss: 0.021120
Step #2270	Loss: 0.206109
Step #2280	Loss: 0.046260
Step #2280	Loss: 0.072631
Step #2290	Loss: 0.116503
Step #2290	Loss: 0.026265
Step #2300	Loss: 0.031030
Step #2300	Loss: 0.042485
Step #2310	Loss: 0.208953
Step #2310	Loss: 0.161035
Step #2320	Loss: 0.105517
Step #2320	Loss: 0.078338
Step #2330	Loss: 0.152174
Step #2330	Loss: 0.001561
Step #2340	Loss: 0.016403
Step #2340	Loss: 0.020568
Step #2350	Loss: 0.025366
Step #2350	Loss: 0.008930
Step #2360	Loss: 0.050059
Step #2360	Loss: 0.334749
Step #2370	Loss: 0.008401
Step #2370	Loss: 0.049997
Step #2380	Loss: 0.035924
Step #2380	Loss: 0.039654
Step #2390	Loss: 0.002523
Step #2390	Loss: 0.100679
Step #2400	Loss: 0.023490
Step #2400	Loss: 0.229067
Step #2410	Loss: 0.005559
Step #2410	Loss: 0.010715
Step #2420	Loss: 0.006431
Step #2420	Loss: 0.016253
Step #2430	Loss: 0.004050
Step #2430	Loss: 0.070461
Step #2440	Loss: 0.093096
Step #2440	Loss: 0.016656
Step #2450	Loss: 0.364454
Step #2450	Loss: 0.001882
Step #2460	Loss: 0.009058
Step #2460	Loss: 0.133021
Step #2470	Loss: 0.012322
Step #2470	Loss: 0.101387
Step #2480	Loss: 0.021822
Step #2480	Loss: 0.030255
Step #2490	Loss: 0.136277
Step #2490	Loss: 0.043441
Step #2500	Loss: 0.029902
Step #2500	Loss: 0.102821
Step #2510	Loss: 0.102344
Step #2510	Loss: 0.094740
Step #2520	Loss: 0.014765
Step #2520	Loss: 0.010620
Step #2530	Loss: 0.054749
Step #2530	Loss: 0.016857
Step #2540	Loss: 0.053157
Step #2540	Loss: 0.025585
Step #2550	Loss: 0.141625
Step #2550	Loss: 0.159506
Step #2560	Loss: 0.124480
Step #2560	Loss: 0.112477
Step #2570	Loss: 0.108477
Step #2570	Loss: 0.261781
Step #2580	Loss: 0.094672
Step #2580	Loss: 0.053611
Step #2590	Loss: 0.091183
Step #2590	Loss: 0.015927
Step #2600	Loss: 0.023390
Step #2600	Loss: 0.036568
Step #2610	Loss: 0.147718
Step #2610	Loss: 0.058787
Step #2620	Loss: 0.036040
Step #2620	Loss: 0.008780
Step #2630	Loss: 0.001108
Step #2630	Loss: 0.127816
Step #2640	Loss: 0.060017
Step #2640	Loss: 0.103871
Step #2650	Loss: 0.013814
Step #2650	Loss: 0.009678
Step #2660	Loss: 0.021518
Step #2660	Loss: 0.169656
Step #2670	Loss: 0.070321
Step #2670	Loss: 0.039758
Step #2680	Loss: 0.003130
Step #2680	Loss: 0.117531
Step #2690	Loss: 0.022101
Step #2690	Loss: 0.002298
Step #2700	Loss: 0.035523
Step #2700	Loss: 0.003504
Step #2710	Loss: 0.039200
Step #2710	Loss: 0.022960
Step #2720	Loss: 0.234013
Step #2720	Loss: 0.038231
Step #2730	Loss: 0.001924
Step #2730	Loss: 0.041215
Step #2740	Loss: 0.012506
Step #2740	Loss: 0.011218
Step #2750	Loss: 0.001073
Step #2750	Loss: 0.020388
Step #2760	Loss: 0.001075
Step #2760	Loss: 0.009746
Step #2770	Loss: 0.017935
Step #2770	Loss: 0.571635
Step #2780	Loss: 0.026811
Step #2780	Loss: 0.291953
Step #2790	Loss: 0.011183
Step #2790	Loss: 0.027755
Step #2800	Loss: 0.100787
Step #2800	Loss: 0.002619
Step #2810	Loss: 0.027859
Step #2810	Loss: 0.101107
Step #2820	Loss: 0.131899
Step #2820	Loss: 0.143384
Step #2830	Loss: 0.031366
Step #2830	Loss: 0.164979
Step #2840	Loss: 0.051774
Step #2840	Loss: 0.001779
Step #2850	Loss: 0.018664
Step #2850	Loss: 0.049015
Step #2860	Loss: 0.065256
Step #2860	Loss: 0.251229
Step #2870	Loss: 0.082669
Step #2870	Loss: 0.129089
Step #2880	Loss: 0.046803
Step #2880	Loss: 0.060278
Step #2890	Loss: 0.006724
Step #2890	Loss: 0.203540
Step #2900	Loss: 0.007054
Step #2900	Loss: 0.329429
Step #2910	Loss: 0.058307
Step #2910	Loss: 0.029728
Step #2920	Loss: 0.008027
Step #2920	Loss: 0.009645
Step #2930	Loss: 0.003606
Step #2930	Loss: 0.163226
Step #2940	Loss: 0.037953
Step #2940	Loss: 0.071996
Step #2950	Loss: 0.011757
Step #2950	Loss: 0.034361
Step #2960	Loss: 0.155594
Step #2960	Loss: 0.002929
Step #2970	Loss: 0.033673
Step #2970	Loss: 0.154141
Step #2980	Loss: 0.031620
Step #2980	Loss: 0.009716
Step #2990	Loss: 0.014695
Step #2990	Loss: 0.058500
Step #3000	Loss: 0.082003
Step #3000	Loss: 0.037080
Step #3010	Loss: 0.061017
Step #3010	Loss: 0.046606
Step #3020	Loss: 0.134116
Step #3020	Loss: 0.098514
Step #3030	Loss: 0.016173
Step #3030	Loss: 0.053480
Step #3040	Loss: 0.036979
Step #3040	Loss: 0.056910
Step #3050	Loss: 0.012650
Step #3050	Loss: 0.174591
Step #3060	Loss: 0.028930
Step #3060	Loss: 0.049540
Step #3070	Loss: 0.023358
Step #3070	Loss: 0.070578
Step #3080	Loss: 0.045622
Step #3080	Loss: 0.027719
Step #3090	Loss: 0.125792
Step #3090	Loss: 0.008140
Step #3100	Loss: 0.003306
Step #3100	Loss: 0.029377
Step #3110	Loss: 0.004272
Step #3110	Loss: 0.008564
Step #3120	Loss: 0.011570
Step #3120	Loss: 0.192917
Step #3130	Loss: 0.113174
Step #3130	Loss: 0.216931
Step #3140	Loss: 0.092048
Step #3140	Loss: 0.029019
Step #3150	Loss: 0.102603
Step #3150	Loss: 0.018210
Step #3160	Loss: 0.002717
Step #3160	Loss: 0.027287
Step #3170	Loss: 0.051818
Step #3170	Loss: 0.055541
Step #3180	Loss: 0.052188
Step #3180	Loss: 0.236011
Step #3190	Loss: 0.012783
Step #3190	Loss: 0.000245
Step #3200	Loss: 0.193230
Step #3200	Loss: 0.073087
Step #3210	Loss: 0.003679
Step #3210	Loss: 0.029275
Step #3220	Loss: 0.107685
Step #3220	Loss: 0.015704
Step #3230	Loss: 0.038171
Step #3230	Loss: 0.001050
Step #3240	Loss: 0.013936
Step #3240	Loss: 0.060689
Step #3250	Loss: 0.031217
Step #3250	Loss: 0.074737
Step #3260	Loss: 0.049131
Step #3260	Loss: 0.195691
Step #3270	Loss: 0.065527
Step #3270	Loss: 0.045796
Step #3280	Loss: 0.014662
Step #3280	Loss: 0.041772
Step #3290	Loss: 0.002993
Step #3290	Loss: 0.170040
Step #3300	Loss: 0.183335
Step #3300	Loss: 0.086347
Step #3310	Loss: 0.028445
Step #3310	Loss: 0.055617
Step #3320	Loss: 0.070449
Step #3320	Loss: 0.013671
Step #3330	Loss: 0.026366
Step #3330	Loss: 0.016552
Step #3340	Loss: 0.005181
Step #3340	Loss: 0.008712
Step #3350	Loss: 0.001161
Step #3350	Loss: 0.077317
Step #3360	Loss: 0.090019
Step #3360	Loss: 0.024003
Step #3370	Loss: 0.094417
Step #3370	Loss: 0.009974
Step #3380	Loss: 0.368461
Step #3380	Loss: 0.074463
Step #3390	Loss: 0.058959
Step #3390	Loss: 0.027572
Step #3400	Loss: 0.030250
Step #3400	Loss: 0.072388
Step #3410	Loss: 0.035090
Step #3410	Loss: 0.075303
Step #3420	Loss: 0.297096
Step #3420	Loss: 0.169116
Step #3430	Loss: 0.004666
Step #3430	Loss: 0.187765
Step #3440	Loss: 0.006596
Step #3440	Loss: 0.065979
Step #3450	Loss: 0.001930
Step #3450	Loss: 0.552576
Step #3460	Loss: 0.002213
Step #3460	Loss: 0.061947
Step #3470	Loss: 0.005247
Step #3470	Loss: 0.226703
Step #3480	Loss: 0.028081
Step #3480	Loss: 0.008763
Step #3490	Loss: 0.003327
Step #3490	Loss: 0.061462
Step #3500	Loss: 0.187555
Step #3500	Loss: 0.049222
Step #3510	Loss: 0.000769
Step #3510	Loss: 0.035071
Step #3520	Loss: 0.073164
Step #3520	Loss: 0.001501
Step #3530	Loss: 0.148792
Step #3530	Loss: 0.039155
Step #3540	Loss: 0.010818
Step #3540	Loss: 0.012265
Step #3550	Loss: 0.003861
Step #3550	Loss: 0.012571
Step #3560	Loss: 0.004728
Step #3560	Loss: 0.008603
Step #3570	Loss: 0.004301
Step #3570	Loss: 0.035750
Step #3580	Loss: 0.037083
Step #3580	Loss: 0.001258
Step #3590	Loss: 0.073204
Step #3590	Loss: 0.030852
Step #3600	Loss: 0.051522
Step #3600	Loss: 0.014964
Step #3610	Loss: 0.024751
Step #3610	Loss: 0.054488
Step #3620	Loss: 0.001673
Step #3620	Loss: 0.109966
Step #3630	Loss: 0.025621
Step #3630	Loss: 0.032419
Step #3640	Loss: 0.018504
Step #3640	Loss: 0.004958
Step #3650	Loss: 0.107032
Step #3650	Loss: 0.001094
Step #3660	Loss: 0.008702
Step #3660	Loss: 0.039519
Step #3670	Loss: 0.017134
Step #3670	Loss: 0.182052
Step #3680	Loss: 0.075108
Step #3680	Loss: 0.062517
Step #3690	Loss: 0.012262
Step #3690	Loss: 0.115205
Step #3700	Loss: 0.019346
Step #3700	Loss: 0.021289
Step #3710	Loss: 0.234073
Step #3710	Loss: 0.035340
Step #3720	Loss: 0.050248
Step #3720	Loss: 0.127414
Step #3730	Loss: 0.008989
Step #3730	Loss: 0.051107
Step #3740	Loss: 0.030093
Step #3740	Loss: 0.039167
Step #3750	Loss: 0.063668
Step #3750	Loss: 0.002824
Step #3760	Loss: 0.161983
Step #3760	Loss: 0.090935
Step #3770	Loss: 0.035361
Step #3770	Loss: 0.050321
Step #3780	Loss: 0.026311
Step #3780	Loss: 0.281413
Step #3790	Loss: 0.010258
Step #3790	Loss: 0.234083
Step #3800	Loss: 0.037779
Step #3800	Loss: 0.010356
Step #3810	Loss: 0.012233
Step #3810	Loss: 0.029327
Step #3820	Loss: 0.029385
Step #3820	Loss: 0.037906
Step #3830	Loss: 0.013436
Step #3830	Loss: 0.002870
Step #3840	Loss: 0.098533
Step #3840	Loss: 0.092428
Step #3850	Loss: 0.075244
Step #3850	Loss: 0.061728
Step #3860	Loss: 0.038579
Step #3860	Loss: 0.018082
Step #3870	Loss: 0.010543
Step #3870	Loss: 0.010011
Step #3880	Loss: 0.030733
Step #3880	Loss: 0.012579
Step #3890	Loss: 0.111414
Step #3890	Loss: 0.415788
Step #3900	Loss: 0.034380
Step #3900	Loss: 0.013476
Step #3910	Loss: 0.018932
Step #3910	Loss: 0.194647
Step #3920	Loss: 0.034696
Step #3920	Loss: 0.086437
Step #3930	Loss: 0.031385
Step #3930	Loss: 0.033361
Step #3940	Loss: 0.023579
Step #3940	Loss: 0.003414
Step #3950	Loss: 0.265604
Step #3950	Loss: 0.131213
Step #3960	Loss: 0.053517
Step #3960	Loss: 0.024241
Step #3970	Loss: 0.015989
Step #3970	Loss: 0.009813
Step #3980	Loss: 0.015740
Step #3980	Loss: 0.023366
Step #3990	Loss: 0.127668
Step #3990	Loss: 0.052324
Step #4000	Loss: 0.016549
Step #4000	Loss: 0.011496
Step #4010	Loss: 0.004686
Step #4010	Loss: 0.012358
Step #4020	Loss: 0.166680
Step #4020	Loss: 0.007478
Step #4030	Loss: 0.019004
Step #4030	Loss: 0.017054
Step #4040	Loss: 0.050594
Step #4040	Loss: 0.012638
Step #4050	Loss: 0.027753
Step #4050	Loss: 0.062956
Step #4060	Loss: 0.002765
Step #4060	Loss: 0.003505
Step #4070	Loss: 0.017452
Step #4070	Loss: 0.002149
Step #4080	Loss: 0.107120
Step #4080	Loss: 0.007773
Step #4090	Loss: 0.214103
Step #4090	Loss: 0.037581
Step #4100	Loss: 0.065866
Step #4100	Loss: 0.092263
Step #4110	Loss: 0.039528
Step #4110	Loss: 0.012238
Step #4120	Loss: 0.000126
Step #4120	Loss: 0.043496
Step #4130	Loss: 0.041073
Step #4130	Loss: 0.007270
Step #4140	Loss: 0.024894
Step #4140	Loss: 0.053413
Step #4150	Loss: 0.003427
Step #4150	Loss: 0.085861
Step #4160	Loss: 0.009179
Step #4160	Loss: 0.177217
Step #4170	Loss: 0.006809
Step #4170	Loss: 0.002925
Step #4180	Loss: 0.087517
Step #4180	Loss: 0.003821
Step #4190	Loss: 0.087175
Step #4190	Loss: 0.028619
Step #4200	Loss: 0.031507
Step #4200	Loss: 0.003430
Step #4210	Loss: 0.018826
Step #4210	Loss: 0.001083
Step #4220	Loss: 0.149293
Step #4220	Loss: 0.016776
Step #4230	Loss: 0.023180
Step #4230	Loss: 0.002872
Step #4240	Loss: 0.134549
Step #4240	Loss: 0.013331
Step #4250	Loss: 0.035267
Step #4250	Loss: 0.136676
Step #4260	Loss: 0.005648
Step #4260	Loss: 0.005261
Step #4270	Loss: 0.161578
Step #4270	Loss: 0.004168
Step #4280	Loss: 0.001443
Step #4280	Loss: 0.015038
Step #4290	Loss: 0.018675
Step #4290	Loss: 0.016353
Step #4300	Loss: 0.138581
Step #4300	Loss: 0.162115
Step #4310	Loss: 0.077351
Step #4310	Loss: 0.029468
Step #4320	Loss: 0.043943
Step #4320	Loss: 0.009707
Step #4330	Loss: 0.132511
Step #4330	Loss: 0.054743
Step #4340	Loss: 0.012610
Step #4340	Loss: 0.002442
Step #4350	Loss: 0.059404
Step #4350	Loss: 0.039436
Step #4360	Loss: 0.017481
Step #4360	Loss: 0.015190
Step #4370	Loss: 0.000188
Step #4370	Loss: 0.007948
Step #4380	Loss: 0.037572
Step #4380	Loss: 0.001162
Step #4390	Loss: 0.005278
Step #4390	Loss: 0.004022
Step #4400	Loss: 0.009651
Step #4400	Loss: 0.001573
Step #4410	Loss: 0.001637
Step #4410	Loss: 0.113244
Step #4420	Loss: 0.149926
Step #4420	Loss: 0.001317
Step #4430	Loss: 0.008614
Step #4430	Loss: 0.106535
Step #4440	Loss: 0.003355
Step #4440	Loss: 0.022331
Step #4450	Loss: 0.079814
Step #4450	Loss: 0.000991
Step #4460	Loss: 0.003321
Step #4460	Loss: 0.088838
Step #4470	Loss: 0.046716
Step #4470	Loss: 0.019488
Step #4480	Loss: 0.012649
Step #4480	Loss: 0.014143
Step #4490	Loss: 0.015902
Step #4490	Loss: 0.000697
Step #4500	Loss: 0.032565
Step #4500	Loss: 0.014630
Step #4510	Loss: 0.026126
Step #4510	Loss: 0.004090
Step #4520	Loss: 0.002011
Step #4520	Loss: 0.018236
Step #4530	Loss: 0.087830
Step #4530	Loss: 0.007076
Step #4540	Loss: 0.002794
Step #4540	Loss: 0.001061
Step #4550	Loss: 0.046178
Step #4550	Loss: 0.010997
Step #4560	Loss: 0.016105
Step #4560	Loss: 0.022375
Step #4570	Loss: 0.007641
Step #4570	Loss: 0.014835
Step #4580	Loss: 0.218072
Step #4580	Loss: 0.005257
Step #4590	Loss: 0.015691
Step #4590	Loss: 0.169575
Step #4600	Loss: 0.033817
Step #4600	Loss: 0.134093
Step #4610	Loss: 0.016275
Step #4610	Loss: 0.003904
Step #4620	Loss: 0.039225
Step #4620	Loss: 0.007262
Step #4630	Loss: 0.136124
Step #4630	Loss: 0.142156
Step #4640	Loss: 0.173198
Step #4640	Loss: 0.007792
Step #4650	Loss: 0.006082
Step #4650	Loss: 0.002303
Step #4660	Loss: 0.036861
Step #4660	Loss: 0.026100
Step #4670	Loss: 0.180536
Step #4670	Loss: 0.105320
Step #4680	Loss: 0.039305
Step #4680	Loss: 0.001928
Step #4690	Loss: 0.014765
Step #4690	Loss: 0.025982
Step #4700	Loss: 0.069515
Step #4700	Loss: 0.029933
Step #4710	Loss: 0.026011
Step #4710	Loss: 0.055096
Step #4720	Loss: 0.051124
Step #4720	Loss: 0.220465
Step #4730	Loss: 0.033266
Step #4730	Loss: 0.001981
Step #4740	Loss: 0.012091
Step #4740	Loss: 0.147470
Step #4750	Loss: 0.133239
Step #4750	Loss: 0.000671
Step #4760	Loss: 0.024979
Step #4760	Loss: 0.155084
Step #4770	Loss: 0.020116
Step #4770	Loss: 0.195708
Step #4780	Loss: 0.063980
Step #4780	Loss: 0.002809
Step #4790	Loss: 0.010931
Step #4790	Loss: 0.000122
Step #4800	Loss: 0.013365
Step #4800	Loss: 0.011618
Step #4810	Loss: 0.151901
Step #4810	Loss: 0.015762
Step #4820	Loss: 0.075491
Step #4820	Loss: 0.002514
Step #4830	Loss: 0.049212
Step #4830	Loss: 0.113740
Step #4840	Loss: 0.084673
Step #4840	Loss: 0.032135
Step #4850	Loss: 0.007688
Step #4850	Loss: 0.061503
Step #4860	Loss: 0.000773
Step #4860	Loss: 0.046910
Step #4870	Loss: 0.024558
Step #4870	Loss: 0.025827
Step #4880	Loss: 0.000913
Step #4880	Loss: 0.001296
Step #4890	Loss: 0.058350
Step #4890	Loss: 0.126429
Step #4900	Loss: 0.015541
Step #4900	Loss: 0.039279
Step #4910	Loss: 0.065460
Step #4910	Loss: 0.075908
Step #4920	Loss: 0.012304
Step #4920	Loss: 0.102568
Step #4930	Loss: 0.003261
Step #4930	Loss: 0.041608
Step #4940	Loss: 0.003793
Step #4940	Loss: 0.377088
Step #4950	Loss: 0.004900
Step #4950	Loss: 0.053979
Step #4960	Loss: 0.019732
Step #4960	Loss: 0.032457
Step #4970	Loss: 0.000923
Step #4970	Loss: 0.225509
Step #4980	Loss: 0.028266
Step #4980	Loss: 0.022466
Step #4990	Loss: 0.124653
Step #4990	Loss: 0.016841
