gl1011.arc-ts.umich.edu
gl1012.arc-ts.umich.edu
Requirement already satisfied: horovod in /home/ivanpu/.local/lib/python3.8/site-packages (0.21.3)
Requirement already satisfied: cloudpickle in /sw/arcts/centos7/python3.8-anaconda/2020.07/lib/python3.8/site-packages (from horovod) (1.5.0)
Requirement already satisfied: psutil in /sw/arcts/centos7/python3.8-anaconda/2020.07/lib/python3.8/site-packages (from horovod) (5.7.0)
Requirement already satisfied: cffi>=1.4.0 in /sw/arcts/centos7/python3.8-anaconda/2020.07/lib/python3.8/site-packages (from horovod) (1.14.0)
Requirement already satisfied: pyyaml in /sw/arcts/centos7/python3.8-anaconda/2020.07/lib/python3.8/site-packages (from horovod) (5.3.1)
Requirement already satisfied: pycparser in /sw/arcts/centos7/python3.8-anaconda/2020.07/lib/python3.8/site-packages (from cffi>=1.4.0->horovod) (2.20)
Step #0	Loss: 2.286517
Step #0	Loss: 2.292170
Step #10	Loss: 1.010528
Step #10	Loss: 0.999603
Step #20	Loss: 0.464483
Step #20	Loss: 0.370872
Step #30	Loss: 0.565080
Step #30	Loss: 0.600573
Step #40	Loss: 0.449953
Step #40	Loss: 0.700879
Step #50	Loss: 0.645311
Step #50	Loss: 0.171574
Step #60	Loss: 0.462844
Step #60	Loss: 0.162006
Step #70	Loss: 0.625574
Step #70	Loss: 0.276759
Step #80	Loss: 0.110374
Step #80	Loss: 0.266016
Step #90	Loss: 0.128509
Step #90	Loss: 0.372743
Step #100	Loss: 0.286780
Step #100	Loss: 0.358554
Step #110	Loss: 0.532455
Step #110	Loss: 0.102137
Step #120	Loss: 0.219969
Step #120	Loss: 0.164039
Step #130	Loss: 0.223708
Step #130	Loss: 0.494644
Step #140	Loss: 0.067405
Step #140	Loss: 0.204388
Step #150	Loss: 0.102033
Step #150	Loss: 0.417657
Step #160	Loss: 0.790020
Step #160	Loss: 0.135587
Step #170	Loss: 0.048411
Step #170	Loss: 0.019393
Step #180	Loss: 0.150528
Step #180	Loss: 0.193840
Step #190	Loss: 0.399735
Step #190	Loss: 0.269397
Step #200	Loss: 0.508329
Step #200	Loss: 0.213246
Step #210	Loss: 0.061005
Step #210	Loss: 0.272618
Step #220	Loss: 0.217737
Step #220	Loss: 0.131528
Step #230	Loss: 0.207743
Step #230	Loss: 0.165992
Step #240	Loss: 0.050002
Step #240	Loss: 0.296109
Step #250	Loss: 0.352863
Step #250	Loss: 0.270543
Step #260	Loss: 0.039227
Step #260	Loss: 0.117877
Step #270	Loss: 0.058491
Step #270	Loss: 0.284950
Step #280	Loss: 0.304710
Step #280	Loss: 0.074724
Step #290	Loss: 0.095600
Step #290	Loss: 0.286188
Step #300	Loss: 0.030498
Step #300	Loss: 0.098288
Step #310	Loss: 0.124242
Step #310	Loss: 0.084485
Step #320	Loss: 0.230443
Step #320	Loss: 0.059364
Step #330	Loss: 0.129102
Step #330	Loss: 0.090586
Step #340	Loss: 0.271302
Step #340	Loss: 0.427697
Step #350	Loss: 0.073335
Step #350	Loss: 0.117577
Step #360	Loss: 0.064031
Step #360	Loss: 0.248168
Step #370	Loss: 0.034262
Step #370	Loss: 0.023507
Step #380	Loss: 0.342045
Step #380	Loss: 0.004778
Step #390	Loss: 0.069197
Step #390	Loss: 0.331576
Step #400	Loss: 0.228778
Step #400	Loss: 0.070618
Step #410	Loss: 0.052869
Step #410	Loss: 0.040851
Step #420	Loss: 0.067186
Step #420	Loss: 0.192559
Step #430	Loss: 0.073593
Step #430	Loss: 0.049111
Step #440	Loss: 0.030554
Step #440	Loss: 0.102785
Step #450	Loss: 0.084235
Step #450	Loss: 0.048545
Step #460	Loss: 0.175491
Step #460	Loss: 0.075946
Step #470	Loss: 0.060385
Step #470	Loss: 0.171744
Step #480	Loss: 0.137630
Step #480	Loss: 0.118372
Step #490	Loss: 0.016574
Step #490	Loss: 0.145153
Step #500	Loss: 0.024998
Step #500	Loss: 0.037943
Step #510	Loss: 0.100855
Step #510	Loss: 0.130645
Step #520	Loss: 0.112629
Step #520	Loss: 0.021138
Step #530	Loss: 0.047480
Step #530	Loss: 0.396014
Step #540	Loss: 0.091227
Step #540	Loss: 0.054302
Step #550	Loss: 0.063657
Step #550	Loss: 0.082404
Step #560	Loss: 0.154217
Step #560	Loss: 0.164707
Step #570	Loss: 0.137092
Step #570	Loss: 0.320420
Step #580	Loss: 0.146419
Step #580	Loss: 0.252757
Step #590	Loss: 0.417984
Step #590	Loss: 0.096397
Step #600	Loss: 0.025952
Step #600	Loss: 0.008431
Step #610	Loss: 0.161570
Step #610	Loss: 0.019122
Step #620	Loss: 0.132495
Step #620	Loss: 0.241474
Step #630	Loss: 0.071716
Step #630	Loss: 0.007828
Step #640	Loss: 0.047202
Step #640	Loss: 0.098019
Step #650	Loss: 0.105600
Step #650	Loss: 0.255808
Step #660	Loss: 0.358849
Step #660	Loss: 0.058391
Step #670	Loss: 0.034572
Step #670	Loss: 0.097625
Step #680	Loss: 0.003360
Step #680	Loss: 0.106349
Step #690	Loss: 0.086360
Step #690	Loss: 0.082835
Step #700	Loss: 0.256295
Step #700	Loss: 0.051149
Step #710	Loss: 0.132883
Step #710	Loss: 0.186792
Step #720	Loss: 0.085695
Step #720	Loss: 0.067831
Step #730	Loss: 0.102405
Step #730	Loss: 0.061902
Step #740	Loss: 0.280965
Step #740	Loss: 0.159315
Step #750	Loss: 0.050165
Step #750	Loss: 0.180339
Step #760	Loss: 0.087045
Step #760	Loss: 0.359801
Step #770	Loss: 0.053642
Step #770	Loss: 0.214002
Step #780	Loss: 0.026457
Step #780	Loss: 0.031802
Step #790	Loss: 0.024224
Step #790	Loss: 0.193656
Step #800	Loss: 0.157029
Step #800	Loss: 0.027579
Step #810	Loss: 0.128148
Step #810	Loss: 0.010497
Step #820	Loss: 0.243818
Step #820	Loss: 0.006682
Step #830	Loss: 0.177224
Step #830	Loss: 0.014870
Step #840	Loss: 0.046471
Step #840	Loss: 0.159889
Step #850	Loss: 0.157525
Step #850	Loss: 0.137708
Step #860	Loss: 0.061032
Step #860	Loss: 0.047211
Step #870	Loss: 0.002811
Step #870	Loss: 0.029720
Step #880	Loss: 0.078223
Step #880	Loss: 0.148130
Step #890	Loss: 0.170483
Step #890	Loss: 0.041467
Step #900	Loss: 0.108694
Step #900	Loss: 0.020418
Step #910	Loss: 0.024395
Step #910	Loss: 0.018122
Step #920	Loss: 0.081210
Step #920	Loss: 0.130179
Step #930	Loss: 0.054266
Step #930	Loss: 0.048535
Step #940	Loss: 0.188049
Step #940	Loss: 0.034313
Step #950	Loss: 0.138235
Step #950	Loss: 0.155950
Step #960	Loss: 0.091504
Step #960	Loss: 0.333085
Step #970	Loss: 0.092441
Step #970	Loss: 0.134206
Step #980	Loss: 0.096377
Step #980	Loss: 0.026530
Step #990	Loss: 0.089995
Step #990	Loss: 0.376177
Step #1000	Loss: 0.067233
Step #1000	Loss: 0.233926
Step #1010	Loss: 0.110731
Step #1010	Loss: 0.277313
Step #1020	Loss: 0.031926
Step #1020	Loss: 0.157496
Step #1030	Loss: 0.134034
Step #1030	Loss: 0.031045
Step #1040	Loss: 0.155883
Step #1040	Loss: 0.028252
Step #1050	Loss: 0.017093
Step #1050	Loss: 0.191147
Step #1060	Loss: 0.067617
Step #1060	Loss: 0.080649
Step #1070	Loss: 0.021192
Step #1070	Loss: 0.165274
Step #1080	Loss: 0.270017
Step #1080	Loss: 0.310139
Step #1090	Loss: 0.219439
Step #1090	Loss: 0.517952
Step #1100	Loss: 0.039022
Step #1100	Loss: 0.107136
Step #1110	Loss: 0.243307
Step #1110	Loss: 0.022691
Step #1120	Loss: 0.101216
Step #1120	Loss: 0.128248
Step #1130	Loss: 0.042198
Step #1130	Loss: 0.024679
Step #1140	Loss: 0.085235
Step #1140	Loss: 0.001923
Step #1150	Loss: 0.141804
Step #1150	Loss: 0.014922
Step #1160	Loss: 0.067835
Step #1160	Loss: 0.122652
Step #1170	Loss: 0.002468
Step #1170	Loss: 0.090338
Step #1180	Loss: 0.002067
Step #1180	Loss: 0.017613
Step #1190	Loss: 0.432794
Step #1190	Loss: 0.083732
Step #1200	Loss: 0.189810
Step #1200	Loss: 0.084082
Step #1210	Loss: 0.024147
Step #1210	Loss: 0.007909
Step #1220	Loss: 0.093535
Step #1220	Loss: 0.173477
Step #1230	Loss: 0.031000
Step #1230	Loss: 0.107908
Step #1240	Loss: 0.066143
Step #1240	Loss: 0.078003
Step #1250	Loss: 0.107903
Step #1250	Loss: 0.092392
Step #1260	Loss: 0.004800
Step #1260	Loss: 0.096307
Step #1270	Loss: 0.056196
Step #1270	Loss: 0.009018
Step #1280	Loss: 0.233697
Step #1280	Loss: 0.089224
Step #1290	Loss: 0.195256
Step #1290	Loss: 0.068043
Step #1300	Loss: 0.011409
Step #1300	Loss: 0.106440
Step #1310	Loss: 0.160975
Step #1310	Loss: 0.022058
Step #1320	Loss: 0.032069
Step #1320	Loss: 0.110319
Step #1330	Loss: 0.073747
Step #1330	Loss: 0.028562
Step #1340	Loss: 0.121112
Step #1340	Loss: 0.011748
Step #1350	Loss: 0.012329
Step #1350	Loss: 0.222701
Step #1360	Loss: 0.044997
Step #1360	Loss: 0.025264
Step #1370	Loss: 0.062122
Step #1370	Loss: 0.014839
Step #1380	Loss: 0.035931
Step #1380	Loss: 0.024730
Step #1390	Loss: 0.051436
Step #1390	Loss: 0.015371
Step #1400	Loss: 0.117209
Step #1400	Loss: 0.020622
Step #1410	Loss: 0.143583
Step #1410	Loss: 0.096619
Step #1420	Loss: 0.027607
Step #1420	Loss: 0.044194
Step #1430	Loss: 0.014379
Step #1430	Loss: 0.021131
Step #1440	Loss: 0.213712
Step #1440	Loss: 0.046353
Step #1450	Loss: 0.042475
Step #1450	Loss: 0.079790
Step #1460	Loss: 0.080473
Step #1460	Loss: 0.028226
Step #1470	Loss: 0.012594
Step #1470	Loss: 0.210925
Step #1480	Loss: 0.025299
Step #1480	Loss: 0.123432
Step #1490	Loss: 0.151362
Step #1490	Loss: 0.003223
Step #1500	Loss: 0.013290
Step #1500	Loss: 0.005579
Step #1510	Loss: 0.008961
Step #1510	Loss: 0.003900
Step #1520	Loss: 0.084461
Step #1520	Loss: 0.613996
Step #1530	Loss: 0.075755
Step #1530	Loss: 0.134366
Step #1540	Loss: 0.162078
Step #1540	Loss: 0.013088
Step #1550	Loss: 0.181152
Step #1550	Loss: 0.365795
Step #1560	Loss: 0.028982
Step #1560	Loss: 0.119719
Step #1570	Loss: 0.071571
Step #1570	Loss: 0.143528
Step #1580	Loss: 0.130367
Step #1580	Loss: 0.090166
Step #1590	Loss: 0.013140
Step #1590	Loss: 0.017275
Step #1600	Loss: 0.270663
Step #1600	Loss: 0.007250
Step #1610	Loss: 0.206144
Step #1610	Loss: 0.012205
Step #1620	Loss: 0.267075
Step #1620	Loss: 0.022539
Step #1630	Loss: 0.024048
Step #1630	Loss: 0.026536
Step #1640	Loss: 0.074577
Step #1640	Loss: 0.071839
Step #1650	Loss: 0.022994
Step #1650	Loss: 0.099044
Step #1660	Loss: 0.215301
Step #1660	Loss: 0.005618
Step #1670	Loss: 0.089273
Step #1670	Loss: 0.137440
Step #1680	Loss: 0.062674
Step #1680	Loss: 0.025677
Step #1690	Loss: 0.005222
Step #1690	Loss: 0.108987
Step #1700	Loss: 0.023421
Step #1700	Loss: 0.263017
Step #1710	Loss: 0.060043
Step #1710	Loss: 0.108688
Step #1720	Loss: 0.035428
Step #1720	Loss: 0.094194
Step #1730	Loss: 0.046643
Step #1730	Loss: 0.152488
Step #1740	Loss: 0.021594
Step #1740	Loss: 0.040340
Step #1750	Loss: 0.007056
Step #1750	Loss: 0.032088
Step #1760	Loss: 0.813017
Step #1760	Loss: 0.004868
Step #1770	Loss: 0.238969
Step #1770	Loss: 0.000868
Step #1780	Loss: 0.005701
Step #1780	Loss: 0.037123
Step #1790	Loss: 0.016134
Step #1790	Loss: 0.166142
Step #1800	Loss: 0.021948
Step #1800	Loss: 0.035416
Step #1810	Loss: 0.057259
Step #1810	Loss: 0.003588
Step #1820	Loss: 0.100504
Step #1820	Loss: 0.050464
Step #1830	Loss: 0.497148
Step #1830	Loss: 0.213583
Step #1840	Loss: 0.016389
Step #1840	Loss: 0.255189
Step #1850	Loss: 0.051176
Step #1850	Loss: 0.053453
Step #1860	Loss: 0.119602
Step #1860	Loss: 0.010459
Step #1870	Loss: 0.026469
Step #1870	Loss: 0.115701
Step #1880	Loss: 0.018637
Step #1880	Loss: 0.059075
Step #1890	Loss: 0.003416
Step #1890	Loss: 0.031145
Step #1900	Loss: 0.310927
Step #1900	Loss: 0.007450
Step #1910	Loss: 0.019014
Step #1910	Loss: 0.100291
Step #1920	Loss: 0.017282
Step #1920	Loss: 0.020763
Step #1930	Loss: 0.067347
Step #1930	Loss: 0.005168
Step #1940	Loss: 0.044638
Step #1940	Loss: 0.039833
Step #1950	Loss: 0.011879
Step #1950	Loss: 0.008174
Step #1960	Loss: 0.065352
Step #1960	Loss: 0.040963
Step #1970	Loss: 0.026854
Step #1970	Loss: 0.280594
Step #1980	Loss: 0.009218
Step #1980	Loss: 0.035789
Step #1990	Loss: 0.029680
Step #1990	Loss: 0.100974
Step #2000	Loss: 0.095936
Step #2000	Loss: 0.125773
Step #2010	Loss: 0.257325
Step #2010	Loss: 0.007688
Step #2020	Loss: 0.113064
Step #2020	Loss: 0.125925
Step #2030	Loss: 0.143798
Step #2030	Loss: 0.050884
Step #2040	Loss: 0.334238
Step #2040	Loss: 0.022770
Step #2050	Loss: 0.047760
Step #2050	Loss: 0.188247
Step #2060	Loss: 0.012427
Step #2060	Loss: 0.072650
Step #2070	Loss: 0.085433
Step #2070	Loss: 0.048714
Step #2080	Loss: 0.018811
Step #2080	Loss: 0.032608
Step #2090	Loss: 0.013655
Step #2090	Loss: 0.068421
Step #2100	Loss: 0.010779
Step #2100	Loss: 0.022236
Step #2110	Loss: 0.000419
Step #2110	Loss: 0.004180
Step #2120	Loss: 0.055221
Step #2120	Loss: 0.015632
Step #2130	Loss: 0.007351
Step #2130	Loss: 0.238308
Step #2140	Loss: 0.025793
Step #2140	Loss: 0.046281
Step #2150	Loss: 0.035880
Step #2150	Loss: 0.021730
Step #2160	Loss: 0.001537
Step #2160	Loss: 0.022925
Step #2170	Loss: 0.005475
Step #2170	Loss: 0.001617
Step #2180	Loss: 0.005611
Step #2180	Loss: 0.039308
Step #2190	Loss: 0.023644
Step #2190	Loss: 0.014921
Step #2200	Loss: 0.221086
Step #2200	Loss: 0.103632
Step #2210	Loss: 0.029933
Step #2210	Loss: 0.278017
Step #2220	Loss: 0.005823
Step #2220	Loss: 0.060829
Step #2230	Loss: 0.145146
Step #2230	Loss: 0.113715
Step #2240	Loss: 0.020331
Step #2240	Loss: 0.009417
Step #2250	Loss: 0.002556
Step #2250	Loss: 0.035788
Step #2260	Loss: 0.009970
Step #2260	Loss: 0.016699
Step #2270	Loss: 0.318099
Step #2270	Loss: 0.004309
Step #2280	Loss: 0.038208
Step #2280	Loss: 0.076928
Step #2290	Loss: 0.125411
Step #2290	Loss: 0.010324
Step #2300	Loss: 0.014435
Step #2300	Loss: 0.297741
Step #2310	Loss: 0.252200
Step #2310	Loss: 0.014764
Step #2320	Loss: 0.096214
Step #2320	Loss: 0.016856
Step #2330	Loss: 0.065451
Step #2330	Loss: 0.015546
Step #2340	Loss: 0.087899
Step #2340	Loss: 0.026416
Step #2350	Loss: 0.148927
Step #2350	Loss: 0.135482
Step #2360	Loss: 0.031850
Step #2360	Loss: 0.032413
Step #2370	Loss: 0.023079
Step #2370	Loss: 0.148555
Step #2380	Loss: 0.000324
Step #2380	Loss: 0.013702
Step #2390	Loss: 0.092989
Step #2390	Loss: 0.114603
Step #2400	Loss: 0.031569
Step #2400	Loss: 0.044662
Step #2410	Loss: 0.018876
Step #2410	Loss: 0.125851
Step #2420	Loss: 0.043562
Step #2420	Loss: 0.023378
Step #2430	Loss: 0.043719
Step #2430	Loss: 0.019012
Step #2440	Loss: 0.044680
Step #2440	Loss: 0.014940
Step #2450	Loss: 0.036665
Step #2450	Loss: 0.038486
Step #2460	Loss: 0.007439
Step #2460	Loss: 0.038564
Step #2470	Loss: 0.008727
Step #2470	Loss: 0.070625
Step #2480	Loss: 0.011176
Step #2480	Loss: 0.023827
Step #2490	Loss: 0.074339
Step #2490	Loss: 0.033363
Step #2500	Loss: 0.040937
Step #2500	Loss: 0.006825
Step #2510	Loss: 0.002428
Step #2510	Loss: 0.066913
Step #2520	Loss: 0.078601
Step #2520	Loss: 0.032660
Step #2530	Loss: 0.090103
Step #2530	Loss: 0.189125
Step #2540	Loss: 0.033987
Step #2540	Loss: 0.042577
Step #2550	Loss: 0.006313
Step #2550	Loss: 0.034377
Step #2560	Loss: 0.071351
Step #2560	Loss: 0.000767
Step #2570	Loss: 0.008020
Step #2570	Loss: 0.115526
Step #2580	Loss: 0.036251
Step #2580	Loss: 0.032457
Step #2590	Loss: 0.072115
Step #2590	Loss: 0.105964
Step #2600	Loss: 0.015005
Step #2600	Loss: 0.049765
Step #2610	Loss: 0.006400
Step #2610	Loss: 0.024270
Step #2620	Loss: 0.100806
Step #2620	Loss: 0.004817
Step #2630	Loss: 0.008118
Step #2630	Loss: 0.103181
Step #2640	Loss: 0.313126
Step #2640	Loss: 0.001990
Step #2650	Loss: 0.016484
Step #2650	Loss: 0.236640
Step #2660	Loss: 0.120296
Step #2660	Loss: 0.039716
Step #2670	Loss: 0.073653
Step #2670	Loss: 0.011514
Step #2680	Loss: 0.086356
Step #2680	Loss: 0.048282
Step #2690	Loss: 0.044525
Step #2690	Loss: 0.060835
Step #2700	Loss: 0.258490
Step #2700	Loss: 0.007651
Step #2710	Loss: 0.045767
Step #2710	Loss: 0.017731
Step #2720	Loss: 0.001944
Step #2720	Loss: 0.025715
Step #2730	Loss: 0.003272
Step #2730	Loss: 0.003230
Step #2740	Loss: 0.010599
Step #2740	Loss: 0.022122
Step #2750	Loss: 0.003114
Step #2750	Loss: 0.201905
Step #2760	Loss: 0.004698
Step #2760	Loss: 0.049046
Step #2770	Loss: 0.050351
Step #2770	Loss: 0.022428
Step #2780	Loss: 0.002965
Step #2780	Loss: 0.025071
Step #2790	Loss: 0.016980
Step #2790	Loss: 0.051614
Step #2800	Loss: 0.009976
Step #2800	Loss: 0.029862
Step #2810	Loss: 0.129187
Step #2810	Loss: 0.042226
Step #2820	Loss: 0.019454
Step #2820	Loss: 0.033953
Step #2830	Loss: 0.026919
Step #2830	Loss: 0.108331
Step #2840	Loss: 0.007921
Step #2840	Loss: 0.004357
Step #2850	Loss: 0.162181
Step #2850	Loss: 0.001067
Step #2860	Loss: 0.100398
Step #2860	Loss: 0.040051
Step #2870	Loss: 0.085091
Step #2870	Loss: 0.010600
Step #2880	Loss: 0.006978
Step #2880	Loss: 0.426087
Step #2890	Loss: 0.116385
Step #2890	Loss: 0.017868
Step #2900	Loss: 0.129059
Step #2900	Loss: 0.171264
Step #2910	Loss: 0.174763
Step #2910	Loss: 0.006712
Step #2920	Loss: 0.029590
Step #2920	Loss: 0.012605
Step #2930	Loss: 0.042635
Step #2930	Loss: 0.021818
Step #2940	Loss: 0.024365
Step #2940	Loss: 0.000628
Step #2950	Loss: 0.006692
Step #2950	Loss: 0.143512
Step #2960	Loss: 0.106039
Step #2960	Loss: 0.048794
Step #2970	Loss: 0.001921
Step #2970	Loss: 0.076594
Step #2980	Loss: 0.006211
Step #2980	Loss: 0.000601
Step #2990	Loss: 0.037360
Step #2990	Loss: 0.017306
Step #3000	Loss: 0.011590
Step #3000	Loss: 0.010511
Step #3010	Loss: 0.079266
Step #3010	Loss: 0.078066
Step #3020	Loss: 0.034637
Step #3020	Loss: 0.156847
Step #3030	Loss: 0.134928
Step #3030	Loss: 0.007853
Step #3040	Loss: 0.006101
Step #3040	Loss: 0.071773
Step #3050	Loss: 0.013880
Step #3050	Loss: 0.038854
Step #3060	Loss: 0.100417
Step #3060	Loss: 0.021052
Step #3070	Loss: 0.041409
Step #3070	Loss: 0.059877
Step #3080	Loss: 0.011226
Step #3080	Loss: 0.001589
Step #3090	Loss: 0.014488
Step #3090	Loss: 0.001395
Step #3100	Loss: 0.010486
Step #3100	Loss: 0.009391
Step #3110	Loss: 0.007521
Step #3110	Loss: 0.006058
Step #3120	Loss: 0.012273
Step #3120	Loss: 0.070784
Step #3130	Loss: 0.157014
Step #3130	Loss: 0.013797
Step #3140	Loss: 0.059035
Step #3140	Loss: 0.143372
Step #3150	Loss: 0.004917
Step #3150	Loss: 0.006544
Step #3160	Loss: 0.238483
Step #3160	Loss: 0.010024
Step #3170	Loss: 0.039912
Step #3170	Loss: 0.060954
Step #3180	Loss: 0.434774
Step #3180	Loss: 0.178431
Step #3190	Loss: 0.005032
Step #3190	Loss: 0.026357
Step #3200	Loss: 0.001237
Step #3200	Loss: 0.194262
Step #3210	Loss: 0.010797
Step #3210	Loss: 0.242695
Step #3220	Loss: 0.006233
Step #3220	Loss: 0.012839
Step #3230	Loss: 0.110025
Step #3230	Loss: 0.204255
Step #3240	Loss: 0.012734
Step #3240	Loss: 0.002991
Step #3250	Loss: 0.027802
Step #3250	Loss: 0.048727
Step #3260	Loss: 0.019520
Step #3260	Loss: 0.177941
Step #3270	Loss: 0.070369
Step #3270	Loss: 0.008101
Step #3280	Loss: 0.071454
Step #3280	Loss: 0.098357
Step #3290	Loss: 0.081950
Step #3290	Loss: 0.077927
Step #3300	Loss: 0.027802
Step #3300	Loss: 0.022706
Step #3310	Loss: 0.571093
Step #3310	Loss: 0.000830
Step #3320	Loss: 0.064992
Step #3320	Loss: 0.016478
Step #3330	Loss: 0.012679
Step #3330	Loss: 0.017242
Step #3340	Loss: 0.069059
Step #3340	Loss: 0.129121
Step #3350	Loss: 0.017993
Step #3350	Loss: 0.066749
Step #3360	Loss: 0.240129
Step #3360	Loss: 0.027994
Step #3370	Loss: 0.020500
Step #3370	Loss: 0.043108
Step #3380	Loss: 0.038434
Step #3380	Loss: 0.033189
Step #3390	Loss: 0.078395
Step #3390	Loss: 0.379182
Step #3400	Loss: 0.008055
Step #3400	Loss: 0.001745
Step #3410	Loss: 0.060820
Step #3410	Loss: 0.113607
Step #3420	Loss: 0.006172
Step #3420	Loss: 0.171438
Step #3430	Loss: 0.004322
Step #3430	Loss: 0.002119
Step #3440	Loss: 0.127426
Step #3440	Loss: 0.178107
Step #3450	Loss: 0.081073
Step #3450	Loss: 0.016819
Step #3460	Loss: 0.061311
Step #3460	Loss: 0.064156
Step #3470	Loss: 0.059423
Step #3470	Loss: 0.037534
Step #3480	Loss: 0.064189
Step #3480	Loss: 0.025812
Step #3490	Loss: 0.007001
Step #3490	Loss: 0.019159
Step #3500	Loss: 0.057057
Step #3500	Loss: 0.009667
Step #3510	Loss: 0.004384
Step #3510	Loss: 0.035890
Step #3520	Loss: 0.000098
Step #3520	Loss: 0.028239
Step #3530	Loss: 0.007964
Step #3530	Loss: 0.022634
Step #3540	Loss: 0.140143
Step #3540	Loss: 0.019340
Step #3550	Loss: 0.058213
Step #3550	Loss: 0.000729
Step #3560	Loss: 0.047770
Step #3560	Loss: 0.011560
Step #3570	Loss: 0.000304
Step #3570	Loss: 0.002186
Step #3580	Loss: 0.048259
Step #3580	Loss: 0.082414
Step #3590	Loss: 0.181448
Step #3590	Loss: 0.003023
Step #3600	Loss: 0.288760
Step #3600	Loss: 0.276205
Step #3610	Loss: 0.006123
Step #3610	Loss: 0.108482
Step #3620	Loss: 0.026886
Step #3620	Loss: 0.302177
Step #3630	Loss: 0.098422
Step #3630	Loss: 0.018081
Step #3640	Loss: 0.018501
Step #3640	Loss: 0.116940
Step #3650	Loss: 0.038264
Step #3650	Loss: 0.076902
Step #3660	Loss: 0.064338
Step #3660	Loss: 0.013300
Step #3670	Loss: 0.023113
Step #3670	Loss: 0.014355
Step #3680	Loss: 0.260260
Step #3680	Loss: 0.006800
Step #3690	Loss: 0.011886
Step #3690	Loss: 0.001615
Step #3700	Loss: 0.012899
Step #3700	Loss: 0.028756
Step #3710	Loss: 0.110812
Step #3710	Loss: 0.032672
Step #3720	Loss: 0.220242
Step #3720	Loss: 0.039838
Step #3730	Loss: 0.057619
Step #3730	Loss: 0.199679
Step #3740	Loss: 0.005861
Step #3740	Loss: 0.011558
Step #3750	Loss: 0.094177
Step #3750	Loss: 0.068631
Step #3760	Loss: 0.239508
Step #3760	Loss: 0.055899
Step #3770	Loss: 0.029865
Step #3770	Loss: 0.029138
Step #3780	Loss: 0.001682
Step #3780	Loss: 0.039008
Step #3790	Loss: 0.005202
Step #3790	Loss: 0.006508
Step #3800	Loss: 0.004054
Step #3800	Loss: 0.086053
Step #3810	Loss: 0.006887
Step #3810	Loss: 0.011146
Step #3820	Loss: 0.041387
Step #3820	Loss: 0.003834
Step #3830	Loss: 0.063233
Step #3830	Loss: 0.028361
Step #3840	Loss: 0.055876
Step #3840	Loss: 0.040102
Step #3850	Loss: 0.014544
Step #3850	Loss: 0.004564
Step #3860	Loss: 0.118084
Step #3860	Loss: 0.065756
Step #3870	Loss: 0.232326
Step #3870	Loss: 0.021948
Step #3880	Loss: 0.044573
Step #3880	Loss: 0.004902
Step #3890	Loss: 0.075134
Step #3890	Loss: 0.219566
Step #3900	Loss: 0.004380
Step #3900	Loss: 0.011231
Step #3910	Loss: 0.023829
Step #3910	Loss: 0.029230
Step #3920	Loss: 0.050602
Step #3920	Loss: 0.231943
Step #3930	Loss: 0.030203
Step #3930	Loss: 0.116913
Step #3940	Loss: 0.004097
Step #3940	Loss: 0.155068
Step #3950	Loss: 0.217309
Step #3950	Loss: 0.000478
Step #3960	Loss: 0.019689
Step #3960	Loss: 0.045504
Step #3970	Loss: 0.058938
Step #3970	Loss: 0.019816
Step #3980	Loss: 0.012717
Step #3980	Loss: 0.090363
Step #3990	Loss: 0.087669
Step #3990	Loss: 0.026307
Step #4000	Loss: 0.032894
Step #4000	Loss: 0.000056
Step #4010	Loss: 0.002649
Step #4010	Loss: 0.003688
Step #4020	Loss: 0.085116
Step #4020	Loss: 0.033816
Step #4030	Loss: 0.001483
Step #4030	Loss: 0.018096
Step #4040	Loss: 0.059027
Step #4040	Loss: 0.004613
Step #4050	Loss: 0.015769
Step #4050	Loss: 0.002026
Step #4060	Loss: 0.010606
Step #4060	Loss: 0.119417
Step #4070	Loss: 0.015152
Step #4070	Loss: 0.073634
Step #4080	Loss: 0.014659
Step #4080	Loss: 0.027655
Step #4090	Loss: 0.025897
Step #4090	Loss: 0.004885
Step #4100	Loss: 0.003725
Step #4100	Loss: 0.097065
Step #4110	Loss: 0.004875
Step #4110	Loss: 0.015074
Step #4120	Loss: 0.063256
Step #4120	Loss: 0.018367
Step #4130	Loss: 0.006405
Step #4130	Loss: 0.002965
Step #4140	Loss: 0.030434
Step #4140	Loss: 0.086343
Step #4150	Loss: 0.227027
Step #4150	Loss: 0.052904
Step #4160	Loss: 0.040968
Step #4160	Loss: 0.066570
Step #4170	Loss: 0.004576
Step #4170	Loss: 0.033633
Step #4180	Loss: 0.014854
Step #4180	Loss: 0.026053
Step #4190	Loss: 0.113685
Step #4190	Loss: 0.104534
Step #4200	Loss: 0.106653
Step #4200	Loss: 0.169428
Step #4210	Loss: 0.002443
Step #4210	Loss: 0.098457
Step #4220	Loss: 0.026254
Step #4220	Loss: 0.038235
Step #4230	Loss: 0.135457
Step #4230	Loss: 0.016614
Step #4240	Loss: 0.006093
Step #4240	Loss: 0.061263
Step #4250	Loss: 0.005079
Step #4250	Loss: 0.000690
Step #4260	Loss: 0.023095
Step #4260	Loss: 0.086902
Step #4270	Loss: 0.096213
Step #4270	Loss: 0.031864
Step #4280	Loss: 0.195646
Step #4280	Loss: 0.017062
Step #4290	Loss: 0.088749
Step #4290	Loss: 0.010983
Step #4300	Loss: 0.008782
Step #4300	Loss: 0.037179
Step #4310	Loss: 0.002743
Step #4310	Loss: 0.006269
Step #4320	Loss: 0.089328
Step #4320	Loss: 0.002404
Step #4330	Loss: 0.057567
Step #4330	Loss: 0.006188
Step #4340	Loss: 0.146504
Step #4340	Loss: 0.000449
Step #4350	Loss: 0.106208
Step #4350	Loss: 0.002087
Step #4360	Loss: 0.006024
Step #4360	Loss: 0.034492
Step #4370	Loss: 0.002444
Step #4370	Loss: 0.095146
Step #4380	Loss: 0.036329
Step #4380	Loss: 0.009425
Step #4390	Loss: 0.003892
Step #4390	Loss: 0.004158
Step #4400	Loss: 0.026661
Step #4400	Loss: 0.007651
Step #4410	Loss: 0.049051
Step #4410	Loss: 0.115629
Step #4420	Loss: 0.015102
Step #4420	Loss: 0.002511
Step #4430	Loss: 0.001867
Step #4430	Loss: 0.054359
Step #4440	Loss: 0.137029
Step #4440	Loss: 0.088375
Step #4450	Loss: 0.002721
Step #4450	Loss: 0.045122
Step #4460	Loss: 0.000614
Step #4460	Loss: 0.001574
Step #4470	Loss: 0.001877
Step #4470	Loss: 0.020152
Step #4480	Loss: 0.000740
Step #4480	Loss: 0.002474
Step #4490	Loss: 0.097922
Step #4490	Loss: 0.012412
Step #4500	Loss: 0.096317
Step #4500	Loss: 0.009256
Step #4510	Loss: 0.013277
Step #4510	Loss: 0.036848
Step #4520	Loss: 0.001279
Step #4520	Loss: 0.027208
Step #4530	Loss: 0.002003
Step #4530	Loss: 0.025774
Step #4540	Loss: 0.342367
Step #4540	Loss: 0.157886
Step #4550	Loss: 0.008771
Step #4550	Loss: 0.007832
Step #4560	Loss: 0.104289
Step #4560	Loss: 0.005994
Step #4570	Loss: 0.000134
Step #4570	Loss: 0.170855
Step #4580	Loss: 0.011206
Step #4580	Loss: 0.203680
Step #4590	Loss: 0.061566
Step #4590	Loss: 0.004419
Step #4600	Loss: 0.013051
Step #4600	Loss: 0.017205
Step #4610	Loss: 0.002573
Step #4610	Loss: 0.003859
Step #4620	Loss: 0.001762
Step #4620	Loss: 0.013959
Step #4630	Loss: 0.009751
Step #4630	Loss: 0.248357
Step #4640	Loss: 0.105620
Step #4640	Loss: 0.028372
Step #4650	Loss: 0.005993
Step #4650	Loss: 0.001939
Step #4660	Loss: 0.096222
Step #4660	Loss: 0.085880
Step #4670	Loss: 0.014098
Step #4670	Loss: 0.074799
Step #4680	Loss: 0.023221
Step #4680	Loss: 0.074267
Step #4690	Loss: 0.117964
Step #4690	Loss: 0.156303
Step #4700	Loss: 0.007450
Step #4700	Loss: 0.007774
Step #4710	Loss: 0.159360
Step #4710	Loss: 0.109028
Step #4720	Loss: 0.015512
Step #4720	Loss: 0.008905
Step #4730	Loss: 0.009620
Step #4730	Loss: 0.008866
Step #4740	Loss: 0.009449
Step #4740	Loss: 0.011946
Step #4750	Loss: 0.081717
Step #4750	Loss: 0.003162
Step #4760	Loss: 0.002307
Step #4760	Loss: 0.001828
Step #4770	Loss: 0.394402
Step #4770	Loss: 0.029173
Step #4780	Loss: 0.006765
Step #4780	Loss: 0.005804
Step #4790	Loss: 0.014155
Step #4790	Loss: 0.180696
Step #4800	Loss: 0.022146
Step #4800	Loss: 0.015991
Step #4810	Loss: 0.003849
Step #4810	Loss: 0.041481
Step #4820	Loss: 0.003216
Step #4820	Loss: 0.005171
Step #4830	Loss: 0.007644
Step #4830	Loss: 0.022804
Step #4840	Loss: 0.021816
Step #4840	Loss: 0.092767
Step #4850	Loss: 0.005824
Step #4850	Loss: 0.001189
Step #4860	Loss: 0.037798
Step #4860	Loss: 0.004588
Step #4870	Loss: 0.009142
Step #4870	Loss: 0.731140
Step #4880	Loss: 0.008873
Step #4880	Loss: 0.004470
Step #4890	Loss: 0.040867
Step #4890	Loss: 0.020970
Step #4900	Loss: 0.022854
Step #4900	Loss: 0.058479
Step #4910	Loss: 0.002197
Step #4910	Loss: 0.401498
Step #4920	Loss: 0.072264
Step #4920	Loss: 0.009299
Step #4930	Loss: 0.024701
Step #4930	Loss: 0.296058
Step #4940	Loss: 0.005931
Step #4940	Loss: 0.000577
Step #4950	Loss: 0.012040
Step #4950	Loss: 0.027528
Step #4960	Loss: 0.059173
Step #4960	Loss: 0.017960
Step #4970	Loss: 0.007342
Step #4970	Loss: 0.070745
Step #4980	Loss: 0.223719
Step #4980	Loss: 0.068554
Step #4990	Loss: 0.004027
Step #4990	Loss: 0.009188
