gl1021.arc-ts.umich.edu
gl1016.arc-ts.umich.edu
Requirement already satisfied: horovod in /home/ivanpu/.local/lib/python3.8/site-packages (0.21.3)
Requirement already satisfied: cffi>=1.4.0 in /sw/arcts/centos7/python3.8-anaconda/2020.07/lib/python3.8/site-packages (from horovod) (1.14.0)
Requirement already satisfied: cloudpickle in /sw/arcts/centos7/python3.8-anaconda/2020.07/lib/python3.8/site-packages (from horovod) (1.5.0)
Requirement already satisfied: pyyaml in /sw/arcts/centos7/python3.8-anaconda/2020.07/lib/python3.8/site-packages (from horovod) (5.3.1)
Requirement already satisfied: psutil in /sw/arcts/centos7/python3.8-anaconda/2020.07/lib/python3.8/site-packages (from horovod) (5.7.0)
Requirement already satisfied: pycparser in /sw/arcts/centos7/python3.8-anaconda/2020.07/lib/python3.8/site-packages (from cffi>=1.4.0->horovod) (2.20)
Step #0	Loss: 2.332158
Step #0	Loss: 2.297002
Step #10	Loss: 1.020257
Step #10	Loss: 0.936556
Step #20	Loss: 0.766008
Step #20	Loss: 0.722070
Step #30	Loss: 0.238495
Step #30	Loss: 0.307739
Step #40	Loss: 0.324624
Step #40	Loss: 0.558799
Step #50	Loss: 0.376306
Step #50	Loss: 0.542206
Step #60	Loss: 0.269562
Step #60	Loss: 0.570865
Step #70	Loss: 0.417911
Step #70	Loss: 0.618729
Step #80	Loss: 0.147987
Step #80	Loss: 0.711603
Step #90	Loss: 0.415876
Step #90	Loss: 0.401589
Step #100	Loss: 0.241240
Step #100	Loss: 0.181574
Step #110	Loss: 0.333450
Step #110	Loss: 0.448313
Step #120	Loss: 0.273078
Step #120	Loss: 0.171643
Step #130	Loss: 0.195372
Step #130	Loss: 0.434432
Step #140	Loss: 0.133420
Step #140	Loss: 0.025244
Step #150	Loss: 0.139662
Step #150	Loss: 0.060608
Step #160	Loss: 0.313951
Step #160	Loss: 0.198121
Step #170	Loss: 0.248187
Step #170	Loss: 0.177947
Step #180	Loss: 0.310727
Step #180	Loss: 0.150124
Step #190	Loss: 0.200423
Step #190	Loss: 0.202714
Step #200	Loss: 0.109709
Step #200	Loss: 0.352731
Step #210	Loss: 0.144629
Step #210	Loss: 0.408445
Step #220	Loss: 0.182845
Step #220	Loss: 0.131698
Step #230	Loss: 0.148084
Step #230	Loss: 0.109809
Step #240	Loss: 0.098949
Step #240	Loss: 0.149223
Step #250	Loss: 0.143273
Step #250	Loss: 0.323540
Step #260	Loss: 0.346820
Step #260	Loss: 0.116455
Step #270	Loss: 0.028750
Step #270	Loss: 0.032789
Step #280	Loss: 0.135848
Step #280	Loss: 0.096157
Step #290	Loss: 0.045606
Step #290	Loss: 0.161041
Step #300	Loss: 0.022800
Step #300	Loss: 0.130393
Step #310	Loss: 0.464578
Step #310	Loss: 0.195023
Step #320	Loss: 0.134724
Step #320	Loss: 0.232276
Step #330	Loss: 0.062205
Step #330	Loss: 0.225369
Step #340	Loss: 0.218405
Step #340	Loss: 0.125400
Step #350	Loss: 0.157660
Step #350	Loss: 0.198781
Step #360	Loss: 0.242239
Step #360	Loss: 0.108654
Step #370	Loss: 0.044155
Step #370	Loss: 0.045897
Step #380	Loss: 0.035705
Step #380	Loss: 0.070564
Step #390	Loss: 0.330180
Step #390	Loss: 0.247861
Step #400	Loss: 0.063193
Step #400	Loss: 0.010967
Step #410	Loss: 0.105079
Step #410	Loss: 0.071869
Step #420	Loss: 0.046593
Step #420	Loss: 0.099546
Step #430	Loss: 0.023990
Step #430	Loss: 0.092033
Step #440	Loss: 0.128579
Step #440	Loss: 0.039285
Step #450	Loss: 0.354921
Step #450	Loss: 0.062931
Step #460	Loss: 0.035405
Step #460	Loss: 0.036097
Step #470	Loss: 0.178038
Step #470	Loss: 0.302019
Step #480	Loss: 0.047064
Step #480	Loss: 0.026573
Step #490	Loss: 0.022913
Step #490	Loss: 0.370006
Step #500	Loss: 0.527387
Step #500	Loss: 0.059306
Step #510	Loss: 0.020400
Step #510	Loss: 0.106476
Step #520	Loss: 0.023125
Step #520	Loss: 0.071834
Step #530	Loss: 0.323652
Step #530	Loss: 0.105462
Step #540	Loss: 0.113619
Step #540	Loss: 0.137892
Step #550	Loss: 0.011465
Step #550	Loss: 0.260539
Step #560	Loss: 0.078263
Step #560	Loss: 0.073867
Step #570	Loss: 0.162886
Step #570	Loss: 0.019156
Step #580	Loss: 0.532216
Step #580	Loss: 0.076006
Step #590	Loss: 0.067149
Step #590	Loss: 0.102892
Step #600	Loss: 0.039010
Step #600	Loss: 0.177763
Step #610	Loss: 0.095798
Step #610	Loss: 0.071568
Step #620	Loss: 0.058629
Step #620	Loss: 0.188270
Step #630	Loss: 0.003494
Step #630	Loss: 0.052260
Step #640	Loss: 0.159751
Step #640	Loss: 0.116507
Step #650	Loss: 0.063294
Step #650	Loss: 0.165260
Step #660	Loss: 0.025211
Step #660	Loss: 0.068160
Step #670	Loss: 0.133307
Step #670	Loss: 0.030300
Step #680	Loss: 0.069430
Step #680	Loss: 0.024907
Step #690	Loss: 0.073524
Step #690	Loss: 0.260224
Step #700	Loss: 0.088094
Step #700	Loss: 0.128338
Step #710	Loss: 0.093748
Step #710	Loss: 0.217243
Step #720	Loss: 0.050592
Step #720	Loss: 0.123278
Step #730	Loss: 0.273886
Step #730	Loss: 0.088659
Step #740	Loss: 0.001788
Step #740	Loss: 0.007232
Step #750	Loss: 0.262106
Step #750	Loss: 0.262355
Step #760	Loss: 0.229925
Step #760	Loss: 0.100240
Step #770	Loss: 0.109246
Step #770	Loss: 0.008960
Step #780	Loss: 0.022710
Step #780	Loss: 0.265516
Step #790	Loss: 0.049142
Step #790	Loss: 0.041159
Step #800	Loss: 0.105752
Step #800	Loss: 0.007079
Step #810	Loss: 0.217841
Step #810	Loss: 0.059965
Step #820	Loss: 0.016088
Step #820	Loss: 0.002683
Step #830	Loss: 0.019581
Step #830	Loss: 0.068010
Step #840	Loss: 0.054259
Step #840	Loss: 0.071110
Step #850	Loss: 0.025847
Step #850	Loss: 0.041174
Step #860	Loss: 0.338433
Step #860	Loss: 0.258545
Step #870	Loss: 0.197191
Step #870	Loss: 0.014589
Step #880	Loss: 0.212022
Step #880	Loss: 0.109271
Step #890	Loss: 0.026920
Step #890	Loss: 0.057422
Step #900	Loss: 0.057077
Step #900	Loss: 0.051658
Step #910	Loss: 0.005417
Step #910	Loss: 0.007873
Step #920	Loss: 0.008789
Step #920	Loss: 0.082906
Step #930	Loss: 0.056416
Step #930	Loss: 0.083392
Step #940	Loss: 0.021427
Step #940	Loss: 0.021702
Step #950	Loss: 0.008673
Step #950	Loss: 0.274486
Step #960	Loss: 0.082493
Step #960	Loss: 0.014989
Step #970	Loss: 0.023807
Step #970	Loss: 0.024438
Step #980	Loss: 0.074816
Step #980	Loss: 0.025782
Step #990	Loss: 0.169151
Step #990	Loss: 0.199216
Step #1000	Loss: 0.263715
Step #1000	Loss: 0.143283
Step #1010	Loss: 0.090169
Step #1010	Loss: 0.080690
Step #1020	Loss: 0.043027
Step #1020	Loss: 0.199090
Step #1030	Loss: 0.248096
Step #1030	Loss: 0.121717
Step #1040	Loss: 0.037261
Step #1040	Loss: 0.139169
Step #1050	Loss: 0.014496
Step #1050	Loss: 0.175254
Step #1060	Loss: 0.144820
Step #1060	Loss: 0.028355
Step #1070	Loss: 0.040444
Step #1070	Loss: 0.217299
Step #1080	Loss: 0.022865
Step #1080	Loss: 0.060467
Step #1090	Loss: 0.067482
Step #1090	Loss: 0.018110
Step #1100	Loss: 0.145585
Step #1100	Loss: 0.264999
Step #1110	Loss: 0.107976
Step #1110	Loss: 0.254875
Step #1120	Loss: 0.251025
Step #1120	Loss: 0.033534
Step #1130	Loss: 0.074520
Step #1130	Loss: 0.056479
Step #1140	Loss: 0.038153
Step #1140	Loss: 0.062982
Step #1150	Loss: 0.069117
Step #1150	Loss: 0.168601
Step #1160	Loss: 0.032579
Step #1160	Loss: 0.045223
Step #1170	Loss: 0.027278
Step #1170	Loss: 0.172556
Step #1180	Loss: 0.073674
Step #1180	Loss: 0.321648
Step #1190	Loss: 0.033167
Step #1190	Loss: 0.039746
Step #1200	Loss: 0.083276
Step #1200	Loss: 0.023963
Step #1210	Loss: 0.014852
Step #1210	Loss: 0.007217
Step #1220	Loss: 0.284445
Step #1220	Loss: 0.035773
Step #1230	Loss: 0.469987
Step #1230	Loss: 0.058088
Step #1240	Loss: 0.300522
Step #1240	Loss: 0.033054
Step #1250	Loss: 0.067710
Step #1250	Loss: 0.102157
Step #1260	Loss: 0.040383
Step #1260	Loss: 0.017785
Step #1270	Loss: 0.033900
Step #1270	Loss: 0.129842
Step #1280	Loss: 0.073706
Step #1280	Loss: 0.042675
Step #1290	Loss: 0.069003
Step #1290	Loss: 0.165178
Step #1300	Loss: 0.137515
Step #1300	Loss: 0.051808
Step #1310	Loss: 0.022479
Step #1310	Loss: 0.018892
Step #1320	Loss: 0.035710
Step #1320	Loss: 0.195948
Step #1330	Loss: 0.142012
Step #1330	Loss: 0.163207
Step #1340	Loss: 0.027817
Step #1340	Loss: 0.334237
Step #1350	Loss: 0.176152
Step #1350	Loss: 0.258487
Step #1360	Loss: 0.032271
Step #1360	Loss: 0.010188
Step #1370	Loss: 0.277673
Step #1370	Loss: 0.056307
Step #1380	Loss: 0.043692
Step #1380	Loss: 0.074516
Step #1390	Loss: 0.070645
Step #1390	Loss: 0.153645
Step #1400	Loss: 0.020228
Step #1400	Loss: 0.219423
Step #1410	Loss: 0.022807
Step #1410	Loss: 0.012709
Step #1420	Loss: 0.261568
Step #1420	Loss: 0.015007
Step #1430	Loss: 0.004303
Step #1430	Loss: 0.014405
Step #1440	Loss: 0.240625
Step #1440	Loss: 0.067053
Step #1450	Loss: 0.059934
Step #1450	Loss: 0.075896
Step #1460	Loss: 0.020592
Step #1460	Loss: 0.234833
Step #1470	Loss: 0.016931
Step #1470	Loss: 0.176417
Step #1480	Loss: 0.022990
Step #1480	Loss: 0.002686
Step #1490	Loss: 0.020859
Step #1490	Loss: 0.007099
Step #1500	Loss: 0.057511
Step #1500	Loss: 0.066796
Step #1510	Loss: 0.061820
Step #1510	Loss: 0.034965
Step #1520	Loss: 0.021322
Step #1520	Loss: 0.223509
Step #1530	Loss: 0.154138
Step #1530	Loss: 0.053540
Step #1540	Loss: 0.061311
Step #1540	Loss: 0.055985
Step #1550	Loss: 0.016748
Step #1550	Loss: 0.050792
Step #1560	Loss: 0.035108
Step #1560	Loss: 0.274682
Step #1570	Loss: 0.074757
Step #1570	Loss: 0.194255
Step #1580	Loss: 0.050552
Step #1580	Loss: 0.047816
Step #1590	Loss: 0.260038
Step #1590	Loss: 0.005498
Step #1600	Loss: 0.194088
Step #1600	Loss: 0.129202
Step #1610	Loss: 0.027521
Step #1610	Loss: 0.023973
Step #1620	Loss: 0.033522
Step #1620	Loss: 0.294209
Step #1630	Loss: 0.013466
Step #1630	Loss: 0.184577
Step #1640	Loss: 0.069032
Step #1640	Loss: 0.077150
Step #1650	Loss: 0.019929
Step #1650	Loss: 0.036337
Step #1660	Loss: 0.808262
Step #1660	Loss: 0.147398
Step #1670	Loss: 0.019851
Step #1670	Loss: 0.005154
Step #1680	Loss: 0.113098
Step #1680	Loss: 0.138014
Step #1690	Loss: 0.117685
Step #1690	Loss: 0.056167
Step #1700	Loss: 0.097680
Step #1700	Loss: 0.009378
Step #1710	Loss: 0.081877
Step #1710	Loss: 0.095440
Step #1720	Loss: 0.016897
Step #1720	Loss: 0.030705
Step #1730	Loss: 0.056302
Step #1730	Loss: 0.001881
Step #1740	Loss: 0.017841
Step #1740	Loss: 0.010436
Step #1750	Loss: 0.313431
Step #1750	Loss: 0.098215
Step #1760	Loss: 0.136372
Step #1760	Loss: 0.013717
Step #1770	Loss: 0.060700
Step #1770	Loss: 0.089015
Step #1780	Loss: 0.090634
Step #1780	Loss: 0.004282
Step #1790	Loss: 0.129071
Step #1790	Loss: 0.009724
Step #1800	Loss: 0.060494
Step #1800	Loss: 0.101615
Step #1810	Loss: 0.059569
Step #1810	Loss: 0.014397
Step #1820	Loss: 0.014835
Step #1820	Loss: 0.009053
Step #1830	Loss: 0.013542
Step #1830	Loss: 0.196192
Step #1840	Loss: 0.038714
Step #1840	Loss: 0.012689
Step #1850	Loss: 0.146047
Step #1850	Loss: 0.177272
Step #1860	Loss: 0.159213
Step #1860	Loss: 0.144530
Step #1870	Loss: 0.004585
Step #1870	Loss: 0.028113
Step #1880	Loss: 0.014012
Step #1880	Loss: 0.011725
Step #1890	Loss: 0.325724
Step #1890	Loss: 0.094398
Step #1900	Loss: 0.124949
Step #1900	Loss: 0.151236
Step #1910	Loss: 0.143096
Step #1910	Loss: 0.074475
Step #1920	Loss: 0.077776
Step #1920	Loss: 0.179671
Step #1930	Loss: 0.005804
Step #1930	Loss: 0.032328
Step #1940	Loss: 0.038024
Step #1940	Loss: 0.030411
Step #1950	Loss: 0.069970
Step #1950	Loss: 0.360290
Step #1960	Loss: 0.306712
Step #1960	Loss: 0.000812
Step #1970	Loss: 0.010664
Step #1970	Loss: 0.577128
Step #1980	Loss: 0.050012
Step #1980	Loss: 0.003501
Step #1990	Loss: 0.319664
Step #1990	Loss: 0.208064
Step #2000	Loss: 0.132937
Step #2000	Loss: 0.046516
Step #2010	Loss: 0.073327
Step #2010	Loss: 0.142168
Step #2020	Loss: 0.044105
Step #2020	Loss: 0.110699
Step #2030	Loss: 0.151476
Step #2030	Loss: 0.004383
Step #2040	Loss: 0.023716
Step #2040	Loss: 0.205280
Step #2050	Loss: 0.088459
Step #2050	Loss: 0.058471
Step #2060	Loss: 0.019772
Step #2060	Loss: 0.068720
Step #2070	Loss: 0.189389
Step #2070	Loss: 0.244477
Step #2080	Loss: 0.090751
Step #2080	Loss: 0.155842
Step #2090	Loss: 0.011757
Step #2090	Loss: 0.180182
Step #2100	Loss: 0.133069
Step #2100	Loss: 0.133822
Step #2110	Loss: 0.030295
Step #2110	Loss: 0.241840
Step #2120	Loss: 0.011765
Step #2120	Loss: 0.117246
Step #2130	Loss: 0.010171
Step #2130	Loss: 0.159165
Step #2140	Loss: 0.016445
Step #2140	Loss: 0.008462
Step #2150	Loss: 0.149993
Step #2150	Loss: 0.014029
Step #2160	Loss: 0.001676
Step #2160	Loss: 0.045839
Step #2170	Loss: 0.009839
Step #2170	Loss: 0.009871
Step #2180	Loss: 0.012349
Step #2180	Loss: 0.044257
Step #2190	Loss: 0.180009
Step #2190	Loss: 0.071604
Step #2200	Loss: 0.025822
Step #2200	Loss: 0.000426
Step #2210	Loss: 0.024902
Step #2210	Loss: 0.004944
Step #2220	Loss: 0.014822
Step #2220	Loss: 0.087583
Step #2230	Loss: 0.241003
Step #2230	Loss: 0.158204
Step #2240	Loss: 0.012774
Step #2240	Loss: 0.031663
Step #2250	Loss: 0.102016
Step #2250	Loss: 0.039879
Step #2260	Loss: 0.003308
Step #2260	Loss: 0.001843
Step #2270	Loss: 0.091992
Step #2270	Loss: 0.060909
Step #2280	Loss: 0.043671
Step #2280	Loss: 0.090159
Step #2290	Loss: 0.058497
Step #2290	Loss: 0.001873
Step #2300	Loss: 0.067486
Step #2300	Loss: 0.004389
Step #2310	Loss: 0.159095
Step #2310	Loss: 0.261674
Step #2320	Loss: 0.001595
Step #2320	Loss: 0.008713
Step #2330	Loss: 0.016803
Step #2330	Loss: 0.006582
Step #2340	Loss: 0.103641
Step #2340	Loss: 0.013241
Step #2350	Loss: 0.185415
Step #2350	Loss: 0.015868
Step #2360	Loss: 0.135254
Step #2360	Loss: 0.011484
Step #2370	Loss: 0.114310
Step #2370	Loss: 0.001870
Step #2380	Loss: 0.004329
Step #2380	Loss: 0.008736
Step #2390	Loss: 0.009381
Step #2390	Loss: 0.038020
Step #2400	Loss: 0.002301
Step #2400	Loss: 0.002690
Step #2410	Loss: 0.025156
Step #2410	Loss: 0.008583
Step #2420	Loss: 0.047351
Step #2420	Loss: 0.066959
Step #2430	Loss: 0.007215
Step #2430	Loss: 0.021466
Step #2440	Loss: 0.031067
Step #2440	Loss: 0.105350
Step #2450	Loss: 0.048301
Step #2450	Loss: 0.091866
Step #2460	Loss: 0.074586
Step #2460	Loss: 0.018551
Step #2470	Loss: 0.512082
Step #2470	Loss: 0.057977
Step #2480	Loss: 0.112986
Step #2480	Loss: 0.084648
Step #2490	Loss: 0.004627
Step #2490	Loss: 0.003650
Step #2500	Loss: 0.224824
Step #2500	Loss: 0.014456
Step #2510	Loss: 0.043256
Step #2510	Loss: 0.017307
Step #2520	Loss: 0.441704
Step #2520	Loss: 0.011543
Step #2530	Loss: 0.151639
Step #2530	Loss: 0.041530
Step #2540	Loss: 0.007107
Step #2540	Loss: 0.078892
Step #2550	Loss: 0.012011
Step #2550	Loss: 0.148122
Step #2560	Loss: 0.005797
Step #2560	Loss: 0.082044
Step #2570	Loss: 0.054479
Step #2570	Loss: 0.059819
Step #2580	Loss: 0.081586
Step #2580	Loss: 0.058250
Step #2590	Loss: 0.013387
Step #2590	Loss: 0.118498
Step #2600	Loss: 0.021585
Step #2600	Loss: 0.022020
Step #2610	Loss: 0.132279
Step #2610	Loss: 0.248771
Step #2620	Loss: 0.084487
Step #2620	Loss: 0.006049
Step #2630	Loss: 0.009684
Step #2630	Loss: 0.008633
Step #2640	Loss: 0.055485
Step #2640	Loss: 0.017955
Step #2650	Loss: 0.024328
Step #2650	Loss: 0.080155
Step #2660	Loss: 0.006464
Step #2660	Loss: 0.118914
Step #2670	Loss: 0.019224
Step #2670	Loss: 0.037196
Step #2680	Loss: 0.116606
Step #2680	Loss: 0.029450
Step #2690	Loss: 0.024517
Step #2690	Loss: 0.022170
Step #2700	Loss: 0.154064
Step #2700	Loss: 0.023034
Step #2710	Loss: 0.031168
Step #2710	Loss: 0.005361
Step #2720	Loss: 0.020522
Step #2720	Loss: 0.005716
Step #2730	Loss: 0.008639
Step #2730	Loss: 0.064985
Step #2740	Loss: 0.057060
Step #2740	Loss: 0.088840
Step #2750	Loss: 0.017481
Step #2750	Loss: 0.019661
Step #2760	Loss: 0.193125
Step #2760	Loss: 0.009761
Step #2770	Loss: 0.088634
Step #2770	Loss: 0.050716
Step #2780	Loss: 0.006068
Step #2780	Loss: 0.011950
Step #2790	Loss: 0.003129
Step #2790	Loss: 0.007997
Step #2800	Loss: 0.057142
Step #2800	Loss: 0.123728
Step #2810	Loss: 0.037723
Step #2810	Loss: 0.255336
Step #2820	Loss: 0.047003
Step #2820	Loss: 0.014823
Step #2830	Loss: 0.011780
Step #2830	Loss: 0.233679
Step #2840	Loss: 0.027801
Step #2840	Loss: 0.011838
Step #2850	Loss: 0.060374
Step #2850	Loss: 0.011426
Step #2860	Loss: 0.140793
Step #2860	Loss: 0.052094
Step #2870	Loss: 0.070996
Step #2870	Loss: 0.061477
Step #2880	Loss: 0.027112
Step #2880	Loss: 0.145240
Step #2890	Loss: 0.166640
Step #2890	Loss: 0.089117
Step #2900	Loss: 0.018700
Step #2900	Loss: 0.008046
Step #2910	Loss: 0.041512
Step #2910	Loss: 0.157822
Step #2920	Loss: 0.065608
Step #2920	Loss: 0.006432
Step #2930	Loss: 0.008232
Step #2930	Loss: 0.240020
Step #2940	Loss: 0.035103
Step #2940	Loss: 0.163819
Step #2950	Loss: 0.009149
Step #2950	Loss: 0.031075
Step #2960	Loss: 0.012109
Step #2960	Loss: 0.006909
Step #2970	Loss: 0.022229
Step #2970	Loss: 0.005317
Step #2980	Loss: 0.158847
Step #2980	Loss: 0.063084
Step #2990	Loss: 0.003311
Step #2990	Loss: 0.099468
Step #3000	Loss: 0.062609
Step #3000	Loss: 0.029302
Step #3010	Loss: 0.091934
Step #3010	Loss: 0.018059
Step #3020	Loss: 0.136618
Step #3020	Loss: 0.074926
Step #3030	Loss: 0.006690
Step #3030	Loss: 0.007674
Step #3040	Loss: 0.005547
Step #3040	Loss: 0.011249
Step #3050	Loss: 0.006808
Step #3050	Loss: 0.003833
Step #3060	Loss: 0.172750
Step #3060	Loss: 0.018393
Step #3070	Loss: 0.051852
Step #3070	Loss: 0.130578
Step #3080	Loss: 0.053126
Step #3080	Loss: 0.130682
Step #3090	Loss: 0.065708
Step #3090	Loss: 0.004014
Step #3100	Loss: 0.015897
Step #3100	Loss: 0.102647
Step #3110	Loss: 0.007080
Step #3110	Loss: 0.105051
Step #3120	Loss: 0.071677
Step #3120	Loss: 0.025604
Step #3130	Loss: 0.006033
Step #3130	Loss: 0.044460
Step #3140	Loss: 0.278404
Step #3140	Loss: 0.052035
Step #3150	Loss: 0.086214
Step #3150	Loss: 0.184022
Step #3160	Loss: 0.001458
Step #3160	Loss: 0.171462
Step #3170	Loss: 0.131385
Step #3170	Loss: 0.254693
Step #3180	Loss: 0.002386
Step #3180	Loss: 0.105175
Step #3190	Loss: 0.203452
Step #3190	Loss: 0.018373
Step #3200	Loss: 0.044930
Step #3200	Loss: 0.031353
Step #3210	Loss: 0.001536
Step #3210	Loss: 0.152359
Step #3220	Loss: 0.008541
Step #3220	Loss: 0.015166
Step #3230	Loss: 0.035656
Step #3230	Loss: 0.007961
Step #3240	Loss: 0.005457
Step #3240	Loss: 0.037768
Step #3250	Loss: 0.048792
Step #3250	Loss: 0.015845
Step #3260	Loss: 0.041897
Step #3260	Loss: 0.052067
Step #3270	Loss: 0.014980
Step #3270	Loss: 0.000551
Step #3280	Loss: 0.100252
Step #3280	Loss: 0.042703
Step #3290	Loss: 0.113591
Step #3290	Loss: 0.032645
Step #3300	Loss: 0.178503
Step #3300	Loss: 0.090067
Step #3310	Loss: 0.213105
Step #3310	Loss: 0.010304
Step #3320	Loss: 0.017029
Step #3320	Loss: 0.000725
Step #3330	Loss: 0.052120
Step #3330	Loss: 0.041292
Step #3340	Loss: 0.004458
Step #3340	Loss: 0.071751
Step #3350	Loss: 0.021539
Step #3350	Loss: 0.009072
Step #3360	Loss: 0.026339
Step #3360	Loss: 0.040794
Step #3370	Loss: 0.231803
Step #3370	Loss: 0.004111
Step #3380	Loss: 0.018210
Step #3380	Loss: 0.016753
Step #3390	Loss: 0.023791
Step #3390	Loss: 0.033448
Step #3400	Loss: 0.139200
Step #3400	Loss: 0.077714
Step #3410	Loss: 0.007534
Step #3410	Loss: 0.002167
Step #3420	Loss: 0.063987
Step #3420	Loss: 0.100847
Step #3430	Loss: 0.013030
Step #3430	Loss: 0.009835
Step #3440	Loss: 0.008932
Step #3440	Loss: 0.026007
Step #3450	Loss: 0.156931
Step #3450	Loss: 0.007054
Step #3460	Loss: 0.016583
Step #3460	Loss: 0.016401
Step #3470	Loss: 0.010933
Step #3470	Loss: 0.024770
Step #3480	Loss: 0.026203
Step #3480	Loss: 0.110073
Step #3490	Loss: 0.041819
Step #3490	Loss: 0.040961
Step #3500	Loss: 0.012680
Step #3500	Loss: 0.134959
Step #3510	Loss: 0.062046
Step #3510	Loss: 0.000665
Step #3520	Loss: 0.224302
Step #3520	Loss: 0.051008
Step #3530	Loss: 0.043486
Step #3530	Loss: 0.084802
Step #3540	Loss: 0.139473
Step #3540	Loss: 0.002438
Step #3550	Loss: 0.006697
Step #3550	Loss: 0.037810
Step #3560	Loss: 0.035687
Step #3560	Loss: 0.003064
Step #3570	Loss: 0.193472
Step #3570	Loss: 0.008403
Step #3580	Loss: 0.091657
Step #3580	Loss: 0.017589
Step #3590	Loss: 0.034173
Step #3590	Loss: 0.065102
Step #3600	Loss: 0.015503
Step #3600	Loss: 0.129330
Step #3610	Loss: 0.010780
Step #3610	Loss: 0.140982
Step #3620	Loss: 0.052911
Step #3620	Loss: 0.000867
Step #3630	Loss: 0.014156
Step #3630	Loss: 0.193644
Step #3640	Loss: 0.307396
Step #3640	Loss: 0.035437
Step #3650	Loss: 0.062210
Step #3650	Loss: 0.008073
Step #3660	Loss: 0.055848
Step #3660	Loss: 0.042045
Step #3670	Loss: 0.082742
Step #3670	Loss: 0.007769
Step #3680	Loss: 0.004579
Step #3680	Loss: 0.109896
Step #3690	Loss: 0.097659
Step #3690	Loss: 0.046500
Step #3700	Loss: 0.015278
Step #3700	Loss: 0.002516
Step #3710	Loss: 0.253983
Step #3710	Loss: 0.030424
Step #3720	Loss: 0.012477
Step #3720	Loss: 0.052338
Step #3730	Loss: 0.037574
Step #3730	Loss: 0.010261
Step #3740	Loss: 0.033924
Step #3740	Loss: 0.085236
Step #3750	Loss: 0.151358
Step #3750	Loss: 0.126205
Step #3760	Loss: 0.008291
Step #3760	Loss: 0.025943
Step #3770	Loss: 0.012083
Step #3770	Loss: 0.004230
Step #3780	Loss: 0.000741
Step #3780	Loss: 0.125921
Step #3790	Loss: 0.015633
Step #3790	Loss: 0.001179
Step #3800	Loss: 0.005973
Step #3800	Loss: 0.097295
Step #3810	Loss: 0.045013
Step #3810	Loss: 0.003140
Step #3820	Loss: 0.012851
Step #3820	Loss: 0.001117
Step #3830	Loss: 0.166588
Step #3830	Loss: 0.006409
Step #3840	Loss: 0.007749
Step #3840	Loss: 0.046038
Step #3850	Loss: 0.091894
Step #3850	Loss: 0.049571
Step #3860	Loss: 0.014844
Step #3860	Loss: 0.006086
Step #3870	Loss: 0.011892
Step #3870	Loss: 0.039255
Step #3880	Loss: 0.000801
Step #3880	Loss: 0.009481
Step #3890	Loss: 0.038591
Step #3890	Loss: 0.000400
Step #3900	Loss: 0.007605
Step #3900	Loss: 0.008636
Step #3910	Loss: 0.309775
Step #3910	Loss: 0.014516
Step #3920	Loss: 0.049800
Step #3920	Loss: 0.099859
Step #3930	Loss: 0.142336
Step #3930	Loss: 0.086472
Step #3940	Loss: 0.126926
Step #3940	Loss: 0.007309
Step #3950	Loss: 0.025189
Step #3950	Loss: 0.018769
Step #3960	Loss: 0.015280
Step #3960	Loss: 0.028578
Step #3970	Loss: 0.002708
Step #3970	Loss: 0.015912
Step #3980	Loss: 0.128074
Step #3980	Loss: 0.141514
Step #3990	Loss: 0.013461
Step #3990	Loss: 0.011031
Step #4000	Loss: 0.000615
Step #4000	Loss: 0.003692
Step #4010	Loss: 0.034538
Step #4010	Loss: 0.006361
Step #4020	Loss: 0.031283
Step #4020	Loss: 0.169774
Step #4030	Loss: 0.005507
Step #4030	Loss: 0.001910
Step #4040	Loss: 0.000287
Step #4040	Loss: 0.000222
Step #4050	Loss: 0.000847
Step #4050	Loss: 0.074945
Step #4060	Loss: 0.007373
Step #4060	Loss: 0.227196
Step #4070	Loss: 0.004795
Step #4070	Loss: 0.003121
Step #4080	Loss: 0.055122
Step #4080	Loss: 0.017336
Step #4090	Loss: 0.020599
Step #4090	Loss: 0.006886
Step #4100	Loss: 0.003058
Step #4100	Loss: 0.011471
Step #4110	Loss: 0.063059
Step #4110	Loss: 0.002828
Step #4120	Loss: 0.001774
Step #4120	Loss: 0.000507
Step #4130	Loss: 0.008197
Step #4130	Loss: 0.037836
Step #4140	Loss: 0.032716
Step #4140	Loss: 0.293639
Step #4150	Loss: 0.011651
Step #4150	Loss: 0.007941
Step #4160	Loss: 0.020053
Step #4160	Loss: 0.024879
Step #4170	Loss: 0.178194
Step #4170	Loss: 0.070508
Step #4180	Loss: 0.016025
Step #4180	Loss: 0.145268
Step #4190	Loss: 0.002497
Step #4190	Loss: 0.006862
Step #4200	Loss: 0.028054
Step #4200	Loss: 0.021261
Step #4210	Loss: 0.010788
Step #4210	Loss: 0.010077
Step #4220	Loss: 0.000382
Step #4220	Loss: 0.002498
Step #4230	Loss: 0.080993
Step #4230	Loss: 0.000636
Step #4240	Loss: 0.027381
Step #4240	Loss: 0.238393
Step #4250	Loss: 0.021919
Step #4250	Loss: 0.033867
Step #4260	Loss: 0.014355
Step #4260	Loss: 0.010533
Step #4270	Loss: 0.002944
Step #4270	Loss: 0.004799
Step #4280	Loss: 0.009675
Step #4280	Loss: 0.018078
Step #4290	Loss: 0.084492
Step #4290	Loss: 0.109911
Step #4300	Loss: 0.003482
Step #4300	Loss: 0.028804
Step #4310	Loss: 0.001369
Step #4310	Loss: 0.000280
Step #4320	Loss: 0.087300
Step #4320	Loss: 0.087571
Step #4330	Loss: 0.024500
Step #4330	Loss: 0.004934
Step #4340	Loss: 0.013769
Step #4340	Loss: 0.096031
Step #4350	Loss: 0.021662
Step #4350	Loss: 0.260493
Step #4360	Loss: 0.018273
Step #4360	Loss: 0.040547
Step #4370	Loss: 0.012784
Step #4370	Loss: 0.044930
Step #4380	Loss: 0.155738
Step #4380	Loss: 0.207555
Step #4390	Loss: 0.360828
Step #4390	Loss: 0.002402
Step #4400	Loss: 0.011956
Step #4400	Loss: 0.220791
Step #4410	Loss: 0.003719
Step #4410	Loss: 0.410312
Step #4420	Loss: 0.021602
Step #4420	Loss: 0.032342
Step #4430	Loss: 0.036773
Step #4430	Loss: 0.003697
Step #4440	Loss: 0.012922
Step #4440	Loss: 0.002695
Step #4450	Loss: 0.007626
Step #4450	Loss: 0.028215
Step #4460	Loss: 0.076467
Step #4460	Loss: 0.084888
Step #4470	Loss: 0.000289
Step #4470	Loss: 0.021632
Step #4480	Loss: 0.205021
Step #4480	Loss: 0.068829
Step #4490	Loss: 0.004120
Step #4490	Loss: 0.134451
Step #4500	Loss: 0.002863
Step #4500	Loss: 0.088296
Step #4510	Loss: 0.004103
Step #4510	Loss: 0.018468
Step #4520	Loss: 0.002820
Step #4520	Loss: 0.049091
Step #4530	Loss: 0.055136
Step #4530	Loss: 0.078104
Step #4540	Loss: 0.001375
Step #4540	Loss: 0.329581
Step #4550	Loss: 0.000415
Step #4550	Loss: 0.001858
Step #4560	Loss: 0.041043
Step #4560	Loss: 0.084890
Step #4570	Loss: 0.000241
Step #4570	Loss: 0.037073
Step #4580	Loss: 0.142117
Step #4580	Loss: 0.015136
Step #4590	Loss: 0.132441
Step #4590	Loss: 0.042654
Step #4600	Loss: 0.069346
Step #4600	Loss: 0.006649
Step #4610	Loss: 0.004439
Step #4610	Loss: 0.003311
Step #4620	Loss: 0.006410
Step #4620	Loss: 0.001132
Step #4630	Loss: 0.336031
Step #4630	Loss: 0.028810
Step #4640	Loss: 0.026861
Step #4640	Loss: 0.001182
Step #4650	Loss: 0.107124
Step #4650	Loss: 0.000390
Step #4660	Loss: 0.316721
Step #4660	Loss: 0.705983
Step #4670	Loss: 0.415444
Step #4670	Loss: 0.053463
Step #4680	Loss: 0.029597
Step #4680	Loss: 0.074968
Step #4690	Loss: 0.039391
Step #4690	Loss: 0.037734
Step #4700	Loss: 0.003061
Step #4700	Loss: 0.005442
Step #4710	Loss: 0.001058
Step #4710	Loss: 0.033360
Step #4720	Loss: 0.003679
Step #4720	Loss: 0.050579
Step #4730	Loss: 0.053006
Step #4730	Loss: 0.079744
Step #4740	Loss: 0.110675
Step #4740	Loss: 0.080562
Step #4750	Loss: 0.005082
Step #4750	Loss: 0.050823
Step #4760	Loss: 0.155124
Step #4760	Loss: 0.046602
Step #4770	Loss: 0.010867
Step #4770	Loss: 0.074059
Step #4780	Loss: 0.002258
Step #4780	Loss: 0.006087
Step #4790	Loss: 0.010032
Step #4790	Loss: 0.096797
Step #4800	Loss: 0.001292
Step #4800	Loss: 0.007276
Step #4810	Loss: 0.030318
Step #4810	Loss: 0.072605
Step #4820	Loss: 0.046447
Step #4820	Loss: 0.006173
Step #4830	Loss: 0.003762
Step #4830	Loss: 0.058644
Step #4840	Loss: 0.007611
Step #4840	Loss: 0.011592
Step #4850	Loss: 0.041442
Step #4850	Loss: 0.016786
Step #4860	Loss: 0.016514
Step #4860	Loss: 0.001449
Step #4870	Loss: 0.008588
Step #4870	Loss: 0.006811
Step #4880Step #4880	Loss: 0.033981
	Loss: 0.067875
Step #4890	Loss: 0.201821
Step #4890	Loss: 0.016562
Step #4900	Loss: 0.073643
Step #4900	Loss: 0.002966
Step #4910	Loss: 0.142077
Step #4910	Loss: 0.044500
Step #4920	Loss: 0.149786
Step #4920	Loss: 0.020855
Step #4930	Loss: 0.004641
Step #4930	Loss: 0.030297
Step #4940	Loss: 0.003753
Step #4940	Loss: 0.074760
Step #4950	Loss: 0.186388
Step #4950	Loss: 0.006114
Step #4960	Loss: 0.082409
Step #4960	Loss: 0.019821
Step #4970	Loss: 0.042444
Step #4970	Loss: 0.205076
Step #4980	Loss: 0.006131
Step #4980	Loss: 0.471233
Step #4990	Loss: 0.016312
Step #4990	Loss: 0.061578
