gl1016.arc-ts.umich.edu
gl1017.arc-ts.umich.edu
Requirement already satisfied: horovod in /home/ivanpu/.local/lib/python3.8/site-packages (0.21.3)
Requirement already satisfied: pyyaml in /sw/arcts/centos7/python3.8-anaconda/2020.07/lib/python3.8/site-packages (from horovod) (5.3.1)
Requirement already satisfied: cloudpickle in /sw/arcts/centos7/python3.8-anaconda/2020.07/lib/python3.8/site-packages (from horovod) (1.5.0)
Requirement already satisfied: psutil in /sw/arcts/centos7/python3.8-anaconda/2020.07/lib/python3.8/site-packages (from horovod) (5.7.0)
Requirement already satisfied: cffi>=1.4.0 in /sw/arcts/centos7/python3.8-anaconda/2020.07/lib/python3.8/site-packages (from horovod) (1.14.0)
Requirement already satisfied: pycparser in /sw/arcts/centos7/python3.8-anaconda/2020.07/lib/python3.8/site-packages (from cffi>=1.4.0->horovod) (2.20)
Step #0	Loss: 2.299919
Step #0	Loss: 2.307714
Step #10	Loss: 1.150148
Step #10	Loss: 0.615875
Step #20	Loss: 0.824786
Step #20	Loss: 0.768915
Step #30	Loss: 0.469698
Step #30	Loss: 0.435805
Step #40	Loss: 0.391817
Step #40	Loss: 0.582580
Step #50	Loss: 0.257506
Step #50	Loss: 0.294213
Step #60	Loss: 0.193679
Step #60	Loss: 0.241564
Step #70	Loss: 0.970409
Step #70	Loss: 0.178100
Step #80	Loss: 0.216351
Step #80	Loss: 0.265546
Step #90	Loss: 0.623712
Step #90	Loss: 0.324512
Step #100	Loss: 0.246444
Step #100	Loss: 0.665105
Step #110	Loss: 0.452635
Step #110	Loss: 0.181599
Step #120	Loss: 0.219551
Step #120	Loss: 0.160500
Step #130	Loss: 0.224445
Step #130	Loss: 0.284189
Step #140	Loss: 0.277045
Step #140	Loss: 0.148890
Step #150	Loss: 0.162825
Step #150	Loss: 0.360455
Step #160	Loss: 0.424548
Step #160	Loss: 0.304426
Step #170	Loss: 0.087660
Step #170	Loss: 0.142821
Step #180	Loss: 0.140107
Step #180	Loss: 0.237844
Step #190	Loss: 0.270587
Step #190	Loss: 0.388687
Step #200	Loss: 0.084140
Step #200	Loss: 0.155352
Step #210	Loss: 0.058968
Step #210	Loss: 0.187739
Step #220	Loss: 0.250591
Step #220	Loss: 0.190509
Step #230	Loss: 0.057403
Step #230	Loss: 0.285287
Step #240	Loss: 0.121849
Step #240	Loss: 0.042094
Step #250	Loss: 0.094846
Step #250	Loss: 0.098008
Step #260	Loss: 0.034820
Step #260	Loss: 0.418743
Step #270	Loss: 0.119565
Step #270	Loss: 0.314923
Step #280	Loss: 0.166814
Step #280	Loss: 0.303156
Step #290	Loss: 0.111973
Step #290	Loss: 0.074272
Step #300	Loss: 0.104449
Step #300	Loss: 0.113791
Step #310	Loss: 0.165256
Step #310	Loss: 0.340136
Step #320	Loss: 0.405826
Step #320	Loss: 0.092615
Step #330	Loss: 0.105306
Step #330	Loss: 0.075636
Step #340	Loss: 0.046625
Step #340	Loss: 0.076481
Step #350	Loss: 0.296416
Step #350	Loss: 0.158827
Step #360	Loss: 0.007517
Step #360	Loss: 0.033580
Step #370	Loss: 0.037881
Step #370	Loss: 0.023488
Step #380	Loss: 0.015524
Step #380	Loss: 0.007637
Step #390	Loss: 0.033751
Step #390	Loss: 0.044519
Step #400	Loss: 0.068497
Step #400	Loss: 0.075283
Step #410	Loss: 0.231659
Step #410	Loss: 0.133756
Step #420	Loss: 0.041691
Step #420	Loss: 0.574000
Step #430	Loss: 0.056177
Step #430	Loss: 0.069614
Step #440	Loss: 0.087157
Step #440	Loss: 0.255037
Step #450	Loss: 0.410636
Step #450	Loss: 0.047663
Step #460	Loss: 0.152151
Step #460	Loss: 0.194117
Step #470	Loss: 0.078399
Step #470	Loss: 0.013654
Step #480	Loss: 0.148441
Step #480	Loss: 0.035464
Step #490	Loss: 0.020020
Step #490	Loss: 0.171208
Step #500	Loss: 0.082508
Step #500	Loss: 0.052866
Step #510	Loss: 0.169559
Step #510	Loss: 0.023576
Step #520	Loss: 0.197439
Step #520	Loss: 0.074271
Step #530	Loss: 0.064659
Step #530	Loss: 0.026196
Step #540	Loss: 0.376687
Step #540	Loss: 0.055862
Step #550	Loss: 0.171836
Step #550	Loss: 0.041545
Step #560	Loss: 0.012301
Step #560	Loss: 0.200980
Step #570	Loss: 0.045363
Step #570	Loss: 0.147684
Step #580	Loss: 0.042795
Step #580	Loss: 0.009844
Step #590	Loss: 0.186221
Step #590	Loss: 0.028197
Step #600	Loss: 0.002569
Step #600	Loss: 0.118077
Step #610	Loss: 0.461339
Step #610	Loss: 0.165266
Step #620	Loss: 0.012011
Step #620	Loss: 0.418054
Step #630	Loss: 0.133307
Step #630	Loss: 0.204462
Step #640	Loss: 0.242407
Step #640	Loss: 0.142675
Step #650	Loss: 0.124542
Step #650	Loss: 0.182659
Step #660	Loss: 0.064125
Step #660	Loss: 0.401714
Step #670	Loss: 0.051134
Step #670	Loss: 0.044915
Step #680	Loss: 0.135003
Step #680	Loss: 0.238010
Step #690	Loss: 0.013770
Step #690	Loss: 0.275728
Step #700	Loss: 0.046399
Step #700	Loss: 0.113340
Step #710	Loss: 0.074738
Step #710	Loss: 0.079821
Step #720	Loss: 0.392680
Step #720	Loss: 0.454324
Step #730	Loss: 0.043301
Step #730	Loss: 0.204924
Step #740	Loss: 0.063056
Step #740	Loss: 0.150577
Step #750	Loss: 0.120151
Step #750	Loss: 0.252354
Step #760	Loss: 0.203346
Step #760	Loss: 0.039403
Step #770	Loss: 0.567963
Step #770	Loss: 0.324973
Step #780	Loss: 0.045492
Step #780	Loss: 0.068529
Step #790	Loss: 0.056680
Step #790	Loss: 0.120020
Step #800	Loss: 0.040123
Step #800	Loss: 0.100243
Step #810	Loss: 0.278215
Step #810	Loss: 0.101779
Step #820	Loss: 0.087416
Step #820	Loss: 0.066096
Step #830	Loss: 0.077570
Step #830	Loss: 0.130018
Step #840	Loss: 0.058969
Step #840	Loss: 0.008059
Step #850	Loss: 0.049328
Step #850	Loss: 0.249603
Step #860	Loss: 0.661504
Step #860	Loss: 0.154695
Step #870	Loss: 0.052551
Step #870	Loss: 0.117485
Step #880	Loss: 0.102480
Step #880	Loss: 0.114643
Step #890	Loss: 0.080847
Step #890	Loss: 0.051458
Step #900	Loss: 0.369543
Step #900	Loss: 0.216254
Step #910	Loss: 0.070296
Step #910	Loss: 0.261844
Step #920	Loss: 0.006688
Step #920	Loss: 0.013922
Step #930	Loss: 0.180110
Step #930	Loss: 0.094555
Step #940	Loss: 0.050473
Step #940	Loss: 0.031528
Step #950	Loss: 0.101172
Step #950	Loss: 0.039039
Step #960	Loss: 0.129961
Step #960	Loss: 0.024271
Step #970	Loss: 0.028500
Step #970	Loss: 0.050567
Step #980	Loss: 0.168129
Step #980	Loss: 0.056730
Step #990	Loss: 0.206823
Step #990	Loss: 0.270900
Step #1000	Loss: 0.022491
Step #1000	Loss: 0.064253
Step #1010	Loss: 0.037156
Step #1010	Loss: 0.158113
Step #1020	Loss: 0.135757
Step #1020	Loss: 0.036150
Step #1030	Loss: 0.065157
Step #1030	Loss: 0.513306
Step #1040	Loss: 0.111240
Step #1040	Loss: 0.018118
Step #1050	Loss: 0.056681
Step #1050	Loss: 0.024932
Step #1060	Loss: 0.070766
Step #1060	Loss: 0.043428
Step #1070	Loss: 0.084069
Step #1070	Loss: 0.023388
Step #1080	Loss: 0.036202
Step #1080	Loss: 0.088238
Step #1090	Loss: 0.026461
Step #1090	Loss: 0.059402
Step #1100	Loss: 0.259906
Step #1100	Loss: 0.177542
Step #1110	Loss: 0.107789
Step #1110	Loss: 0.241543
Step #1120	Loss: 0.014862
Step #1120	Loss: 0.090382
Step #1130	Loss: 0.124684
Step #1130	Loss: 0.027717
Step #1140	Loss: 0.058952
Step #1140	Loss: 0.130428
Step #1150	Loss: 0.320255
Step #1150	Loss: 0.153664
Step #1160	Loss: 0.090277
Step #1160	Loss: 0.065971
Step #1170	Loss: 0.055734
Step #1170	Loss: 0.024863
Step #1180	Loss: 0.074924
Step #1180	Loss: 0.465429
Step #1190	Loss: 0.106603
Step #1190	Loss: 0.155474
Step #1200	Loss: 0.035970
Step #1200	Loss: 0.042915
Step #1210	Loss: 0.083400
Step #1210	Loss: 0.083828
Step #1220	Loss: 0.005351
Step #1220	Loss: 0.124111
Step #1230	Loss: 0.020182
Step #1230	Loss: 0.038796
Step #1240	Loss: 0.023590
Step #1240	Loss: 0.159006
Step #1250	Loss: 0.031971
Step #1250	Loss: 0.069316
Step #1260	Loss: 0.181509
Step #1260	Loss: 0.064005
Step #1270	Loss: 0.063610
Step #1270	Loss: 0.071056
Step #1280	Loss: 0.124227
Step #1280	Loss: 0.024929
Step #1290	Loss: 0.085743
Step #1290	Loss: 0.235720
Step #1300	Loss: 0.056979
Step #1300	Loss: 0.032682
Step #1310	Loss: 0.134592
Step #1310	Loss: 0.088529
Step #1320	Loss: 0.056498
Step #1320	Loss: 0.045393
Step #1330	Loss: 0.007837
Step #1330	Loss: 0.094471
Step #1340	Loss: 0.131493
Step #1340	Loss: 0.072526
Step #1350	Loss: 0.053340
Step #1350	Loss: 0.054697
Step #1360	Loss: 0.025197
Step #1360	Loss: 0.015462
Step #1370	Loss: 0.123386
Step #1370	Loss: 0.066305
Step #1380	Loss: 0.064219
Step #1380	Loss: 0.225773
Step #1390	Loss: 0.114917
Step #1390	Loss: 0.484393
Step #1400	Loss: 0.007617
Step #1400	Loss: 0.020300
Step #1410	Loss: 0.012688
Step #1410	Loss: 0.102427
Step #1420	Loss: 0.202928
Step #1420	Loss: 0.012550
Step #1430	Loss: 0.073417
Step #1430	Loss: 0.012086
Step #1440	Loss: 0.012235
Step #1440	Loss: 0.017882
Step #1450	Loss: 0.001282
Step #1450	Loss: 0.045608
Step #1460	Loss: 0.117508
Step #1460	Loss: 0.014330
Step #1470	Loss: 0.030237
Step #1470	Loss: 0.267442
Step #1480	Loss: 0.395115
Step #1480	Loss: 0.082687
Step #1490	Loss: 0.040987
Step #1490	Loss: 0.028678
Step #1500	Loss: 0.007902
Step #1500	Loss: 0.019409
Step #1510	Loss: 0.019863
Step #1510	Loss: 0.329104
Step #1520	Loss: 0.016004
Step #1520	Loss: 0.101128
Step #1530	Loss: 0.032446
Step #1530	Loss: 0.057956
Step #1540	Loss: 0.376995
Step #1540	Loss: 0.016601
Step #1550	Loss: 0.083229
Step #1550	Loss: 0.267545
Step #1560	Loss: 0.050959
Step #1560	Loss: 0.047295
Step #1570	Loss: 0.003472
Step #1570	Loss: 0.020311
Step #1580	Loss: 0.031444
Step #1580	Loss: 0.027500
Step #1590	Loss: 0.080903
Step #1590	Loss: 0.004684
Step #1600	Loss: 0.012536
Step #1600	Loss: 0.002272
Step #1610	Loss: 0.011407
Step #1610	Loss: 0.069466
Step #1620	Loss: 0.105611
Step #1620	Loss: 0.287637
Step #1630	Loss: 0.211121
Step #1630	Loss: 0.026446
Step #1640	Loss: 0.086424
Step #1640	Loss: 0.013164
Step #1650	Loss: 0.306164
Step #1650	Loss: 0.093781
Step #1660	Loss: 0.012796
Step #1660	Loss: 0.010141
Step #1670	Loss: 0.093523
Step #1670	Loss: 0.185796
Step #1680	Loss: 0.016506
Step #1680	Loss: 0.014568
Step #1690	Loss: 0.008876
Step #1690	Loss: 0.024963
Step #1700	Loss: 0.019710
Step #1700	Loss: 0.143192
Step #1710	Loss: 0.008289
Step #1710	Loss: 0.203315
Step #1720	Loss: 0.060795
Step #1720	Loss: 0.066528
Step #1730	Loss: 0.262565
Step #1730	Loss: 0.026917
Step #1740	Loss: 0.084785
Step #1740	Loss: 0.001003
Step #1750	Loss: 0.071514
Step #1750	Loss: 0.236222
Step #1760	Loss: 0.072922
Step #1760	Loss: 0.243958
Step #1770	Loss: 0.080160
Step #1770	Loss: 0.033104
Step #1780	Loss: 0.167136
Step #1780	Loss: 0.025992
Step #1790	Loss: 0.159893
Step #1790	Loss: 0.091112
Step #1800	Loss: 0.025749
Step #1800	Loss: 0.018066
Step #1810	Loss: 0.032661
Step #1810	Loss: 0.018525
Step #1820	Loss: 0.002607
Step #1820	Loss: 0.039834
Step #1830	Loss: 0.267961
Step #1830	Loss: 0.175298
Step #1840	Loss: 0.040518
Step #1840	Loss: 0.009302
Step #1850	Loss: 0.070529
Step #1850	Loss: 0.029396
Step #1860	Loss: 0.089350
Step #1860	Loss: 0.231264
Step #1870	Loss: 0.017403
Step #1870	Loss: 0.045873
Step #1880	Loss: 0.039597
Step #1880	Loss: 0.155709
Step #1890	Loss: 0.012185
Step #1890	Loss: 0.005415
Step #1900	Loss: 0.065707
Step #1900	Loss: 0.059365
Step #1910	Loss: 0.051096
Step #1910	Loss: 0.042704
Step #1920	Loss: 0.026940
Step #1920	Loss: 0.140183
Step #1930	Loss: 0.006605
Step #1930	Loss: 0.034027
Step #1940	Loss: 0.115584
Step #1940	Loss: 0.051488
Step #1950	Loss: 0.127027
Step #1950	Loss: 0.010633
Step #1960	Loss: 0.188323
Step #1960	Loss: 0.056268
Step #1970	Loss: 0.001344
Step #1970	Loss: 0.178125
Step #1980	Loss: 0.014673
Step #1980	Loss: 0.110884
Step #1990	Loss: 0.167347
Step #1990	Loss: 0.198912
Step #2000	Loss: 0.086985
Step #2000	Loss: 0.125797
Step #2010	Loss: 0.162564
Step #2010	Loss: 0.077573
Step #2020	Loss: 0.137229
Step #2020	Loss: 0.158136
Step #2030	Loss: 0.004471
Step #2030	Loss: 0.017453
Step #2040	Loss: 0.006556
Step #2040	Loss: 0.121896
Step #2050	Loss: 0.043043
Step #2050	Loss: 0.047995
Step #2060	Loss: 0.226359
Step #2060	Loss: 0.010983
Step #2070	Loss: 0.000154
Step #2070	Loss: 0.087901
Step #2080	Loss: 0.049152
Step #2080	Loss: 0.151504
Step #2090	Loss: 0.145734
Step #2090	Loss: 0.023100
Step #2100	Loss: 0.176013
Step #2100	Loss: 0.127473
Step #2110	Loss: 0.056000
Step #2110	Loss: 0.068954
Step #2120	Loss: 0.075771
Step #2120	Loss: 0.253257
Step #2130	Loss: 0.078179
Step #2130	Loss: 0.370144
Step #2140	Loss: 0.157513
Step #2140	Loss: 0.032061
Step #2150	Loss: 0.061879
Step #2150	Loss: 0.015440
Step #2160	Loss: 0.196782
Step #2160	Loss: 0.201155
Step #2170	Loss: 0.108646
Step #2170	Loss: 0.003586
Step #2180	Loss: 0.133801
Step #2180	Loss: 0.006036
Step #2190	Loss: 0.011985
Step #2190	Loss: 0.081744
Step #2200	Loss: 0.104892
Step #2200	Loss: 0.262632
Step #2210	Loss: 0.100591
Step #2210	Loss: 0.012170
Step #2220	Loss: 0.005221
Step #2220	Loss: 0.035026
Step #2230	Loss: 0.020867
Step #2230	Loss: 0.094026
Step #2240	Loss: 0.438172
Step #2240	Loss: 0.293569
Step #2250	Loss: 0.018933
Step #2250	Loss: 0.033490
Step #2260	Loss: 0.039814
Step #2260	Loss: 0.105167
Step #2270	Loss: 0.053241
Step #2270	Loss: 0.002903
Step #2280	Loss: 0.072709
Step #2280	Loss: 0.053994
Step #2290	Loss: 0.047236
Step #2290	Loss: 0.229046
Step #2300	Loss: 0.013411
Step #2300	Loss: 0.010940
Step #2310	Loss: 0.028385
Step #2310	Loss: 0.104545
Step #2320	Loss: 0.001448
Step #2320	Loss: 0.013608
Step #2330	Loss: 0.146936
Step #2330	Loss: 0.011740
Step #2340	Loss: 0.229974
Step #2340	Loss: 0.253490
Step #2350	Loss: 0.048267
Step #2350	Loss: 0.016063
Step #2360	Loss: 0.226755
Step #2360	Loss: 0.043522
Step #2370	Loss: 0.042888
Step #2370	Loss: 0.090130
Step #2380	Loss: 0.010250
Step #2380	Loss: 0.010715
Step #2390	Loss: 0.107542
Step #2390	Loss: 0.028484
Step #2400	Loss: 0.060333
Step #2400	Loss: 0.039459
Step #2410	Loss: 0.065188
Step #2410	Loss: 0.014920
Step #2420	Loss: 0.094544
Step #2420	Loss: 0.049457
Step #2430	Loss: 0.200542
Step #2430	Loss: 0.023963
Step #2440	Loss: 0.074470
Step #2440	Loss: 0.009461
Step #2450	Loss: 0.054053
Step #2450	Loss: 0.279739
Step #2460	Loss: 0.026534
Step #2460	Loss: 0.097589
Step #2470	Loss: 0.155717
Step #2470	Loss: 0.137707
Step #2480	Loss: 0.009824
Step #2480	Loss: 0.411135
Step #2490	Loss: 0.020113
Step #2490	Loss: 0.009644
Step #2500	Loss: 0.014046
Step #2500	Loss: 0.014841
Step #2510	Loss: 0.215218
Step #2510	Loss: 0.019917
Step #2520	Loss: 0.214358
Step #2520	Loss: 0.005858
Step #2530	Loss: 0.017740
Step #2530	Loss: 0.041845
Step #2540	Loss: 0.173756
Step #2540	Loss: 0.061791
Step #2550	Loss: 0.012647
Step #2550	Loss: 0.029769
Step #2560	Loss: 0.005703
Step #2560	Loss: 0.061539
Step #2570	Loss: 0.053203
Step #2570	Loss: 0.045311
Step #2580	Loss: 0.066030
Step #2580	Loss: 0.003538
Step #2590	Loss: 0.005964
Step #2590	Loss: 0.095938
Step #2600	Loss: 0.100576
Step #2600	Loss: 0.009996
Step #2610	Loss: 0.079348
Step #2610	Loss: 0.026216
Step #2620	Loss: 0.052011
Step #2620	Loss: 0.207329
Step #2630	Loss: 0.092253
Step #2630	Loss: 0.299123
Step #2640	Loss: 0.036205
Step #2640	Loss: 0.030701
Step #2650	Loss: 0.097412
Step #2650	Loss: 0.007616
Step #2660	Loss: 0.118723
Step #2660	Loss: 0.014828
Step #2670	Loss: 0.016408
Step #2670	Loss: 0.005490
Step #2680	Loss: 0.011485
Step #2680	Loss: 0.002860
Step #2690	Loss: 0.013343
Step #2690	Loss: 0.067385
Step #2700	Loss: 0.090585
Step #2700	Loss: 0.004157
Step #2710	Loss: 0.013420
Step #2710	Loss: 0.073096
Step #2720	Loss: 0.018544
Step #2720	Loss: 0.009419
Step #2730	Loss: 0.165963
Step #2730	Loss: 0.134384
Step #2740	Loss: 0.009815
Step #2740	Loss: 0.002143
Step #2750	Loss: 0.024878
Step #2750	Loss: 0.003349
Step #2760	Loss: 0.037885
Step #2760	Loss: 0.042078
Step #2770	Loss: 0.023527
Step #2770	Loss: 0.024233
Step #2780	Loss: 0.096970
Step #2780	Loss: 0.004410
Step #2790	Loss: 0.005462
Step #2790	Loss: 0.007849
Step #2800	Loss: 0.003411
Step #2800	Loss: 0.091844
Step #2810	Loss: 0.182094
Step #2810	Loss: 0.066004
Step #2820	Loss: 0.045386
Step #2820	Loss: 0.703507
Step #2830	Loss: 0.006103
Step #2830	Loss: 0.021247
Step #2840	Loss: 0.077652
Step #2840	Loss: 0.043217
Step #2850	Loss: 0.019257
Step #2850	Loss: 0.006906
Step #2860	Loss: 0.006151
Step #2860	Loss: 0.001015
Step #2870	Loss: 0.141624
Step #2870	Loss: 0.107661
Step #2880	Loss: 0.011436
Step #2880	Loss: 0.007340
Step #2890	Loss: 0.096207
Step #2890	Loss: 0.005851
Step #2900	Loss: 0.002806
Step #2900	Loss: 0.136365
Step #2910	Loss: 0.027891
Step #2910	Loss: 0.150649
Step #2920	Loss: 0.001158
Step #2920	Loss: 0.152906
Step #2930	Loss: 0.001387
Step #2930	Loss: 0.119518
Step #2940	Loss: 0.009444
Step #2940	Loss: 0.025997
Step #2950	Loss: 0.005890
Step #2950	Loss: 0.012464
Step #2960	Loss: 0.014226
Step #2960	Loss: 0.204801
Step #2970	Loss: 0.356283
Step #2970	Loss: 0.122049
Step #2980	Loss: 0.102143
Step #2980	Loss: 0.033265
Step #2990	Loss: 0.076083
Step #2990	Loss: 0.060501
Step #3000	Loss: 0.109490
Step #3000	Loss: 0.114781
Step #3010	Loss: 0.171850
Step #3010	Loss: 0.037085
Step #3020	Loss: 0.019657
Step #3020	Loss: 0.042991
Step #3030	Loss: 0.005767
Step #3030	Loss: 0.004723
Step #3040	Loss: 0.009997
Step #3040	Loss: 0.001007
Step #3050	Loss: 0.072143
Step #3050	Loss: 0.028061
Step #3060	Loss: 0.074733
Step #3060	Loss: 0.042770
Step #3070	Loss: 0.086709
Step #3070	Loss: 0.009057
Step #3080	Loss: 0.006289
Step #3080	Loss: 0.123335
Step #3090	Loss: 0.005502
Step #3090	Loss: 0.136457
Step #3100	Loss: 0.008271
Step #3100	Loss: 0.004123
Step #3110	Loss: 0.044502
Step #3110	Loss: 0.052190
Step #3120	Loss: 0.001712
Step #3120	Loss: 0.015748
Step #3130	Loss: 0.117102
Step #3130	Loss: 0.063163
Step #3140	Loss: 0.073735
Step #3140	Loss: 0.174334
Step #3150	Loss: 0.167263
Step #3150	Loss: 0.005115
Step #3160	Loss: 0.022211
Step #3160	Loss: 0.036308
Step #3170	Loss: 0.035415
Step #3170	Loss: 0.305230
Step #3180	Loss: 0.031324
Step #3180	Loss: 0.000575
Step #3190	Loss: 0.024528
Step #3190	Loss: 0.211139
Step #3200	Loss: 0.181442
Step #3200	Loss: 0.023901
Step #3210	Loss: 0.003973
Step #3210	Loss: 0.029139
Step #3220	Loss: 0.046652
Step #3220	Loss: 0.023755
Step #3230	Loss: 0.088575
Step #3230	Loss: 0.108922
Step #3240	Loss: 0.023628
Step #3240	Loss: 0.027539
Step #3250	Loss: 0.059987
Step #3250	Loss: 0.026007
Step #3260	Loss: 0.001264
Step #3260	Loss: 0.004896
Step #3270	Loss: 0.170963
Step #3270	Loss: 0.000860
Step #3280	Loss: 0.013754
Step #3280	Loss: 0.146552
Step #3290	Loss: 0.014207
Step #3290	Loss: 0.021136
Step #3300	Loss: 0.179991
Step #3300	Loss: 0.000603
Step #3310	Loss: 0.170052
Step #3310	Loss: 0.003003
Step #3320	Loss: 0.000426
Step #3320	Loss: 0.003911
Step #3330	Loss: 0.014244
Step #3330	Loss: 0.008645
Step #3340	Loss: 0.003683
Step #3340	Loss: 0.169771
Step #3350	Loss: 0.078473
Step #3350	Loss: 0.169052
Step #3360	Loss: 0.022699
Step #3360	Loss: 0.048827
Step #3370	Loss: 0.005926
Step #3370	Loss: 0.000435
Step #3380	Loss: 0.014922
Step #3380	Loss: 0.141309
Step #3390	Loss: 0.018621
Step #3390	Loss: 0.188015
Step #3400	Loss: 0.114182
Step #3400	Loss: 0.044760
Step #3410	Loss: 0.011233
Step #3410	Loss: 0.061164
Step #3420	Loss: 0.017401
Step #3420	Loss: 0.085308
Step #3430	Loss: 0.039233
Step #3430	Loss: 0.001011
Step #3440	Loss: 0.001324
Step #3440	Loss: 0.169157
Step #3450	Loss: 0.021735
Step #3450	Loss: 0.002384
Step #3460	Loss: 0.174387
Step #3460	Loss: 0.035088
Step #3470	Loss: 0.167659
Step #3470	Loss: 0.039426
Step #3480	Loss: 0.036604
Step #3480	Loss: 0.031493
Step #3490	Loss: 0.001000
Step #3490	Loss: 0.000738
Step #3500	Loss: 0.059677
Step #3500	Loss: 0.000995
Step #3510	Loss: 0.003142
Step #3510	Loss: 0.012378
Step #3520	Loss: 0.224457
Step #3520	Loss: 0.099077
Step #3530	Loss: 0.106752
Step #3530	Loss: 0.015721
Step #3540	Loss: 0.000629
Step #3540	Loss: 0.091474
Step #3550	Loss: 0.091256
Step #3550	Loss: 0.063433
Step #3560	Loss: 0.090269
Step #3560	Loss: 0.000965
Step #3570	Loss: 0.007581
Step #3570	Loss: 0.252134
Step #3580	Loss: 0.011309
Step #3580	Loss: 0.134489
Step #3590	Loss: 0.019878
Step #3590	Loss: 0.007946
Step #3600	Loss: 0.006183
Step #3600	Loss: 0.014271
Step #3610	Loss: 0.062662
Step #3610	Loss: 0.000289
Step #3620	Loss: 0.055918
Step #3620	Loss: 0.116587
Step #3630	Loss: 0.235398
Step #3630	Loss: 0.052963
Step #3640	Loss: 0.008764
Step #3640	Loss: 0.000597
Step #3650	Loss: 0.003417
Step #3650	Loss: 0.108084
Step #3660	Loss: 0.024685
Step #3660	Loss: 0.085564
Step #3670	Loss: 0.056943
Step #3670	Loss: 0.003699
Step #3680	Loss: 0.058019
Step #3680	Loss: 0.099086
Step #3690	Loss: 0.017012
Step #3690	Loss: 0.018122
Step #3700	Loss: 0.065343
Step #3700	Loss: 0.003923
Step #3710	Loss: 0.008732
Step #3710	Loss: 0.157069
Step #3720	Loss: 0.013662
Step #3720	Loss: 0.018041
Step #3730	Loss: 0.054040
Step #3730	Loss: 0.103301
Step #3740	Loss: 0.281379
Step #3740	Loss: 0.133282
Step #3750	Loss: 0.093404
Step #3750	Loss: 0.002105
Step #3760	Loss: 0.005718
Step #3760	Loss: 0.005593
Step #3770	Loss: 0.033235
Step #3770	Loss: 0.134949
Step #3780	Loss: 0.003421
Step #3780	Loss: 0.017124
Step #3790	Loss: 0.092276
Step #3790	Loss: 0.011509
Step #3800	Loss: 0.010302
Step #3800	Loss: 0.004399
Step #3810	Loss: 0.040287
Step #3810	Loss: 0.033945
Step #3820	Loss: 0.087228
Step #3820	Loss: 0.230469
Step #3830	Loss: 0.074385
Step #3830	Loss: 0.136136
Step #3840	Loss: 0.023478
Step #3840	Loss: 0.217786
Step #3850	Loss: 0.002657
Step #3850	Loss: 0.012268
Step #3860	Loss: 0.004111
Step #3860	Loss: 0.002278
Step #3870	Loss: 0.044228
Step #3870	Loss: 0.000811
Step #3880	Loss: 0.014591
Step #3880	Loss: 0.070998
Step #3890	Loss: 0.072230
Step #3890	Loss: 0.363673
Step #3900	Loss: 0.056162
Step #3900	Loss: 0.002078
Step #3910	Loss: 0.041830
Step #3910	Loss: 0.054027
Step #3920	Loss: 0.021043
Step #3920	Loss: 0.009748
Step #3930	Loss: 0.010091
Step #3930	Loss: 0.144386
Step #3940	Loss: 0.183237
Step #3940	Loss: 0.066899
Step #3950	Loss: 0.005813
Step #3950	Loss: 0.017044
Step #3960	Loss: 0.036543
Step #3960	Loss: 0.140850
Step #3970	Loss: 0.014681
Step #3970	Loss: 0.007568
Step #3980	Loss: 0.085046
Step #3980	Loss: 0.002661
Step #3990	Loss: 0.011211
Step #3990	Loss: 0.001014
Step #4000	Loss: 0.014715
Step #4000	Loss: 0.005834
Step #4010	Loss: 0.147346
Step #4010	Loss: 0.036390
Step #4020	Loss: 0.001560
Step #4020	Loss: 0.009295
Step #4030	Loss: 0.004871
Step #4030	Loss: 0.095433
Step #4040	Loss: 0.097041
Step #4040	Loss: 0.193172
Step #4050	Loss: 0.035456
Step #4050	Loss: 0.004013
Step #4060	Loss: 0.002119
Step #4060	Loss: 0.001914
Step #4070	Loss: 0.002153
Step #4070	Loss: 0.014115
Step #4080	Loss: 0.158337
Step #4080	Loss: 0.015766
Step #4090	Loss: 0.009699
Step #4090	Loss: 0.021354
Step #4100	Loss: 0.003888
Step #4100	Loss: 0.002202
Step #4110	Loss: 0.344146
Step #4110	Loss: 0.000988
Step #4120	Loss: 0.000770
Step #4120	Loss: 0.003846
Step #4130	Loss: 0.049848
Step #4130	Loss: 0.000306
Step #4140	Loss: 0.036435
Step #4140	Loss: 0.035008
Step #4150	Loss: 0.046082
Step #4150	Loss: 0.025145
Step #4160	Loss: 0.085522
Step #4160	Loss: 0.013469
Step #4170	Loss: 0.012522
Step #4170	Loss: 0.035265
Step #4180	Loss: 0.019207
Step #4180	Loss: 0.169644
Step #4190	Loss: 0.061523
Step #4190	Loss: 0.177486
Step #4200	Loss: 0.000645
Step #4200	Loss: 0.091624
Step #4210	Loss: 0.009236
Step #4210	Loss: 0.011895
Step #4220	Loss: 0.021697
Step #4220	Loss: 0.011336
Step #4230	Loss: 0.126948
Step #4230	Loss: 0.010645
Step #4240	Loss: 0.021493
Step #4240	Loss: 0.091875
Step #4250	Loss: 0.129175
Step #4250	Loss: 0.167208
Step #4260	Loss: 0.007845
Step #4260	Loss: 0.229765
Step #4270	Loss: 0.000652
Step #4270	Loss: 0.042964
Step #4280	Loss: 0.105683
Step #4280	Loss: 0.017566
Step #4290	Loss: 0.023307
Step #4290	Loss: 0.117071
Step #4300	Loss: 0.057429
Step #4300	Loss: 0.001842
Step #4310	Loss: 0.157369
Step #4310	Loss: 0.138223
Step #4320	Loss: 0.008367
Step #4320	Loss: 0.006750
Step #4330	Loss: 0.027913
Step #4330	Loss: 0.001210
Step #4340	Loss: 0.011066
Step #4340	Loss: 0.046260
Step #4350	Loss: 0.235776
Step #4350	Loss: 0.072319
Step #4360	Loss: 0.002225
Step #4360	Loss: 0.001396
Step #4370	Loss: 0.004404
Step #4370	Loss: 0.012261
Step #4380	Loss: 0.004748
Step #4380	Loss: 0.059663
Step #4390	Loss: 0.043964
Step #4390	Loss: 0.003811
Step #4400	Loss: 0.001687
Step #4400	Loss: 0.045386
Step #4410	Loss: 0.014364
Step #4410	Loss: 0.003351
Step #4420	Loss: 0.004114
Step #4420	Loss: 0.031060
Step #4430	Loss: 0.052499
Step #4430	Loss: 0.003751
Step #4440	Loss: 0.005191
Step #4440	Loss: 0.011843
Step #4450	Loss: 0.012397
Step #4450	Loss: 0.059243
Step #4460	Loss: 0.004745
Step #4460	Loss: 0.034899
Step #4470	Loss: 0.005016
Step #4470	Loss: 0.003015
Step #4480	Loss: 0.082287
Step #4480	Loss: 0.001424
Step #4490	Loss: 0.000151
Step #4490	Loss: 0.001367
Step #4500	Loss: 0.159204
Step #4500	Loss: 0.004832
Step #4510	Loss: 0.012306
Step #4510	Loss: 0.033182
Step #4520	Loss: 0.177040
Step #4520	Loss: 0.047829
Step #4530	Loss: 0.008282
Step #4530	Loss: 0.121798
Step #4540	Loss: 0.000526
Step #4540	Loss: 0.062057
Step #4550	Loss: 0.044342
Step #4550	Loss: 0.014872
Step #4560	Loss: 0.085376
Step #4560	Loss: 0.030841
Step #4570	Loss: 0.040525
Step #4570	Loss: 0.029273
Step #4580	Loss: 0.005164
Step #4580	Loss: 0.008266
Step #4590	Loss: 0.014152
Step #4590	Loss: 0.060908
Step #4600	Loss: 0.024781
Step #4600	Loss: 0.020234
Step #4610	Loss: 0.134689
Step #4610	Loss: 0.107105
Step #4620	Loss: 0.010232
Step #4620	Loss: 0.001728
Step #4630	Loss: 0.002681
Step #4630	Loss: 0.102454
Step #4640	Loss: 0.009879
Step #4640	Loss: 0.001613
Step #4650	Loss: 0.419530
Step #4650	Loss: 0.011610
Step #4660	Loss: 0.032074
Step #4660	Loss: 0.020200
Step #4670	Loss: 0.054156
Step #4670	Loss: 0.028365
Step #4680	Loss: 0.022249
Step #4680	Loss: 0.065647
Step #4690	Loss: 0.103637
Step #4690	Loss: 0.433105
Step #4700	Loss: 0.042996
Step #4700	Loss: 0.020889
Step #4710	Loss: 0.140927
Step #4710	Loss: 0.123173
Step #4720	Loss: 0.073398
Step #4720	Loss: 0.130085
Step #4730	Loss: 0.029613
Step #4730	Loss: 0.088740
Step #4740	Loss: 0.003113
Step #4740	Loss: 0.070409
Step #4750	Loss: 0.000339
Step #4750	Loss: 0.018757
Step #4760	Loss: 0.005187
Step #4760	Loss: 0.028812
Step #4770	Loss: 0.085033
Step #4770	Loss: 0.387189
Step #4780	Loss: 0.005250
Step #4780	Loss: 0.001334
Step #4790	Loss: 0.023615
Step #4790	Loss: 0.034529
Step #4800	Loss: 0.044297
Step #4800	Loss: 0.078277
Step #4810	Loss: 0.004191
Step #4810	Loss: 0.089337
Step #4820	Loss: 0.004276
Step #4820	Loss: 0.009414
Step #4830	Loss: 0.063914
Step #4830	Loss: 0.012768
Step #4840	Loss: 0.008518
Step #4840	Loss: 0.004378
Step #4850	Loss: 0.001221
Step #4850	Loss: 0.011008
Step #4860	Loss: 0.312873
Step #4860	Loss: 0.031999
Step #4870	Loss: 0.010454
Step #4870	Loss: 0.134969
Step #4880	Loss: 0.035454
Step #4880	Loss: 0.005733
Step #4890	Loss: 0.005708
Step #4890	Loss: 0.064434
Step #4900	Loss: 0.009610
Step #4900	Loss: 0.023477
Step #4910	Loss: 0.001516
Step #4910	Loss: 0.155729
Step #4920	Loss: 0.022514
Step #4920	Loss: 0.016327
Step #4930	Loss: 0.044371
Step #4930	Loss: 0.022674
Step #4940	Loss: 0.048988
Step #4940	Loss: 0.003106
Step #4950	Loss: 0.022611
Step #4950	Loss: 0.048823
Step #4960	Loss: 0.020477
Step #4960	Loss: 0.022701
Step #4970	Loss: 0.037490
Step #4970	Loss: 0.004022
Step #4980	Loss: 0.026056
Step #4980	Loss: 0.254363
Step #4990	Loss: 0.019039
Step #4990	Loss: 0.031217
