gl1010.arc-ts.umich.edu
gl1011.arc-ts.umich.edu
Train Epoch: 1 [0/30000 (0%)]	Loss: 2.312602
Train Epoch: 1 [0/30000 (0%)]	Loss: 2.291533
Train Epoch: 1 [640/30000 (2%)]	Loss: 2.320575
Train Epoch: 1 [640/30000 (2%)]	Loss: 2.315230
Train Epoch: 1 [1280/30000 (4%)]	Loss: 2.268646
Train Epoch: 1 [1280/30000 (4%)]	Loss: 2.305061
Train Epoch: 1 [1920/30000 (6%)]	Loss: 2.309650
Train Epoch: 1 [1920/30000 (6%)]	Loss: 2.305688
Train Epoch: 1 [2560/30000 (9%)]	Loss: 2.266002
Train Epoch: 1 [2560/30000 (9%)]	Loss: 2.212681
Train Epoch: 1 [3200/30000 (11%)]	Loss: 2.236801
Train Epoch: 1 [3200/30000 (11%)]	Loss: 2.193585
Train Epoch: 1 [3840/30000 (13%)]	Loss: 2.215592
Train Epoch: 1 [3840/30000 (13%)]	Loss: 2.172793
Train Epoch: 1 [4480/30000 (15%)]	Loss: 2.162375
Train Epoch: 1 [4480/30000 (15%)]	Loss: 2.074879
Train Epoch: 1 [5120/30000 (17%)]	Loss: 1.862238
Train Epoch: 1 [5120/30000 (17%)]	Loss: 1.744288
Train Epoch: 1 [5760/30000 (19%)]	Loss: 1.774448
Train Epoch: 1 [5760/30000 (19%)]	Loss: 1.810198
Train Epoch: 1 [6400/30000 (21%)]	Loss: 1.408162
Train Epoch: 1 [6400/30000 (21%)]	Loss: 1.630070
Train Epoch: 1 [7040/30000 (23%)]	Loss: 1.259997
Train Epoch: 1 [7040/30000 (23%)]	Loss: 1.336837
Train Epoch: 1 [7680/30000 (26%)]	Loss: 1.217463
Train Epoch: 1 [7680/30000 (26%)]	Loss: 1.163428
Train Epoch: 1 [8320/30000 (28%)]	Loss: 1.193431
Train Epoch: 1 [8320/30000 (28%)]	Loss: 1.113275
Train Epoch: 1 [8960/30000 (30%)]	Loss: 1.064666
Train Epoch: 1 [8960/30000 (30%)]	Loss: 0.991035
Train Epoch: 1 [9600/30000 (32%)]	Loss: 1.072922
Train Epoch: 1 [9600/30000 (32%)]	Loss: 0.791095
Train Epoch: 1 [10240/30000 (34%)]	Loss: 0.958535
Train Epoch: 1 [10240/30000 (34%)]	Loss: 0.982833
Train Epoch: 1 [10880/30000 (36%)]	Loss: 0.717624
Train Epoch: 1 [10880/30000 (36%)]	Loss: 0.961588
Train Epoch: 1 [11520/30000 (38%)]	Loss: 0.829702
Train Epoch: 1 [11520/30000 (38%)]	Loss: 0.744054
Train Epoch: 1 [12160/30000 (41%)]	Loss: 0.860467
Train Epoch: 1 [12160/30000 (41%)]	Loss: 0.785028
Train Epoch: 1 [12800/30000 (43%)]	Loss: 0.707170
Train Epoch: 1 [12800/30000 (43%)]	Loss: 0.895361
Train Epoch: 1 [13440/30000 (45%)]	Loss: 0.731999
Train Epoch: 1 [13440/30000 (45%)]	Loss: 0.662296
Train Epoch: 1 [14080/30000 (47%)]	Loss: 0.755907
Train Epoch: 1 [14080/30000 (47%)]	Loss: 0.799539
Train Epoch: 1 [14720/30000 (49%)]	Loss: 0.634762
Train Epoch: 1 [14720/30000 (49%)]	Loss: 0.586498
Train Epoch: 1 [15360/30000 (51%)]	Loss: 0.606641
Train Epoch: 1 [15360/30000 (51%)]	Loss: 0.704196
Train Epoch: 1 [16000/30000 (53%)]Train Epoch: 1 [16000/30000 (53%)]	Loss: 0.681661
	Loss: 0.533337
Train Epoch: 1 [16640/30000 (55%)]	Loss: 0.606517
Train Epoch: 1 [16640/30000 (55%)]	Loss: 0.627906
Train Epoch: 1 [17280/30000 (58%)]	Loss: 0.659648
Train Epoch: 1 [17280/30000 (58%)]	Loss: 0.542081
Train Epoch: 1 [17920/30000 (60%)]	Loss: 0.421302
Train Epoch: 1 [17920/30000 (60%)]	Loss: 0.674997
Train Epoch: 1 [18560/30000 (62%)]	Loss: 0.546314
Train Epoch: 1 [18560/30000 (62%)]	Loss: 0.650853
Train Epoch: 1 [19200/30000 (64%)]	Loss: 0.646565
Train Epoch: 1 [19200/30000 (64%)]	Loss: 0.400314
Train Epoch: 1 [19840/30000 (66%)]	Loss: 0.448303
Train Epoch: 1 [19840/30000 (66%)]	Loss: 0.273061
Train Epoch: 1 [20480/30000 (68%)]Train Epoch: 1 [20480/30000 (68%)]	Loss: 0.646091
	Loss: 0.525784
Train Epoch: 1 [21120/30000 (70%)]	Loss: 0.705781
Train Epoch: 1 [21120/30000 (70%)]	Loss: 0.530271
Train Epoch: 1 [21760/30000 (72%)]Train Epoch: 1 [21760/30000 (72%)]	Loss: 0.588452
	Loss: 0.376263
Train Epoch: 1 [22400/30000 (75%)]	Loss: 0.584901
Train Epoch: 1 [22400/30000 (75%)]	Loss: 0.643174
Train Epoch: 1 [23040/30000 (77%)]	Loss: 0.301524
Train Epoch: 1 [23040/30000 (77%)]	Loss: 0.414428
Train Epoch: 1 [23680/30000 (79%)]	Loss: 0.525503
Train Epoch: 1 [23680/30000 (79%)]	Loss: 0.794919
Train Epoch: 1 [24320/30000 (81%)]	Loss: 0.292574
Train Epoch: 1 [24320/30000 (81%)]	Loss: 0.473606
Train Epoch: 1 [24960/30000 (83%)]	Loss: 0.385878
Train Epoch: 1 [24960/30000 (83%)]	Loss: 0.537563
Train Epoch: 1 [25600/30000 (85%)]	Loss: 0.626039
Train Epoch: 1 [25600/30000 (85%)]	Loss: 0.667633
Train Epoch: 1 [26240/30000 (87%)]	Loss: 0.648574
Train Epoch: 1 [26240/30000 (87%)]	Loss: 0.463627
Train Epoch: 1 [26880/30000 (90%)]	Loss: 0.714671
Train Epoch: 1 [26880/30000 (90%)]	Loss: 0.352953
Train Epoch: 1 [27520/30000 (92%)]	Loss: 0.576210
Train Epoch: 1 [27520/30000 (92%)]	Loss: 0.387409
Train Epoch: 1 [28160/30000 (94%)]	Loss: 0.273848
Train Epoch: 1 [28160/30000 (94%)]	Loss: 0.490566
Train Epoch: 1 [28800/30000 (96%)]Train Epoch: 1 [28800/30000 (96%)]	Loss: 0.556492
	Loss: 0.675218
Train Epoch: 1 [29440/30000 (98%)]	Loss: 0.314548
Train Epoch: 1 [29440/30000 (98%)]	Loss: 0.450640

Test set: Average loss: 0.2136, Accuracy: 93.74%

Train Epoch: 2 [0/30000 (0%)]	Loss: 0.734840
Train Epoch: 2 [0/30000 (0%)]	Loss: 0.576446
Train Epoch: 2 [640/30000 (2%)]	Loss: 0.550431
Train Epoch: 2 [640/30000 (2%)]	Loss: 0.558222
Train Epoch: 2 [1280/30000 (4%)]	Loss: 0.638234
Train Epoch: 2 [1280/30000 (4%)]	Loss: 0.444921
Train Epoch: 2 [1920/30000 (6%)]	Loss: 0.384432
Train Epoch: 2 [1920/30000 (6%)]	Loss: 0.390743
Train Epoch: 2 [2560/30000 (9%)]	Loss: 0.521326
Train Epoch: 2 [2560/30000 (9%)]	Loss: 0.357895
Train Epoch: 2 [3200/30000 (11%)]	Loss: 0.406803
Train Epoch: 2 [3200/30000 (11%)]	Loss: 0.475010
Train Epoch: 2 [3840/30000 (13%)]	Loss: 0.410794
Train Epoch: 2 [3840/30000 (13%)]	Loss: 0.369177
Train Epoch: 2 [4480/30000 (15%)]	Loss: 0.754910
Train Epoch: 2 [4480/30000 (15%)]	Loss: 0.502460
Train Epoch: 2 [5120/30000 (17%)]	Loss: 0.589826
Train Epoch: 2 [5120/30000 (17%)]	Loss: 0.463050
Train Epoch: 2 [5760/30000 (19%)]	Loss: 0.306791
Train Epoch: 2 [5760/30000 (19%)]	Loss: 0.630334
Train Epoch: 2 [6400/30000 (21%)]	Loss: 0.421373
Train Epoch: 2 [6400/30000 (21%)]	Loss: 0.469677
Train Epoch: 2 [7040/30000 (23%)]	Loss: 0.318818
Train Epoch: 2 [7040/30000 (23%)]	Loss: 0.629340
Train Epoch: 2 [7680/30000 (26%)]	Loss: 0.562771
Train Epoch: 2 [7680/30000 (26%)]	Loss: 0.657669
Train Epoch: 2 [8320/30000 (28%)]	Loss: 0.521369
Train Epoch: 2 [8320/30000 (28%)]	Loss: 0.433603
Train Epoch: 2 [8960/30000 (30%)]	Loss: 0.297849
Train Epoch: 2 [8960/30000 (30%)]	Loss: 0.466419
Train Epoch: 2 [9600/30000 (32%)]	Loss: 0.594902
Train Epoch: 2 [9600/30000 (32%)]	Loss: 0.655403
Train Epoch: 2 [10240/30000 (34%)]	Loss: 0.730832
Train Epoch: 2 [10240/30000 (34%)]	Loss: 0.442695
Train Epoch: 2 [10880/30000 (36%)]	Loss: 0.907831
Train Epoch: 2 [10880/30000 (36%)]	Loss: 0.373004
Train Epoch: 2 [11520/30000 (38%)]	Loss: 0.666175
Train Epoch: 2 [11520/30000 (38%)]	Loss: 0.437009
Train Epoch: 2 [12160/30000 (41%)]	Loss: 0.240385
Train Epoch: 2 [12160/30000 (41%)]	Loss: 0.530758
Train Epoch: 2 [12800/30000 (43%)]	Loss: 0.592948
Train Epoch: 2 [12800/30000 (43%)]	Loss: 0.359406
Train Epoch: 2 [13440/30000 (45%)]	Loss: 0.439085
Train Epoch: 2 [13440/30000 (45%)]	Loss: 0.547679
Train Epoch: 2 [14080/30000 (47%)]	Loss: 0.314417
Train Epoch: 2 [14080/30000 (47%)]	Loss: 0.385429
Train Epoch: 2 [14720/30000 (49%)]	Loss: 0.385983
Train Epoch: 2 [14720/30000 (49%)]	Loss: 0.263019
Train Epoch: 2 [15360/30000 (51%)]	Loss: 0.373821
Train Epoch: 2 [15360/30000 (51%)]	Loss: 0.403823
Train Epoch: 2 [16000/30000 (53%)]	Loss: 0.420200
Train Epoch: 2 [16000/30000 (53%)]	Loss: 0.512100
Train Epoch: 2 [16640/30000 (55%)]	Loss: 0.213324
Train Epoch: 2 [16640/30000 (55%)]	Loss: 0.277876
Train Epoch: 2 [17280/30000 (58%)]	Loss: 0.350976
Train Epoch: 2 [17280/30000 (58%)]	Loss: 0.288645
Train Epoch: 2 [17920/30000 (60%)]	Loss: 0.210452
Train Epoch: 2 [17920/30000 (60%)]	Loss: 0.280310
Train Epoch: 2 [18560/30000 (62%)]	Loss: 0.310281
Train Epoch: 2 [18560/30000 (62%)]	Loss: 0.343490
Train Epoch: 2 [19200/30000 (64%)]	Loss: 0.430664
Train Epoch: 2 [19200/30000 (64%)]	Loss: 0.268352
Train Epoch: 2 [19840/30000 (66%)]	Loss: 0.297355
Train Epoch: 2 [19840/30000 (66%)]	Loss: 0.364360
Train Epoch: 2 [20480/30000 (68%)]	Loss: 0.418058
Train Epoch: 2 [20480/30000 (68%)]	Loss: 0.517560
Train Epoch: 2 [21120/30000 (70%)]	Loss: 0.454591
Train Epoch: 2 [21120/30000 (70%)]	Loss: 0.456136
Train Epoch: 2 [21760/30000 (72%)]	Loss: 0.279804
Train Epoch: 2 [21760/30000 (72%)]	Loss: 0.289257
Train Epoch: 2 [22400/30000 (75%)]	Loss: 0.306343
Train Epoch: 2 [22400/30000 (75%)]	Loss: 0.330233
Train Epoch: 2 [23040/30000 (77%)]	Loss: 0.341352
Train Epoch: 2 [23040/30000 (77%)]	Loss: 0.589010
Train Epoch: 2 [23680/30000 (79%)]	Loss: 0.357309
Train Epoch: 2 [23680/30000 (79%)]	Loss: 0.312845
Train Epoch: 2 [24320/30000 (81%)]	Loss: 0.395872
Train Epoch: 2 [24320/30000 (81%)]	Loss: 0.340992
Train Epoch: 2 [24960/30000 (83%)]	Loss: 0.321712
Train Epoch: 2 [24960/30000 (83%)]	Loss: 0.421232
Train Epoch: 2 [25600/30000 (85%)]	Loss: 0.375834
Train Epoch: 2 [25600/30000 (85%)]	Loss: 0.276301
Train Epoch: 2 [26240/30000 (87%)]	Loss: 0.470899
Train Epoch: 2 [26240/30000 (87%)]	Loss: 0.273369
Train Epoch: 2 [26880/30000 (90%)]	Loss: 0.393099
Train Epoch: 2 [26880/30000 (90%)]	Loss: 0.486480
Train Epoch: 2 [27520/30000 (92%)]	Loss: 0.214984
Train Epoch: 2 [27520/30000 (92%)]	Loss: 0.337804
Train Epoch: 2 [28160/30000 (94%)]	Loss: 0.305898
Train Epoch: 2 [28160/30000 (94%)]	Loss: 0.266255
Train Epoch: 2 [28800/30000 (96%)]	Loss: 0.343670
Train Epoch: 2 [28800/30000 (96%)]	Loss: 0.413732
Train Epoch: 2 [29440/30000 (98%)]	Loss: 0.419711
Train Epoch: 2 [29440/30000 (98%)]	Loss: 0.281829

Test set: Average loss: 0.1395, Accuracy: 95.69%

Train Epoch: 3 [0/30000 (0%)]	Loss: 0.337036
Train Epoch: 3 [0/30000 (0%)]	Loss: 0.324362
Train Epoch: 3 [640/30000 (2%)]	Loss: 0.295600
Train Epoch: 3 [640/30000 (2%)]	Loss: 0.325108
Train Epoch: 3 [1280/30000 (4%)]	Loss: 0.242763
Train Epoch: 3 [1280/30000 (4%)]	Loss: 0.209687
Train Epoch: 3 [1920/30000 (6%)]	Loss: 0.528899
Train Epoch: 3 [1920/30000 (6%)]	Loss: 0.327255
Train Epoch: 3 [2560/30000 (9%)]	Loss: 0.447768
Train Epoch: 3 [2560/30000 (9%)]	Loss: 0.335377
Train Epoch: 3 [3200/30000 (11%)]	Loss: 0.345371
Train Epoch: 3 [3200/30000 (11%)]	Loss: 0.388854
Train Epoch: 3 [3840/30000 (13%)]	Loss: 0.300982
Train Epoch: 3 [3840/30000 (13%)]	Loss: 0.566376
Train Epoch: 3 [4480/30000 (15%)]	Loss: 0.246454
Train Epoch: 3 [4480/30000 (15%)]	Loss: 0.510096
Train Epoch: 3 [5120/30000 (17%)]	Loss: 0.301702
Train Epoch: 3 [5120/30000 (17%)]	Loss: 0.343982
Train Epoch: 3 [5760/30000 (19%)]	Loss: 0.465121
Train Epoch: 3 [5760/30000 (19%)]	Loss: 0.329440
Train Epoch: 3 [6400/30000 (21%)]	Loss: 0.450182
Train Epoch: 3 [6400/30000 (21%)]	Loss: 0.366619
Train Epoch: 3 [7040/30000 (23%)]	Loss: 0.425455
Train Epoch: 3 [7040/30000 (23%)]	Loss: 0.291410
Train Epoch: 3 [7680/30000 (26%)]	Loss: 0.379886
Train Epoch: 3 [7680/30000 (26%)]	Loss: 0.253380
Train Epoch: 3 [8320/30000 (28%)]	Loss: 0.228677
Train Epoch: 3 [8320/30000 (28%)]	Loss: 0.263619
Train Epoch: 3 [8960/30000 (30%)]	Loss: 0.196944
Train Epoch: 3 [8960/30000 (30%)]	Loss: 0.507859
Train Epoch: 3 [9600/30000 (32%)]	Loss: 0.585561
Train Epoch: 3 [9600/30000 (32%)]	Loss: 0.531800
Train Epoch: 3 [10240/30000 (34%)]	Loss: 0.295216
Train Epoch: 3 [10240/30000 (34%)]	Loss: 0.232318
Train Epoch: 3 [10880/30000 (36%)]	Loss: 0.341697
Train Epoch: 3 [10880/30000 (36%)]	Loss: 0.362184
Train Epoch: 3 [11520/30000 (38%)]	Loss: 0.271521
Train Epoch: 3 [11520/30000 (38%)]	Loss: 0.265606
Train Epoch: 3 [12160/30000 (41%)]	Loss: 0.512015
Train Epoch: 3 [12160/30000 (41%)]	Loss: 0.212338
Train Epoch: 3 [12800/30000 (43%)]	Loss: 0.366198
Train Epoch: 3 [12800/30000 (43%)]	Loss: 0.244587
Train Epoch: 3 [13440/30000 (45%)]	Loss: 0.292347
Train Epoch: 3 [13440/30000 (45%)]	Loss: 0.327811
Train Epoch: 3 [14080/30000 (47%)]	Loss: 0.276703
Train Epoch: 3 [14080/30000 (47%)]	Loss: 0.259040
Train Epoch: 3 [14720/30000 (49%)]Train Epoch: 3 [14720/30000 (49%)]	Loss: 0.559467
	Loss: 0.319350
Train Epoch: 3 [15360/30000 (51%)]	Loss: 0.218208
Train Epoch: 3 [15360/30000 (51%)]	Loss: 0.374266
Train Epoch: 3 [16000/30000 (53%)]	Loss: 0.334754
Train Epoch: 3 [16000/30000 (53%)]	Loss: 0.240942
Train Epoch: 3 [16640/30000 (55%)]	Loss: 0.374474
Train Epoch: 3 [16640/30000 (55%)]	Loss: 0.270684
Train Epoch: 3 [17280/30000 (58%)]	Loss: 0.498145
Train Epoch: 3 [17280/30000 (58%)]	Loss: 0.230380
Train Epoch: 3 [17920/30000 (60%)]	Loss: 0.196460
Train Epoch: 3 [17920/30000 (60%)]	Loss: 0.392154
Train Epoch: 3 [18560/30000 (62%)]	Loss: 0.286705
Train Epoch: 3 [18560/30000 (62%)]	Loss: 0.247341
Train Epoch: 3 [19200/30000 (64%)]	Loss: 0.227923
Train Epoch: 3 [19200/30000 (64%)]	Loss: 0.262840
Train Epoch: 3 [19840/30000 (66%)]	Loss: 0.254367
Train Epoch: 3 [19840/30000 (66%)]	Loss: 0.189483
Train Epoch: 3 [20480/30000 (68%)]	Loss: 0.217473
Train Epoch: 3 [20480/30000 (68%)]	Loss: 0.265631
Train Epoch: 3 [21120/30000 (70%)]	Loss: 0.553142
Train Epoch: 3 [21120/30000 (70%)]	Loss: 0.454310
Train Epoch: 3 [21760/30000 (72%)]	Loss: 0.293532
Train Epoch: 3 [21760/30000 (72%)]	Loss: 0.113571
Train Epoch: 3 [22400/30000 (75%)]	Loss: 0.195268
Train Epoch: 3 [22400/30000 (75%)]	Loss: 0.288214
Train Epoch: 3 [23040/30000 (77%)]	Loss: 0.405906
Train Epoch: 3 [23040/30000 (77%)]	Loss: 0.424345
Train Epoch: 3 [23680/30000 (79%)]	Loss: 0.244467
Train Epoch: 3 [23680/30000 (79%)]	Loss: 0.396820
Train Epoch: 3 [24320/30000 (81%)]	Loss: 0.541295
Train Epoch: 3 [24320/30000 (81%)]	Loss: 0.158562
Train Epoch: 3 [24960/30000 (83%)]	Loss: 0.383553
Train Epoch: 3 [24960/30000 (83%)]	Loss: 0.277368
Train Epoch: 3 [25600/30000 (85%)]	Loss: 0.175971
Train Epoch: 3 [25600/30000 (85%)]	Loss: 0.199263
Train Epoch: 3 [26240/30000 (87%)]	Loss: 0.195614
Train Epoch: 3 [26240/30000 (87%)]	Loss: 0.268168
Train Epoch: 3 [26880/30000 (90%)]	Loss: 0.432520
Train Epoch: 3 [26880/30000 (90%)]	Loss: 0.357991
Train Epoch: 3 [27520/30000 (92%)]	Loss: 0.243346
Train Epoch: 3 [27520/30000 (92%)]	Loss: 0.189742
Train Epoch: 3 [28160/30000 (94%)]Train Epoch: 3 [28160/30000 (94%)]	Loss: 0.250703
	Loss: 0.266067
Train Epoch: 3 [28800/30000 (96%)]	Loss: 0.372016
Train Epoch: 3 [28800/30000 (96%)]	Loss: 0.451294
Train Epoch: 3 [29440/30000 (98%)]	Loss: 0.447077
Train Epoch: 3 [29440/30000 (98%)]	Loss: 0.314471

Test set: Average loss: 0.1082, Accuracy: 96.57%

Train Epoch: 4 [0/30000 (0%)]	Loss: 0.240384
Train Epoch: 4 [0/30000 (0%)]	Loss: 0.305354
Train Epoch: 4 [640/30000 (2%)]	Loss: 0.126269
Train Epoch: 4 [640/30000 (2%)]	Loss: 0.336251
Train Epoch: 4 [1280/30000 (4%)]	Loss: 0.209574
Train Epoch: 4 [1280/30000 (4%)]	Loss: 0.308965
Train Epoch: 4 [1920/30000 (6%)]	Loss: 0.223355
Train Epoch: 4 [1920/30000 (6%)]	Loss: 0.303457
Train Epoch: 4 [2560/30000 (9%)]	Loss: 0.535974
Train Epoch: 4 [2560/30000 (9%)]	Loss: 0.311268
Train Epoch: 4 [3200/30000 (11%)]Train Epoch: 4 [3200/30000 (11%)]	Loss: 0.180950
	Loss: 0.275905
Train Epoch: 4 [3840/30000 (13%)]	Loss: 0.143722
Train Epoch: 4 [3840/30000 (13%)]	Loss: 0.094914
Train Epoch: 4 [4480/30000 (15%)]	Loss: 0.308063
Train Epoch: 4 [4480/30000 (15%)]	Loss: 0.398272
Train Epoch: 4 [5120/30000 (17%)]	Loss: 0.349734
Train Epoch: 4 [5120/30000 (17%)]	Loss: 0.262159
Train Epoch: 4 [5760/30000 (19%)]	Loss: 0.376111
Train Epoch: 4 [5760/30000 (19%)]	Loss: 0.261431
Train Epoch: 4 [6400/30000 (21%)]	Loss: 0.256834
Train Epoch: 4 [6400/30000 (21%)]	Loss: 0.337459
Train Epoch: 4 [7040/30000 (23%)]	Loss: 0.607020
Train Epoch: 4 [7040/30000 (23%)]	Loss: 0.201254
Train Epoch: 4 [7680/30000 (26%)]	Loss: 0.240093
Train Epoch: 4 [7680/30000 (26%)]	Loss: 0.413420
Train Epoch: 4 [8320/30000 (28%)]	Loss: 0.228135
Train Epoch: 4 [8320/30000 (28%)]	Loss: 0.251836
Train Epoch: 4 [8960/30000 (30%)]	Loss: 0.378755
Train Epoch: 4 [8960/30000 (30%)]	Loss: 0.119361
Train Epoch: 4 [9600/30000 (32%)]	Loss: 0.152199
Train Epoch: 4 [9600/30000 (32%)]	Loss: 0.451645
Train Epoch: 4 [10240/30000 (34%)]	Loss: 0.346671
Train Epoch: 4 [10240/30000 (34%)]	Loss: 0.304994
Train Epoch: 4 [10880/30000 (36%)]	Loss: 0.402131
Train Epoch: 4 [10880/30000 (36%)]	Loss: 0.263027
Train Epoch: 4 [11520/30000 (38%)]	Loss: 0.168450
Train Epoch: 4 [11520/30000 (38%)]	Loss: 0.260606
Train Epoch: 4 [12160/30000 (41%)]	Loss: 0.422303
Train Epoch: 4 [12160/30000 (41%)]	Loss: 0.124414
Train Epoch: 4 [12800/30000 (43%)]	Loss: 0.257384
Train Epoch: 4 [12800/30000 (43%)]	Loss: 0.401164
Train Epoch: 4 [13440/30000 (45%)]	Loss: 0.400032
Train Epoch: 4 [13440/30000 (45%)]	Loss: 0.172449
Train Epoch: 4 [14080/30000 (47%)]Train Epoch: 4 [14080/30000 (47%)]	Loss: 0.209554
	Loss: 0.362150
Train Epoch: 4 [14720/30000 (49%)]	Loss: 0.254980
Train Epoch: 4 [14720/30000 (49%)]	Loss: 0.214275
Train Epoch: 4 [15360/30000 (51%)]	Loss: 0.219301
Train Epoch: 4 [15360/30000 (51%)]	Loss: 0.276338
Train Epoch: 4 [16000/30000 (53%)]	Loss: 0.248488
Train Epoch: 4 [16000/30000 (53%)]	Loss: 0.314114
Train Epoch: 4 [16640/30000 (55%)]	Loss: 0.292871
Train Epoch: 4 [16640/30000 (55%)]	Loss: 0.219395
Train Epoch: 4 [17280/30000 (58%)]	Loss: 0.223878
Train Epoch: 4 [17280/30000 (58%)]	Loss: 0.221060
Train Epoch: 4 [17920/30000 (60%)]	Loss: 0.133351
Train Epoch: 4 [17920/30000 (60%)]	Loss: 0.489878
Train Epoch: 4 [18560/30000 (62%)]	Loss: 0.251894
Train Epoch: 4 [18560/30000 (62%)]	Loss: 0.267381
Train Epoch: 4 [19200/30000 (64%)]	Loss: 0.242498
Train Epoch: 4 [19200/30000 (64%)]	Loss: 0.278057
Train Epoch: 4 [19840/30000 (66%)]	Loss: 0.424050
Train Epoch: 4 [19840/30000 (66%)]	Loss: 0.130570
Train Epoch: 4 [20480/30000 (68%)]	Loss: 0.600653
Train Epoch: 4 [20480/30000 (68%)]	Loss: 0.259736
Train Epoch: 4 [21120/30000 (70%)]	Loss: 0.239491
Train Epoch: 4 [21120/30000 (70%)]	Loss: 0.240072
Train Epoch: 4 [21760/30000 (72%)]	Loss: 0.183108
Train Epoch: 4 [21760/30000 (72%)]	Loss: 0.497793
Train Epoch: 4 [22400/30000 (75%)]	Loss: 0.170524
Train Epoch: 4 [22400/30000 (75%)]	Loss: 0.161153
Train Epoch: 4 [23040/30000 (77%)]	Loss: 0.206901
Train Epoch: 4 [23040/30000 (77%)]	Loss: 0.224622
Train Epoch: 4 [23680/30000 (79%)]	Loss: 0.351453
Train Epoch: 4 [23680/30000 (79%)]	Loss: 0.282353
Train Epoch: 4 [24320/30000 (81%)]	Loss: 0.196725
Train Epoch: 4 [24320/30000 (81%)]	Loss: 0.348290
Train Epoch: 4 [24960/30000 (83%)]	Loss: 0.260944
Train Epoch: 4 [24960/30000 (83%)]	Loss: 0.234771
Train Epoch: 4 [25600/30000 (85%)]	Loss: 0.127555
Train Epoch: 4 [25600/30000 (85%)]	Loss: 0.235573
Train Epoch: 4 [26240/30000 (87%)]	Loss: 0.384833
Train Epoch: 4 [26240/30000 (87%)]	Loss: 0.213585
Train Epoch: 4 [26880/30000 (90%)]	Loss: 0.528975
Train Epoch: 4 [26880/30000 (90%)]	Loss: 0.377265
Train Epoch: 4 [27520/30000 (92%)]	Loss: 0.231097
Train Epoch: 4 [27520/30000 (92%)]	Loss: 0.397403
Train Epoch: 4 [28160/30000 (94%)]	Loss: 0.256212
Train Epoch: 4 [28160/30000 (94%)]	Loss: 0.367184
Train Epoch: 4 [28800/30000 (96%)]	Loss: 0.124160
Train Epoch: 4 [28800/30000 (96%)]	Loss: 0.322115
Train Epoch: 4 [29440/30000 (98%)]	Loss: 0.065710
Train Epoch: 4 [29440/30000 (98%)]	Loss: 0.294195

Test set: Average loss: 0.0894, Accuracy: 97.05%

Train Epoch: 5 [0/30000 (0%)]	Loss: 0.201814
Train Epoch: 5 [0/30000 (0%)]	Loss: 0.198971
Train Epoch: 5 [640/30000 (2%)]	Loss: 0.133676
Train Epoch: 5 [640/30000 (2%)]	Loss: 0.229379
Train Epoch: 5 [1280/30000 (4%)]	Loss: 0.385419
Train Epoch: 5 [1280/30000 (4%)]	Loss: 0.311355
Train Epoch: 5 [1920/30000 (6%)]	Loss: 0.409644
Train Epoch: 5 [1920/30000 (6%)]	Loss: 0.119989
Train Epoch: 5 [2560/30000 (9%)]	Loss: 0.351750
Train Epoch: 5 [2560/30000 (9%)]	Loss: 0.293754
Train Epoch: 5 [3200/30000 (11%)]	Loss: 0.518988
Train Epoch: 5 [3200/30000 (11%)]	Loss: 0.331557
Train Epoch: 5 [3840/30000 (13%)]	Loss: 0.175989
Train Epoch: 5 [3840/30000 (13%)]	Loss: 0.668727
Train Epoch: 5 [4480/30000 (15%)]	Loss: 0.418668
Train Epoch: 5 [4480/30000 (15%)]	Loss: 0.255903
Train Epoch: 5 [5120/30000 (17%)]	Loss: 0.236954
Train Epoch: 5 [5120/30000 (17%)]	Loss: 0.218030
Train Epoch: 5 [5760/30000 (19%)]	Loss: 0.241056
Train Epoch: 5 [5760/30000 (19%)]	Loss: 0.221907
Train Epoch: 5 [6400/30000 (21%)]	Loss: 0.146397
Train Epoch: 5 [6400/30000 (21%)]	Loss: 0.396329
Train Epoch: 5 [7040/30000 (23%)]	Loss: 0.255520
Train Epoch: 5 [7040/30000 (23%)]	Loss: 0.220385
Train Epoch: 5 [7680/30000 (26%)]	Loss: 0.468719
Train Epoch: 5 [7680/30000 (26%)]	Loss: 0.204755
Train Epoch: 5 [8320/30000 (28%)]Train Epoch: 5 [8320/30000 (28%)]	Loss: 0.270737
	Loss: 0.358271
Train Epoch: 5 [8960/30000 (30%)]	Loss: 0.209277
Train Epoch: 5 [8960/30000 (30%)]	Loss: 0.159016
Train Epoch: 5 [9600/30000 (32%)]	Loss: 0.174533
Train Epoch: 5 [9600/30000 (32%)]	Loss: 0.085198
Train Epoch: 5 [10240/30000 (34%)]	Loss: 0.148078
Train Epoch: 5 [10240/30000 (34%)]	Loss: 0.114639
Train Epoch: 5 [10880/30000 (36%)]	Loss: 0.239779
Train Epoch: 5 [10880/30000 (36%)]	Loss: 0.329582
Train Epoch: 5 [11520/30000 (38%)]	Loss: 0.446054
Train Epoch: 5 [11520/30000 (38%)]	Loss: 0.167112
Train Epoch: 5 [12160/30000 (41%)]Train Epoch: 5 [12160/30000 (41%)]	Loss: 0.215532
	Loss: 0.158540
Train Epoch: 5 [12800/30000 (43%)]	Loss: 0.479693
Train Epoch: 5 [12800/30000 (43%)]	Loss: 0.181927
Train Epoch: 5 [13440/30000 (45%)]	Loss: 0.308199
Train Epoch: 5 [13440/30000 (45%)]	Loss: 0.107844
Train Epoch: 5 [14080/30000 (47%)]	Loss: 0.209362
Train Epoch: 5 [14080/30000 (47%)]	Loss: 0.219932
Train Epoch: 5 [14720/30000 (49%)]	Loss: 0.225773
Train Epoch: 5 [14720/30000 (49%)]	Loss: 0.193649
Train Epoch: 5 [15360/30000 (51%)]	Loss: 0.141028
Train Epoch: 5 [15360/30000 (51%)]	Loss: 0.323052
Train Epoch: 5 [16000/30000 (53%)]	Loss: 0.251461
Train Epoch: 5 [16000/30000 (53%)]	Loss: 0.356352
Train Epoch: 5 [16640/30000 (55%)]	Loss: 0.225504
Train Epoch: 5 [16640/30000 (55%)]	Loss: 0.123772
Train Epoch: 5 [17280/30000 (58%)]	Loss: 0.423503
Train Epoch: 5 [17280/30000 (58%)]	Loss: 0.519761
Train Epoch: 5 [17920/30000 (60%)]	Loss: 0.505816
Train Epoch: 5 [17920/30000 (60%)]	Loss: 0.474614
Train Epoch: 5 [18560/30000 (62%)]	Loss: 0.297142
Train Epoch: 5 [18560/30000 (62%)]	Loss: 0.234268
Train Epoch: 5 [19200/30000 (64%)]	Loss: 0.206404
Train Epoch: 5 [19200/30000 (64%)]	Loss: 0.226812
Train Epoch: 5 [19840/30000 (66%)]	Loss: 0.232205
Train Epoch: 5 [19840/30000 (66%)]	Loss: 0.277902
Train Epoch: 5 [20480/30000 (68%)]	Loss: 0.534106
Train Epoch: 5 [20480/30000 (68%)]	Loss: 0.222688
Train Epoch: 5 [21120/30000 (70%)]	Loss: 0.350526
Train Epoch: 5 [21120/30000 (70%)]	Loss: 0.238196
Train Epoch: 5 [21760/30000 (72%)]	Loss: 0.108947
Train Epoch: 5 [21760/30000 (72%)]	Loss: 0.295560
Train Epoch: 5 [22400/30000 (75%)]	Loss: 0.154902
Train Epoch: 5 [22400/30000 (75%)]	Loss: 0.087187
Train Epoch: 5 [23040/30000 (77%)]	Loss: 0.190943
Train Epoch: 5 [23040/30000 (77%)]	Loss: 0.241752
Train Epoch: 5 [23680/30000 (79%)]	Loss: 0.170053
Train Epoch: 5 [23680/30000 (79%)]	Loss: 0.293759
Train Epoch: 5 [24320/30000 (81%)]	Loss: 0.169108
Train Epoch: 5 [24320/30000 (81%)]	Loss: 0.187160
Train Epoch: 5 [24960/30000 (83%)]	Loss: 0.374508
Train Epoch: 5 [24960/30000 (83%)]	Loss: 0.130066
Train Epoch: 5 [25600/30000 (85%)]	Loss: 0.123731
Train Epoch: 5 [25600/30000 (85%)]	Loss: 0.427000
Train Epoch: 5 [26240/30000 (87%)]Train Epoch: 5 [26240/30000 (87%)]	Loss: 0.360032
	Loss: 0.114710
Train Epoch: 5 [26880/30000 (90%)]	Loss: 0.143190
Train Epoch: 5 [26880/30000 (90%)]	Loss: 0.376208
Train Epoch: 5 [27520/30000 (92%)]	Loss: 0.122253
Train Epoch: 5 [27520/30000 (92%)]	Loss: 0.276518
Train Epoch: 5 [28160/30000 (94%)]	Loss: 0.224984
Train Epoch: 5 [28160/30000 (94%)]	Loss: 0.131147
Train Epoch: 5 [28800/30000 (96%)]	Loss: 0.227944
Train Epoch: 5 [28800/30000 (96%)]	Loss: 0.322034
Train Epoch: 5 [29440/30000 (98%)]	Loss: 0.213712
Train Epoch: 5 [29440/30000 (98%)]	Loss: 0.375620

Test set: Average loss: 0.0815, Accuracy: 97.46%

Train Epoch: 6 [0/30000 (0%)]	Loss: 0.166010
Train Epoch: 6 [0/30000 (0%)]	Loss: 0.131300
Train Epoch: 6 [640/30000 (2%)]	Loss: 0.251352
Train Epoch: 6 [640/30000 (2%)]	Loss: 0.261376
Train Epoch: 6 [1280/30000 (4%)]	Loss: 0.385578
Train Epoch: 6 [1280/30000 (4%)]	Loss: 0.164003
Train Epoch: 6 [1920/30000 (6%)]	Loss: 0.143943
Train Epoch: 6 [1920/30000 (6%)]	Loss: 0.089193
Train Epoch: 6 [2560/30000 (9%)]	Loss: 0.170003
Train Epoch: 6 [2560/30000 (9%)]	Loss: 0.186211
Train Epoch: 6 [3200/30000 (11%)]	Loss: 0.263016
Train Epoch: 6 [3200/30000 (11%)]	Loss: 0.213534
Train Epoch: 6 [3840/30000 (13%)]Train Epoch: 6 [3840/30000 (13%)]	Loss: 0.185618
	Loss: 0.131065
Train Epoch: 6 [4480/30000 (15%)]	Loss: 0.129495
Train Epoch: 6 [4480/30000 (15%)]	Loss: 0.194177
Train Epoch: 6 [5120/30000 (17%)]	Loss: 0.125715
Train Epoch: 6 [5120/30000 (17%)]	Loss: 0.341521
Train Epoch: 6 [5760/30000 (19%)]	Loss: 0.209433
Train Epoch: 6 [5760/30000 (19%)]	Loss: 0.233042
Train Epoch: 6 [6400/30000 (21%)]	Loss: 0.280443
Train Epoch: 6 [6400/30000 (21%)]	Loss: 0.217218
Train Epoch: 6 [7040/30000 (23%)]	Loss: 0.195724
Train Epoch: 6 [7040/30000 (23%)]	Loss: 0.252514
Train Epoch: 6 [7680/30000 (26%)]	Loss: 0.309869
Train Epoch: 6 [7680/30000 (26%)]	Loss: 0.360405
Train Epoch: 6 [8320/30000 (28%)]	Loss: 0.272045
Train Epoch: 6 [8320/30000 (28%)]	Loss: 0.180118
Train Epoch: 6 [8960/30000 (30%)]	Loss: 0.362199
Train Epoch: 6 [8960/30000 (30%)]	Loss: 0.228505
Train Epoch: 6 [9600/30000 (32%)]	Loss: 0.324516
Train Epoch: 6 [9600/30000 (32%)]	Loss: 0.308792
Train Epoch: 6 [10240/30000 (34%)]	Loss: 0.161549
Train Epoch: 6 [10240/30000 (34%)]	Loss: 0.303004
Train Epoch: 6 [10880/30000 (36%)]	Loss: 0.177425
Train Epoch: 6 [10880/30000 (36%)]	Loss: 0.351459
Train Epoch: 6 [11520/30000 (38%)]	Loss: 0.470908
Train Epoch: 6 [11520/30000 (38%)]	Loss: 0.271161
Train Epoch: 6 [12160/30000 (41%)]	Loss: 0.290614
Train Epoch: 6 [12160/30000 (41%)]	Loss: 0.250249
Train Epoch: 6 [12800/30000 (43%)]	Loss: 0.242813
Train Epoch: 6 [12800/30000 (43%)]	Loss: 0.314792
Train Epoch: 6 [13440/30000 (45%)]	Loss: 0.178157
Train Epoch: 6 [13440/30000 (45%)]	Loss: 0.446501
Train Epoch: 6 [14080/30000 (47%)]	Loss: 0.140960
Train Epoch: 6 [14080/30000 (47%)]	Loss: 0.156025
Train Epoch: 6 [14720/30000 (49%)]	Loss: 0.163506
Train Epoch: 6 [14720/30000 (49%)]	Loss: 0.272305
Train Epoch: 6 [15360/30000 (51%)]	Loss: 0.130863
Train Epoch: 6 [15360/30000 (51%)]	Loss: 0.343861
Train Epoch: 6 [16000/30000 (53%)]	Loss: 0.257688
Train Epoch: 6 [16000/30000 (53%)]	Loss: 0.123924
Train Epoch: 6 [16640/30000 (55%)]	Loss: 0.151232
Train Epoch: 6 [16640/30000 (55%)]	Loss: 0.195665
Train Epoch: 6 [17280/30000 (58%)]	Loss: 0.397439
Train Epoch: 6 [17280/30000 (58%)]	Loss: 0.297771
Train Epoch: 6 [17920/30000 (60%)]	Loss: 0.154253
Train Epoch: 6 [17920/30000 (60%)]	Loss: 0.273764
Train Epoch: 6 [18560/30000 (62%)]	Loss: 0.178034
Train Epoch: 6 [18560/30000 (62%)]	Loss: 0.340752
Train Epoch: 6 [19200/30000 (64%)]	Loss: 0.080678
Train Epoch: 6 [19200/30000 (64%)]	Loss: 0.134546
Train Epoch: 6 [19840/30000 (66%)]	Loss: 0.428275
Train Epoch: 6 [19840/30000 (66%)]	Loss: 0.308316
Train Epoch: 6 [20480/30000 (68%)]	Loss: 0.355146
Train Epoch: 6 [20480/30000 (68%)]	Loss: 0.317589
Train Epoch: 6 [21120/30000 (70%)]	Loss: 0.228419
Train Epoch: 6 [21120/30000 (70%)]	Loss: 0.231553
Train Epoch: 6 [21760/30000 (72%)]Train Epoch: 6 [21760/30000 (72%)]	Loss: 0.318391
	Loss: 0.177407
Train Epoch: 6 [22400/30000 (75%)]	Loss: 0.235765
Train Epoch: 6 [22400/30000 (75%)]	Loss: 0.241884
Train Epoch: 6 [23040/30000 (77%)]Train Epoch: 6 [23040/30000 (77%)]	Loss: 0.200087
	Loss: 0.326587
Train Epoch: 6 [23680/30000 (79%)]	Loss: 0.144071
Train Epoch: 6 [23680/30000 (79%)]	Loss: 0.254460
Train Epoch: 6 [24320/30000 (81%)]	Loss: 0.152076
Train Epoch: 6 [24320/30000 (81%)]	Loss: 0.117596
Train Epoch: 6 [24960/30000 (83%)]	Loss: 0.144797
Train Epoch: 6 [24960/30000 (83%)]	Loss: 0.171808
Train Epoch: 6 [25600/30000 (85%)]	Loss: 0.204625
Train Epoch: 6 [25600/30000 (85%)]	Loss: 0.180910
Train Epoch: 6 [26240/30000 (87%)]	Loss: 0.095504
Train Epoch: 6 [26240/30000 (87%)]	Loss: 0.163917
Train Epoch: 6 [26880/30000 (90%)]	Loss: 0.393317
Train Epoch: 6 [26880/30000 (90%)]	Loss: 0.263798
Train Epoch: 6 [27520/30000 (92%)]	Loss: 0.319291
Train Epoch: 6 [27520/30000 (92%)]	Loss: 0.215137
Train Epoch: 6 [28160/30000 (94%)]	Loss: 0.412972
Train Epoch: 6 [28160/30000 (94%)]	Loss: 0.248236
Train Epoch: 6 [28800/30000 (96%)]	Loss: 0.157283
Train Epoch: 6 [28800/30000 (96%)]	Loss: 0.152238
Train Epoch: 6 [29440/30000 (98%)]	Loss: 0.184816
Train Epoch: 6 [29440/30000 (98%)]	Loss: 0.268668

Test set: Average loss: 0.0706, Accuracy: 97.80%

Train Epoch: 7 [0/30000 (0%)]	Loss: 0.147113
Train Epoch: 7 [0/30000 (0%)]	Loss: 0.298081
Train Epoch: 7 [640/30000 (2%)]	Loss: 0.178816
Train Epoch: 7 [640/30000 (2%)]	Loss: 0.147160
Train Epoch: 7 [1280/30000 (4%)]	Loss: 0.343755
Train Epoch: 7 [1280/30000 (4%)]	Loss: 0.300442
Train Epoch: 7 [1920/30000 (6%)]	Loss: 0.179905
Train Epoch: 7 [1920/30000 (6%)]	Loss: 0.219639
Train Epoch: 7 [2560/30000 (9%)]	Loss: 0.286420
Train Epoch: 7 [2560/30000 (9%)]	Loss: 0.224836
Train Epoch: 7 [3200/30000 (11%)]	Loss: 0.108481
Train Epoch: 7 [3200/30000 (11%)]	Loss: 0.167059
Train Epoch: 7 [3840/30000 (13%)]	Loss: 0.082579
Train Epoch: 7 [3840/30000 (13%)]	Loss: 0.312235
Train Epoch: 7 [4480/30000 (15%)]	Loss: 0.219918
Train Epoch: 7 [4480/30000 (15%)]	Loss: 0.125933
Train Epoch: 7 [5120/30000 (17%)]	Loss: 0.203285
Train Epoch: 7 [5120/30000 (17%)]	Loss: 0.169155
Train Epoch: 7 [5760/30000 (19%)]	Loss: 0.091575
Train Epoch: 7 [5760/30000 (19%)]	Loss: 0.220647
Train Epoch: 7 [6400/30000 (21%)]	Loss: 0.365411
Train Epoch: 7 [6400/30000 (21%)]	Loss: 0.183447
Train Epoch: 7 [7040/30000 (23%)]Train Epoch: 7 [7040/30000 (23%)]	Loss: 0.222014
	Loss: 0.368972
Train Epoch: 7 [7680/30000 (26%)]	Loss: 0.168165
Train Epoch: 7 [7680/30000 (26%)]	Loss: 0.122037
Train Epoch: 7 [8320/30000 (28%)]Train Epoch: 7 [8320/30000 (28%)]	Loss: 0.176303
	Loss: 0.103303
Train Epoch: 7 [8960/30000 (30%)]	Loss: 0.253093
Train Epoch: 7 [8960/30000 (30%)]	Loss: 0.189960
Train Epoch: 7 [9600/30000 (32%)]	Loss: 0.218443
Train Epoch: 7 [9600/30000 (32%)]	Loss: 0.338908
Train Epoch: 7 [10240/30000 (34%)]	Loss: 0.138429
Train Epoch: 7 [10240/30000 (34%)]	Loss: 0.177283
Train Epoch: 7 [10880/30000 (36%)]	Loss: 0.149215
Train Epoch: 7 [10880/30000 (36%)]	Loss: 0.144997
Train Epoch: 7 [11520/30000 (38%)]	Loss: 0.129920
Train Epoch: 7 [11520/30000 (38%)]	Loss: 0.281783
Train Epoch: 7 [12160/30000 (41%)]	Loss: 0.228329
Train Epoch: 7 [12160/30000 (41%)]	Loss: 0.195657
Train Epoch: 7 [12800/30000 (43%)]	Loss: 0.282158
Train Epoch: 7 [12800/30000 (43%)]	Loss: 0.199950
Train Epoch: 7 [13440/30000 (45%)]	Loss: 0.194179
Train Epoch: 7 [13440/30000 (45%)]	Loss: 0.147055
Train Epoch: 7 [14080/30000 (47%)]	Loss: 0.366909
Train Epoch: 7 [14080/30000 (47%)]	Loss: 0.293961
Train Epoch: 7 [14720/30000 (49%)]	Loss: 0.151351
Train Epoch: 7 [14720/30000 (49%)]	Loss: 0.116397
Train Epoch: 7 [15360/30000 (51%)]	Loss: 0.230325
Train Epoch: 7 [15360/30000 (51%)]	Loss: 0.249192
Train Epoch: 7 [16000/30000 (53%)]	Loss: 0.297828
Train Epoch: 7 [16000/30000 (53%)]	Loss: 0.125199
Train Epoch: 7 [16640/30000 (55%)]	Loss: 0.416424
Train Epoch: 7 [16640/30000 (55%)]	Loss: 0.171852
Train Epoch: 7 [17280/30000 (58%)]	Loss: 0.145507
Train Epoch: 7 [17280/30000 (58%)]	Loss: 0.185942
Train Epoch: 7 [17920/30000 (60%)]	Loss: 0.236144
Train Epoch: 7 [17920/30000 (60%)]	Loss: 0.169001
Train Epoch: 7 [18560/30000 (62%)]	Loss: 0.230413
Train Epoch: 7 [18560/30000 (62%)]	Loss: 0.210742
Train Epoch: 7 [19200/30000 (64%)]	Loss: 0.131166
Train Epoch: 7 [19200/30000 (64%)]	Loss: 0.092424
Train Epoch: 7 [19840/30000 (66%)]	Loss: 0.254238
Train Epoch: 7 [19840/30000 (66%)]	Loss: 0.336211
Train Epoch: 7 [20480/30000 (68%)]	Loss: 0.297726
Train Epoch: 7 [20480/30000 (68%)]	Loss: 0.264529
Train Epoch: 7 [21120/30000 (70%)]Train Epoch: 7 [21120/30000 (70%)]	Loss: 0.118542
	Loss: 0.207208
Train Epoch: 7 [21760/30000 (72%)]	Loss: 0.262744
Train Epoch: 7 [21760/30000 (72%)]	Loss: 0.173184
Train Epoch: 7 [22400/30000 (75%)]	Loss: 0.190713
Train Epoch: 7 [22400/30000 (75%)]	Loss: 0.233638
Train Epoch: 7 [23040/30000 (77%)]	Loss: 0.157075
Train Epoch: 7 [23040/30000 (77%)]	Loss: 0.189866
Train Epoch: 7 [23680/30000 (79%)]	Loss: 0.089059
Train Epoch: 7 [23680/30000 (79%)]	Loss: 0.437856
Train Epoch: 7 [24320/30000 (81%)]	Loss: 0.367771
Train Epoch: 7 [24320/30000 (81%)]	Loss: 0.315050
Train Epoch: 7 [24960/30000 (83%)]	Loss: 0.700874
Train Epoch: 7 [24960/30000 (83%)]	Loss: 0.315693
Train Epoch: 7 [25600/30000 (85%)]	Loss: 0.117482
Train Epoch: 7 [25600/30000 (85%)]	Loss: 0.202983
Train Epoch: 7 [26240/30000 (87%)]	Loss: 0.358615
Train Epoch: 7 [26240/30000 (87%)]	Loss: 0.215442
Train Epoch: 7 [26880/30000 (90%)]	Loss: 0.121375
Train Epoch: 7 [26880/30000 (90%)]	Loss: 0.257492
Train Epoch: 7 [27520/30000 (92%)]	Loss: 0.230331
Train Epoch: 7 [27520/30000 (92%)]	Loss: 0.552202
Train Epoch: 7 [28160/30000 (94%)]	Loss: 0.219135
Train Epoch: 7 [28160/30000 (94%)]	Loss: 0.210987
Train Epoch: 7 [28800/30000 (96%)]	Loss: 0.259282
Train Epoch: 7 [28800/30000 (96%)]	Loss: 0.101024
Train Epoch: 7 [29440/30000 (98%)]	Loss: 0.185970
Train Epoch: 7 [29440/30000 (98%)]	Loss: 0.171525

Test set: Average loss: 0.0643, Accuracy: 98.04%

Train Epoch: 8 [0/30000 (0%)]	Loss: 0.149469
Train Epoch: 8 [0/30000 (0%)]	Loss: 0.164601
Train Epoch: 8 [640/30000 (2%)]	Loss: 0.139628
Train Epoch: 8 [640/30000 (2%)]	Loss: 0.092878
Train Epoch: 8 [1280/30000 (4%)]	Loss: 0.149047
Train Epoch: 8 [1280/30000 (4%)]	Loss: 0.233862
Train Epoch: 8 [1920/30000 (6%)]	Loss: 0.176955
Train Epoch: 8 [1920/30000 (6%)]	Loss: 0.218695
Train Epoch: 8 [2560/30000 (9%)]	Loss: 0.228326
Train Epoch: 8 [2560/30000 (9%)]	Loss: 0.270891
Train Epoch: 8 [3200/30000 (11%)]	Loss: 0.131193
Train Epoch: 8 [3200/30000 (11%)]	Loss: 0.195180
Train Epoch: 8 [3840/30000 (13%)]	Loss: 0.299313
Train Epoch: 8 [3840/30000 (13%)]	Loss: 0.305546
Train Epoch: 8 [4480/30000 (15%)]Train Epoch: 8 [4480/30000 (15%)]	Loss: 0.371162
	Loss: 0.217629
Train Epoch: 8 [5120/30000 (17%)]	Loss: 0.207525
Train Epoch: 8 [5120/30000 (17%)]	Loss: 0.193132
Train Epoch: 8 [5760/30000 (19%)]	Loss: 0.333845
Train Epoch: 8 [5760/30000 (19%)]	Loss: 0.295366
Train Epoch: 8 [6400/30000 (21%)]	Loss: 0.170974
Train Epoch: 8 [6400/30000 (21%)]	Loss: 0.165508
Train Epoch: 8 [7040/30000 (23%)]	Loss: 0.266636
Train Epoch: 8 [7040/30000 (23%)]	Loss: 0.312178
Train Epoch: 8 [7680/30000 (26%)]	Loss: 0.203379
Train Epoch: 8 [7680/30000 (26%)]	Loss: 0.168298
Train Epoch: 8 [8320/30000 (28%)]	Loss: 0.125939
Train Epoch: 8 [8320/30000 (28%)]	Loss: 0.285835
Train Epoch: 8 [8960/30000 (30%)]	Loss: 0.166935
Train Epoch: 8 [8960/30000 (30%)]	Loss: 0.158804
Train Epoch: 8 [9600/30000 (32%)]	Loss: 0.257558
Train Epoch: 8 [9600/30000 (32%)]	Loss: 0.103595
Train Epoch: 8 [10240/30000 (34%)]	Loss: 0.115738
Train Epoch: 8 [10240/30000 (34%)]	Loss: 0.167274
Train Epoch: 8 [10880/30000 (36%)]	Loss: 0.123734
Train Epoch: 8 [10880/30000 (36%)]	Loss: 0.098853
Train Epoch: 8 [11520/30000 (38%)]	Loss: 0.136138
Train Epoch: 8 [11520/30000 (38%)]	Loss: 0.135525
Train Epoch: 8 [12160/30000 (41%)]	Loss: 0.087862
Train Epoch: 8 [12160/30000 (41%)]	Loss: 0.060939
Train Epoch: 8 [12800/30000 (43%)]	Loss: 0.351093
Train Epoch: 8 [12800/30000 (43%)]	Loss: 0.195697
Train Epoch: 8 [13440/30000 (45%)]	Loss: 0.222142
Train Epoch: 8 [13440/30000 (45%)]	Loss: 0.185098
Train Epoch: 8 [14080/30000 (47%)]	Loss: 0.202621
Train Epoch: 8 [14080/30000 (47%)]	Loss: 0.154505
Train Epoch: 8 [14720/30000 (49%)]	Loss: 0.053275
Train Epoch: 8 [14720/30000 (49%)]	Loss: 0.182107
Train Epoch: 8 [15360/30000 (51%)]	Loss: 0.324275
Train Epoch: 8 [15360/30000 (51%)]	Loss: 0.284399
Train Epoch: 8 [16000/30000 (53%)]	Loss: 0.289555
Train Epoch: 8 [16000/30000 (53%)]	Loss: 0.404687
Train Epoch: 8 [16640/30000 (55%)]	Loss: 0.129285
Train Epoch: 8 [16640/30000 (55%)]	Loss: 0.270741
Train Epoch: 8 [17280/30000 (58%)]	Loss: 0.112213
Train Epoch: 8 [17280/30000 (58%)]	Loss: 0.166286
Train Epoch: 8 [17920/30000 (60%)]	Loss: 0.267034
Train Epoch: 8 [17920/30000 (60%)]	Loss: 0.441708
Train Epoch: 8 [18560/30000 (62%)]	Loss: 0.172882
Train Epoch: 8 [18560/30000 (62%)]	Loss: 0.173424
Train Epoch: 8 [19200/30000 (64%)]	Loss: 0.149345
Train Epoch: 8 [19200/30000 (64%)]	Loss: 0.141521
Train Epoch: 8 [19840/30000 (66%)]	Loss: 0.202749
Train Epoch: 8 [19840/30000 (66%)]	Loss: 0.139863
Train Epoch: 8 [20480/30000 (68%)]	Loss: 0.132257
Train Epoch: 8 [20480/30000 (68%)]	Loss: 0.140521
Train Epoch: 8 [21120/30000 (70%)]	Loss: 0.161071
Train Epoch: 8 [21120/30000 (70%)]	Loss: 0.071383
Train Epoch: 8 [21760/30000 (72%)]	Loss: 0.248470
Train Epoch: 8 [21760/30000 (72%)]	Loss: 0.169932
Train Epoch: 8 [22400/30000 (75%)]	Loss: 0.175873
Train Epoch: 8 [22400/30000 (75%)]	Loss: 0.102094
Train Epoch: 8 [23040/30000 (77%)]	Loss: 0.175736
Train Epoch: 8 [23040/30000 (77%)]	Loss: 0.345779
Train Epoch: 8 [23680/30000 (79%)]	Loss: 0.518311
Train Epoch: 8 [23680/30000 (79%)]	Loss: 0.168287
Train Epoch: 8 [24320/30000 (81%)]	Loss: 0.151686
Train Epoch: 8 [24320/30000 (81%)]	Loss: 0.137457
Train Epoch: 8 [24960/30000 (83%)]	Loss: 0.421214
Train Epoch: 8 [24960/30000 (83%)]	Loss: 0.118526
Train Epoch: 8 [25600/30000 (85%)]	Loss: 0.162390
Train Epoch: 8 [25600/30000 (85%)]	Loss: 0.253535
Train Epoch: 8 [26240/30000 (87%)]	Loss: 0.418410
Train Epoch: 8 [26240/30000 (87%)]	Loss: 0.255548
Train Epoch: 8 [26880/30000 (90%)]	Loss: 0.193223
Train Epoch: 8 [26880/30000 (90%)]	Loss: 0.224827
Train Epoch: 8 [27520/30000 (92%)]	Loss: 0.211903
Train Epoch: 8 [27520/30000 (92%)]	Loss: 0.079435
Train Epoch: 8 [28160/30000 (94%)]	Loss: 0.126628
Train Epoch: 8 [28160/30000 (94%)]	Loss: 0.240986
Train Epoch: 8 [28800/30000 (96%)]	Loss: 0.236697
Train Epoch: 8 [28800/30000 (96%)]	Loss: 0.092672
Train Epoch: 8 [29440/30000 (98%)]	Loss: 0.201606
Train Epoch: 8 [29440/30000 (98%)]	Loss: 0.268163

Test set: Average loss: 0.0630, Accuracy: 98.07%

Train Epoch: 9 [0/30000 (0%)]	Loss: 0.267530
Train Epoch: 9 [0/30000 (0%)]	Loss: 0.463082
Train Epoch: 9 [640/30000 (2%)]	Loss: 0.151920
Train Epoch: 9 [640/30000 (2%)]	Loss: 0.218202
Train Epoch: 9 [1280/30000 (4%)]	Loss: 0.164877
Train Epoch: 9 [1280/30000 (4%)]	Loss: 0.302226
Train Epoch: 9 [1920/30000 (6%)]	Loss: 0.124645
Train Epoch: 9 [1920/30000 (6%)]	Loss: 0.122856
Train Epoch: 9 [2560/30000 (9%)]Train Epoch: 9 [2560/30000 (9%)]	Loss: 0.189946
	Loss: 0.447152
Train Epoch: 9 [3200/30000 (11%)]	Loss: 0.440221
Train Epoch: 9 [3200/30000 (11%)]	Loss: 0.103061
Train Epoch: 9 [3840/30000 (13%)]	Loss: 0.054149
Train Epoch: 9 [3840/30000 (13%)]	Loss: 0.165213
Train Epoch: 9 [4480/30000 (15%)]	Loss: 0.106841
Train Epoch: 9 [4480/30000 (15%)]	Loss: 0.249791
Train Epoch: 9 [5120/30000 (17%)]	Loss: 0.160735
Train Epoch: 9 [5120/30000 (17%)]	Loss: 0.140194
Train Epoch: 9 [5760/30000 (19%)]	Loss: 0.054489
Train Epoch: 9 [5760/30000 (19%)]	Loss: 0.207225
Train Epoch: 9 [6400/30000 (21%)]	Loss: 0.127990
Train Epoch: 9 [6400/30000 (21%)]	Loss: 0.100026
Train Epoch: 9 [7040/30000 (23%)]	Loss: 0.211830
Train Epoch: 9 [7040/30000 (23%)]	Loss: 0.106747
Train Epoch: 9 [7680/30000 (26%)]	Loss: 0.239043
Train Epoch: 9 [7680/30000 (26%)]	Loss: 0.071641
Train Epoch: 9 [8320/30000 (28%)]	Loss: 0.081677
Train Epoch: 9 [8320/30000 (28%)]	Loss: 0.281455
Train Epoch: 9 [8960/30000 (30%)]	Loss: 0.162409
Train Epoch: 9 [8960/30000 (30%)]	Loss: 0.183143
Train Epoch: 9 [9600/30000 (32%)]	Loss: 0.123668
Train Epoch: 9 [9600/30000 (32%)]	Loss: 0.079295
Train Epoch: 9 [10240/30000 (34%)]	Loss: 0.172892
Train Epoch: 9 [10240/30000 (34%)]	Loss: 0.240218
Train Epoch: 9 [10880/30000 (36%)]	Loss: 0.293903
Train Epoch: 9 [10880/30000 (36%)]	Loss: 0.261059
Train Epoch: 9 [11520/30000 (38%)]	Loss: 0.105257
Train Epoch: 9 [11520/30000 (38%)]	Loss: 0.060095
Train Epoch: 9 [12160/30000 (41%)]	Loss: 0.211399
Train Epoch: 9 [12160/30000 (41%)]	Loss: 0.285155
Train Epoch: 9 [12800/30000 (43%)]	Loss: 0.190639
Train Epoch: 9 [12800/30000 (43%)]	Loss: 0.193228
Train Epoch: 9 [13440/30000 (45%)]	Loss: 0.150828
Train Epoch: 9 [13440/30000 (45%)]	Loss: 0.143764
Train Epoch: 9 [14080/30000 (47%)]	Loss: 0.189964
Train Epoch: 9 [14080/30000 (47%)]	Loss: 0.108527
Train Epoch: 9 [14720/30000 (49%)]	Loss: 0.309104
Train Epoch: 9 [14720/30000 (49%)]	Loss: 0.149456
Train Epoch: 9 [15360/30000 (51%)]	Loss: 0.252961
Train Epoch: 9 [15360/30000 (51%)]	Loss: 0.139197
Train Epoch: 9 [16000/30000 (53%)]	Loss: 0.171877
Train Epoch: 9 [16000/30000 (53%)]	Loss: 0.244773
Train Epoch: 9 [16640/30000 (55%)]	Loss: 0.277694
Train Epoch: 9 [16640/30000 (55%)]	Loss: 0.185330
Train Epoch: 9 [17280/30000 (58%)]	Loss: 0.136338
Train Epoch: 9 [17280/30000 (58%)]	Loss: 0.138275
Train Epoch: 9 [17920/30000 (60%)]	Loss: 0.094369
Train Epoch: 9 [17920/30000 (60%)]	Loss: 0.115301
Train Epoch: 9 [18560/30000 (62%)]	Loss: 0.127946
Train Epoch: 9 [18560/30000 (62%)]	Loss: 0.268136
Train Epoch: 9 [19200/30000 (64%)]	Loss: 0.279648
Train Epoch: 9 [19200/30000 (64%)]	Loss: 0.097387
Train Epoch: 9 [19840/30000 (66%)]	Loss: 0.127140
Train Epoch: 9 [19840/30000 (66%)]	Loss: 0.229331
Train Epoch: 9 [20480/30000 (68%)]	Loss: 0.167417
Train Epoch: 9 [20480/30000 (68%)]	Loss: 0.142529
Train Epoch: 9 [21120/30000 (70%)]	Loss: 0.213992
Train Epoch: 9 [21120/30000 (70%)]	Loss: 0.219907
Train Epoch: 9 [21760/30000 (72%)]	Loss: 0.090571
Train Epoch: 9 [21760/30000 (72%)]	Loss: 0.246908
Train Epoch: 9 [22400/30000 (75%)]	Loss: 0.130877
Train Epoch: 9 [22400/30000 (75%)]	Loss: 0.227521
Train Epoch: 9 [23040/30000 (77%)]	Loss: 0.197406
Train Epoch: 9 [23040/30000 (77%)]	Loss: 0.104826
Train Epoch: 9 [23680/30000 (79%)]	Loss: 0.369349
Train Epoch: 9 [23680/30000 (79%)]	Loss: 0.239676
Train Epoch: 9 [24320/30000 (81%)]	Loss: 0.229377
Train Epoch: 9 [24320/30000 (81%)]	Loss: 0.260257
Train Epoch: 9 [24960/30000 (83%)]	Loss: 0.237360
Train Epoch: 9 [24960/30000 (83%)]	Loss: 0.131920
Train Epoch: 9 [25600/30000 (85%)]	Loss: 0.273210
Train Epoch: 9 [25600/30000 (85%)]	Loss: 0.359910
Train Epoch: 9 [26240/30000 (87%)]	Loss: 0.234020
Train Epoch: 9 [26240/30000 (87%)]	Loss: 0.180056
Train Epoch: 9 [26880/30000 (90%)]	Loss: 0.140474
Train Epoch: 9 [26880/30000 (90%)]	Loss: 0.185454
Train Epoch: 9 [27520/30000 (92%)]	Loss: 0.202519
Train Epoch: 9 [27520/30000 (92%)]	Loss: 0.348165
Train Epoch: 9 [28160/30000 (94%)]Train Epoch: 9 [28160/30000 (94%)]	Loss: 0.164457
	Loss: 0.223714
Train Epoch: 9 [28800/30000 (96%)]	Loss: 0.179684
Train Epoch: 9 [28800/30000 (96%)]	Loss: 0.156024
Train Epoch: 9 [29440/30000 (98%)]	Loss: 0.316140
Train Epoch: 9 [29440/30000 (98%)]	Loss: 0.194449

Test set: Average loss: 0.0553, Accuracy: 98.39%

Train Epoch: 10 [0/30000 (0%)]	Loss: 0.158955
Train Epoch: 10 [0/30000 (0%)]	Loss: 0.174334
Train Epoch: 10 [640/30000 (2%)]	Loss: 0.171269
Train Epoch: 10 [640/30000 (2%)]	Loss: 0.139690
Train Epoch: 10 [1280/30000 (4%)]	Loss: 0.126354
Train Epoch: 10 [1280/30000 (4%)]	Loss: 0.102151
Train Epoch: 10 [1920/30000 (6%)]	Loss: 0.094130
Train Epoch: 10 [1920/30000 (6%)]	Loss: 0.114430
Train Epoch: 10 [2560/30000 (9%)]	Loss: 0.332275
Train Epoch: 10 [2560/30000 (9%)]	Loss: 0.097511
Train Epoch: 10 [3200/30000 (11%)]	Loss: 0.144352
Train Epoch: 10 [3200/30000 (11%)]	Loss: 0.066180
Train Epoch: 10 [3840/30000 (13%)]	Loss: 0.315101
Train Epoch: 10 [3840/30000 (13%)]	Loss: 0.198181
Train Epoch: 10 [4480/30000 (15%)]	Loss: 0.107652
Train Epoch: 10 [4480/30000 (15%)]	Loss: 0.175944
Train Epoch: 10 [5120/30000 (17%)]	Loss: 0.287013
Train Epoch: 10 [5120/30000 (17%)]	Loss: 0.524910
Train Epoch: 10 [5760/30000 (19%)]	Loss: 0.164951
Train Epoch: 10 [5760/30000 (19%)]	Loss: 0.142046
Train Epoch: 10 [6400/30000 (21%)]	Loss: 0.161909
Train Epoch: 10 [6400/30000 (21%)]	Loss: 0.224659
Train Epoch: 10 [7040/30000 (23%)]Train Epoch: 10 [7040/30000 (23%)]	Loss: 0.098482
	Loss: 0.299413
Train Epoch: 10 [7680/30000 (26%)]	Loss: 0.127192
Train Epoch: 10 [7680/30000 (26%)]	Loss: 0.104109
Train Epoch: 10 [8320/30000 (28%)]	Loss: 0.520986
Train Epoch: 10 [8320/30000 (28%)]	Loss: 0.162387
Train Epoch: 10 [8960/30000 (30%)]	Loss: 0.095424
Train Epoch: 10 [8960/30000 (30%)]	Loss: 0.353346
Train Epoch: 10 [9600/30000 (32%)]	Loss: 0.243827
Train Epoch: 10 [9600/30000 (32%)]	Loss: 0.080107
Train Epoch: 10 [10240/30000 (34%)]	Loss: 0.136315
Train Epoch: 10 [10240/30000 (34%)]	Loss: 0.294052
Train Epoch: 10 [10880/30000 (36%)]	Loss: 0.286899
Train Epoch: 10 [10880/30000 (36%)]	Loss: 0.135306
Train Epoch: 10 [11520/30000 (38%)]	Loss: 0.114099
Train Epoch: 10 [11520/30000 (38%)]	Loss: 0.215146
Train Epoch: 10 [12160/30000 (41%)]	Loss: 0.265349
Train Epoch: 10 [12160/30000 (41%)]	Loss: 0.109529
Train Epoch: 10 [12800/30000 (43%)]	Loss: 0.310370
Train Epoch: 10 [12800/30000 (43%)]	Loss: 0.118398
Train Epoch: 10 [13440/30000 (45%)]	Loss: 0.064714
Train Epoch: 10 [13440/30000 (45%)]	Loss: 0.222660
Train Epoch: 10 [14080/30000 (47%)]	Loss: 0.153836
Train Epoch: 10 [14080/30000 (47%)]	Loss: 0.228844
Train Epoch: 10 [14720/30000 (49%)]	Loss: 0.167198
Train Epoch: 10 [14720/30000 (49%)]	Loss: 0.065638
Train Epoch: 10 [15360/30000 (51%)]	Loss: 0.220034
Train Epoch: 10 [15360/30000 (51%)]	Loss: 0.072376
Train Epoch: 10 [16000/30000 (53%)]	Loss: 0.160634
Train Epoch: 10 [16000/30000 (53%)]	Loss: 0.325980
Train Epoch: 10 [16640/30000 (55%)]	Loss: 0.336102
Train Epoch: 10 [16640/30000 (55%)]	Loss: 0.208604
Train Epoch: 10 [17280/30000 (58%)]	Loss: 0.165564
Train Epoch: 10 [17280/30000 (58%)]	Loss: 0.259053
Train Epoch: 10 [17920/30000 (60%)]	Loss: 0.129347
Train Epoch: 10 [17920/30000 (60%)]	Loss: 0.209248
Train Epoch: 10 [18560/30000 (62%)]	Loss: 0.157376
Train Epoch: 10 [18560/30000 (62%)]	Loss: 0.044622
Train Epoch: 10 [19200/30000 (64%)]	Loss: 0.222711
Train Epoch: 10 [19200/30000 (64%)]	Loss: 0.147881
Train Epoch: 10 [19840/30000 (66%)]	Loss: 0.165956
Train Epoch: 10 [19840/30000 (66%)]	Loss: 0.199018
Train Epoch: 10 [20480/30000 (68%)]	Loss: 0.221997
Train Epoch: 10 [20480/30000 (68%)]	Loss: 0.118243
Train Epoch: 10 [21120/30000 (70%)]	Loss: 0.362165
Train Epoch: 10 [21120/30000 (70%)]	Loss: 0.428286
Train Epoch: 10 [21760/30000 (72%)]	Loss: 0.390530
Train Epoch: 10 [21760/30000 (72%)]	Loss: 0.112358
Train Epoch: 10 [22400/30000 (75%)]	Loss: 0.285178
Train Epoch: 10 [22400/30000 (75%)]	Loss: 0.100297
Train Epoch: 10 [23040/30000 (77%)]Train Epoch: 10 [23040/30000 (77%)]	Loss: 0.109715
	Loss: 0.097593
Train Epoch: 10 [23680/30000 (79%)]	Loss: 0.204698
Train Epoch: 10 [23680/30000 (79%)]	Loss: 0.081107
Train Epoch: 10 [24320/30000 (81%)]	Loss: 0.147425
Train Epoch: 10 [24320/30000 (81%)]	Loss: 0.260003
Train Epoch: 10 [24960/30000 (83%)]	Loss: 0.191998
Train Epoch: 10 [24960/30000 (83%)]	Loss: 0.320980
Train Epoch: 10 [25600/30000 (85%)]	Loss: 0.173121
Train Epoch: 10 [25600/30000 (85%)]	Loss: 0.110461
Train Epoch: 10 [26240/30000 (87%)]	Loss: 0.116205
Train Epoch: 10 [26240/30000 (87%)]	Loss: 0.252902
Train Epoch: 10 [26880/30000 (90%)]	Loss: 0.063926
Train Epoch: 10 [26880/30000 (90%)]	Loss: 0.152004
Train Epoch: 10 [27520/30000 (92%)]	Loss: 0.110464
Train Epoch: 10 [27520/30000 (92%)]	Loss: 0.199697
Train Epoch: 10 [28160/30000 (94%)]	Loss: 0.242708
Train Epoch: 10 [28160/30000 (94%)]	Loss: 0.285291
Train Epoch: 10 [28800/30000 (96%)]	Loss: 0.201334
Train Epoch: 10 [28800/30000 (96%)]	Loss: 0.169647
Train Epoch: 10 [29440/30000 (98%)]	Loss: 0.134518
Train Epoch: 10 [29440/30000 (98%)]	Loss: 0.087605

Test set: Average loss: 0.0538, Accuracy: 98.23%

