gl1010.arc-ts.umich.edu
gl1011.arc-ts.umich.edu
Train Epoch: 1 [0/30000 (0%)]	Loss: 2.312602
Train Epoch: 1 [0/30000 (0%)]	Loss: 2.291533
Train Epoch: 1 [640/30000 (2%)]Train Epoch: 1 [640/30000 (2%)]	Loss: 2.315250
	Loss: 2.320570
Train Epoch: 1 [1280/30000 (4%)]	Loss: 2.268645
Train Epoch: 1 [1280/30000 (4%)]	Loss: 2.304971
Train Epoch: 1 [1920/30000 (6%)]	Loss: 2.309796
Train Epoch: 1 [1920/30000 (6%)]	Loss: 2.305787
Train Epoch: 1 [2560/30000 (9%)]	Loss: 2.212625
Train Epoch: 1 [2560/30000 (9%)]	Loss: 2.265695
Train Epoch: 1 [3200/30000 (11%)]	Loss: 2.236347
Train Epoch: 1 [3200/30000 (11%)]	Loss: 2.194187
Train Epoch: 1 [3840/30000 (13%)]	Loss: 2.217393
Train Epoch: 1 [3840/30000 (13%)]	Loss: 2.172120
Train Epoch: 1 [4480/30000 (15%)]	Loss: 2.161675
Train Epoch: 1 [4480/30000 (15%)]	Loss: 2.076398
Train Epoch: 1 [5120/30000 (17%)]	Loss: 1.860591
Train Epoch: 1 [5120/30000 (17%)]	Loss: 1.737280
Train Epoch: 1 [5760/30000 (19%)]	Loss: 1.757170
Train Epoch: 1 [5760/30000 (19%)]	Loss: 1.800747
Train Epoch: 1 [6400/30000 (21%)]Train Epoch: 1 [6400/30000 (21%)]	Loss: 1.633204
	Loss: 1.398485
Train Epoch: 1 [7040/30000 (23%)]	Loss: 1.249056
Train Epoch: 1 [7040/30000 (23%)]	Loss: 1.338173
Train Epoch: 1 [7680/30000 (26%)]	Loss: 1.220507
Train Epoch: 1 [7680/30000 (26%)]	Loss: 1.167807
Train Epoch: 1 [8320/30000 (28%)]	Loss: 1.199314
Train Epoch: 1 [8320/30000 (28%)]	Loss: 1.111164
Train Epoch: 1 [8960/30000 (30%)]	Loss: 1.058849
Train Epoch: 1 [8960/30000 (30%)]	Loss: 0.998245
Train Epoch: 1 [9600/30000 (32%)]	Loss: 0.776138
Train Epoch: 1 [9600/30000 (32%)]	Loss: 1.073027
Train Epoch: 1 [10240/30000 (34%)]	Loss: 0.999618
Train Epoch: 1 [10240/30000 (34%)]	Loss: 0.958523
Train Epoch: 1 [10880/30000 (36%)]	Loss: 0.962536
Train Epoch: 1 [10880/30000 (36%)]	Loss: 0.711784
Train Epoch: 1 [11520/30000 (38%)]	Loss: 0.835766
Train Epoch: 1 [11520/30000 (38%)]	Loss: 0.744040
Train Epoch: 1 [12160/30000 (41%)]	Loss: 0.783379
Train Epoch: 1 [12160/30000 (41%)]	Loss: 0.841295
Train Epoch: 1 [12800/30000 (43%)]	Loss: 0.705102
Train Epoch: 1 [12800/30000 (43%)]	Loss: 0.884332
Train Epoch: 1 [13440/30000 (45%)]	Loss: 0.752385
Train Epoch: 1 [13440/30000 (45%)]	Loss: 0.664547
Train Epoch: 1 [14080/30000 (47%)]	Loss: 0.801721
Train Epoch: 1 [14080/30000 (47%)]	Loss: 0.751043
Train Epoch: 1 [14720/30000 (49%)]Train Epoch: 1 [14720/30000 (49%)]	Loss: 0.615496
	Loss: 0.604523
Train Epoch: 1 [15360/30000 (51%)]	Loss: 0.607938
Train Epoch: 1 [15360/30000 (51%)]	Loss: 0.682395
Train Epoch: 1 [16000/30000 (53%)]	Loss: 0.527875
Train Epoch: 1 [16000/30000 (53%)]	Loss: 0.681784
Train Epoch: 1 [16640/30000 (55%)]	Loss: 0.621775
Train Epoch: 1 [16640/30000 (55%)]	Loss: 0.600961
Train Epoch: 1 [17280/30000 (58%)]	Loss: 0.659025
Train Epoch: 1 [17280/30000 (58%)]	Loss: 0.530697
Train Epoch: 1 [17920/30000 (60%)]Train Epoch: 1 [17920/30000 (60%)]	Loss: 0.676929
	Loss: 0.402341
Train Epoch: 1 [18560/30000 (62%)]	Loss: 0.535391
Train Epoch: 1 [18560/30000 (62%)]	Loss: 0.643739
Train Epoch: 1 [19200/30000 (64%)]	Loss: 0.647513
Train Epoch: 1 [19200/30000 (64%)]	Loss: 0.402199
Train Epoch: 1 [19840/30000 (66%)]	Loss: 0.441887
Train Epoch: 1 [19840/30000 (66%)]	Loss: 0.278522
Train Epoch: 1 [20480/30000 (68%)]	Loss: 0.646117
Train Epoch: 1 [20480/30000 (68%)]	Loss: 0.527205
Train Epoch: 1 [21120/30000 (70%)]	Loss: 0.516045
Train Epoch: 1 [21120/30000 (70%)]	Loss: 0.706631
Train Epoch: 1 [21760/30000 (72%)]	Loss: 0.375933
Train Epoch: 1 [21760/30000 (72%)]	Loss: 0.593715
Train Epoch: 1 [22400/30000 (75%)]	Loss: 0.625042
Train Epoch: 1 [22400/30000 (75%)]	Loss: 0.565757
Train Epoch: 1 [23040/30000 (77%)]	Loss: 0.295434
Train Epoch: 1 [23040/30000 (77%)]	Loss: 0.409863
Train Epoch: 1 [23680/30000 (79%)]	Loss: 0.520231
Train Epoch: 1 [23680/30000 (79%)]	Loss: 0.806013
Train Epoch: 1 [24320/30000 (81%)]	Loss: 0.466829
Train Epoch: 1 [24320/30000 (81%)]	Loss: 0.283333
Train Epoch: 1 [24960/30000 (83%)]	Loss: 0.373438
Train Epoch: 1 [24960/30000 (83%)]	Loss: 0.563184
Train Epoch: 1 [25600/30000 (85%)]	Loss: 0.631334
Train Epoch: 1 [25600/30000 (85%)]	Loss: 0.656941
Train Epoch: 1 [26240/30000 (87%)]	Loss: 0.465899
Train Epoch: 1 [26240/30000 (87%)]	Loss: 0.670633
Train Epoch: 1 [26880/30000 (90%)]	Loss: 0.384560
Train Epoch: 1 [26880/30000 (90%)]	Loss: 0.704562
Train Epoch: 1 [27520/30000 (92%)]	Loss: 0.361197
Train Epoch: 1 [27520/30000 (92%)]	Loss: 0.573930
Train Epoch: 1 [28160/30000 (94%)]	Loss: 0.263694
Train Epoch: 1 [28160/30000 (94%)]	Loss: 0.490758
Train Epoch: 1 [28800/30000 (96%)]	Loss: 0.647427
Train Epoch: 1 [28800/30000 (96%)]	Loss: 0.549332
Train Epoch: 1 [29440/30000 (98%)]	Loss: 0.315329
Train Epoch: 1 [29440/30000 (98%)]	Loss: 0.456656

Test set: Average loss: 0.2124, Accuracy: 93.76%

Train Epoch: 2 [0/30000 (0%)]	Loss: 0.706014
Train Epoch: 2 [0/30000 (0%)]	Loss: 0.554348
Train Epoch: 2 [640/30000 (2%)]	Loss: 0.541627
Train Epoch: 2 [640/30000 (2%)]	Loss: 0.541038
Train Epoch: 2 [1280/30000 (4%)]	Loss: 0.628689
Train Epoch: 2 [1280/30000 (4%)]	Loss: 0.434992
Train Epoch: 2 [1920/30000 (6%)]	Loss: 0.392108
Train Epoch: 2 [1920/30000 (6%)]	Loss: 0.385416
Train Epoch: 2 [2560/30000 (9%)]	Loss: 0.541182
Train Epoch: 2 [2560/30000 (9%)]	Loss: 0.352822
Train Epoch: 2 [3200/30000 (11%)]	Loss: 0.422503
Train Epoch: 2 [3200/30000 (11%)]	Loss: 0.477943
Train Epoch: 2 [3840/30000 (13%)]	Loss: 0.385177
Train Epoch: 2 [3840/30000 (13%)]	Loss: 0.425552
Train Epoch: 2 [4480/30000 (15%)]	Loss: 0.709642
Train Epoch: 2 [4480/30000 (15%)]	Loss: 0.515318
Train Epoch: 2 [5120/30000 (17%)]Train Epoch: 2 [5120/30000 (17%)]	Loss: 0.473410
	Loss: 0.559655
Train Epoch: 2 [5760/30000 (19%)]	Loss: 0.327138
Train Epoch: 2 [5760/30000 (19%)]	Loss: 0.595225
Train Epoch: 2 [6400/30000 (21%)]	Loss: 0.455465
Train Epoch: 2 [6400/30000 (21%)]	Loss: 0.419053
Train Epoch: 2 [7040/30000 (23%)]	Loss: 0.319592
Train Epoch: 2 [7040/30000 (23%)]	Loss: 0.582461
Train Epoch: 2 [7680/30000 (26%)]	Loss: 0.560402
Train Epoch: 2 [7680/30000 (26%)]	Loss: 0.629341
Train Epoch: 2 [8320/30000 (28%)]	Loss: 0.511453
Train Epoch: 2 [8320/30000 (28%)]	Loss: 0.420248
Train Epoch: 2 [8960/30000 (30%)]	Loss: 0.296730
Train Epoch: 2 [8960/30000 (30%)]	Loss: 0.454060
Train Epoch: 2 [9600/30000 (32%)]	Loss: 0.596051
Train Epoch: 2 [9600/30000 (32%)]	Loss: 0.646624
Train Epoch: 2 [10240/30000 (34%)]	Loss: 0.750831
Train Epoch: 2 [10240/30000 (34%)]	Loss: 0.453353
Train Epoch: 2 [10880/30000 (36%)]Train Epoch: 2 [10880/30000 (36%)]	Loss: 0.385983
	Loss: 0.921520
Train Epoch: 2 [11520/30000 (38%)]	Loss: 0.425604
Train Epoch: 2 [11520/30000 (38%)]	Loss: 0.647159
Train Epoch: 2 [12160/30000 (41%)]	Loss: 0.239234
Train Epoch: 2 [12160/30000 (41%)]	Loss: 0.520372
Train Epoch: 2 [12800/30000 (43%)]	Loss: 0.351424
Train Epoch: 2 [12800/30000 (43%)]	Loss: 0.606604
Train Epoch: 2 [13440/30000 (45%)]	Loss: 0.533528
Train Epoch: 2 [13440/30000 (45%)]	Loss: 0.460535
Train Epoch: 2 [14080/30000 (47%)]	Loss: 0.317480
Train Epoch: 2 [14080/30000 (47%)]	Loss: 0.394468
Train Epoch: 2 [14720/30000 (49%)]	Loss: 0.409017
Train Epoch: 2 [14720/30000 (49%)]	Loss: 0.254994
Train Epoch: 2 [15360/30000 (51%)]	Loss: 0.395734
Train Epoch: 2 [15360/30000 (51%)]	Loss: 0.383847
Train Epoch: 2 [16000/30000 (53%)]	Loss: 0.424782
Train Epoch: 2 [16000/30000 (53%)]	Loss: 0.500295
Train Epoch: 2 [16640/30000 (55%)]	Loss: 0.218650
Train Epoch: 2 [16640/30000 (55%)]	Loss: 0.262750
Train Epoch: 2 [17280/30000 (58%)]	Loss: 0.354330
Train Epoch: 2 [17280/30000 (58%)]	Loss: 0.291039
Train Epoch: 2 [17920/30000 (60%)]	Loss: 0.234337
Train Epoch: 2 [17920/30000 (60%)]	Loss: 0.291727
Train Epoch: 2 [18560/30000 (62%)]	Loss: 0.317547
Train Epoch: 2 [18560/30000 (62%)]	Loss: 0.356179
Train Epoch: 2 [19200/30000 (64%)]	Loss: 0.264026
Train Epoch: 2 [19200/30000 (64%)]	Loss: 0.424416
Train Epoch: 2 [19840/30000 (66%)]	Loss: 0.293687
Train Epoch: 2 [19840/30000 (66%)]	Loss: 0.370906
Train Epoch: 2 [20480/30000 (68%)]	Loss: 0.405592
Train Epoch: 2 [20480/30000 (68%)]	Loss: 0.525519
Train Epoch: 2 [21120/30000 (70%)]	Loss: 0.439118
Train Epoch: 2 [21120/30000 (70%)]	Loss: 0.427071
Train Epoch: 2 [21760/30000 (72%)]	Loss: 0.294741
Train Epoch: 2 [21760/30000 (72%)]	Loss: 0.283483
Train Epoch: 2 [22400/30000 (75%)]	Loss: 0.347799
Train Epoch: 2 [22400/30000 (75%)]	Loss: 0.298870
Train Epoch: 2 [23040/30000 (77%)]	Loss: 0.306345
Train Epoch: 2 [23040/30000 (77%)]	Loss: 0.595799
Train Epoch: 2 [23680/30000 (79%)]	Loss: 0.357882
Train Epoch: 2 [23680/30000 (79%)]	Loss: 0.279594
Train Epoch: 2 [24320/30000 (81%)]	Loss: 0.411050
Train Epoch: 2 [24320/30000 (81%)]	Loss: 0.328901
Train Epoch: 2 [24960/30000 (83%)]	Loss: 0.293138
Train Epoch: 2 [24960/30000 (83%)]	Loss: 0.407531
Train Epoch: 2 [25600/30000 (85%)]	Loss: 0.386223
Train Epoch: 2 [25600/30000 (85%)]	Loss: 0.278328
Train Epoch: 2 [26240/30000 (87%)]	Loss: 0.455046
Train Epoch: 2 [26240/30000 (87%)]	Loss: 0.274196
Train Epoch: 2 [26880/30000 (90%)]	Loss: 0.399068
Train Epoch: 2 [26880/30000 (90%)]	Loss: 0.458349
Train Epoch: 2 [27520/30000 (92%)]	Loss: 0.318637
Train Epoch: 2 [27520/30000 (92%)]	Loss: 0.223937
Train Epoch: 2 [28160/30000 (94%)]	Loss: 0.255370
Train Epoch: 2 [28160/30000 (94%)]	Loss: 0.280461
Train Epoch: 2 [28800/30000 (96%)]	Loss: 0.337966
Train Epoch: 2 [28800/30000 (96%)]	Loss: 0.409883
Train Epoch: 2 [29440/30000 (98%)]	Loss: 0.407299
Train Epoch: 2 [29440/30000 (98%)]	Loss: 0.295272

Test set: Average loss: 0.1384, Accuracy: 95.64%

Train Epoch: 3 [0/30000 (0%)]	Loss: 0.343858
Train Epoch: 3 [0/30000 (0%)]	Loss: 0.338302
Train Epoch: 3 [640/30000 (2%)]	Loss: 0.274877
Train Epoch: 3 [640/30000 (2%)]	Loss: 0.297290
Train Epoch: 3 [1280/30000 (4%)]	Loss: 0.223078
Train Epoch: 3 [1280/30000 (4%)]	Loss: 0.206086
Train Epoch: 3 [1920/30000 (6%)]	Loss: 0.512901
Train Epoch: 3 [1920/30000 (6%)]	Loss: 0.337594
Train Epoch: 3 [2560/30000 (9%)]	Loss: 0.470439
Train Epoch: 3 [2560/30000 (9%)]	Loss: 0.342353
Train Epoch: 3 [3200/30000 (11%)]	Loss: 0.322065
Train Epoch: 3 [3200/30000 (11%)]	Loss: 0.406366
Train Epoch: 3 [3840/30000 (13%)]	Loss: 0.295255
Train Epoch: 3 [3840/30000 (13%)]	Loss: 0.570528
Train Epoch: 3 [4480/30000 (15%)]	Loss: 0.247145
Train Epoch: 3 [4480/30000 (15%)]	Loss: 0.479051
Train Epoch: 3 [5120/30000 (17%)]	Loss: 0.306757
Train Epoch: 3 [5120/30000 (17%)]	Loss: 0.349777
Train Epoch: 3 [5760/30000 (19%)]	Loss: 0.340699
Train Epoch: 3 [5760/30000 (19%)]	Loss: 0.476713
Train Epoch: 3 [6400/30000 (21%)]	Loss: 0.427278
Train Epoch: 3 [6400/30000 (21%)]	Loss: 0.392167
Train Epoch: 3 [7040/30000 (23%)]	Loss: 0.417833
Train Epoch: 3 [7040/30000 (23%)]	Loss: 0.289032
Train Epoch: 3 [7680/30000 (26%)]	Loss: 0.385648
Train Epoch: 3 [7680/30000 (26%)]	Loss: 0.263971
Train Epoch: 3 [8320/30000 (28%)]	Loss: 0.251068
Train Epoch: 3 [8320/30000 (28%)]	Loss: 0.224536
Train Epoch: 3 [8960/30000 (30%)]	Loss: 0.189000
Train Epoch: 3 [8960/30000 (30%)]	Loss: 0.484316
Train Epoch: 3 [9600/30000 (32%)]	Loss: 0.594828
Train Epoch: 3 [9600/30000 (32%)]	Loss: 0.519123
Train Epoch: 3 [10240/30000 (34%)]	Loss: 0.209704
Train Epoch: 3 [10240/30000 (34%)]	Loss: 0.252396
Train Epoch: 3 [10880/30000 (36%)]	Loss: 0.331868
Train Epoch: 3 [10880/30000 (36%)]	Loss: 0.370547
Train Epoch: 3 [11520/30000 (38%)]	Loss: 0.276468
Train Epoch: 3 [11520/30000 (38%)]	Loss: 0.279332
Train Epoch: 3 [12160/30000 (41%)]	Loss: 0.516593
Train Epoch: 3 [12160/30000 (41%)]	Loss: 0.215354
Train Epoch: 3 [12800/30000 (43%)]Train Epoch: 3 [12800/30000 (43%)]	Loss: 0.350541
	Loss: 0.248418
Train Epoch: 3 [13440/30000 (45%)]	Loss: 0.362662
Train Epoch: 3 [13440/30000 (45%)]	Loss: 0.293936
Train Epoch: 3 [14080/30000 (47%)]	Loss: 0.279564
Train Epoch: 3 [14080/30000 (47%)]	Loss: 0.271645
Train Epoch: 3 [14720/30000 (49%)]	Loss: 0.323960
Train Epoch: 3 [14720/30000 (49%)]	Loss: 0.572771
Train Epoch: 3 [15360/30000 (51%)]	Loss: 0.212923
Train Epoch: 3 [15360/30000 (51%)]	Loss: 0.389829
Train Epoch: 3 [16000/30000 (53%)]	Loss: 0.348803
Train Epoch: 3 [16000/30000 (53%)]	Loss: 0.232653
Train Epoch: 3 [16640/30000 (55%)]	Loss: 0.353291
Train Epoch: 3 [16640/30000 (55%)]	Loss: 0.268850
Train Epoch: 3 [17280/30000 (58%)]	Loss: 0.511348
Train Epoch: 3 [17280/30000 (58%)]	Loss: 0.243497
Train Epoch: 3 [17920/30000 (60%)]	Loss: 0.207327
Train Epoch: 3 [17920/30000 (60%)]	Loss: 0.373159
Train Epoch: 3 [18560/30000 (62%)]	Loss: 0.258971
Train Epoch: 3 [18560/30000 (62%)]	Loss: 0.277711
Train Epoch: 3 [19200/30000 (64%)]Train Epoch: 3 [19200/30000 (64%)]	Loss: 0.273352
	Loss: 0.218896
Train Epoch: 3 [19840/30000 (66%)]	Loss: 0.197472
Train Epoch: 3 [19840/30000 (66%)]	Loss: 0.251656
Train Epoch: 3 [20480/30000 (68%)]	Loss: 0.189038
Train Epoch: 3 [20480/30000 (68%)]	Loss: 0.272702
Train Epoch: 3 [21120/30000 (70%)]	Loss: 0.413391
Train Epoch: 3 [21120/30000 (70%)]	Loss: 0.509254
Train Epoch: 3 [21760/30000 (72%)]	Loss: 0.299390
Train Epoch: 3 [21760/30000 (72%)]	Loss: 0.119319
Train Epoch: 3 [22400/30000 (75%)]	Loss: 0.197227
Train Epoch: 3 [22400/30000 (75%)]	Loss: 0.304936
Train Epoch: 3 [23040/30000 (77%)]	Loss: 0.402242
Train Epoch: 3 [23040/30000 (77%)]	Loss: 0.411762
Train Epoch: 3 [23680/30000 (79%)]	Loss: 0.234083
Train Epoch: 3 [23680/30000 (79%)]	Loss: 0.412945
Train Epoch: 3 [24320/30000 (81%)]	Loss: 0.163657
Train Epoch: 3 [24320/30000 (81%)]	Loss: 0.529944
Train Epoch: 3 [24960/30000 (83%)]	Loss: 0.381201
Train Epoch: 3 [24960/30000 (83%)]	Loss: 0.268663
Train Epoch: 3 [25600/30000 (85%)]	Loss: 0.166787
Train Epoch: 3 [25600/30000 (85%)]	Loss: 0.203736
Train Epoch: 3 [26240/30000 (87%)]	Loss: 0.197767
Train Epoch: 3 [26240/30000 (87%)]	Loss: 0.274763
Train Epoch: 3 [26880/30000 (90%)]	Loss: 0.362868
Train Epoch: 3 [26880/30000 (90%)]	Loss: 0.423273
Train Epoch: 3 [27520/30000 (92%)]	Loss: 0.239425
Train Epoch: 3 [27520/30000 (92%)]	Loss: 0.208488
Train Epoch: 3 [28160/30000 (94%)]	Loss: 0.258204
Train Epoch: 3 [28160/30000 (94%)]	Loss: 0.276281
Train Epoch: 3 [28800/30000 (96%)]	Loss: 0.362484
Train Epoch: 3 [28800/30000 (96%)]	Loss: 0.454279
Train Epoch: 3 [29440/30000 (98%)]	Loss: 0.424151
Train Epoch: 3 [29440/30000 (98%)]	Loss: 0.311894

Test set: Average loss: 0.1090, Accuracy: 96.58%

Train Epoch: 4 [0/30000 (0%)]	Loss: 0.246616
Train Epoch: 4 [0/30000 (0%)]	Loss: 0.299756
Train Epoch: 4 [640/30000 (2%)]	Loss: 0.347409
Train Epoch: 4 [640/30000 (2%)]	Loss: 0.140187
Train Epoch: 4 [1280/30000 (4%)]	Loss: 0.207565
Train Epoch: 4 [1280/30000 (4%)]	Loss: 0.329302
Train Epoch: 4 [1920/30000 (6%)]	Loss: 0.222950
Train Epoch: 4 [1920/30000 (6%)]	Loss: 0.311284
Train Epoch: 4 [2560/30000 (9%)]	Loss: 0.470050
Train Epoch: 4 [2560/30000 (9%)]	Loss: 0.315616
Train Epoch: 4 [3200/30000 (11%)]	Loss: 0.276535
Train Epoch: 4 [3200/30000 (11%)]	Loss: 0.169213
Train Epoch: 4 [3840/30000 (13%)]Train Epoch: 4 [3840/30000 (13%)]	Loss: 0.097367
	Loss: 0.136226
Train Epoch: 4 [4480/30000 (15%)]	Loss: 0.301298
Train Epoch: 4 [4480/30000 (15%)]	Loss: 0.414663
Train Epoch: 4 [5120/30000 (17%)]	Loss: 0.243513
Train Epoch: 4 [5120/30000 (17%)]	Loss: 0.352221
Train Epoch: 4 [5760/30000 (19%)]	Loss: 0.251429
Train Epoch: 4 [5760/30000 (19%)]	Loss: 0.393560
Train Epoch: 4 [6400/30000 (21%)]	Loss: 0.250541
Train Epoch: 4 [6400/30000 (21%)]	Loss: 0.386088
Train Epoch: 4 [7040/30000 (23%)]	Loss: 0.206160
Train Epoch: 4 [7040/30000 (23%)]	Loss: 0.603890
Train Epoch: 4 [7680/30000 (26%)]	Loss: 0.230112
Train Epoch: 4 [7680/30000 (26%)]	Loss: 0.377008
Train Epoch: 4 [8320/30000 (28%)]	Loss: 0.229848
Train Epoch: 4 [8320/30000 (28%)]	Loss: 0.218560
Train Epoch: 4 [8960/30000 (30%)]	Loss: 0.352854
Train Epoch: 4 [8960/30000 (30%)]	Loss: 0.126054
Train Epoch: 4 [9600/30000 (32%)]	Loss: 0.151592
Train Epoch: 4 [9600/30000 (32%)]	Loss: 0.487907
Train Epoch: 4 [10240/30000 (34%)]Train Epoch: 4 [10240/30000 (34%)]	Loss: 0.324101
	Loss: 0.353623
Train Epoch: 4 [10880/30000 (36%)]	Loss: 0.379138
Train Epoch: 4 [10880/30000 (36%)]	Loss: 0.252720
Train Epoch: 4 [11520/30000 (38%)]	Loss: 0.163423
Train Epoch: 4 [11520/30000 (38%)]	Loss: 0.244482
Train Epoch: 4 [12160/30000 (41%)]	Loss: 0.433753
Train Epoch: 4 [12160/30000 (41%)]	Loss: 0.108481
Train Epoch: 4 [12800/30000 (43%)]	Loss: 0.260634
Train Epoch: 4 [12800/30000 (43%)]	Loss: 0.394147
Train Epoch: 4 [13440/30000 (45%)]	Loss: 0.381535
Train Epoch: 4 [13440/30000 (45%)]	Loss: 0.180564
Train Epoch: 4 [14080/30000 (47%)]	Loss: 0.338337
Train Epoch: 4 [14080/30000 (47%)]	Loss: 0.218364
Train Epoch: 4 [14720/30000 (49%)]	Loss: 0.245188
Train Epoch: 4 [14720/30000 (49%)]	Loss: 0.200453
Train Epoch: 4 [15360/30000 (51%)]	Loss: 0.219537
Train Epoch: 4 [15360/30000 (51%)]	Loss: 0.267100
Train Epoch: 4 [16000/30000 (53%)]	Loss: 0.248468
Train Epoch: 4 [16000/30000 (53%)]	Loss: 0.317196
Train Epoch: 4 [16640/30000 (55%)]Train Epoch: 4 [16640/30000 (55%)]	Loss: 0.213349
	Loss: 0.292994
Train Epoch: 4 [17280/30000 (58%)]	Loss: 0.210694
Train Epoch: 4 [17280/30000 (58%)]	Loss: 0.218906
Train Epoch: 4 [17920/30000 (60%)]	Loss: 0.153692
Train Epoch: 4 [17920/30000 (60%)]	Loss: 0.472368
Train Epoch: 4 [18560/30000 (62%)]	Loss: 0.291456
Train Epoch: 4 [18560/30000 (62%)]	Loss: 0.234339
Train Epoch: 4 [19200/30000 (64%)]	Loss: 0.292572
Train Epoch: 4 [19200/30000 (64%)]	Loss: 0.230951
Train Epoch: 4 [19840/30000 (66%)]	Loss: 0.440873
Train Epoch: 4 [19840/30000 (66%)]	Loss: 0.139484
Train Epoch: 4 [20480/30000 (68%)]	Loss: 0.565880
Train Epoch: 4 [20480/30000 (68%)]	Loss: 0.261119
Train Epoch: 4 [21120/30000 (70%)]	Loss: 0.255176
Train Epoch: 4 [21120/30000 (70%)]	Loss: 0.214075
Train Epoch: 4 [21760/30000 (72%)]	Loss: 0.176283
Train Epoch: 4 [21760/30000 (72%)]	Loss: 0.555613
Train Epoch: 4 [22400/30000 (75%)]	Loss: 0.176915
Train Epoch: 4 [22400/30000 (75%)]	Loss: 0.171028
Train Epoch: 4 [23040/30000 (77%)]	Loss: 0.177976
Train Epoch: 4 [23040/30000 (77%)]	Loss: 0.226399
Train Epoch: 4 [23680/30000 (79%)]	Loss: 0.358224
Train Epoch: 4 [23680/30000 (79%)]	Loss: 0.260723
Train Epoch: 4 [24320/30000 (81%)]	Loss: 0.205768
Train Epoch: 4 [24320/30000 (81%)]	Loss: 0.342119
Train Epoch: 4 [24960/30000 (83%)]	Loss: 0.260157
Train Epoch: 4 [24960/30000 (83%)]	Loss: 0.225605
Train Epoch: 4 [25600/30000 (85%)]	Loss: 0.133562
Train Epoch: 4 [25600/30000 (85%)]	Loss: 0.247503
Train Epoch: 4 [26240/30000 (87%)]	Loss: 0.382907
Train Epoch: 4 [26240/30000 (87%)]	Loss: 0.220553
Train Epoch: 4 [26880/30000 (90%)]	Loss: 0.402327
Train Epoch: 4 [26880/30000 (90%)]	Loss: 0.543380
Train Epoch: 4 [27520/30000 (92%)]	Loss: 0.226333
Train Epoch: 4 [27520/30000 (92%)]	Loss: 0.395572
Train Epoch: 4 [28160/30000 (94%)]	Loss: 0.258085
Train Epoch: 4 [28160/30000 (94%)]	Loss: 0.356052
Train Epoch: 4 [28800/30000 (96%)]	Loss: 0.121466
Train Epoch: 4 [28800/30000 (96%)]	Loss: 0.332345
Train Epoch: 4 [29440/30000 (98%)]	Loss: 0.278437
Train Epoch: 4 [29440/30000 (98%)]	Loss: 0.072336

Test set: Average loss: 0.0901, Accuracy: 97.07%

Train Epoch: 5 [0/30000 (0%)]	Loss: 0.212613
Train Epoch: 5 [0/30000 (0%)]	Loss: 0.198014
Train Epoch: 5 [640/30000 (2%)]	Loss: 0.158087
Train Epoch: 5 [640/30000 (2%)]	Loss: 0.206079
Train Epoch: 5 [1280/30000 (4%)]Train Epoch: 5 [1280/30000 (4%)]	Loss: 0.436266
	Loss: 0.313779
Train Epoch: 5 [1920/30000 (6%)]	Loss: 0.116832
Train Epoch: 5 [1920/30000 (6%)]	Loss: 0.382192
Train Epoch: 5 [2560/30000 (9%)]	Loss: 0.323613
Train Epoch: 5 [2560/30000 (9%)]	Loss: 0.269784
Train Epoch: 5 [3200/30000 (11%)]	Loss: 0.521084
Train Epoch: 5 [3200/30000 (11%)]	Loss: 0.329262
Train Epoch: 5 [3840/30000 (13%)]	Loss: 0.185515
Train Epoch: 5 [3840/30000 (13%)]	Loss: 0.648489
Train Epoch: 5 [4480/30000 (15%)]	Loss: 0.414172
Train Epoch: 5 [4480/30000 (15%)]	Loss: 0.244370
Train Epoch: 5 [5120/30000 (17%)]Train Epoch: 5 [5120/30000 (17%)]	Loss: 0.208913
	Loss: 0.229526
Train Epoch: 5 [5760/30000 (19%)]	Loss: 0.233877
Train Epoch: 5 [5760/30000 (19%)]	Loss: 0.194169
Train Epoch: 5 [6400/30000 (21%)]	Loss: 0.174038
Train Epoch: 5 [6400/30000 (21%)]	Loss: 0.387257
Train Epoch: 5 [7040/30000 (23%)]	Loss: 0.241597
Train Epoch: 5 [7040/30000 (23%)]	Loss: 0.255394
Train Epoch: 5 [7680/30000 (26%)]	Loss: 0.211792
Train Epoch: 5 [7680/30000 (26%)]	Loss: 0.462281
Train Epoch: 5 [8320/30000 (28%)]	Loss: 0.342331
Train Epoch: 5 [8320/30000 (28%)]	Loss: 0.274610
Train Epoch: 5 [8960/30000 (30%)]	Loss: 0.203830
Train Epoch: 5 [8960/30000 (30%)]	Loss: 0.152129
Train Epoch: 5 [9600/30000 (32%)]	Loss: 0.196210
Train Epoch: 5 [9600/30000 (32%)]	Loss: 0.058944
Train Epoch: 5 [10240/30000 (34%)]	Loss: 0.110419
Train Epoch: 5 [10240/30000 (34%)]	Loss: 0.163762
Train Epoch: 5 [10880/30000 (36%)]	Loss: 0.236098
Train Epoch: 5 [10880/30000 (36%)]	Loss: 0.310683
Train Epoch: 5 [11520/30000 (38%)]	Loss: 0.426282
Train Epoch: 5 [11520/30000 (38%)]	Loss: 0.174205
Train Epoch: 5 [12160/30000 (41%)]	Loss: 0.156495
Train Epoch: 5 [12160/30000 (41%)]	Loss: 0.222862
Train Epoch: 5 [12800/30000 (43%)]	Loss: 0.176111
Train Epoch: 5 [12800/30000 (43%)]	Loss: 0.446970
Train Epoch: 5 [13440/30000 (45%)]	Loss: 0.100245
Train Epoch: 5 [13440/30000 (45%)]	Loss: 0.277675
Train Epoch: 5 [14080/30000 (47%)]	Loss: 0.210327
Train Epoch: 5 [14080/30000 (47%)]	Loss: 0.215374
Train Epoch: 5 [14720/30000 (49%)]Train Epoch: 5 [14720/30000 (49%)]	Loss: 0.174949
	Loss: 0.219993
Train Epoch: 5 [15360/30000 (51%)]	Loss: 0.302592
Train Epoch: 5 [15360/30000 (51%)]	Loss: 0.138703
Train Epoch: 5 [16000/30000 (53%)]	Loss: 0.377672
Train Epoch: 5 [16000/30000 (53%)]	Loss: 0.244364
Train Epoch: 5 [16640/30000 (55%)]	Loss: 0.212386
Train Epoch: 5 [16640/30000 (55%)]	Loss: 0.111320
Train Epoch: 5 [17280/30000 (58%)]	Loss: 0.519467
Train Epoch: 5 [17280/30000 (58%)]	Loss: 0.420002
Train Epoch: 5 [17920/30000 (60%)]	Loss: 0.501888
Train Epoch: 5 [17920/30000 (60%)]	Loss: 0.536228
Train Epoch: 5 [18560/30000 (62%)]	Loss: 0.299414
Train Epoch: 5 [18560/30000 (62%)]	Loss: 0.229929
Train Epoch: 5 [19200/30000 (64%)]	Loss: 0.209601
Train Epoch: 5 [19200/30000 (64%)]	Loss: 0.249204
Train Epoch: 5 [19840/30000 (66%)]	Loss: 0.238567
Train Epoch: 5 [19840/30000 (66%)]	Loss: 0.278450
Train Epoch: 5 [20480/30000 (68%)]	Loss: 0.550073
Train Epoch: 5 [20480/30000 (68%)]	Loss: 0.203276
Train Epoch: 5 [21120/30000 (70%)]	Loss: 0.260418
Train Epoch: 5 [21120/30000 (70%)]	Loss: 0.353062
Train Epoch: 5 [21760/30000 (72%)]	Loss: 0.305946
Train Epoch: 5 [21760/30000 (72%)]	Loss: 0.120381
Train Epoch: 5 [22400/30000 (75%)]	Loss: 0.146754
Train Epoch: 5 [22400/30000 (75%)]	Loss: 0.103949
Train Epoch: 5 [23040/30000 (77%)]	Loss: 0.168162
Train Epoch: 5 [23040/30000 (77%)]	Loss: 0.211811
Train Epoch: 5 [23680/30000 (79%)]	Loss: 0.199914
Train Epoch: 5 [23680/30000 (79%)]	Loss: 0.270879
Train Epoch: 5 [24320/30000 (81%)]	Loss: 0.160148
Train Epoch: 5 [24320/30000 (81%)]	Loss: 0.190320
Train Epoch: 5 [24960/30000 (83%)]	Loss: 0.368490
Train Epoch: 5 [24960/30000 (83%)]	Loss: 0.139758
Train Epoch: 5 [25600/30000 (85%)]	Loss: 0.105055
Train Epoch: 5 [25600/30000 (85%)]	Loss: 0.419007
Train Epoch: 5 [26240/30000 (87%)]	Loss: 0.112566
Train Epoch: 5 [26240/30000 (87%)]	Loss: 0.366065
Train Epoch: 5 [26880/30000 (90%)]	Loss: 0.351268
Train Epoch: 5 [26880/30000 (90%)]	Loss: 0.128956
Train Epoch: 5 [27520/30000 (92%)]	Loss: 0.126942
Train Epoch: 5 [27520/30000 (92%)]	Loss: 0.269473
Train Epoch: 5 [28160/30000 (94%)]	Loss: 0.244136
Train Epoch: 5 [28160/30000 (94%)]	Loss: 0.127261
Train Epoch: 5 [28800/30000 (96%)]	Loss: 0.229053
Train Epoch: 5 [28800/30000 (96%)]	Loss: 0.309933
Train Epoch: 5 [29440/30000 (98%)]	Loss: 0.382869
Train Epoch: 5 [29440/30000 (98%)]	Loss: 0.196618

Test set: Average loss: 0.0798, Accuracy: 97.55%

Train Epoch: 6 [0/30000 (0%)]	Loss: 0.159537
Train Epoch: 6 [0/30000 (0%)]	Loss: 0.138861
Train Epoch: 6 [640/30000 (2%)]	Loss: 0.274152
Train Epoch: 6 [640/30000 (2%)]	Loss: 0.252665
Train Epoch: 6 [1280/30000 (4%)]	Loss: 0.415590
Train Epoch: 6 [1280/30000 (4%)]	Loss: 0.167651
Train Epoch: 6 [1920/30000 (6%)]	Loss: 0.168656
Train Epoch: 6 [1920/30000 (6%)]	Loss: 0.119889
Train Epoch: 6 [2560/30000 (9%)]	Loss: 0.195129
Train Epoch: 6 [2560/30000 (9%)]	Loss: 0.184560
Train Epoch: 6 [3200/30000 (11%)]	Loss: 0.268811
Train Epoch: 6 [3200/30000 (11%)]	Loss: 0.222775
Train Epoch: 6 [3840/30000 (13%)]	Loss: 0.134105
Train Epoch: 6 [3840/30000 (13%)]	Loss: 0.183870
Train Epoch: 6 [4480/30000 (15%)]	Loss: 0.130491
Train Epoch: 6 [4480/30000 (15%)]	Loss: 0.189558
Train Epoch: 6 [5120/30000 (17%)]	Loss: 0.128296
Train Epoch: 6 [5120/30000 (17%)]	Loss: 0.296900
Train Epoch: 6 [5760/30000 (19%)]	Loss: 0.213586
Train Epoch: 6 [5760/30000 (19%)]	Loss: 0.259897
Train Epoch: 6 [6400/30000 (21%)]	Loss: 0.280228
Train Epoch: 6 [6400/30000 (21%)]	Loss: 0.226695
Train Epoch: 6 [7040/30000 (23%)]	Loss: 0.229654
Train Epoch: 6 [7040/30000 (23%)]	Loss: 0.170036
Train Epoch: 6 [7680/30000 (26%)]	Loss: 0.312002
Train Epoch: 6 [7680/30000 (26%)]	Loss: 0.369396
Train Epoch: 6 [8320/30000 (28%)]	Loss: 0.281369
Train Epoch: 6 [8320/30000 (28%)]	Loss: 0.175190
Train Epoch: 6 [8960/30000 (30%)]	Loss: 0.323506
Train Epoch: 6 [8960/30000 (30%)]	Loss: 0.218530
Train Epoch: 6 [9600/30000 (32%)]	Loss: 0.324861
Train Epoch: 6 [9600/30000 (32%)]	Loss: 0.337318
Train Epoch: 6 [10240/30000 (34%)]	Loss: 0.172010
Train Epoch: 6 [10240/30000 (34%)]	Loss: 0.357377
Train Epoch: 6 [10880/30000 (36%)]Train Epoch: 6 [10880/30000 (36%)]	Loss: 0.172093
	Loss: 0.331647
Train Epoch: 6 [11520/30000 (38%)]	Loss: 0.505407
Train Epoch: 6 [11520/30000 (38%)]	Loss: 0.262942
Train Epoch: 6 [12160/30000 (41%)]	Loss: 0.277072
Train Epoch: 6 [12160/30000 (41%)]	Loss: 0.277854
Train Epoch: 6 [12800/30000 (43%)]	Loss: 0.304794
Train Epoch: 6 [12800/30000 (43%)]	Loss: 0.271736
Train Epoch: 6 [13440/30000 (45%)]Train Epoch: 6 [13440/30000 (45%)]	Loss: 0.466119
	Loss: 0.209810
Train Epoch: 6 [14080/30000 (47%)]	Loss: 0.166117
Train Epoch: 6 [14080/30000 (47%)]	Loss: 0.149301
Train Epoch: 6 [14720/30000 (49%)]	Loss: 0.151985
Train Epoch: 6 [14720/30000 (49%)]	Loss: 0.277383
Train Epoch: 6 [15360/30000 (51%)]	Loss: 0.121832
Train Epoch: 6 [15360/30000 (51%)]	Loss: 0.339781
Train Epoch: 6 [16000/30000 (53%)]	Loss: 0.132377
Train Epoch: 6 [16000/30000 (53%)]	Loss: 0.260364
Train Epoch: 6 [16640/30000 (55%)]	Loss: 0.159432
Train Epoch: 6 [16640/30000 (55%)]	Loss: 0.188007
Train Epoch: 6 [17280/30000 (58%)]Train Epoch: 6 [17280/30000 (58%)]	Loss: 0.279956
	Loss: 0.360402
Train Epoch: 6 [17920/30000 (60%)]	Loss: 0.156798
Train Epoch: 6 [17920/30000 (60%)]	Loss: 0.277286
Train Epoch: 6 [18560/30000 (62%)]	Loss: 0.163379
Train Epoch: 6 [18560/30000 (62%)]	Loss: 0.342039
Train Epoch: 6 [19200/30000 (64%)]	Loss: 0.122129
Train Epoch: 6 [19200/30000 (64%)]	Loss: 0.095382
Train Epoch: 6 [19840/30000 (66%)]	Loss: 0.410757
Train Epoch: 6 [19840/30000 (66%)]	Loss: 0.299449
Train Epoch: 6 [20480/30000 (68%)]	Loss: 0.365377
Train Epoch: 6 [20480/30000 (68%)]	Loss: 0.324278
Train Epoch: 6 [21120/30000 (70%)]	Loss: 0.238992
Train Epoch: 6 [21120/30000 (70%)]	Loss: 0.232206
Train Epoch: 6 [21760/30000 (72%)]	Loss: 0.180925
Train Epoch: 6 [21760/30000 (72%)]	Loss: 0.312928
Train Epoch: 6 [22400/30000 (75%)]	Loss: 0.244092
Train Epoch: 6 [22400/30000 (75%)]	Loss: 0.238513
Train Epoch: 6 [23040/30000 (77%)]Train Epoch: 6 [23040/30000 (77%)]	Loss: 0.198389
	Loss: 0.363020
Train Epoch: 6 [23680/30000 (79%)]	Loss: 0.251766
Train Epoch: 6 [23680/30000 (79%)]	Loss: 0.155869
Train Epoch: 6 [24320/30000 (81%)]	Loss: 0.130465
Train Epoch: 6 [24320/30000 (81%)]	Loss: 0.110670
Train Epoch: 6 [24960/30000 (83%)]	Loss: 0.148988
Train Epoch: 6 [24960/30000 (83%)]	Loss: 0.178967
Train Epoch: 6 [25600/30000 (85%)]	Loss: 0.190668
Train Epoch: 6 [25600/30000 (85%)]	Loss: 0.181484
Train Epoch: 6 [26240/30000 (87%)]	Loss: 0.114779
Train Epoch: 6 [26240/30000 (87%)]	Loss: 0.153622
Train Epoch: 6 [26880/30000 (90%)]	Loss: 0.353193
Train Epoch: 6 [26880/30000 (90%)]	Loss: 0.261916
Train Epoch: 6 [27520/30000 (92%)]	Loss: 0.296905
Train Epoch: 6 [27520/30000 (92%)]	Loss: 0.256390
Train Epoch: 6 [28160/30000 (94%)]	Loss: 0.429731
Train Epoch: 6 [28160/30000 (94%)]	Loss: 0.243067
Train Epoch: 6 [28800/30000 (96%)]	Loss: 0.152102
Train Epoch: 6 [28800/30000 (96%)]	Loss: 0.146018
Train Epoch: 6 [29440/30000 (98%)]	Loss: 0.161097
Train Epoch: 6 [29440/30000 (98%)]	Loss: 0.320018

Test set: Average loss: 0.0703, Accuracy: 97.88%

Train Epoch: 7 [0/30000 (0%)]	Loss: 0.145853
Train Epoch: 7 [0/30000 (0%)]	Loss: 0.286686
Train Epoch: 7 [640/30000 (2%)]	Loss: 0.168209
Train Epoch: 7 [640/30000 (2%)]	Loss: 0.139251
Train Epoch: 7 [1280/30000 (4%)]	Loss: 0.348070
Train Epoch: 7 [1280/30000 (4%)]	Loss: 0.284847
Train Epoch: 7 [1920/30000 (6%)]	Loss: 0.164920
Train Epoch: 7 [1920/30000 (6%)]	Loss: 0.218334
Train Epoch: 7 [2560/30000 (9%)]	Loss: 0.318727
Train Epoch: 7 [2560/30000 (9%)]	Loss: 0.205720
Train Epoch: 7 [3200/30000 (11%)]	Loss: 0.207991
Train Epoch: 7 [3200/30000 (11%)]	Loss: 0.088739
Train Epoch: 7 [3840/30000 (13%)]	Loss: 0.317033
Train Epoch: 7 [3840/30000 (13%)]	Loss: 0.080279
Train Epoch: 7 [4480/30000 (15%)]	Loss: 0.233847
Train Epoch: 7 [4480/30000 (15%)]	Loss: 0.128384
Train Epoch: 7 [5120/30000 (17%)]	Loss: 0.261835
Train Epoch: 7 [5120/30000 (17%)]	Loss: 0.175971
Train Epoch: 7 [5760/30000 (19%)]	Loss: 0.087823
Train Epoch: 7 [5760/30000 (19%)]	Loss: 0.262159
Train Epoch: 7 [6400/30000 (21%)]	Loss: 0.178266
Train Epoch: 7 [6400/30000 (21%)]	Loss: 0.351528
Train Epoch: 7 [7040/30000 (23%)]	Loss: 0.336370
Train Epoch: 7 [7040/30000 (23%)]	Loss: 0.224298
Train Epoch: 7 [7680/30000 (26%)]	Loss: 0.174733
Train Epoch: 7 [7680/30000 (26%)]	Loss: 0.110026
Train Epoch: 7 [8320/30000 (28%)]	Loss: 0.162280
Train Epoch: 7 [8320/30000 (28%)]	Loss: 0.125985
Train Epoch: 7 [8960/30000 (30%)]	Loss: 0.262764
Train Epoch: 7 [8960/30000 (30%)]	Loss: 0.183176
Train Epoch: 7 [9600/30000 (32%)]	Loss: 0.202856
Train Epoch: 7 [9600/30000 (32%)]	Loss: 0.359708
Train Epoch: 7 [10240/30000 (34%)]	Loss: 0.137960
Train Epoch: 7 [10240/30000 (34%)]	Loss: 0.198198
Train Epoch: 7 [10880/30000 (36%)]	Loss: 0.141734
Train Epoch: 7 [10880/30000 (36%)]	Loss: 0.155444
Train Epoch: 7 [11520/30000 (38%)]	Loss: 0.217984
Train Epoch: 7 [11520/30000 (38%)]	Loss: 0.140903
Train Epoch: 7 [12160/30000 (41%)]	Loss: 0.233484
Train Epoch: 7 [12160/30000 (41%)]	Loss: 0.178558
Train Epoch: 7 [12800/30000 (43%)]	Loss: 0.259946
Train Epoch: 7 [12800/30000 (43%)]	Loss: 0.152781
Train Epoch: 7 [13440/30000 (45%)]	Loss: 0.171763
Train Epoch: 7 [13440/30000 (45%)]	Loss: 0.202853
Train Epoch: 7 [14080/30000 (47%)]	Loss: 0.285766
Train Epoch: 7 [14080/30000 (47%)]	Loss: 0.429367
Train Epoch: 7 [14720/30000 (49%)]	Loss: 0.093657
Train Epoch: 7 [14720/30000 (49%)]	Loss: 0.149267
Train Epoch: 7 [15360/30000 (51%)]	Loss: 0.236170
Train Epoch: 7 [15360/30000 (51%)]	Loss: 0.238647
Train Epoch: 7 [16000/30000 (53%)]	Loss: 0.090693
Train Epoch: 7 [16000/30000 (53%)]	Loss: 0.246632
Train Epoch: 7 [16640/30000 (55%)]	Loss: 0.414887
Train Epoch: 7 [16640/30000 (55%)]	Loss: 0.172898
Train Epoch: 7 [17280/30000 (58%)]	Loss: 0.138821
Train Epoch: 7 [17280/30000 (58%)]	Loss: 0.147863
Train Epoch: 7 [17920/30000 (60%)]	Loss: 0.150892
Train Epoch: 7 [17920/30000 (60%)]	Loss: 0.186363
Train Epoch: 7 [18560/30000 (62%)]	Loss: 0.219972
Train Epoch: 7 [18560/30000 (62%)]	Loss: 0.191839
Train Epoch: 7 [19200/30000 (64%)]	Loss: 0.142971
Train Epoch: 7 [19200/30000 (64%)]	Loss: 0.087312
Train Epoch: 7 [19840/30000 (66%)]	Loss: 0.323527
Train Epoch: 7 [19840/30000 (66%)]	Loss: 0.229639
Train Epoch: 7 [20480/30000 (68%)]	Loss: 0.271865
Train Epoch: 7 [20480/30000 (68%)]	Loss: 0.253977
Train Epoch: 7 [21120/30000 (70%)]	Loss: 0.153187
Train Epoch: 7 [21120/30000 (70%)]	Loss: 0.212381
Train Epoch: 7 [21760/30000 (72%)]	Loss: 0.228176
Train Epoch: 7 [21760/30000 (72%)]	Loss: 0.172492
Train Epoch: 7 [22400/30000 (75%)]	Loss: 0.237083
Train Epoch: 7 [22400/30000 (75%)]	Loss: 0.188567
Train Epoch: 7 [23040/30000 (77%)]	Loss: 0.162892
Train Epoch: 7 [23040/30000 (77%)]	Loss: 0.189373
Train Epoch: 7 [23680/30000 (79%)]	Loss: 0.095998
Train Epoch: 7 [23680/30000 (79%)]	Loss: 0.408694
Train Epoch: 7 [24320/30000 (81%)]	Loss: 0.370379
Train Epoch: 7 [24320/30000 (81%)]	Loss: 0.347902
Train Epoch: 7 [24960/30000 (83%)]	Loss: 0.718591
Train Epoch: 7 [24960/30000 (83%)]	Loss: 0.267533
Train Epoch: 7 [25600/30000 (85%)]	Loss: 0.110502
Train Epoch: 7 [25600/30000 (85%)]	Loss: 0.189328
Train Epoch: 7 [26240/30000 (87%)]	Loss: 0.372477
Train Epoch: 7 [26240/30000 (87%)]	Loss: 0.181046
Train Epoch: 7 [26880/30000 (90%)]	Loss: 0.113366
Train Epoch: 7 [26880/30000 (90%)]	Loss: 0.250353
Train Epoch: 7 [27520/30000 (92%)]	Loss: 0.238081
Train Epoch: 7 [27520/30000 (92%)]	Loss: 0.555073
Train Epoch: 7 [28160/30000 (94%)]	Loss: 0.215443
Train Epoch: 7 [28160/30000 (94%)]	Loss: 0.210943
Train Epoch: 7 [28800/30000 (96%)]	Loss: 0.250344
Train Epoch: 7 [28800/30000 (96%)]	Loss: 0.087458
Train Epoch: 7 [29440/30000 (98%)]	Loss: 0.226659
Train Epoch: 7 [29440/30000 (98%)]	Loss: 0.176729

Test set: Average loss: 0.0644, Accuracy: 97.92%

Train Epoch: 8 [0/30000 (0%)]	Loss: 0.159614
Train Epoch: 8 [0/30000 (0%)]	Loss: 0.162862
Train Epoch: 8 [640/30000 (2%)]	Loss: 0.102645
Train Epoch: 8 [640/30000 (2%)]	Loss: 0.112339
Train Epoch: 8 [1280/30000 (4%)]	Loss: 0.204663
Train Epoch: 8 [1280/30000 (4%)]	Loss: 0.135923
Train Epoch: 8 [1920/30000 (6%)]	Loss: 0.160341
Train Epoch: 8 [1920/30000 (6%)]	Loss: 0.203400
Train Epoch: 8 [2560/30000 (9%)]	Loss: 0.252489
Train Epoch: 8 [2560/30000 (9%)]	Loss: 0.270973
Train Epoch: 8 [3200/30000 (11%)]	Loss: 0.150999
Train Epoch: 8 [3200/30000 (11%)]	Loss: 0.200278
Train Epoch: 8 [3840/30000 (13%)]	Loss: 0.307937
Train Epoch: 8 [3840/30000 (13%)]	Loss: 0.290211
Train Epoch: 8 [4480/30000 (15%)]	Loss: 0.358318
Train Epoch: 8 [4480/30000 (15%)]	Loss: 0.198329
Train Epoch: 8 [5120/30000 (17%)]	Loss: 0.201375
Train Epoch: 8 [5120/30000 (17%)]	Loss: 0.188772
Train Epoch: 8 [5760/30000 (19%)]	Loss: 0.353620
Train Epoch: 8 [5760/30000 (19%)]	Loss: 0.296596
Train Epoch: 8 [6400/30000 (21%)]	Loss: 0.168194
Train Epoch: 8 [6400/30000 (21%)]	Loss: 0.156556
Train Epoch: 8 [7040/30000 (23%)]	Loss: 0.261344
Train Epoch: 8 [7040/30000 (23%)]	Loss: 0.313376
Train Epoch: 8 [7680/30000 (26%)]	Loss: 0.186912
Train Epoch: 8 [7680/30000 (26%)]	Loss: 0.176978
Train Epoch: 8 [8320/30000 (28%)]	Loss: 0.128307
Train Epoch: 8 [8320/30000 (28%)]	Loss: 0.309669
Train Epoch: 8 [8960/30000 (30%)]	Loss: 0.184334
Train Epoch: 8 [8960/30000 (30%)]	Loss: 0.184995
Train Epoch: 8 [9600/30000 (32%)]	Loss: 0.273994
Train Epoch: 8 [9600/30000 (32%)]	Loss: 0.121725
Train Epoch: 8 [10240/30000 (34%)]	Loss: 0.189646
Train Epoch: 8 [10240/30000 (34%)]	Loss: 0.127892
Train Epoch: 8 [10880/30000 (36%)]	Loss: 0.121280
Train Epoch: 8 [10880/30000 (36%)]	Loss: 0.095774
Train Epoch: 8 [11520/30000 (38%)]	Loss: 0.145378
Train Epoch: 8 [11520/30000 (38%)]	Loss: 0.125286
Train Epoch: 8 [12160/30000 (41%)]	Loss: 0.063545
Train Epoch: 8 [12160/30000 (41%)]	Loss: 0.050588
Train Epoch: 8 [12800/30000 (43%)]	Loss: 0.322116
Train Epoch: 8 [12800/30000 (43%)]	Loss: 0.207273
Train Epoch: 8 [13440/30000 (45%)]Train Epoch: 8 [13440/30000 (45%)]	Loss: 0.167139
	Loss: 0.177804
Train Epoch: 8 [14080/30000 (47%)]	Loss: 0.181005
Train Epoch: 8 [14080/30000 (47%)]	Loss: 0.148919
Train Epoch: 8 [14720/30000 (49%)]	Loss: 0.179255
Train Epoch: 8 [14720/30000 (49%)]	Loss: 0.055987
Train Epoch: 8 [15360/30000 (51%)]	Loss: 0.319393
Train Epoch: 8 [15360/30000 (51%)]	Loss: 0.249868
Train Epoch: 8 [16000/30000 (53%)]	Loss: 0.396243
Train Epoch: 8 [16000/30000 (53%)]	Loss: 0.264685
Train Epoch: 8 [16640/30000 (55%)]	Loss: 0.258649
Train Epoch: 8 [16640/30000 (55%)]	Loss: 0.131220
Train Epoch: 8 [17280/30000 (58%)]	Loss: 0.163611
Train Epoch: 8 [17280/30000 (58%)]	Loss: 0.107102
Train Epoch: 8 [17920/30000 (60%)]	Loss: 0.255963
Train Epoch: 8 [17920/30000 (60%)]	Loss: 0.483987
Train Epoch: 8 [18560/30000 (62%)]	Loss: 0.175256
Train Epoch: 8 [18560/30000 (62%)]	Loss: 0.168499
Train Epoch: 8 [19200/30000 (64%)]	Loss: 0.154183
Train Epoch: 8 [19200/30000 (64%)]	Loss: 0.141973
Train Epoch: 8 [19840/30000 (66%)]	Loss: 0.225295
Train Epoch: 8 [19840/30000 (66%)]	Loss: 0.155356
Train Epoch: 8 [20480/30000 (68%)]	Loss: 0.137091
Train Epoch: 8 [20480/30000 (68%)]	Loss: 0.168884
Train Epoch: 8 [21120/30000 (70%)]Train Epoch: 8 [21120/30000 (70%)]	Loss: 0.063682
	Loss: 0.163018
Train Epoch: 8 [21760/30000 (72%)]	Loss: 0.192141
Train Epoch: 8 [21760/30000 (72%)]	Loss: 0.190321
Train Epoch: 8 [22400/30000 (75%)]	Loss: 0.180255
Train Epoch: 8 [22400/30000 (75%)]	Loss: 0.092249
Train Epoch: 8 [23040/30000 (77%)]	Loss: 0.360451
Train Epoch: 8 [23040/30000 (77%)]	Loss: 0.168184
Train Epoch: 8 [23680/30000 (79%)]	Loss: 0.170460
Train Epoch: 8 [23680/30000 (79%)]	Loss: 0.502479
Train Epoch: 8 [24320/30000 (81%)]	Loss: 0.159288
Train Epoch: 8 [24320/30000 (81%)]	Loss: 0.163012
Train Epoch: 8 [24960/30000 (83%)]	Loss: 0.132580
Train Epoch: 8 [24960/30000 (83%)]	Loss: 0.442928
Train Epoch: 8 [25600/30000 (85%)]	Loss: 0.161023
Train Epoch: 8 [25600/30000 (85%)]	Loss: 0.270129
Train Epoch: 8 [26240/30000 (87%)]	Loss: 0.246825
Train Epoch: 8 [26240/30000 (87%)]	Loss: 0.417688
Train Epoch: 8 [26880/30000 (90%)]	Loss: 0.203990
Train Epoch: 8 [26880/30000 (90%)]	Loss: 0.259373
Train Epoch: 8 [27520/30000 (92%)]	Loss: 0.191979
Train Epoch: 8 [27520/30000 (92%)]	Loss: 0.073561
Train Epoch: 8 [28160/30000 (94%)]	Loss: 0.241274
Train Epoch: 8 [28160/30000 (94%)]	Loss: 0.131033
Train Epoch: 8 [28800/30000 (96%)]	Loss: 0.220262
Train Epoch: 8 [28800/30000 (96%)]	Loss: 0.092037
Train Epoch: 8 [29440/30000 (98%)]	Loss: 0.214212
Train Epoch: 8 [29440/30000 (98%)]	Loss: 0.294409

Test set: Average loss: 0.0609, Accuracy: 98.15%

Train Epoch: 9 [0/30000 (0%)]	Loss: 0.235001
Train Epoch: 9 [0/30000 (0%)]	Loss: 0.466436
Train Epoch: 9 [640/30000 (2%)]	Loss: 0.148179
Train Epoch: 9 [640/30000 (2%)]	Loss: 0.229207
Train Epoch: 9 [1280/30000 (4%)]	Loss: 0.159242
Train Epoch: 9 [1280/30000 (4%)]	Loss: 0.322341
Train Epoch: 9 [1920/30000 (6%)]	Loss: 0.115820
Train Epoch: 9 [1920/30000 (6%)]	Loss: 0.123113
Train Epoch: 9 [2560/30000 (9%)]	Loss: 0.183144
Train Epoch: 9 [2560/30000 (9%)]	Loss: 0.480493
Train Epoch: 9 [3200/30000 (11%)]	Loss: 0.465888
Train Epoch: 9 [3200/30000 (11%)]	Loss: 0.123202
Train Epoch: 9 [3840/30000 (13%)]Train Epoch: 9 [3840/30000 (13%)]	Loss: 0.178714
	Loss: 0.044035
Train Epoch: 9 [4480/30000 (15%)]	Loss: 0.113002
Train Epoch: 9 [4480/30000 (15%)]	Loss: 0.262133
Train Epoch: 9 [5120/30000 (17%)]	Loss: 0.139712
Train Epoch: 9 [5120/30000 (17%)]	Loss: 0.196831
Train Epoch: 9 [5760/30000 (19%)]	Loss: 0.053244
Train Epoch: 9 [5760/30000 (19%)]	Loss: 0.193334
Train Epoch: 9 [6400/30000 (21%)]	Loss: 0.107753
Train Epoch: 9 [6400/30000 (21%)]	Loss: 0.122514
Train Epoch: 9 [7040/30000 (23%)]	Loss: 0.200436
Train Epoch: 9 [7040/30000 (23%)]	Loss: 0.111718
Train Epoch: 9 [7680/30000 (26%)]	Loss: 0.223820
Train Epoch: 9 [7680/30000 (26%)]	Loss: 0.088477
Train Epoch: 9 [8320/30000 (28%)]	Loss: 0.281769
Train Epoch: 9 [8320/30000 (28%)]	Loss: 0.078819
Train Epoch: 9 [8960/30000 (30%)]	Loss: 0.157432
Train Epoch: 9 [8960/30000 (30%)]	Loss: 0.168519
Train Epoch: 9 [9600/30000 (32%)]	Loss: 0.128511
Train Epoch: 9 [9600/30000 (32%)]	Loss: 0.070517
Train Epoch: 9 [10240/30000 (34%)]	Loss: 0.175960
Train Epoch: 9 [10240/30000 (34%)]	Loss: 0.254724
Train Epoch: 9 [10880/30000 (36%)]	Loss: 0.249289
Train Epoch: 9 [10880/30000 (36%)]	Loss: 0.259953
Train Epoch: 9 [11520/30000 (38%)]	Loss: 0.092427
Train Epoch: 9 [11520/30000 (38%)]	Loss: 0.056262
Train Epoch: 9 [12160/30000 (41%)]	Loss: 0.183777
Train Epoch: 9 [12160/30000 (41%)]	Loss: 0.248527
Train Epoch: 9 [12800/30000 (43%)]Train Epoch: 9 [12800/30000 (43%)]	Loss: 0.200108
	Loss: 0.198645
Train Epoch: 9 [13440/30000 (45%)]	Loss: 0.199470
Train Epoch: 9 [13440/30000 (45%)]	Loss: 0.128731
Train Epoch: 9 [14080/30000 (47%)]	Loss: 0.196590
Train Epoch: 9 [14080/30000 (47%)]	Loss: 0.103084
Train Epoch: 9 [14720/30000 (49%)]	Loss: 0.315744
Train Epoch: 9 [14720/30000 (49%)]	Loss: 0.151471
Train Epoch: 9 [15360/30000 (51%)]	Loss: 0.256429
Train Epoch: 9 [15360/30000 (51%)]	Loss: 0.156786
Train Epoch: 9 [16000/30000 (53%)]	Loss: 0.165019
Train Epoch: 9 [16000/30000 (53%)]	Loss: 0.216628
Train Epoch: 9 [16640/30000 (55%)]	Loss: 0.268566
Train Epoch: 9 [16640/30000 (55%)]	Loss: 0.150161
Train Epoch: 9 [17280/30000 (58%)]	Loss: 0.120645
Train Epoch: 9 [17280/30000 (58%)]	Loss: 0.146414
Train Epoch: 9 [17920/30000 (60%)]	Loss: 0.103723
Train Epoch: 9 [17920/30000 (60%)]	Loss: 0.101945
Train Epoch: 9 [18560/30000 (62%)]	Loss: 0.120963
Train Epoch: 9 [18560/30000 (62%)]	Loss: 0.243045
Train Epoch: 9 [19200/30000 (64%)]	Loss: 0.290421
Train Epoch: 9 [19200/30000 (64%)]	Loss: 0.104702
Train Epoch: 9 [19840/30000 (66%)]	Loss: 0.138629
Train Epoch: 9 [19840/30000 (66%)]	Loss: 0.188684
Train Epoch: 9 [20480/30000 (68%)]	Loss: 0.158417
Train Epoch: 9 [20480/30000 (68%)]	Loss: 0.143533
Train Epoch: 9 [21120/30000 (70%)]	Loss: 0.265271
Train Epoch: 9 [21120/30000 (70%)]	Loss: 0.243586
Train Epoch: 9 [21760/30000 (72%)]	Loss: 0.086465
Train Epoch: 9 [21760/30000 (72%)]	Loss: 0.256173
Train Epoch: 9 [22400/30000 (75%)]	Loss: 0.162905
Train Epoch: 9 [22400/30000 (75%)]	Loss: 0.224361
Train Epoch: 9 [23040/30000 (77%)]	Loss: 0.112687
Train Epoch: 9 [23040/30000 (77%)]	Loss: 0.189551
Train Epoch: 9 [23680/30000 (79%)]	Loss: 0.392964
Train Epoch: 9 [23680/30000 (79%)]	Loss: 0.172269
Train Epoch: 9 [24320/30000 (81%)]	Loss: 0.266079
Train Epoch: 9 [24320/30000 (81%)]	Loss: 0.279267
Train Epoch: 9 [24960/30000 (83%)]	Loss: 0.187940
Train Epoch: 9 [24960/30000 (83%)]	Loss: 0.157799
Train Epoch: 9 [25600/30000 (85%)]	Loss: 0.262190
Train Epoch: 9 [25600/30000 (85%)]	Loss: 0.350080
Train Epoch: 9 [26240/30000 (87%)]	Loss: 0.200393
Train Epoch: 9 [26240/30000 (87%)]	Loss: 0.184899
Train Epoch: 9 [26880/30000 (90%)]	Loss: 0.145951
Train Epoch: 9 [26880/30000 (90%)]	Loss: 0.193856
Train Epoch: 9 [27520/30000 (92%)]	Loss: 0.195025
Train Epoch: 9 [27520/30000 (92%)]	Loss: 0.340957
Train Epoch: 9 [28160/30000 (94%)]	Loss: 0.163614
Train Epoch: 9 [28160/30000 (94%)]	Loss: 0.225376
Train Epoch: 9 [28800/30000 (96%)]	Loss: 0.169580
Train Epoch: 9 [28800/30000 (96%)]	Loss: 0.192179
Train Epoch: 9 [29440/30000 (98%)]	Loss: 0.293720
Train Epoch: 9 [29440/30000 (98%)]	Loss: 0.187357

Test set: Average loss: 0.0557, Accuracy: 98.36%

Train Epoch: 10 [0/30000 (0%)]	Loss: 0.173079
Train Epoch: 10 [0/30000 (0%)]	Loss: 0.171129
Train Epoch: 10 [640/30000 (2%)]	Loss: 0.142053
Train Epoch: 10 [640/30000 (2%)]	Loss: 0.176213
Train Epoch: 10 [1280/30000 (4%)]	Loss: 0.104051
Train Epoch: 10 [1280/30000 (4%)]	Loss: 0.135642
Train Epoch: 10 [1920/30000 (6%)]	Loss: 0.120035
Train Epoch: 10 [1920/30000 (6%)]	Loss: 0.117024
Train Epoch: 10 [2560/30000 (9%)]	Loss: 0.092634
Train Epoch: 10 [2560/30000 (9%)]	Loss: 0.288108
Train Epoch: 10 [3200/30000 (11%)]	Loss: 0.199642
Train Epoch: 10 [3200/30000 (11%)]	Loss: 0.088033
Train Epoch: 10 [3840/30000 (13%)]	Loss: 0.325561
Train Epoch: 10 [3840/30000 (13%)]	Loss: 0.171231
Train Epoch: 10 [4480/30000 (15%)]	Loss: 0.191123
Train Epoch: 10 [4480/30000 (15%)]	Loss: 0.105957
Train Epoch: 10 [5120/30000 (17%)]	Loss: 0.506973
Train Epoch: 10 [5120/30000 (17%)]	Loss: 0.272932
Train Epoch: 10 [5760/30000 (19%)]	Loss: 0.173632
Train Epoch: 10 [5760/30000 (19%)]	Loss: 0.152592
Train Epoch: 10 [6400/30000 (21%)]	Loss: 0.139593
Train Epoch: 10 [6400/30000 (21%)]	Loss: 0.223081
Train Epoch: 10 [7040/30000 (23%)]	Loss: 0.269768
Train Epoch: 10 [7040/30000 (23%)]	Loss: 0.108613
Train Epoch: 10 [7680/30000 (26%)]	Loss: 0.113514
Train Epoch: 10 [7680/30000 (26%)]	Loss: 0.083347
Train Epoch: 10 [8320/30000 (28%)]	Loss: 0.158419
Train Epoch: 10 [8320/30000 (28%)]	Loss: 0.472334
Train Epoch: 10 [8960/30000 (30%)]	Loss: 0.107874
Train Epoch: 10 [8960/30000 (30%)]	Loss: 0.365160
Train Epoch: 10 [9600/30000 (32%)]	Loss: 0.252821
Train Epoch: 10 [9600/30000 (32%)]	Loss: 0.090546
Train Epoch: 10 [10240/30000 (34%)]	Loss: 0.289404
Train Epoch: 10 [10240/30000 (34%)]	Loss: 0.140565
Train Epoch: 10 [10880/30000 (36%)]	Loss: 0.131984
Train Epoch: 10 [10880/30000 (36%)]	Loss: 0.275744
Train Epoch: 10 [11520/30000 (38%)]	Loss: 0.126697
Train Epoch: 10 [11520/30000 (38%)]	Loss: 0.207655
Train Epoch: 10 [12160/30000 (41%)]	Loss: 0.264899
Train Epoch: 10 [12160/30000 (41%)]	Loss: 0.099682
Train Epoch: 10 [12800/30000 (43%)]	Loss: 0.139394
Train Epoch: 10 [12800/30000 (43%)]	Loss: 0.299287
Train Epoch: 10 [13440/30000 (45%)]Train Epoch: 10 [13440/30000 (45%)]	Loss: 0.208644
	Loss: 0.061944
Train Epoch: 10 [14080/30000 (47%)]	Loss: 0.157075
Train Epoch: 10 [14080/30000 (47%)]	Loss: 0.220275
Train Epoch: 10 [14720/30000 (49%)]	Loss: 0.168013
Train Epoch: 10 [14720/30000 (49%)]	Loss: 0.061889
Train Epoch: 10 [15360/30000 (51%)]	Loss: 0.271633
Train Epoch: 10 [15360/30000 (51%)]	Loss: 0.077788
Train Epoch: 10 [16000/30000 (53%)]Train Epoch: 10 [16000/30000 (53%)]	Loss: 0.345823
	Loss: 0.145704
Train Epoch: 10 [16640/30000 (55%)]	Loss: 0.317880
Train Epoch: 10 [16640/30000 (55%)]	Loss: 0.184915
Train Epoch: 10 [17280/30000 (58%)]	Loss: 0.166008
Train Epoch: 10 [17280/30000 (58%)]	Loss: 0.253989
Train Epoch: 10 [17920/30000 (60%)]Train Epoch: 10 [17920/30000 (60%)]	Loss: 0.202724
	Loss: 0.142287
Train Epoch: 10 [18560/30000 (62%)]	Loss: 0.160913
Train Epoch: 10 [18560/30000 (62%)]	Loss: 0.044125
Train Epoch: 10 [19200/30000 (64%)]	Loss: 0.202321
Train Epoch: 10 [19200/30000 (64%)]	Loss: 0.126021
Train Epoch: 10 [19840/30000 (66%)]	Loss: 0.170588
Train Epoch: 10 [19840/30000 (66%)]	Loss: 0.199768
Train Epoch: 10 [20480/30000 (68%)]	Loss: 0.240946
Train Epoch: 10 [20480/30000 (68%)]	Loss: 0.125334
Train Epoch: 10 [21120/30000 (70%)]	Loss: 0.389921
Train Epoch: 10 [21120/30000 (70%)]	Loss: 0.415843
Train Epoch: 10 [21760/30000 (72%)]	Loss: 0.412558
Train Epoch: 10 [21760/30000 (72%)]	Loss: 0.100688
Train Epoch: 10 [22400/30000 (75%)]	Loss: 0.302779
Train Epoch: 10 [22400/30000 (75%)]	Loss: 0.084809
Train Epoch: 10 [23040/30000 (77%)]	Loss: 0.086319
Train Epoch: 10 [23040/30000 (77%)]	Loss: 0.098244
Train Epoch: 10 [23680/30000 (79%)]	Loss: 0.220193
Train Epoch: 10 [23680/30000 (79%)]	Loss: 0.106185
Train Epoch: 10 [24320/30000 (81%)]Train Epoch: 10 [24320/30000 (81%)]	Loss: 0.248991
	Loss: 0.135084
Train Epoch: 10 [24960/30000 (83%)]	Loss: 0.318955
Train Epoch: 10 [24960/30000 (83%)]	Loss: 0.215175
Train Epoch: 10 [25600/30000 (85%)]	Loss: 0.176422
Train Epoch: 10 [25600/30000 (85%)]	Loss: 0.130879
Train Epoch: 10 [26240/30000 (87%)]	Loss: 0.121408
Train Epoch: 10 [26240/30000 (87%)]	Loss: 0.258983
Train Epoch: 10 [26880/30000 (90%)]	Loss: 0.071576
Train Epoch: 10 [26880/30000 (90%)]	Loss: 0.154327
Train Epoch: 10 [27520/30000 (92%)]	Loss: 0.102278
Train Epoch: 10 [27520/30000 (92%)]	Loss: 0.179210
Train Epoch: 10 [28160/30000 (94%)]	Loss: 0.227731
Train Epoch: 10 [28160/30000 (94%)]	Loss: 0.283250
Train Epoch: 10 [28800/30000 (96%)]	Loss: 0.205315
Train Epoch: 10 [28800/30000 (96%)]	Loss: 0.139860
Train Epoch: 10 [29440/30000 (98%)]	Loss: 0.090414
Train Epoch: 10 [29440/30000 (98%)]	Loss: 0.093713

Test set: Average loss: 0.0541, Accuracy: 98.29%

