gl1010.arc-ts.umich.edu
gl1011.arc-ts.umich.edu
Train Epoch: 1 [0/30000 (0%)]	Loss: 2.312602
Train Epoch: 1 [0/30000 (0%)]	Loss: 2.291533
Train Epoch: 1 [640/30000 (2%)]	Loss: 2.320705
Train Epoch: 1 [640/30000 (2%)]	Loss: 2.315294
Train Epoch: 1 [1280/30000 (4%)]	Loss: 2.268886
Train Epoch: 1 [1280/30000 (4%)]	Loss: 2.305162
Train Epoch: 1 [1920/30000 (6%)]	Loss: 2.310412
Train Epoch: 1 [1920/30000 (6%)]	Loss: 2.305628
Train Epoch: 1 [2560/30000 (9%)]	Loss: 2.214063
Train Epoch: 1 [2560/30000 (9%)]	Loss: 2.266478
Train Epoch: 1 [3200/30000 (11%)]	Loss: 2.236212
Train Epoch: 1 [3200/30000 (11%)]	Loss: 2.194412
Train Epoch: 1 [3840/30000 (13%)]	Loss: 2.217350
Train Epoch: 1 [3840/30000 (13%)]	Loss: 2.172198
Train Epoch: 1 [4480/30000 (15%)]	Loss: 2.163820
Train Epoch: 1 [4480/30000 (15%)]	Loss: 2.076512
Train Epoch: 1 [5120/30000 (17%)]	Loss: 1.862074
Train Epoch: 1 [5120/30000 (17%)]	Loss: 1.741305
Train Epoch: 1 [5760/30000 (19%)]	Loss: 1.764820
Train Epoch: 1 [5760/30000 (19%)]	Loss: 1.808252
Train Epoch: 1 [6400/30000 (21%)]	Loss: 1.408118
Train Epoch: 1 [6400/30000 (21%)]	Loss: 1.635603
Train Epoch: 1 [7040/30000 (23%)]Train Epoch: 1 [7040/30000 (23%)]	Loss: 1.326353
	Loss: 1.255697
Train Epoch: 1 [7680/30000 (26%)]	Loss: 1.231361
Train Epoch: 1 [7680/30000 (26%)]	Loss: 1.175072
Train Epoch: 1 [8320/30000 (28%)]	Loss: 1.206872
Train Epoch: 1 [8320/30000 (28%)]	Loss: 1.109396
Train Epoch: 1 [8960/30000 (30%)]	Loss: 1.060523
Train Epoch: 1 [8960/30000 (30%)]	Loss: 0.986617
Train Epoch: 1 [9600/30000 (32%)]	Loss: 1.082250
Train Epoch: 1 [9600/30000 (32%)]	Loss: 0.784650
Train Epoch: 1 [10240/30000 (34%)]	Loss: 0.996433
Train Epoch: 1 [10240/30000 (34%)]	Loss: 0.971811
Train Epoch: 1 [10880/30000 (36%)]	Loss: 0.963204
Train Epoch: 1 [10880/30000 (36%)]	Loss: 0.712820
Train Epoch: 1 [11520/30000 (38%)]	Loss: 0.839409
Train Epoch: 1 [11520/30000 (38%)]	Loss: 0.733344
Train Epoch: 1 [12160/30000 (41%)]	Loss: 0.838850
Train Epoch: 1 [12160/30000 (41%)]	Loss: 0.767417
Train Epoch: 1 [12800/30000 (43%)]	Loss: 0.705293
Train Epoch: 1 [12800/30000 (43%)]	Loss: 0.887528
Train Epoch: 1 [13440/30000 (45%)]	Loss: 0.743301
Train Epoch: 1 [13440/30000 (45%)]	Loss: 0.654318
Train Epoch: 1 [14080/30000 (47%)]	Loss: 0.790445
Train Epoch: 1 [14080/30000 (47%)]	Loss: 0.749786
Train Epoch: 1 [14720/30000 (49%)]	Loss: 0.569119
Train Epoch: 1 [14720/30000 (49%)]	Loss: 0.631593
Train Epoch: 1 [15360/30000 (51%)]Train Epoch: 1 [15360/30000 (51%)]	Loss: 0.695455
	Loss: 0.609328
Train Epoch: 1 [16000/30000 (53%)]	Loss: 0.531474
Train Epoch: 1 [16000/30000 (53%)]	Loss: 0.685588
Train Epoch: 1 [16640/30000 (55%)]	Loss: 0.591298
Train Epoch: 1 [16640/30000 (55%)]	Loss: 0.630248
Train Epoch: 1 [17280/30000 (58%)]	Loss: 0.646637
Train Epoch: 1 [17280/30000 (58%)]	Loss: 0.531920
Train Epoch: 1 [17920/30000 (60%)]Train Epoch: 1 [17920/30000 (60%)]	Loss: 0.676741
	Loss: 0.401679
Train Epoch: 1 [18560/30000 (62%)]	Loss: 0.551000
Train Epoch: 1 [18560/30000 (62%)]	Loss: 0.634986
Train Epoch: 1 [19200/30000 (64%)]	Loss: 0.640063
Train Epoch: 1 [19200/30000 (64%)]	Loss: 0.391603
Train Epoch: 1 [19840/30000 (66%)]	Loss: 0.437588
Train Epoch: 1 [19840/30000 (66%)]	Loss: 0.266124
Train Epoch: 1 [20480/30000 (68%)]	Loss: 0.515453
Train Epoch: 1 [20480/30000 (68%)]	Loss: 0.641028
Train Epoch: 1 [21120/30000 (70%)]	Loss: 0.498810
Train Epoch: 1 [21120/30000 (70%)]	Loss: 0.710548
Train Epoch: 1 [21760/30000 (72%)]	Loss: 0.607367
Train Epoch: 1 [21760/30000 (72%)]	Loss: 0.370966
Train Epoch: 1 [22400/30000 (75%)]	Loss: 0.566438
Train Epoch: 1 [22400/30000 (75%)]	Loss: 0.638122
Train Epoch: 1 [23040/30000 (77%)]	Loss: 0.293019
Train Epoch: 1 [23040/30000 (77%)]	Loss: 0.423492
Train Epoch: 1 [23680/30000 (79%)]	Loss: 0.528272
Train Epoch: 1 [23680/30000 (79%)]	Loss: 0.786897
Train Epoch: 1 [24320/30000 (81%)]	Loss: 0.291818
Train Epoch: 1 [24320/30000 (81%)]	Loss: 0.480301
Train Epoch: 1 [24960/30000 (83%)]	Loss: 0.373775
Train Epoch: 1 [24960/30000 (83%)]	Loss: 0.551922
Train Epoch: 1 [25600/30000 (85%)]	Loss: 0.621786
Train Epoch: 1 [25600/30000 (85%)]	Loss: 0.660071
Train Epoch: 1 [26240/30000 (87%)]	Loss: 0.487021
Train Epoch: 1 [26240/30000 (87%)]	Loss: 0.659851
Train Epoch: 1 [26880/30000 (90%)]	Loss: 0.717666
Train Epoch: 1 [26880/30000 (90%)]	Loss: 0.377933
Train Epoch: 1 [27520/30000 (92%)]	Loss: 0.566391
Train Epoch: 1 [27520/30000 (92%)]	Loss: 0.351875
Train Epoch: 1 [28160/30000 (94%)]	Loss: 0.278425
Train Epoch: 1 [28160/30000 (94%)]	Loss: 0.513963
Train Epoch: 1 [28800/30000 (96%)]	Loss: 0.636700
Train Epoch: 1 [28800/30000 (96%)]	Loss: 0.543151
Train Epoch: 1 [29440/30000 (98%)]	Loss: 0.321028
Train Epoch: 1 [29440/30000 (98%)]	Loss: 0.448201

Test set: Average loss: 0.2125, Accuracy: 93.80%

Train Epoch: 2 [0/30000 (0%)]	Loss: 0.696423
Train Epoch: 2 [0/30000 (0%)]	Loss: 0.556206
Train Epoch: 2 [640/30000 (2%)]	Loss: 0.536030
Train Epoch: 2 [640/30000 (2%)]	Loss: 0.555809
Train Epoch: 2 [1280/30000 (4%)]	Loss: 0.624041
Train Epoch: 2 [1280/30000 (4%)]	Loss: 0.420380
Train Epoch: 2 [1920/30000 (6%)]	Loss: 0.404232
Train Epoch: 2 [1920/30000 (6%)]	Loss: 0.389458
Train Epoch: 2 [2560/30000 (9%)]	Loss: 0.525244
Train Epoch: 2 [2560/30000 (9%)]	Loss: 0.363259
Train Epoch: 2 [3200/30000 (11%)]	Loss: 0.405313
Train Epoch: 2 [3200/30000 (11%)]	Loss: 0.486798
Train Epoch: 2 [3840/30000 (13%)]	Loss: 0.380074
Train Epoch: 2 [3840/30000 (13%)]	Loss: 0.432425
Train Epoch: 2 [4480/30000 (15%)]	Loss: 0.709002
Train Epoch: 2 [4480/30000 (15%)]	Loss: 0.506039
Train Epoch: 2 [5120/30000 (17%)]	Loss: 0.573755
Train Epoch: 2 [5120/30000 (17%)]	Loss: 0.468058
Train Epoch: 2 [5760/30000 (19%)]Train Epoch: 2 [5760/30000 (19%)]	Loss: 0.621086
	Loss: 0.302971
Train Epoch: 2 [6400/30000 (21%)]	Loss: 0.405142
Train Epoch: 2 [6400/30000 (21%)]	Loss: 0.473833
Train Epoch: 2 [7040/30000 (23%)]	Loss: 0.592494
Train Epoch: 2 [7040/30000 (23%)]	Loss: 0.303543
Train Epoch: 2 [7680/30000 (26%)]	Loss: 0.613044
Train Epoch: 2 [7680/30000 (26%)]	Loss: 0.568710
Train Epoch: 2 [8320/30000 (28%)]	Loss: 0.419077
Train Epoch: 2 [8320/30000 (28%)]	Loss: 0.520831
Train Epoch: 2 [8960/30000 (30%)]	Loss: 0.307383
Train Epoch: 2 [8960/30000 (30%)]	Loss: 0.455165
Train Epoch: 2 [9600/30000 (32%)]	Loss: 0.600933
Train Epoch: 2 [9600/30000 (32%)]	Loss: 0.626155
Train Epoch: 2 [10240/30000 (34%)]	Loss: 0.434079
Train Epoch: 2 [10240/30000 (34%)]	Loss: 0.740518
Train Epoch: 2 [10880/30000 (36%)]Train Epoch: 2 [10880/30000 (36%)]	Loss: 0.370374
	Loss: 0.925033
Train Epoch: 2 [11520/30000 (38%)]	Loss: 0.434927
Train Epoch: 2 [11520/30000 (38%)]	Loss: 0.636098
Train Epoch: 2 [12160/30000 (41%)]	Loss: 0.236551
Train Epoch: 2 [12160/30000 (41%)]	Loss: 0.522671
Train Epoch: 2 [12800/30000 (43%)]	Loss: 0.588911
Train Epoch: 2 [12800/30000 (43%)]	Loss: 0.359690
Train Epoch: 2 [13440/30000 (45%)]	Loss: 0.535492
Train Epoch: 2 [13440/30000 (45%)]	Loss: 0.447600
Train Epoch: 2 [14080/30000 (47%)]	Loss: 0.334457
Train Epoch: 2 [14080/30000 (47%)]	Loss: 0.355762
Train Epoch: 2 [14720/30000 (49%)]	Loss: 0.407367
Train Epoch: 2 [14720/30000 (49%)]	Loss: 0.244473
Train Epoch: 2 [15360/30000 (51%)]	Loss: 0.387641
Train Epoch: 2 [15360/30000 (51%)]	Loss: 0.406983
Train Epoch: 2 [16000/30000 (53%)]	Loss: 0.441983
Train Epoch: 2 [16000/30000 (53%)]	Loss: 0.495101
Train Epoch: 2 [16640/30000 (55%)]	Loss: 0.266515
Train Epoch: 2 [16640/30000 (55%)]	Loss: 0.222635
Train Epoch: 2 [17280/30000 (58%)]	Loss: 0.362431
Train Epoch: 2 [17280/30000 (58%)]	Loss: 0.280834
Train Epoch: 2 [17920/30000 (60%)]	Loss: 0.222690
Train Epoch: 2 [17920/30000 (60%)]	Loss: 0.293197
Train Epoch: 2 [18560/30000 (62%)]	Loss: 0.299107
Train Epoch: 2 [18560/30000 (62%)]	Loss: 0.345889
Train Epoch: 2 [19200/30000 (64%)]	Loss: 0.256671
Train Epoch: 2 [19200/30000 (64%)]	Loss: 0.424525
Train Epoch: 2 [19840/30000 (66%)]	Loss: 0.378427
Train Epoch: 2 [19840/30000 (66%)]	Loss: 0.284343
Train Epoch: 2 [20480/30000 (68%)]	Loss: 0.390283
Train Epoch: 2 [20480/30000 (68%)]	Loss: 0.512313
Train Epoch: 2 [21120/30000 (70%)]	Loss: 0.442100
Train Epoch: 2 [21120/30000 (70%)]	Loss: 0.442183
Train Epoch: 2 [21760/30000 (72%)]	Loss: 0.296558
Train Epoch: 2 [21760/30000 (72%)]	Loss: 0.292479
Train Epoch: 2 [22400/30000 (75%)]	Loss: 0.296381
Train Epoch: 2 [22400/30000 (75%)]	Loss: 0.348243
Train Epoch: 2 [23040/30000 (77%)]	Loss: 0.335651
Train Epoch: 2 [23040/30000 (77%)]	Loss: 0.585257
Train Epoch: 2 [23680/30000 (79%)]	Loss: 0.354837
Train Epoch: 2 [23680/30000 (79%)]	Loss: 0.286812
Train Epoch: 2 [24320/30000 (81%)]	Loss: 0.402831
Train Epoch: 2 [24320/30000 (81%)]	Loss: 0.339804
Train Epoch: 2 [24960/30000 (83%)]	Loss: 0.319718
Train Epoch: 2 [24960/30000 (83%)]	Loss: 0.419219
Train Epoch: 2 [25600/30000 (85%)]	Loss: 0.382545
Train Epoch: 2 [25600/30000 (85%)]	Loss: 0.282215
Train Epoch: 2 [26240/30000 (87%)]	Loss: 0.284929
Train Epoch: 2 [26240/30000 (87%)]	Loss: 0.465609
Train Epoch: 2 [26880/30000 (90%)]	Loss: 0.465183
Train Epoch: 2 [26880/30000 (90%)]	Loss: 0.415681
Train Epoch: 2 [27520/30000 (92%)]	Loss: 0.226683
Train Epoch: 2 [27520/30000 (92%)]	Loss: 0.323711
Train Epoch: 2 [28160/30000 (94%)]	Train Epoch: 2 [28160/30000 (94%)]	Loss: 0.243158
Loss: 0.278330
Train Epoch: 2 [28800/30000 (96%)]	Loss: 0.341962
Train Epoch: 2 [28800/30000 (96%)]	Loss: 0.413462
Train Epoch: 2 [29440/30000 (98%)]	Loss: 0.423788
Train Epoch: 2 [29440/30000 (98%)]	Loss: 0.288432

Test set: Average loss: 0.1370, Accuracy: 95.68%

Train Epoch: 3 [0/30000 (0%)]	Loss: 0.354708
Train Epoch: 3 [0/30000 (0%)]	Loss: 0.330495
Train Epoch: 3 [640/30000 (2%)]	Loss: 0.279300
Train Epoch: 3 [640/30000 (2%)]	Loss: 0.305937
Train Epoch: 3 [1280/30000 (4%)]	Loss: 0.232419
Train Epoch: 3 [1280/30000 (4%)]	Loss: 0.211659
Train Epoch: 3 [1920/30000 (6%)]	Loss: 0.324142
Train Epoch: 3 [1920/30000 (6%)]	Loss: 0.507462
Train Epoch: 3 [2560/30000 (9%)]	Loss: 0.327624
Train Epoch: 3 [2560/30000 (9%)]	Loss: 0.474476
Train Epoch: 3 [3200/30000 (11%)]	Loss: 0.318497
Train Epoch: 3 [3200/30000 (11%)]	Loss: 0.374324
Train Epoch: 3 [3840/30000 (13%)]	Loss: 0.577684
Train Epoch: 3 [3840/30000 (13%)]	Loss: 0.327744
Train Epoch: 3 [4480/30000 (15%)]Train Epoch: 3 [4480/30000 (15%)]	Loss: 0.494938
	Loss: 0.233543
Train Epoch: 3 [5120/30000 (17%)]	Loss: 0.295302
Train Epoch: 3 [5120/30000 (17%)]	Loss: 0.366566
Train Epoch: 3 [5760/30000 (19%)]Train Epoch: 3 [5760/30000 (19%)]	Loss: 0.350439
	Loss: 0.461020
Train Epoch: 3 [6400/30000 (21%)]	Loss: 0.437560
Train Epoch: 3 [6400/30000 (21%)]	Loss: 0.378084
Train Epoch: 3 [7040/30000 (23%)]	Loss: 0.401603
Train Epoch: 3 [7040/30000 (23%)]	Loss: 0.277321
Train Epoch: 3 [7680/30000 (26%)]	Loss: 0.410019
Train Epoch: 3 [7680/30000 (26%)]	Loss: 0.249271
Train Epoch: 3 [8320/30000 (28%)]	Loss: 0.254890
Train Epoch: 3 [8320/30000 (28%)]	Loss: 0.229433
Train Epoch: 3 [8960/30000 (30%)]	Loss: 0.510027
Train Epoch: 3 [8960/30000 (30%)]	Loss: 0.197366
Train Epoch: 3 [9600/30000 (32%)]	Loss: 0.578380
Train Epoch: 3 [9600/30000 (32%)]	Loss: 0.509299
Train Epoch: 3 [10240/30000 (34%)]	Loss: 0.208514
Train Epoch: 3 [10240/30000 (34%)]	Loss: 0.263394
Train Epoch: 3 [10880/30000 (36%)]	Loss: 0.333892
Train Epoch: 3 [10880/30000 (36%)]	Loss: 0.363610
Train Epoch: 3 [11520/30000 (38%)]	Loss: 0.294393
Train Epoch: 3 [11520/30000 (38%)]	Loss: 0.270879
Train Epoch: 3 [12160/30000 (41%)]	Loss: 0.522951
Train Epoch: 3 [12160/30000 (41%)]	Loss: 0.230276
Train Epoch: 3 [12800/30000 (43%)]Train Epoch: 3 [12800/30000 (43%)]	Loss: 0.346355
	Loss: 0.243619
Train Epoch: 3 [13440/30000 (45%)]	Loss: 0.288634
Train Epoch: 3 [13440/30000 (45%)]	Loss: 0.359194
Train Epoch: 3 [14080/30000 (47%)]	Loss: 0.284141
Train Epoch: 3 [14080/30000 (47%)]	Loss: 0.269647
Train Epoch: 3 [14720/30000 (49%)]	Loss: 0.332477
Train Epoch: 3 [14720/30000 (49%)]	Loss: 0.547427
Train Epoch: 3 [15360/30000 (51%)]Train Epoch: 3 [15360/30000 (51%)]	Loss: 0.359085
	Loss: 0.213505
Train Epoch: 3 [16000/30000 (53%)]	Loss: 0.326963
Train Epoch: 3 [16000/30000 (53%)]	Loss: 0.251979
Train Epoch: 3 [16640/30000 (55%)]	Loss: 0.365276
Train Epoch: 3 [16640/30000 (55%)]	Loss: 0.270552
Train Epoch: 3 [17280/30000 (58%)]	Loss: 0.505128
Train Epoch: 3 [17280/30000 (58%)]	Loss: 0.233110
Train Epoch: 3 [17920/30000 (60%)]	Loss: 0.223222
Train Epoch: 3 [17920/30000 (60%)]	Loss: 0.392877
Train Epoch: 3 [18560/30000 (62%)]	Loss: 0.279506
Train Epoch: 3 [18560/30000 (62%)]	Loss: 0.255166
Train Epoch: 3 [19200/30000 (64%)]	Loss: 0.225771
Train Epoch: 3 [19200/30000 (64%)]	Loss: 0.240898
Train Epoch: 3 [19840/30000 (66%)]	Loss: 0.206656
Train Epoch: 3 [19840/30000 (66%)]	Loss: 0.274827
Train Epoch: 3 [20480/30000 (68%)]	Loss: 0.199982
Train Epoch: 3 [20480/30000 (68%)]	Loss: 0.258313
Train Epoch: 3 [21120/30000 (70%)]	Loss: 0.430995
Train Epoch: 3 [21120/30000 (70%)]	Loss: 0.500616
Train Epoch: 3 [21760/30000 (72%)]	Loss: 0.281314
Train Epoch: 3 [21760/30000 (72%)]	Loss: 0.103657
Train Epoch: 3 [22400/30000 (75%)]	Loss: 0.202769
Train Epoch: 3 [22400/30000 (75%)]	Loss: 0.294543
Train Epoch: 3 [23040/30000 (77%)]	Loss: 0.412983
Train Epoch: 3 [23040/30000 (77%)]	Loss: 0.405920
Train Epoch: 3 [23680/30000 (79%)]	Loss: 0.226777
Train Epoch: 3 [23680/30000 (79%)]	Loss: 0.408090
Train Epoch: 3 [24320/30000 (81%)]	Loss: 0.506589
Train Epoch: 3 [24320/30000 (81%)]	Loss: 0.143204
Train Epoch: 3 [24960/30000 (83%)]	Loss: 0.371688
Train Epoch: 3 [24960/30000 (83%)]	Loss: 0.278320
Train Epoch: 3 [25600/30000 (85%)]	Loss: 0.187823
Train Epoch: 3 [25600/30000 (85%)]	Loss: 0.221624
Train Epoch: 3 [26240/30000 (87%)]	Loss: 0.212754
Train Epoch: 3 [26240/30000 (87%)]	Loss: 0.251144
Train Epoch: 3 [26880/30000 (90%)]	Loss: 0.354993
Train Epoch: 3 [26880/30000 (90%)]	Loss: 0.434097
Train Epoch: 3 [27520/30000 (92%)]Train Epoch: 3 [27520/30000 (92%)]	Loss: 0.193759
	Loss: 0.250156
Train Epoch: 3 [28160/30000 (94%)]	Loss: 0.290012
Train Epoch: 3 [28160/30000 (94%)]	Loss: 0.252932
Train Epoch: 3 [28800/30000 (96%)]	Loss: 0.381029
Train Epoch: 3 [28800/30000 (96%)]	Loss: 0.475172
Train Epoch: 3 [29440/30000 (98%)]	Loss: 0.466739
Train Epoch: 3 [29440/30000 (98%)]	Loss: 0.300853

Test set: Average loss: 0.1075, Accuracy: 96.59%

Train Epoch: 4 [0/30000 (0%)]	Loss: 0.252218
Train Epoch: 4 [0/30000 (0%)]	Loss: 0.315537
Train Epoch: 4 [640/30000 (2%)]	Loss: 0.332861
Train Epoch: 4 [640/30000 (2%)]	Loss: 0.142610
Train Epoch: 4 [1280/30000 (4%)]	Loss: 0.333191
Train Epoch: 4 [1280/30000 (4%)]	Loss: 0.228285
Train Epoch: 4 [1920/30000 (6%)]	Loss: 0.235884
Train Epoch: 4 [1920/30000 (6%)]	Loss: 0.311513
Train Epoch: 4 [2560/30000 (9%)]	Loss: 0.467815
Train Epoch: 4 [2560/30000 (9%)]	Loss: 0.316456
Train Epoch: 4 [3200/30000 (11%)]	Loss: 0.276958
Train Epoch: 4 [3200/30000 (11%)]	Loss: 0.183762
Train Epoch: 4 [3840/30000 (13%)]	Loss: 0.149046
Train Epoch: 4 [3840/30000 (13%)]	Loss: 0.086644
Train Epoch: 4 [4480/30000 (15%)]	Loss: 0.290827
Train Epoch: 4 [4480/30000 (15%)]	Loss: 0.411538
Train Epoch: 4 [5120/30000 (17%)]	Loss: 0.268574
Train Epoch: 4 [5120/30000 (17%)]	Loss: 0.353091
Train Epoch: 4 [5760/30000 (19%)]	Loss: 0.388286
Train Epoch: 4 [5760/30000 (19%)]	Loss: 0.289435
Train Epoch: 4 [6400/30000 (21%)]	Loss: 0.381208
Train Epoch: 4 [6400/30000 (21%)]	Loss: 0.252757
Train Epoch: 4 [7040/30000 (23%)]	Loss: 0.207115
Train Epoch: 4 [7040/30000 (23%)]	Loss: 0.605497
Train Epoch: 4 [7680/30000 (26%)]	Loss: 0.224152
Train Epoch: 4 [7680/30000 (26%)]	Loss: 0.373402
Train Epoch: 4 [8320/30000 (28%)]	Loss: 0.254139
Train Epoch: 4 [8320/30000 (28%)]	Loss: 0.230192
Train Epoch: 4 [8960/30000 (30%)]	Loss: 0.125660
Train Epoch: 4 [8960/30000 (30%)]	Loss: 0.389911
Train Epoch: 4 [9600/30000 (32%)]	Loss: 0.148088
Train Epoch: 4 [9600/30000 (32%)]	Loss: 0.455331
Train Epoch: 4 [10240/30000 (34%)]	Loss: 0.375506
Train Epoch: 4 [10240/30000 (34%)]	Loss: 0.298086
Train Epoch: 4 [10880/30000 (36%)]	Loss: 0.414751
Train Epoch: 4 [10880/30000 (36%)]	Loss: 0.253298
Train Epoch: 4 [11520/30000 (38%)]	Loss: 0.159910
Train Epoch: 4 [11520/30000 (38%)]	Loss: 0.265028
Train Epoch: 4 [12160/30000 (41%)]	Loss: 0.127093
Train Epoch: 4 [12160/30000 (41%)]	Loss: 0.425557
Train Epoch: 4 [12800/30000 (43%)]	Loss: 0.254865
Train Epoch: 4 [12800/30000 (43%)]	Loss: 0.424589
Train Epoch: 4 [13440/30000 (45%)]	Loss: 0.385073
Train Epoch: 4 [13440/30000 (45%)]	Loss: 0.156117
Train Epoch: 4 [14080/30000 (47%)]	Loss: 0.215379
Train Epoch: 4 [14080/30000 (47%)]	Loss: 0.312409
Train Epoch: 4 [14720/30000 (49%)]	Loss: 0.237412
Train Epoch: 4 [14720/30000 (49%)]	Loss: 0.188747
Train Epoch: 4 [15360/30000 (51%)]	Loss: 0.201671
Train Epoch: 4 [15360/30000 (51%)]	Loss: 0.272165
Train Epoch: 4 [16000/30000 (53%)]	Loss: 0.253905
Train Epoch: 4 [16000/30000 (53%)]	Loss: 0.306676
Train Epoch: 4 [16640/30000 (55%)]	Loss: 0.226425
Train Epoch: 4 [16640/30000 (55%)]	Loss: 0.319571
Train Epoch: 4 [17280/30000 (58%)]	Loss: 0.220701
Train Epoch: 4 [17280/30000 (58%)]	Loss: 0.236422
Train Epoch: 4 [17920/30000 (60%)]	Loss: 0.130959
Train Epoch: 4 [17920/30000 (60%)]	Loss: 0.474622
Train Epoch: 4 [18560/30000 (62%)]	Loss: 0.218652
Train Epoch: 4 [18560/30000 (62%)]	Loss: 0.284214
Train Epoch: 4 [19200/30000 (64%)]	Loss: 0.271670
Train Epoch: 4 [19200/30000 (64%)]	Loss: 0.249394
Train Epoch: 4 [19840/30000 (66%)]	Loss: 0.431039
Train Epoch: 4 [19840/30000 (66%)]	Loss: 0.120785
Train Epoch: 4 [20480/30000 (68%)]	Loss: 0.556244
Train Epoch: 4 [20480/30000 (68%)]	Loss: 0.255366
Train Epoch: 4 [21120/30000 (70%)]	Loss: 0.237344
Train Epoch: 4 [21120/30000 (70%)]	Loss: 0.251151
Train Epoch: 4 [21760/30000 (72%)]	Loss: 0.540275
Train Epoch: 4 [21760/30000 (72%)]	Loss: 0.167840
Train Epoch: 4 [22400/30000 (75%)]	Loss: 0.177828
Train Epoch: 4 [22400/30000 (75%)]	Loss: 0.165813
Train Epoch: 4 [23040/30000 (77%)]	Loss: 0.222160
Train Epoch: 4 [23040/30000 (77%)]	Loss: 0.190203
Train Epoch: 4 [23680/30000 (79%)]	Loss: 0.333051
Train Epoch: 4 [23680/30000 (79%)]	Loss: 0.263220
Train Epoch: 4 [24320/30000 (81%)]	Loss: 0.205929
Train Epoch: 4 [24320/30000 (81%)]	Loss: 0.337278
Train Epoch: 4 [24960/30000 (83%)]	Loss: 0.265366
Train Epoch: 4 [24960/30000 (83%)]	Loss: 0.245050
Train Epoch: 4 [25600/30000 (85%)]	Loss: 0.125187
Train Epoch: 4 [25600/30000 (85%)]	Loss: 0.231908
Train Epoch: 4 [26240/30000 (87%)]	Loss: 0.386790
Train Epoch: 4 [26240/30000 (87%)]	Loss: 0.214148
Train Epoch: 4 [26880/30000 (90%)]	Loss: 0.406090
Train Epoch: 4 [26880/30000 (90%)]	Loss: 0.558814
Train Epoch: 4 [27520/30000 (92%)]	Loss: 0.265941
Train Epoch: 4 [27520/30000 (92%)]	Loss: 0.403854
Train Epoch: 4 [28160/30000 (94%)]	Loss: 0.295917
Train Epoch: 4 [28160/30000 (94%)]	Loss: 0.343826
Train Epoch: 4 [28800/30000 (96%)]	Loss: 0.332714
Train Epoch: 4 [28800/30000 (96%)]	Loss: 0.126627
Train Epoch: 4 [29440/30000 (98%)]	Loss: 0.063221
Train Epoch: 4 [29440/30000 (98%)]	Loss: 0.304602

Test set: Average loss: 0.0883, Accuracy: 97.17%

Train Epoch: 5 [0/30000 (0%)]	Loss: 0.216977
Train Epoch: 5 [0/30000 (0%)]	Loss: 0.207514
Train Epoch: 5 [640/30000 (2%)]	Loss: 0.141266
Train Epoch: 5 [640/30000 (2%)]	Loss: 0.201837
Train Epoch: 5 [1280/30000 (4%)]	Loss: 0.301077
Train Epoch: 5 [1280/30000 (4%)]	Loss: 0.377272
Train Epoch: 5 [1920/30000 (6%)]	Loss: 0.376974
Train Epoch: 5 [1920/30000 (6%)]	Loss: 0.120280
Train Epoch: 5 [2560/30000 (9%)]	Loss: 0.327523
Train Epoch: 5 [2560/30000 (9%)]	Loss: 0.295752
Train Epoch: 5 [3200/30000 (11%)]	Loss: 0.326348
Train Epoch: 5 [3200/30000 (11%)]	Loss: 0.511357
Train Epoch: 5 [3840/30000 (13%)]	Loss: 0.185797
Train Epoch: 5 [3840/30000 (13%)]	Loss: 0.637654
Train Epoch: 5 [4480/30000 (15%)]	Loss: 0.439325
Train Epoch: 5 [4480/30000 (15%)]	Loss: 0.250985
Train Epoch: 5 [5120/30000 (17%)]	Loss: 0.238963
Train Epoch: 5 [5120/30000 (17%)]	Loss: 0.212112
Train Epoch: 5 [5760/30000 (19%)]	Loss: 0.209840
Train Epoch: 5 [5760/30000 (19%)]	Loss: 0.237273
Train Epoch: 5 [6400/30000 (21%)]	Loss: 0.180155
Train Epoch: 5 [6400/30000 (21%)]	Loss: 0.361774
Train Epoch: 5 [7040/30000 (23%)]	Loss: 0.221574
Train Epoch: 5 [7040/30000 (23%)]	Loss: 0.268241
Train Epoch: 5 [7680/30000 (26%)]	Loss: 0.213233
Train Epoch: 5 [7680/30000 (26%)]	Loss: 0.468182
Train Epoch: 5 [8320/30000 (28%)]	Loss: 0.302552
Train Epoch: 5 [8320/30000 (28%)]	Loss: 0.339286
Train Epoch: 5 [8960/30000 (30%)]	Loss: 0.221028
Train Epoch: 5 [8960/30000 (30%)]	Loss: 0.160794
Train Epoch: 5 [9600/30000 (32%)]	Loss: 0.213229
Train Epoch: 5 [9600/30000 (32%)]	Loss: 0.078552
Train Epoch: 5 [10240/30000 (34%)]	Loss: 0.157913
Train Epoch: 5 [10240/30000 (34%)]	Loss: 0.110390
Train Epoch: 5 [10880/30000 (36%)]	Loss: 0.225749
Train Epoch: 5 [10880/30000 (36%)]	Loss: 0.310008
Train Epoch: 5 [11520/30000 (38%)]	Loss: 0.401800
Train Epoch: 5 [11520/30000 (38%)]	Loss: 0.182831
Train Epoch: 5 [12160/30000 (41%)]	Loss: 0.169930
Train Epoch: 5 [12160/30000 (41%)]	Loss: 0.221997
Train Epoch: 5 [12800/30000 (43%)]	Loss: 0.440006
Train Epoch: 5 [12800/30000 (43%)]	Loss: 0.200219
Train Epoch: 5 [13440/30000 (45%)]	Loss: 0.105810
Train Epoch: 5 [13440/30000 (45%)]	Loss: 0.276255
Train Epoch: 5 [14080/30000 (47%)]	Loss: 0.202116
Train Epoch: 5 [14080/30000 (47%)]	Loss: 0.218386
Train Epoch: 5 [14720/30000 (49%)]	Loss: 0.246251
Train Epoch: 5 [14720/30000 (49%)]	Loss: 0.184801
Train Epoch: 5 [15360/30000 (51%)]	Loss: 0.139831
Train Epoch: 5 [15360/30000 (51%)]	Loss: 0.324554
Train Epoch: 5 [16000/30000 (53%)]	Loss: 0.247135
Train Epoch: 5 [16000/30000 (53%)]	Loss: 0.391208
Train Epoch: 5 [16640/30000 (55%)]	Loss: 0.221130
Train Epoch: 5 [16640/30000 (55%)]	Loss: 0.124421
Train Epoch: 5 [17280/30000 (58%)]	Loss: 0.422011
Train Epoch: 5 [17280/30000 (58%)]	Loss: 0.485510
Train Epoch: 5 [17920/30000 (60%)]	Loss: 0.521765
Train Epoch: 5 [17920/30000 (60%)]	Loss: 0.495687
Train Epoch: 5 [18560/30000 (62%)]	Loss: 0.282098
Train Epoch: 5 [18560/30000 (62%)]	Loss: 0.243470
Train Epoch: 5 [19200/30000 (64%)]	Loss: 0.188681
Train Epoch: 5 [19200/30000 (64%)]	Loss: 0.238605
Train Epoch: 5 [19840/30000 (66%)]Train Epoch: 5 [19840/30000 (66%)]	Loss: 0.275455
	Loss: 0.228329
Train Epoch: 5 [20480/30000 (68%)]	Loss: 0.225812
Train Epoch: 5 [20480/30000 (68%)]	Loss: 0.516659
Train Epoch: 5 [21120/30000 (70%)]	Loss: 0.356795
Train Epoch: 5 [21120/30000 (70%)]	Loss: 0.245015
Train Epoch: 5 [21760/30000 (72%)]	Loss: 0.279998
Train Epoch: 5 [21760/30000 (72%)]	Loss: 0.103884
Train Epoch: 5 [22400/30000 (75%)]	Loss: 0.144322
Train Epoch: 5 [22400/30000 (75%)]	Loss: 0.094501
Train Epoch: 5 [23040/30000 (77%)]	Loss: 0.159114
Train Epoch: 5 [23040/30000 (77%)]	Loss: 0.208573
Train Epoch: 5 [23680/30000 (79%)]Train Epoch: 5 [23680/30000 (79%)]	Loss: 0.295273
	Loss: 0.192717
Train Epoch: 5 [24320/30000 (81%)]	Loss: 0.157252
Train Epoch: 5 [24320/30000 (81%)]	Loss: 0.194335
Train Epoch: 5 [24960/30000 (83%)]	Loss: 0.400829
Train Epoch: 5 [24960/30000 (83%)]	Loss: 0.107719
Train Epoch: 5 [25600/30000 (85%)]	Loss: 0.105416
Train Epoch: 5 [25600/30000 (85%)]	Loss: 0.439565
Train Epoch: 5 [26240/30000 (87%)]	Loss: 0.112486
Train Epoch: 5 [26240/30000 (87%)]	Loss: 0.370212
Train Epoch: 5 [26880/30000 (90%)]	Loss: 0.349252
Train Epoch: 5 [26880/30000 (90%)]	Loss: 0.141194
Train Epoch: 5 [27520/30000 (92%)]	Loss: 0.124992
Train Epoch: 5 [27520/30000 (92%)]	Loss: 0.253344
Train Epoch: 5 [28160/30000 (94%)]	Loss: 0.123674
Train Epoch: 5 [28160/30000 (94%)]	Loss: 0.210186
Train Epoch: 5 [28800/30000 (96%)]	Loss: 0.308401
Train Epoch: 5 [28800/30000 (96%)]	Loss: 0.254096
Train Epoch: 5 [29440/30000 (98%)]	Loss: 0.369380
Train Epoch: 5 [29440/30000 (98%)]	Loss: 0.211767

Test set: Average loss: 0.0812, Accuracy: 97.57%

Train Epoch: 6 [0/30000 (0%)]	Loss: 0.165676
Train Epoch: 6 [0/30000 (0%)]	Loss: 0.117530
Train Epoch: 6 [640/30000 (2%)]	Loss: 0.239247
Train Epoch: 6 [640/30000 (2%)]	Loss: 0.256889
Train Epoch: 6 [1280/30000 (4%)]	Loss: 0.382020
Train Epoch: 6 [1280/30000 (4%)]	Loss: 0.182239
Train Epoch: 6 [1920/30000 (6%)]	Loss: 0.144761
Train Epoch: 6 [1920/30000 (6%)]	Loss: 0.100329
Train Epoch: 6 [2560/30000 (9%)]	Loss: 0.175381
Train Epoch: 6 [2560/30000 (9%)]	Loss: 0.198584
Train Epoch: 6 [3200/30000 (11%)]	Loss: 0.221729
Train Epoch: 6 [3200/30000 (11%)]	Loss: 0.242923
Train Epoch: 6 [3840/30000 (13%)]	Loss: 0.126839
Train Epoch: 6 [3840/30000 (13%)]	Loss: 0.178445
Train Epoch: 6 [4480/30000 (15%)]	Loss: 0.138065
Train Epoch: 6 [4480/30000 (15%)]	Loss: 0.172288
Train Epoch: 6 [5120/30000 (17%)]	Loss: 0.133718
Train Epoch: 6 [5120/30000 (17%)]	Loss: 0.280081
Train Epoch: 6 [5760/30000 (19%)]	Loss: 0.199387
Train Epoch: 6 [5760/30000 (19%)]	Loss: 0.237777
Train Epoch: 6 [6400/30000 (21%)]	Loss: 0.274411
Train Epoch: 6 [6400/30000 (21%)]	Loss: 0.222665
Train Epoch: 6 [7040/30000 (23%)]	Loss: 0.188795
Train Epoch: 6 [7040/30000 (23%)]	Loss: 0.242455
Train Epoch: 6 [7680/30000 (26%)]	Loss: 0.322605
Train Epoch: 6 [7680/30000 (26%)]	Loss: 0.371832
Train Epoch: 6 [8320/30000 (28%)]	Loss: 0.278109
Train Epoch: 6 [8320/30000 (28%)]	Loss: 0.176046
Train Epoch: 6 [8960/30000 (30%)]	Loss: 0.361479
Train Epoch: 6 [8960/30000 (30%)]	Loss: 0.209495
Train Epoch: 6 [9600/30000 (32%)]	Loss: 0.328110
Train Epoch: 6 [9600/30000 (32%)]	Loss: 0.362723
Train Epoch: 6 [10240/30000 (34%)]	Loss: 0.358875
Train Epoch: 6 [10240/30000 (34%)]	Loss: 0.156474
Train Epoch: 6 [10880/30000 (36%)]	Loss: 0.337789
Train Epoch: 6 [10880/30000 (36%)]	Loss: 0.174395
Train Epoch: 6 [11520/30000 (38%)]	Loss: 0.485413
Train Epoch: 6 [11520/30000 (38%)]	Loss: 0.283536
Train Epoch: 6 [12160/30000 (41%)]Train Epoch: 6 [12160/30000 (41%)]	Loss: 0.250758
	Loss: 0.254026
Train Epoch: 6 [12800/30000 (43%)]	Loss: 0.297899
Train Epoch: 6 [12800/30000 (43%)]	Loss: 0.274781
Train Epoch: 6 [13440/30000 (45%)]	Loss: 0.455211
Train Epoch: 6 [13440/30000 (45%)]	Loss: 0.199878
Train Epoch: 6 [14080/30000 (47%)]	Loss: 0.132535
Train Epoch: 6 [14080/30000 (47%)]	Loss: 0.141291
Train Epoch: 6 [14720/30000 (49%)]	Loss: 0.166052
Train Epoch: 6 [14720/30000 (49%)]	Loss: 0.288458
Train Epoch: 6 [15360/30000 (51%)]	Loss: 0.327894
Train Epoch: 6 [15360/30000 (51%)]	Loss: 0.135353
Train Epoch: 6 [16000/30000 (53%)]	Loss: 0.133147
Train Epoch: 6 [16000/30000 (53%)]	Loss: 0.252592
Train Epoch: 6 [16640/30000 (55%)]	Loss: 0.170380
Train Epoch: 6 [16640/30000 (55%)]	Loss: 0.199920
Train Epoch: 6 [17280/30000 (58%)]	Loss: 0.355690
Train Epoch: 6 [17280/30000 (58%)]	Loss: 0.266360
Train Epoch: 6 [17920/30000 (60%)]	Loss: 0.160739
Train Epoch: 6 [17920/30000 (60%)]	Loss: 0.255164
Train Epoch: 6 [18560/30000 (62%)]	Loss: 0.163778
Train Epoch: 6 [18560/30000 (62%)]	Loss: 0.344872
Train Epoch: 6 [19200/30000 (64%)]	Loss: 0.104099
Train Epoch: 6 [19200/30000 (64%)]	Loss: 0.113690
Train Epoch: 6 [19840/30000 (66%)]	Loss: 0.422006
Train Epoch: 6 [19840/30000 (66%)]	Loss: 0.293980
Train Epoch: 6 [20480/30000 (68%)]	Loss: 0.354607
Train Epoch: 6 [20480/30000 (68%)]	Loss: 0.313727
Train Epoch: 6 [21120/30000 (70%)]	Loss: 0.232288
Train Epoch: 6 [21120/30000 (70%)]	Loss: 0.234992
Train Epoch: 6 [21760/30000 (72%)]	Loss: 0.182719
Train Epoch: 6 [21760/30000 (72%)]	Loss: 0.329392
Train Epoch: 6 [22400/30000 (75%)]	Loss: 0.250230
Train Epoch: 6 [22400/30000 (75%)]	Loss: 0.234464
Train Epoch: 6 [23040/30000 (77%)]	Loss: 0.342152
Train Epoch: 6 [23040/30000 (77%)]	Loss: 0.207047
Train Epoch: 6 [23680/30000 (79%)]	Loss: 0.155448
Train Epoch: 6 [23680/30000 (79%)]	Loss: 0.264093
Train Epoch: 6 [24320/30000 (81%)]	Loss: 0.135208
Train Epoch: 6 [24320/30000 (81%)]	Loss: 0.122006
Train Epoch: 6 [24960/30000 (83%)]	Loss: 0.148291
Train Epoch: 6 [24960/30000 (83%)]	Loss: 0.170077
Train Epoch: 6 [25600/30000 (85%)]	Loss: 0.201316
Train Epoch: 6 [25600/30000 (85%)]	Loss: 0.173363
Train Epoch: 6 [26240/30000 (87%)]	Loss: 0.152256
Train Epoch: 6 [26240/30000 (87%)]	Loss: 0.088339
Train Epoch: 6 [26880/30000 (90%)]	Loss: 0.368012
Train Epoch: 6 [26880/30000 (90%)]	Loss: 0.245030
Train Epoch: 6 [27520/30000 (92%)]	Loss: 0.333243
Train Epoch: 6 [27520/30000 (92%)]	Loss: 0.278134
Train Epoch: 6 [28160/30000 (94%)]	Loss: 0.442992
Train Epoch: 6 [28160/30000 (94%)]	Loss: 0.245444
Train Epoch: 6 [28800/30000 (96%)]	Loss: 0.158004
Train Epoch: 6 [28800/30000 (96%)]	Loss: 0.139406
Train Epoch: 6 [29440/30000 (98%)]	Loss: 0.269453
Train Epoch: 6 [29440/30000 (98%)]	Loss: 0.186241

Test set: Average loss: 0.0700, Accuracy: 97.89%

Train Epoch: 7 [0/30000 (0%)]	Loss: 0.127359
Train Epoch: 7 [0/30000 (0%)]	Loss: 0.275669
Train Epoch: 7 [640/30000 (2%)]	Loss: 0.184627
Train Epoch: 7 [640/30000 (2%)]	Loss: 0.130448
Train Epoch: 7 [1280/30000 (4%)]	Loss: 0.332179
Train Epoch: 7 [1280/30000 (4%)]	Loss: 0.293620
Train Epoch: 7 [1920/30000 (6%)]	Loss: 0.156665
Train Epoch: 7 [1920/30000 (6%)]	Loss: 0.202785
Train Epoch: 7 [2560/30000 (9%)]	Loss: 0.299843
Train Epoch: 7 [2560/30000 (9%)]	Loss: 0.213433
Train Epoch: 7 [3200/30000 (11%)]	Loss: 0.099705
Train Epoch: 7 [3200/30000 (11%)]	Loss: 0.209298
Train Epoch: 7 [3840/30000 (13%)]	Loss: 0.083195
Train Epoch: 7 [3840/30000 (13%)]	Loss: 0.285046
Train Epoch: 7 [4480/30000 (15%)]	Loss: 0.250133
Train Epoch: 7 [4480/30000 (15%)]	Loss: 0.146865
Train Epoch: 7 [5120/30000 (17%)]	Loss: 0.228968
Train Epoch: 7 [5120/30000 (17%)]	Loss: 0.156240
Train Epoch: 7 [5760/30000 (19%)]	Loss: 0.091187
Train Epoch: 7 [5760/30000 (19%)]	Loss: 0.235923
Train Epoch: 7 [6400/30000 (21%)]	Loss: 0.168281
Train Epoch: 7 [6400/30000 (21%)]	Loss: 0.344326
Train Epoch: 7 [7040/30000 (23%)]	Loss: 0.307551
Train Epoch: 7 [7040/30000 (23%)]	Loss: 0.231089
Train Epoch: 7 [7680/30000 (26%)]	Loss: 0.174807
Train Epoch: 7 [7680/30000 (26%)]	Loss: 0.130125
Train Epoch: 7 [8320/30000 (28%)]	Loss: 0.172153
Train Epoch: 7 [8320/30000 (28%)]	Loss: 0.113962
Train Epoch: 7 [8960/30000 (30%)]	Loss: 0.288358
Train Epoch: 7 [8960/30000 (30%)]	Loss: 0.204443
Train Epoch: 7 [9600/30000 (32%)]	Loss: 0.202866
Train Epoch: 7 [9600/30000 (32%)]	Loss: 0.340069
Train Epoch: 7 [10240/30000 (34%)]	Loss: 0.119025
Train Epoch: 7 [10240/30000 (34%)]	Loss: 0.205821
Train Epoch: 7 [10880/30000 (36%)]	Loss: 0.162562
Train Epoch: 7 [10880/30000 (36%)]	Loss: 0.167145
Train Epoch: 7 [11520/30000 (38%)]	Loss: 0.250453
Train Epoch: 7 [11520/30000 (38%)]	Loss: 0.152347
Train Epoch: 7 [12160/30000 (41%)]	Loss: 0.231746
Train Epoch: 7 [12160/30000 (41%)]	Loss: 0.174829
Train Epoch: 7 [12800/30000 (43%)]	Loss: 0.275436
Train Epoch: 7 [12800/30000 (43%)]	Loss: 0.167527
Train Epoch: 7 [13440/30000 (45%)]	Loss: 0.207439
Train Epoch: 7 [13440/30000 (45%)]	Loss: 0.165524
Train Epoch: 7 [14080/30000 (47%)]	Loss: 0.274599
Train Epoch: 7 [14080/30000 (47%)]	Loss: 0.418447
Train Epoch: 7 [14720/30000 (49%)]	Loss: 0.155834
Train Epoch: 7 [14720/30000 (49%)]	Loss: 0.105958
Train Epoch: 7 [15360/30000 (51%)]	Loss: 0.228716
Train Epoch: 7 [15360/30000 (51%)]	Loss: 0.239498
Train Epoch: 7 [16000/30000 (53%)]Train Epoch: 7 [16000/30000 (53%)]	Loss: 0.100660
	Loss: 0.299514
Train Epoch: 7 [16640/30000 (55%)]	Loss: 0.427338
Train Epoch: 7 [16640/30000 (55%)]	Loss: 0.192903
Train Epoch: 7 [17280/30000 (58%)]	Loss: 0.139347
Train Epoch: 7 [17280/30000 (58%)]	Loss: 0.157595
Train Epoch: 7 [17920/30000 (60%)]	Loss: 0.163274
Train Epoch: 7 [17920/30000 (60%)]	Loss: 0.210385
Train Epoch: 7 [18560/30000 (62%)]	Loss: 0.218682
Train Epoch: 7 [18560/30000 (62%)]	Loss: 0.186237
Train Epoch: 7 [19200/30000 (64%)]	Loss: 0.146187
Train Epoch: 7 [19200/30000 (64%)]	Loss: 0.092387
Train Epoch: 7 [19840/30000 (66%)]	Loss: 0.260522
Train Epoch: 7 [19840/30000 (66%)]	Loss: 0.324956
Train Epoch: 7 [20480/30000 (68%)]	Loss: 0.306249
Train Epoch: 7 [20480/30000 (68%)]	Loss: 0.280224
Train Epoch: 7 [21120/30000 (70%)]	Loss: 0.199173
Train Epoch: 7 [21120/30000 (70%)]	Loss: 0.139689
Train Epoch: 7 [21760/30000 (72%)]	Loss: 0.231892
Train Epoch: 7 [21760/30000 (72%)]	Loss: 0.160935
Train Epoch: 7 [22400/30000 (75%)]	Loss: 0.196656
Train Epoch: 7 [22400/30000 (75%)]	Loss: 0.254148
Train Epoch: 7 [23040/30000 (77%)]	Loss: 0.165981
Train Epoch: 7 [23040/30000 (77%)]	Loss: 0.195654
Train Epoch: 7 [23680/30000 (79%)]	Loss: 0.080115
Train Epoch: 7 [23680/30000 (79%)]	Loss: 0.447308
Train Epoch: 7 [24320/30000 (81%)]	Loss: 0.369615
Train Epoch: 7 [24320/30000 (81%)]	Loss: 0.342940
Train Epoch: 7 [24960/30000 (83%)]	Loss: 0.692223
Train Epoch: 7 [24960/30000 (83%)]	Loss: 0.285076
Train Epoch: 7 [25600/30000 (85%)]	Loss: 0.114798
Train Epoch: 7 [25600/30000 (85%)]	Loss: 0.180336
Train Epoch: 7 [26240/30000 (87%)]	Loss: 0.347131
Train Epoch: 7 [26240/30000 (87%)]	Loss: 0.181871
Train Epoch: 7 [26880/30000 (90%)]	Loss: 0.123004
Train Epoch: 7 [26880/30000 (90%)]	Loss: 0.248399
Train Epoch: 7 [27520/30000 (92%)]	Loss: 0.236213
Train Epoch: 7 [27520/30000 (92%)]	Loss: 0.561989
Train Epoch: 7 [28160/30000 (94%)]Train Epoch: 7 [28160/30000 (94%)]	Loss: 0.224786
	Loss: 0.221383
Train Epoch: 7 [28800/30000 (96%)]	Loss: 0.261141
Train Epoch: 7 [28800/30000 (96%)]	Loss: 0.106744
Train Epoch: 7 [29440/30000 (98%)]	Loss: 0.234550
Train Epoch: 7 [29440/30000 (98%)]	Loss: 0.166356

Test set: Average loss: 0.0642, Accuracy: 98.01%

Train Epoch: 8 [0/30000 (0%)]	Loss: 0.161772
Train Epoch: 8 [0/30000 (0%)]	Loss: 0.161793
Train Epoch: 8 [640/30000 (2%)]	Loss: 0.128063
Train Epoch: 8 [640/30000 (2%)]	Loss: 0.115751
Train Epoch: 8 [1280/30000 (4%)]	Loss: 0.143970
Train Epoch: 8 [1280/30000 (4%)]	Loss: 0.228259
Train Epoch: 8 [1920/30000 (6%)]	Loss: 0.172333
Train Epoch: 8 [1920/30000 (6%)]	Loss: 0.229090
Train Epoch: 8 [2560/30000 (9%)]	Loss: 0.239056
Train Epoch: 8 [2560/30000 (9%)]	Loss: 0.273548
Train Epoch: 8 [3200/30000 (11%)]	Loss: 0.129202
Train Epoch: 8 [3200/30000 (11%)]	Loss: 0.197491
Train Epoch: 8 [3840/30000 (13%)]	Loss: 0.298001
Train Epoch: 8 [3840/30000 (13%)]	Loss: 0.311948
Train Epoch: 8 [4480/30000 (15%)]	Loss: 0.218097
Train Epoch: 8 [4480/30000 (15%)]	Loss: 0.377934
Train Epoch: 8 [5120/30000 (17%)]	Loss: 0.196562
Train Epoch: 8 [5120/30000 (17%)]	Loss: 0.190284
Train Epoch: 8 [5760/30000 (19%)]	Loss: 0.327020
Train Epoch: 8 [5760/30000 (19%)]	Loss: 0.294838
Train Epoch: 8 [6400/30000 (21%)]	Loss: 0.146513
Train Epoch: 8 [6400/30000 (21%)]	Loss: 0.186140
Train Epoch: 8 [7040/30000 (23%)]	Loss: 0.271332
Train Epoch: 8 [7040/30000 (23%)]	Loss: 0.298857
Train Epoch: 8 [7680/30000 (26%)]	Loss: 0.206923
Train Epoch: 8 [7680/30000 (26%)]	Loss: 0.161050
Train Epoch: 8 [8320/30000 (28%)]	Loss: 0.233705
Train Epoch: 8 [8320/30000 (28%)]	Loss: 0.128601
Train Epoch: 8 [8960/30000 (30%)]	Loss: 0.166382
Train Epoch: 8 [8960/30000 (30%)]	Loss: 0.170736
Train Epoch: 8 [9600/30000 (32%)]	Loss: 0.245645
Train Epoch: 8 [9600/30000 (32%)]	Loss: 0.119561
Train Epoch: 8 [10240/30000 (34%)]	Loss: 0.134833
Train Epoch: 8 [10240/30000 (34%)]	Loss: 0.182589
Train Epoch: 8 [10880/30000 (36%)]	Loss: 0.112410
Train Epoch: 8 [10880/30000 (36%)]	Loss: 0.100116
Train Epoch: 8 [11520/30000 (38%)]	Loss: 0.157056
Train Epoch: 8 [11520/30000 (38%)]	Loss: 0.136544
Train Epoch: 8 [12160/30000 (41%)]	Loss: 0.077505
Train Epoch: 8 [12160/30000 (41%)]	Loss: 0.059943
Train Epoch: 8 [12800/30000 (43%)]	Loss: 0.343578
Train Epoch: 8 [12800/30000 (43%)]	Loss: 0.181458
Train Epoch: 8 [13440/30000 (45%)]Train Epoch: 8 [13440/30000 (45%)]	Loss: 0.156325
	Loss: 0.209536
Train Epoch: 8 [14080/30000 (47%)]	Loss: 0.149887
Train Epoch: 8 [14080/30000 (47%)]	Loss: 0.191254
Train Epoch: 8 [14720/30000 (49%)]	Loss: 0.054621
Train Epoch: 8 [14720/30000 (49%)]	Loss: 0.189561
Train Epoch: 8 [15360/30000 (51%)]	Loss: 0.332947
Train Epoch: 8 [15360/30000 (51%)]	Loss: 0.240378
Train Epoch: 8 [16000/30000 (53%)]	Loss: 0.397467
Train Epoch: 8 [16000/30000 (53%)]	Loss: 0.242849
Train Epoch: 8 [16640/30000 (55%)]	Loss: 0.280340
Train Epoch: 8 [16640/30000 (55%)]	Loss: 0.110503
Train Epoch: 8 [17280/30000 (58%)]	Loss: 0.097742
Train Epoch: 8 [17280/30000 (58%)]	Loss: 0.155155
Train Epoch: 8 [17920/30000 (60%)]	Loss: 0.250783
Train Epoch: 8 [17920/30000 (60%)]	Loss: 0.464269
Train Epoch: 8 [18560/30000 (62%)]	Loss: 0.180085
Train Epoch: 8 [18560/30000 (62%)]	Loss: 0.157455
Train Epoch: 8 [19200/30000 (64%)]	Loss: 0.133744
Train Epoch: 8 [19200/30000 (64%)]	Loss: 0.168363
Train Epoch: 8 [19840/30000 (66%)]	Loss: 0.257865
Train Epoch: 8 [19840/30000 (66%)]	Loss: 0.114590
Train Epoch: 8 [20480/30000 (68%)]	Loss: 0.148020
Train Epoch: 8 [20480/30000 (68%)]	Loss: 0.153455
Train Epoch: 8 [21120/30000 (70%)]	Loss: 0.127761
Train Epoch: 8 [21120/30000 (70%)]	Loss: 0.063573
Train Epoch: 8 [21760/30000 (72%)]	Loss: 0.165419
Train Epoch: 8 [21760/30000 (72%)]	Loss: 0.194528
Train Epoch: 8 [22400/30000 (75%)]	Loss: 0.181824
Train Epoch: 8 [22400/30000 (75%)]	Loss: 0.095395
Train Epoch: 8 [23040/30000 (77%)]	Loss: 0.168628
Train Epoch: 8 [23040/30000 (77%)]	Loss: 0.323537
Train Epoch: 8 [23680/30000 (79%)]	Loss: 0.506996
Train Epoch: 8 [23680/30000 (79%)]	Loss: 0.178716
Train Epoch: 8 [24320/30000 (81%)]	Loss: 0.156545
Train Epoch: 8 [24320/30000 (81%)]	Loss: 0.160932
Train Epoch: 8 [24960/30000 (83%)]	Loss: 0.134413
Train Epoch: 8 [24960/30000 (83%)]	Loss: 0.398299
Train Epoch: 8 [25600/30000 (85%)]	Loss: 0.175372
Train Epoch: 8 [25600/30000 (85%)]	Loss: 0.271051
Train Epoch: 8 [26240/30000 (87%)]	Loss: 0.260014
Train Epoch: 8 [26240/30000 (87%)]	Loss: 0.428777
Train Epoch: 8 [26880/30000 (90%)]	Loss: 0.222038
Train Epoch: 8 [26880/30000 (90%)]	Loss: 0.274012
Train Epoch: 8 [27520/30000 (92%)]Train Epoch: 8 [27520/30000 (92%)]	Loss: 0.079137
	Loss: 0.192512
Train Epoch: 8 [28160/30000 (94%)]	Loss: 0.244116
Train Epoch: 8 [28160/30000 (94%)]	Loss: 0.147002
Train Epoch: 8 [28800/30000 (96%)]	Loss: 0.243669
Train Epoch: 8 [28800/30000 (96%)]	Loss: 0.086075
Train Epoch: 8 [29440/30000 (98%)]	Loss: 0.195176
Train Epoch: 8 [29440/30000 (98%)]	Loss: 0.265866

Test set: Average loss: 0.0618, Accuracy: 98.09%

Train Epoch: 9 [0/30000 (0%)]	Loss: 0.248524
Train Epoch: 9 [0/30000 (0%)]	Loss: 0.480252
Train Epoch: 9 [640/30000 (2%)]	Loss: 0.140698
Train Epoch: 9 [640/30000 (2%)]	Loss: 0.217807
Train Epoch: 9 [1280/30000 (4%)]Train Epoch: 9 [1280/30000 (4%)]	Loss: 0.328704
	Loss: 0.163467
Train Epoch: 9 [1920/30000 (6%)]	Loss: 0.141943
Train Epoch: 9 [1920/30000 (6%)]	Loss: 0.113659
Train Epoch: 9 [2560/30000 (9%)]	Loss: 0.482791
Train Epoch: 9 [2560/30000 (9%)]	Loss: 0.193478
Train Epoch: 9 [3200/30000 (11%)]	Loss: 0.433532
Train Epoch: 9 [3200/30000 (11%)]	Loss: 0.115989
Train Epoch: 9 [3840/30000 (13%)]	Loss: 0.052259
Train Epoch: 9 [3840/30000 (13%)]	Loss: 0.181954
Train Epoch: 9 [4480/30000 (15%)]	Loss: 0.098862
Train Epoch: 9 [4480/30000 (15%)]	Loss: 0.247584
Train Epoch: 9 [5120/30000 (17%)]	Loss: 0.150939
Train Epoch: 9 [5120/30000 (17%)]	Loss: 0.193693
Train Epoch: 9 [5760/30000 (19%)]	Loss: 0.051609
Train Epoch: 9 [5760/30000 (19%)]	Loss: 0.230932
Train Epoch: 9 [6400/30000 (21%)]	Loss: 0.132507
Train Epoch: 9 [6400/30000 (21%)]	Loss: 0.137177
Train Epoch: 9 [7040/30000 (23%)]	Loss: 0.225428
Train Epoch: 9 [7040/30000 (23%)]	Loss: 0.106609
Train Epoch: 9 [7680/30000 (26%)]	Loss: 0.230122
Train Epoch: 9 [7680/30000 (26%)]	Loss: 0.080694
Train Epoch: 9 [8320/30000 (28%)]	Loss: 0.278803
Train Epoch: 9 [8320/30000 (28%)]	Loss: 0.083485
Train Epoch: 9 [8960/30000 (30%)]	Loss: 0.152775
Train Epoch: 9 [8960/30000 (30%)]	Loss: 0.174510
Train Epoch: 9 [9600/30000 (32%)]	Loss: 0.119709
Train Epoch: 9 [9600/30000 (32%)]	Loss: 0.076165
Train Epoch: 9 [10240/30000 (34%)]	Loss: 0.183503
Train Epoch: 9 [10240/30000 (34%)]	Loss: 0.270715
Train Epoch: 9 [10880/30000 (36%)]	Loss: 0.252212
Train Epoch: 9 [10880/30000 (36%)]	Loss: 0.305520
Train Epoch: 9 [11520/30000 (38%)]	Loss: 0.104739
Train Epoch: 9 [11520/30000 (38%)]	Loss: 0.053087
Train Epoch: 9 [12160/30000 (41%)]	Loss: 0.175400
Train Epoch: 9 [12160/30000 (41%)]	Loss: 0.264292
Train Epoch: 9 [12800/30000 (43%)]	Loss: 0.175663
Train Epoch: 9 [12800/30000 (43%)]	Loss: 0.204596
Train Epoch: 9 [13440/30000 (45%)]	Loss: 0.137104
Train Epoch: 9 [13440/30000 (45%)]	Loss: 0.130535
Train Epoch: 9 [14080/30000 (47%)]	Loss: 0.198265
Train Epoch: 9 [14080/30000 (47%)]	Loss: 0.118426
Train Epoch: 9 [14720/30000 (49%)]	Loss: 0.161520
Train Epoch: 9 [14720/30000 (49%)]	Loss: 0.293839
Train Epoch: 9 [15360/30000 (51%)]	Loss: 0.230101
Train Epoch: 9 [15360/30000 (51%)]	Loss: 0.169545
Train Epoch: 9 [16000/30000 (53%)]	Loss: 0.199727
Train Epoch: 9 [16000/30000 (53%)]	Loss: 0.271195
Train Epoch: 9 [16640/30000 (55%)]	Loss: 0.268660
Train Epoch: 9 [16640/30000 (55%)]	Loss: 0.168540
Train Epoch: 9 [17280/30000 (58%)]	Loss: 0.142172
Train Epoch: 9 [17280/30000 (58%)]	Loss: 0.138488
Train Epoch: 9 [17920/30000 (60%)]	Loss: 0.129187
Train Epoch: 9 [17920/30000 (60%)]	Loss: 0.104854
Train Epoch: 9 [18560/30000 (62%)]	Loss: 0.138869
Train Epoch: 9 [18560/30000 (62%)]	Loss: 0.249325
Train Epoch: 9 [19200/30000 (64%)]	Loss: 0.310133
Train Epoch: 9 [19200/30000 (64%)]	Loss: 0.098821
Train Epoch: 9 [19840/30000 (66%)]	Loss: 0.121620
Train Epoch: 9 [19840/30000 (66%)]	Loss: 0.210679
Train Epoch: 9 [20480/30000 (68%)]	Loss: 0.146190
Train Epoch: 9 [20480/30000 (68%)]	Loss: 0.150271
Train Epoch: 9 [21120/30000 (70%)]	Loss: 0.222794
Train Epoch: 9 [21120/30000 (70%)]	Loss: 0.253456
Train Epoch: 9 [21760/30000 (72%)]	Loss: 0.095206
Train Epoch: 9 [21760/30000 (72%)]	Loss: 0.241307
Train Epoch: 9 [22400/30000 (75%)]	Loss: 0.239270
Train Epoch: 9 [22400/30000 (75%)]	Loss: 0.149949
Train Epoch: 9 [23040/30000 (77%)]	Loss: 0.200761
Train Epoch: 9 [23040/30000 (77%)]	Loss: 0.125310
Train Epoch: 9 [23680/30000 (79%)]	Loss: 0.397778
Train Epoch: 9 [23680/30000 (79%)]	Loss: 0.181799
Train Epoch: 9 [24320/30000 (81%)]	Loss: 0.237680
Train Epoch: 9 [24320/30000 (81%)]	Loss: 0.279274
Train Epoch: 9 [24960/30000 (83%)]	Loss: 0.212419
Train Epoch: 9 [24960/30000 (83%)]	Loss: 0.111364
Train Epoch: 9 [25600/30000 (85%)]	Loss: 0.235660
Train Epoch: 9 [25600/30000 (85%)]	Loss: 0.355530
Train Epoch: 9 [26240/30000 (87%)]	Loss: 0.204908
Train Epoch: 9 [26240/30000 (87%)]	Loss: 0.167548
Train Epoch: 9 [26880/30000 (90%)]	Loss: 0.165329
Train Epoch: 9 [26880/30000 (90%)]	Loss: 0.183286
Train Epoch: 9 [27520/30000 (92%)]	Loss: 0.208997
Train Epoch: 9 [27520/30000 (92%)]	Loss: 0.331736
Train Epoch: 9 [28160/30000 (94%)]	Loss: 0.204452
Train Epoch: 9 [28160/30000 (94%)]	Loss: 0.134844
Train Epoch: 9 [28800/30000 (96%)]	Loss: 0.180495
Train Epoch: 9 [28800/30000 (96%)]	Loss: 0.167882
Train Epoch: 9 [29440/30000 (98%)]	Loss: 0.295851
Train Epoch: 9 [29440/30000 (98%)]	Loss: 0.173393

Test set: Average loss: 0.0563, Accuracy: 98.34%

Train Epoch: 10 [0/30000 (0%)]	Loss: 0.167142
Train Epoch: 10 [0/30000 (0%)]	Loss: 0.173890
Train Epoch: 10 [640/30000 (2%)]	Loss: 0.179924
Train Epoch: 10 [640/30000 (2%)]	Loss: 0.161294
Train Epoch: 10 [1280/30000 (4%)]	Loss: 0.113050
Train Epoch: 10 [1280/30000 (4%)]	Loss: 0.098406
Train Epoch: 10 [1920/30000 (6%)]	Loss: 0.114223
Train Epoch: 10 [1920/30000 (6%)]	Loss: 0.109121
Train Epoch: 10 [2560/30000 (9%)]	Loss: 0.105549
Train Epoch: 10 [2560/30000 (9%)]	Loss: 0.307902
Train Epoch: 10 [3200/30000 (11%)]	Loss: 0.073490
Train Epoch: 10 [3200/30000 (11%)]	Loss: 0.171479
Train Epoch: 10 [3840/30000 (13%)]	Loss: 0.316596
Train Epoch: 10 [3840/30000 (13%)]	Loss: 0.177383
Train Epoch: 10 [4480/30000 (15%)]	Loss: 0.169354
Train Epoch: 10 [4480/30000 (15%)]	Loss: 0.121658
Train Epoch: 10 [5120/30000 (17%)]	Loss: 0.503425
Train Epoch: 10 [5120/30000 (17%)]	Loss: 0.274902
Train Epoch: 10 [5760/30000 (19%)]	Loss: 0.198618
Train Epoch: 10 [5760/30000 (19%)]	Loss: 0.147726
Train Epoch: 10 [6400/30000 (21%)]	Loss: 0.215174
Train Epoch: 10 [6400/30000 (21%)]	Loss: 0.139784
Train Epoch: 10 [7040/30000 (23%)]	Loss: 0.279122
Train Epoch: 10 [7040/30000 (23%)]	Loss: 0.106325
Train Epoch: 10 [7680/30000 (26%)]	Loss: 0.096539
Train Epoch: 10 [7680/30000 (26%)]	Loss: 0.100901
Train Epoch: 10 [8320/30000 (28%)]	Loss: 0.484829
Train Epoch: 10 [8320/30000 (28%)]	Loss: 0.152453
Train Epoch: 10 [8960/30000 (30%)]	Loss: 0.095926
Train Epoch: 10 [8960/30000 (30%)]	Loss: 0.314455
Train Epoch: 10 [9600/30000 (32%)]	Loss: 0.246733
Train Epoch: 10 [9600/30000 (32%)]	Loss: 0.079927
Train Epoch: 10 [10240/30000 (34%)]	Loss: 0.306464
Train Epoch: 10 [10240/30000 (34%)]	Loss: 0.124146
Train Epoch: 10 [10880/30000 (36%)]	Loss: 0.138350
Train Epoch: 10 [10880/30000 (36%)]	Loss: 0.290593
Train Epoch: 10 [11520/30000 (38%)]	Loss: 0.149585
Train Epoch: 10 [11520/30000 (38%)]	Loss: 0.205648
Train Epoch: 10 [12160/30000 (41%)]	Loss: 0.253011
Train Epoch: 10 [12160/30000 (41%)]	Loss: 0.110951
Train Epoch: 10 [12800/30000 (43%)]	Loss: 0.137443
Train Epoch: 10 [12800/30000 (43%)]	Loss: 0.312258
Train Epoch: 10 [13440/30000 (45%)]	Loss: 0.061443
Train Epoch: 10 [13440/30000 (45%)]	Loss: 0.240231
Train Epoch: 10 [14080/30000 (47%)]	Loss: 0.194836
Train Epoch: 10 [14080/30000 (47%)]	Loss: 0.259938
Train Epoch: 10 [14720/30000 (49%)]	Loss: 0.172559
Train Epoch: 10 [14720/30000 (49%)]	Loss: 0.060815
Train Epoch: 10 [15360/30000 (51%)]	Loss: 0.263418
Train Epoch: 10 [15360/30000 (51%)]	Loss: 0.076807
Train Epoch: 10 [16000/30000 (53%)]	Loss: 0.174499
Train Epoch: 10 [16000/30000 (53%)]	Loss: 0.306692
Train Epoch: 10 [16640/30000 (55%)]	Loss: 0.297604
Train Epoch: 10 [16640/30000 (55%)]	Loss: 0.202190
Train Epoch: 10 [17280/30000 (58%)]	Loss: 0.186731
Train Epoch: 10 [17280/30000 (58%)]	Loss: 0.248140
Train Epoch: 10 [17920/30000 (60%)]	Loss: 0.140554
Train Epoch: 10 [17920/30000 (60%)]	Loss: 0.182213
Train Epoch: 10 [18560/30000 (62%)]	Loss: 0.045673
Train Epoch: 10 [18560/30000 (62%)]	Loss: 0.160866
Train Epoch: 10 [19200/30000 (64%)]	Loss: 0.234417
Train Epoch: 10 [19200/30000 (64%)]	Loss: 0.131369
Train Epoch: 10 [19840/30000 (66%)]	Loss: 0.158143
Train Epoch: 10 [19840/30000 (66%)]	Loss: 0.191765
Train Epoch: 10 [20480/30000 (68%)]	Loss: 0.229753
Train Epoch: 10 [20480/30000 (68%)]	Loss: 0.135622
Train Epoch: 10 [21120/30000 (70%)]	Loss: 0.385363
Train Epoch: 10 [21120/30000 (70%)]	Loss: 0.415931
Train Epoch: 10 [21760/30000 (72%)]	Loss: 0.401000
Train Epoch: 10 [21760/30000 (72%)]	Loss: 0.117399
Train Epoch: 10 [22400/30000 (75%)]	Loss: 0.305637
Train Epoch: 10 [22400/30000 (75%)]	Loss: 0.092432
Train Epoch: 10 [23040/30000 (77%)]	Loss: 0.083162
Train Epoch: 10 [23040/30000 (77%)]	Loss: 0.124880
Train Epoch: 10 [23680/30000 (79%)]	Loss: 0.204661
Train Epoch: 10 [23680/30000 (79%)]	Loss: 0.080815
Train Epoch: 10 [24320/30000 (81%)]	Loss: 0.149176
Train Epoch: 10 [24320/30000 (81%)]	Loss: 0.250483
Train Epoch: 10 [24960/30000 (83%)]	Loss: 0.200490
Train Epoch: 10 [24960/30000 (83%)]	Loss: 0.347165
Train Epoch: 10 [25600/30000 (85%)]	Loss: 0.154567
Train Epoch: 10 [25600/30000 (85%)]	Loss: 0.128423
Train Epoch: 10 [26240/30000 (87%)]	Loss: 0.124882
Train Epoch: 10 [26240/30000 (87%)]	Loss: 0.266033
Train Epoch: 10 [26880/30000 (90%)]	Loss: 0.079163
Train Epoch: 10 [26880/30000 (90%)]	Loss: 0.165793
Train Epoch: 10 [27520/30000 (92%)]	Loss: 0.091823
Train Epoch: 10 [27520/30000 (92%)]	Loss: 0.178968
Train Epoch: 10 [28160/30000 (94%)]	Loss: 0.277245
Train Epoch: 10 [28160/30000 (94%)]	Loss: 0.199453
Train Epoch: 10 [28800/30000 (96%)]	Loss: 0.245420
Train Epoch: 10 [28800/30000 (96%)]	Loss: 0.140077
Train Epoch: 10 [29440/30000 (98%)]	Loss: 0.098515
Train Epoch: 10 [29440/30000 (98%)]	Loss: 0.088521

Test set: Average loss: 0.0535, Accuracy: 98.24%

