gl1014
============>Torch version:  1.8.0
INFO:root:Worker rank 1 initializing RPC
INFO:root:Worker 1 done initializing RPC
INFO:root:Number of batchs 938
INFO:root:Rank 1 training batch 0 loss 2.32637619972229
16:24:08 trainer_1 got updated model
16:24:08 trainer_1 got updated model
16:24:09 trainer_1 got updated model
16:24:09 trainer_1 got updated model
16:24:10 trainer_1 got updated model
INFO:root:Rank 1 training batch 5 loss 2.011826992034912
16:24:10 trainer_1 got updated model
16:24:11 trainer_1 got updated model
16:24:11 trainer_1 got updated model
16:24:12 trainer_1 got updated model
16:24:12 trainer_1 got updated model
INFO:root:Rank 1 training batch 10 loss 0.8891513347625732
16:24:13 trainer_1 got updated model
16:24:14 trainer_1 got updated model
16:24:14 trainer_1 got updated model
16:24:15 trainer_1 got updated model
16:24:15 trainer_1 got updated model
INFO:root:Rank 1 training batch 15 loss 1.1864198446273804
16:24:16 trainer_1 got updated model
16:24:16 trainer_1 got updated model
16:24:17 trainer_1 got updated model
16:24:17 trainer_1 got updated model
16:24:18 trainer_1 got updated model
INFO:root:Rank 1 training batch 20 loss 0.7687891721725464
16:24:18 trainer_1 got updated model
16:24:19 trainer_1 got updated model
16:24:20 trainer_1 got updated model
16:24:20 trainer_1 got updated model
16:24:21 trainer_1 got updated model
INFO:root:Rank 1 training batch 25 loss 1.1734023094177246
16:24:21 trainer_1 got updated model
16:24:22 trainer_1 got updated model
16:24:22 trainer_1 got updated model
16:24:23 trainer_1 got updated model
16:24:23 trainer_1 got updated model
INFO:root:Rank 1 training batch 30 loss 0.7365739941596985
16:24:24 trainer_1 got updated model
16:24:24 trainer_1 got updated model
16:24:25 trainer_1 got updated model
16:24:25 trainer_1 got updated model
16:24:26 trainer_1 got updated model
INFO:root:Rank 1 training batch 35 loss 0.45417898893356323
16:24:26 trainer_1 got updated model
16:24:27 trainer_1 got updated model
16:24:27 trainer_1 got updated model
16:24:28 trainer_1 got updated model
16:24:28 trainer_1 got updated model
INFO:root:Rank 1 training batch 40 loss 0.5995966792106628
16:24:29 trainer_1 got updated model
16:24:29 trainer_1 got updated model
16:24:30 trainer_1 got updated model
16:24:30 trainer_1 got updated model
16:24:31 trainer_1 got updated model
INFO:root:Rank 1 training batch 45 loss 0.6447372436523438
16:24:31 trainer_1 got updated model
16:24:32 trainer_1 got updated model
16:24:32 trainer_1 got updated model
16:24:33 trainer_1 got updated model
16:24:33 trainer_1 got updated model
INFO:root:Rank 1 training batch 50 loss 0.601067066192627
16:24:34 trainer_1 got updated model
16:24:34 trainer_1 got updated model
16:24:35 trainer_1 got updated model
16:24:35 trainer_1 got updated model
16:24:36 trainer_1 got updated model
INFO:root:Rank 1 training batch 55 loss 0.9227002859115601
16:24:36 trainer_1 got updated model
16:24:37 trainer_1 got updated model
16:24:37 trainer_1 got updated model
16:24:38 trainer_1 got updated model
16:24:39 trainer_1 got updated model
INFO:root:Rank 1 training batch 60 loss 0.5733116269111633
16:24:39 trainer_1 got updated model
16:24:40 trainer_1 got updated model
16:24:40 trainer_1 got updated model
16:24:41 trainer_1 got updated model
16:24:41 trainer_1 got updated model
INFO:root:Rank 1 training batch 65 loss 0.6054641008377075
16:24:42 trainer_1 got updated model
16:24:42 trainer_1 got updated model
16:24:43 trainer_1 got updated model
16:24:43 trainer_1 got updated model
16:24:44 trainer_1 got updated model
INFO:root:Rank 1 training batch 70 loss 0.3144395649433136
16:24:45 trainer_1 got updated model
16:24:45 trainer_1 got updated model
16:24:46 trainer_1 got updated model
16:24:46 trainer_1 got updated model
16:24:47 trainer_1 got updated model
INFO:root:Rank 1 training batch 75 loss 0.6659603714942932
16:24:47 trainer_1 got updated model
16:24:48 trainer_1 got updated model
16:24:48 trainer_1 got updated model
16:24:49 trainer_1 got updated model
16:24:49 trainer_1 got updated model
INFO:root:Rank 1 training batch 80 loss 0.3587581515312195
16:24:50 trainer_1 got updated model
16:24:50 trainer_1 got updated model
16:24:51 trainer_1 got updated model
16:24:51 trainer_1 got updated model
16:24:52 trainer_1 got updated model
INFO:root:Rank 1 training batch 85 loss 0.33419403433799744
16:24:52 trainer_1 got updated model
16:24:53 trainer_1 got updated model
16:24:53 trainer_1 got updated model
16:24:54 trainer_1 got updated model
16:24:54 trainer_1 got updated model
INFO:root:Rank 1 training batch 90 loss 0.2902304530143738
16:24:55 trainer_1 got updated model
16:24:55 trainer_1 got updated model
16:24:56 trainer_1 got updated model
16:24:56 trainer_1 got updated model
16:24:57 trainer_1 got updated model
INFO:root:Rank 1 training batch 95 loss 0.561279296875
16:24:57 trainer_1 got updated model
16:24:58 trainer_1 got updated model
16:24:58 trainer_1 got updated model
16:24:59 trainer_1 got updated model
16:24:59 trainer_1 got updated model
INFO:root:Rank 1 training batch 100 loss 0.6378522515296936
16:25:00 trainer_1 got updated model
16:25:00 trainer_1 got updated model
16:25:01 trainer_1 got updated model
16:25:01 trainer_1 got updated model
16:25:02 trainer_1 got updated model
INFO:root:Rank 1 training batch 105 loss 0.3945216238498688
16:25:02 trainer_1 got updated model
16:25:03 trainer_1 got updated model
16:25:03 trainer_1 got updated model
16:25:04 trainer_1 got updated model
16:25:04 trainer_1 got updated model
INFO:root:Rank 1 training batch 110 loss 0.1369551420211792
16:25:05 trainer_1 got updated model
16:25:05 trainer_1 got updated model
16:25:06 trainer_1 got updated model
16:25:06 trainer_1 got updated model
16:25:07 trainer_1 got updated model
INFO:root:Rank 1 training batch 115 loss 0.3697561025619507
16:25:07 trainer_1 got updated model
16:25:08 trainer_1 got updated model
16:25:08 trainer_1 got updated model
16:25:09 trainer_1 got updated model
16:25:09 trainer_1 got updated model
INFO:root:Rank 1 training batch 120 loss 0.28205326199531555
16:25:10 trainer_1 got updated model
16:25:10 trainer_1 got updated model
16:25:11 trainer_1 got updated model
16:25:12 trainer_1 got updated model
16:25:12 trainer_1 got updated model
INFO:root:Rank 1 training batch 125 loss 0.38562312722206116
16:25:13 trainer_1 got updated model
16:25:13 trainer_1 got updated model
16:25:14 trainer_1 got updated model
16:25:14 trainer_1 got updated model
16:25:15 trainer_1 got updated model
INFO:root:Rank 1 training batch 130 loss 0.17646384239196777
16:25:15 trainer_1 got updated model
16:25:16 trainer_1 got updated model
16:25:16 trainer_1 got updated model
16:25:17 trainer_1 got updated model
16:25:17 trainer_1 got updated model
INFO:root:Rank 1 training batch 135 loss 0.41865071654319763
16:25:18 trainer_1 got updated model
16:25:19 trainer_1 got updated model
16:25:19 trainer_1 got updated model
16:25:19 trainer_1 got updated model
16:25:20 trainer_1 got updated model
INFO:root:Rank 1 training batch 140 loss 0.17398621141910553
16:25:20 trainer_1 got updated model
16:25:21 trainer_1 got updated model
16:25:21 trainer_1 got updated model
16:25:22 trainer_1 got updated model
16:25:22 trainer_1 got updated model
INFO:root:Rank 1 training batch 145 loss 0.11269678175449371
16:25:23 trainer_1 got updated model
16:25:23 trainer_1 got updated model
16:25:24 trainer_1 got updated model
16:25:25 trainer_1 got updated model
16:25:25 trainer_1 got updated model
INFO:root:Rank 1 training batch 150 loss 0.45739126205444336
16:25:26 trainer_1 got updated model
16:25:26 trainer_1 got updated model
16:25:27 trainer_1 got updated model
16:25:27 trainer_1 got updated model
16:25:28 trainer_1 got updated model
INFO:root:Rank 1 training batch 155 loss 0.29880714416503906
16:25:28 trainer_1 got updated model
16:25:29 trainer_1 got updated model
16:25:29 trainer_1 got updated model
16:25:30 trainer_1 got updated model
16:25:30 trainer_1 got updated model
INFO:root:Rank 1 training batch 160 loss 0.33895549178123474
16:25:31 trainer_1 got updated model
16:25:31 trainer_1 got updated model
16:25:32 trainer_1 got updated model
16:25:32 trainer_1 got updated model
16:25:33 trainer_1 got updated model
INFO:root:Rank 1 training batch 165 loss 0.06562428921461105
16:25:33 trainer_1 got updated model
16:25:34 trainer_1 got updated model
16:25:34 trainer_1 got updated model
16:25:35 trainer_1 got updated model
16:25:35 trainer_1 got updated model
INFO:root:Rank 1 training batch 170 loss 0.052514076232910156
16:25:36 trainer_1 got updated model
16:25:36 trainer_1 got updated model
16:25:37 trainer_1 got updated model
16:25:38 trainer_1 got updated model
16:25:38 trainer_1 got updated model
INFO:root:Rank 1 training batch 175 loss 0.08179725706577301
16:25:39 trainer_1 got updated model
16:25:39 trainer_1 got updated model
16:25:40 trainer_1 got updated model
16:25:40 trainer_1 got updated model
16:25:41 trainer_1 got updated model
INFO:root:Rank 1 training batch 180 loss 0.2526620030403137
16:25:41 trainer_1 got updated model
16:25:42 trainer_1 got updated model
16:25:42 trainer_1 got updated model
16:25:43 trainer_1 got updated model
16:25:43 trainer_1 got updated model
INFO:root:Rank 1 training batch 185 loss 0.2482101172208786
16:25:44 trainer_1 got updated model
16:25:44 trainer_1 got updated model
16:25:45 trainer_1 got updated model
16:25:45 trainer_1 got updated model
16:25:46 trainer_1 got updated model
INFO:root:Rank 1 training batch 190 loss 0.1253664642572403
16:25:46 trainer_1 got updated model
16:25:47 trainer_1 got updated model
16:25:47 trainer_1 got updated model
16:25:48 trainer_1 got updated model
16:25:48 trainer_1 got updated model
INFO:root:Rank 1 training batch 195 loss 0.18182533979415894
16:25:49 trainer_1 got updated model
16:25:49 trainer_1 got updated model
16:25:50 trainer_1 got updated model
16:25:50 trainer_1 got updated model
16:25:51 trainer_1 got updated model
INFO:root:Rank 1 training batch 200 loss 0.07955864071846008
16:25:51 trainer_1 got updated model
16:25:52 trainer_1 got updated model
16:25:52 trainer_1 got updated model
16:25:53 trainer_1 got updated model
16:25:53 trainer_1 got updated model
INFO:root:Rank 1 training batch 205 loss 0.3037869930267334
16:25:54 trainer_1 got updated model
16:25:54 trainer_1 got updated model
16:25:55 trainer_1 got updated model
16:25:55 trainer_1 got updated model
16:25:56 trainer_1 got updated model
INFO:root:Rank 1 training batch 210 loss 0.12903140485286713
16:25:56 trainer_1 got updated model
16:25:57 trainer_1 got updated model
16:25:57 trainer_1 got updated model
16:25:58 trainer_1 got updated model
16:25:58 trainer_1 got updated model
INFO:root:Rank 1 training batch 215 loss 0.38012492656707764
16:25:59 trainer_1 got updated model
16:25:59 trainer_1 got updated model
16:26:00 trainer_1 got updated model
16:26:00 trainer_1 got updated model
16:26:01 trainer_1 got updated model
INFO:root:Rank 1 training batch 220 loss 0.0776892676949501
16:26:01 trainer_1 got updated model
16:26:02 trainer_1 got updated model
16:26:02 trainer_1 got updated model
16:26:03 trainer_1 got updated model
16:26:03 trainer_1 got updated model
INFO:root:Rank 1 training batch 225 loss 0.22519142925739288
16:26:04 trainer_1 got updated model
16:26:04 trainer_1 got updated model
16:26:05 trainer_1 got updated model
16:26:05 trainer_1 got updated model
16:26:06 trainer_1 got updated model
INFO:root:Rank 1 training batch 230 loss 0.14054246246814728
16:26:06 trainer_1 got updated model
16:26:07 trainer_1 got updated model
16:26:07 trainer_1 got updated model
16:26:08 trainer_1 got updated model
16:26:08 trainer_1 got updated model
INFO:root:Rank 1 training batch 235 loss 0.1730378121137619
16:26:09 trainer_1 got updated model
16:26:10 trainer_1 got updated model
16:26:10 trainer_1 got updated model
16:26:11 trainer_1 got updated model
16:26:11 trainer_1 got updated model
INFO:root:Rank 1 training batch 240 loss 0.0798555463552475
16:26:12 trainer_1 got updated model
16:26:12 trainer_1 got updated model
16:26:13 trainer_1 got updated model
16:26:13 trainer_1 got updated model
16:26:14 trainer_1 got updated model
INFO:root:Rank 1 training batch 245 loss 0.27559080719947815
16:26:14 trainer_1 got updated model
16:26:15 trainer_1 got updated model
16:26:15 trainer_1 got updated model
16:26:16 trainer_1 got updated model
16:26:16 trainer_1 got updated model
INFO:root:Rank 1 training batch 250 loss 0.11013507843017578
16:26:17 trainer_1 got updated model
16:26:17 trainer_1 got updated model
16:26:18 trainer_1 got updated model
16:26:18 trainer_1 got updated model
16:26:19 trainer_1 got updated model
INFO:root:Rank 1 training batch 255 loss 0.06992173939943314
16:26:20 trainer_1 got updated model
16:26:20 trainer_1 got updated model
16:26:21 trainer_1 got updated model
16:26:21 trainer_1 got updated model
16:26:22 trainer_1 got updated model
INFO:root:Rank 1 training batch 260 loss 0.09129230678081512
16:26:22 trainer_1 got updated model
16:26:23 trainer_1 got updated model
16:26:24 trainer_1 got updated model
16:26:24 trainer_1 got updated model
16:26:25 trainer_1 got updated model
INFO:root:Rank 1 training batch 265 loss 0.18153047561645508
16:26:25 trainer_1 got updated model
16:26:26 trainer_1 got updated model
16:26:26 trainer_1 got updated model
16:26:27 trainer_1 got updated model
16:26:27 trainer_1 got updated model
INFO:root:Rank 1 training batch 270 loss 0.24931330978870392
16:26:28 trainer_1 got updated model
16:26:28 trainer_1 got updated model
16:26:29 trainer_1 got updated model
16:26:29 trainer_1 got updated model
16:26:30 trainer_1 got updated model
INFO:root:Rank 1 training batch 275 loss 0.2702256739139557
16:26:30 trainer_1 got updated model
16:26:31 trainer_1 got updated model
16:26:31 trainer_1 got updated model
16:26:32 trainer_1 got updated model
16:26:32 trainer_1 got updated model
INFO:root:Rank 1 training batch 280 loss 0.07815677672624588
16:26:33 trainer_1 got updated model
16:26:33 trainer_1 got updated model
16:26:34 trainer_1 got updated model
16:26:34 trainer_1 got updated model
16:26:35 trainer_1 got updated model
INFO:root:Rank 1 training batch 285 loss 0.36997196078300476
16:26:36 trainer_1 got updated model
16:26:36 trainer_1 got updated model
16:26:37 trainer_1 got updated model
16:26:37 trainer_1 got updated model
16:26:38 trainer_1 got updated model
INFO:root:Rank 1 training batch 290 loss 0.07548490911722183
16:26:38 trainer_1 got updated model
16:26:39 trainer_1 got updated model
16:26:39 trainer_1 got updated model
16:26:40 trainer_1 got updated model
16:26:40 trainer_1 got updated model
INFO:root:Rank 1 training batch 295 loss 0.17687374353408813
16:26:41 trainer_1 got updated model
16:26:41 trainer_1 got updated model
16:26:42 trainer_1 got updated model
16:26:42 trainer_1 got updated model
16:26:43 trainer_1 got updated model
INFO:root:Rank 1 training batch 300 loss 0.10762535035610199
16:26:43 trainer_1 got updated model
16:26:44 trainer_1 got updated model
16:26:44 trainer_1 got updated model
16:26:45 trainer_1 got updated model
16:26:45 trainer_1 got updated model
INFO:root:Rank 1 training batch 305 loss 0.14710085093975067
16:26:46 trainer_1 got updated model
16:26:46 trainer_1 got updated model
16:26:47 trainer_1 got updated model
16:26:47 trainer_1 got updated model
16:26:48 trainer_1 got updated model
INFO:root:Rank 1 training batch 310 loss 0.29902997612953186
16:26:48 trainer_1 got updated model
16:26:49 trainer_1 got updated model
16:26:49 trainer_1 got updated model
16:26:50 trainer_1 got updated model
16:26:51 trainer_1 got updated model
INFO:root:Rank 1 training batch 315 loss 0.14056409895420074
16:26:51 trainer_1 got updated model
16:26:52 trainer_1 got updated model
16:26:52 trainer_1 got updated model
16:26:53 trainer_1 got updated model
16:26:53 trainer_1 got updated model
INFO:root:Rank 1 training batch 320 loss 0.35452693700790405
16:26:54 trainer_1 got updated model
16:26:54 trainer_1 got updated model
16:26:55 trainer_1 got updated model
16:26:55 trainer_1 got updated model
16:26:56 trainer_1 got updated model
INFO:root:Rank 1 training batch 325 loss 0.09712231904268265
16:26:56 trainer_1 got updated model
16:26:57 trainer_1 got updated model
16:26:58 trainer_1 got updated model
16:26:58 trainer_1 got updated model
16:26:59 trainer_1 got updated model
INFO:root:Rank 1 training batch 330 loss 0.2704005837440491
16:26:59 trainer_1 got updated model
16:27:00 trainer_1 got updated model
16:27:00 trainer_1 got updated model
16:27:01 trainer_1 got updated model
16:27:01 trainer_1 got updated model
INFO:root:Rank 1 training batch 335 loss 0.09762231260538101
16:27:02 trainer_1 got updated model
16:27:02 trainer_1 got updated model
16:27:03 trainer_1 got updated model
16:27:03 trainer_1 got updated model
16:27:04 trainer_1 got updated model
INFO:root:Rank 1 training batch 340 loss 0.03981073573231697
16:27:04 trainer_1 got updated model
16:27:05 trainer_1 got updated model
16:27:05 trainer_1 got updated model
16:27:05 trainer_1 got updated model
16:27:06 trainer_1 got updated model
INFO:root:Rank 1 training batch 345 loss 0.25519078969955444
16:27:06 trainer_1 got updated model
16:27:07 trainer_1 got updated model
16:27:07 trainer_1 got updated model
16:27:08 trainer_1 got updated model
16:27:08 trainer_1 got updated model
INFO:root:Rank 1 training batch 350 loss 0.24410033226013184
16:27:09 trainer_1 got updated model
16:27:09 trainer_1 got updated model
16:27:10 trainer_1 got updated model
16:27:10 trainer_1 got updated model
16:27:11 trainer_1 got updated model
INFO:root:Rank 1 training batch 355 loss 0.03286781534552574
16:27:11 trainer_1 got updated model
16:27:12 trainer_1 got updated model
16:27:12 trainer_1 got updated model
16:27:13 trainer_1 got updated model
16:27:13 trainer_1 got updated model
INFO:root:Rank 1 training batch 360 loss 0.05027732998132706
16:27:14 trainer_1 got updated model
16:27:14 trainer_1 got updated model
16:27:15 trainer_1 got updated model
16:27:15 trainer_1 got updated model
16:27:16 trainer_1 got updated model
INFO:root:Rank 1 training batch 365 loss 0.20965465903282166
16:27:16 trainer_1 got updated model
16:27:17 trainer_1 got updated model
16:27:17 trainer_1 got updated model
16:27:18 trainer_1 got updated model
16:27:18 trainer_1 got updated model
INFO:root:Rank 1 training batch 370 loss 0.2942214012145996
16:27:19 trainer_1 got updated model
16:27:19 trainer_1 got updated model
16:27:20 trainer_1 got updated model
16:27:20 trainer_1 got updated model
16:27:21 trainer_1 got updated model
INFO:root:Rank 1 training batch 375 loss 0.1627807766199112
16:27:21 trainer_1 got updated model
16:27:22 trainer_1 got updated model
16:27:23 trainer_1 got updated model
16:27:23 trainer_1 got updated model
16:27:24 trainer_1 got updated model
INFO:root:Rank 1 training batch 380 loss 0.0260143019258976
16:27:24 trainer_1 got updated model
16:27:25 trainer_1 got updated model
16:27:25 trainer_1 got updated model
16:27:26 trainer_1 got updated model
16:27:27 trainer_1 got updated model
INFO:root:Rank 1 training batch 385 loss 0.44987550377845764
16:27:27 trainer_1 got updated model
16:27:28 trainer_1 got updated model
16:27:28 trainer_1 got updated model
16:27:29 trainer_1 got updated model
16:27:29 trainer_1 got updated model
INFO:root:Rank 1 training batch 390 loss 0.22616685926914215
16:27:30 trainer_1 got updated model
16:27:30 trainer_1 got updated model
16:27:31 trainer_1 got updated model
16:27:31 trainer_1 got updated model
16:27:32 trainer_1 got updated model
INFO:root:Rank 1 training batch 395 loss 0.39350661635398865
16:27:32 trainer_1 got updated model
16:27:33 trainer_1 got updated model
16:27:33 trainer_1 got updated model
16:27:34 trainer_1 got updated model
16:27:34 trainer_1 got updated model
INFO:root:Rank 1 training batch 400 loss 0.11659719049930573
16:27:35 trainer_1 got updated model
16:27:35 trainer_1 got updated model
16:27:36 trainer_1 got updated model
16:27:36 trainer_1 got updated model
16:27:37 trainer_1 got updated model
INFO:root:Rank 1 training batch 405 loss 0.11266051977872849
16:27:37 trainer_1 got updated model
16:27:38 trainer_1 got updated model
16:27:38 trainer_1 got updated model
16:27:39 trainer_1 got updated model
16:27:39 trainer_1 got updated model
INFO:root:Rank 1 training batch 410 loss 0.24400554597377777
16:27:40 trainer_1 got updated model
16:27:40 trainer_1 got updated model
16:27:41 trainer_1 got updated model
16:27:41 trainer_1 got updated model
16:27:42 trainer_1 got updated model
INFO:root:Rank 1 training batch 415 loss 0.10195819288492203
16:27:42 trainer_1 got updated model
16:27:43 trainer_1 got updated model
16:27:43 trainer_1 got updated model
16:27:44 trainer_1 got updated model
16:27:44 trainer_1 got updated model
INFO:root:Rank 1 training batch 420 loss 0.08229368180036545
16:27:45 trainer_1 got updated model
16:27:45 trainer_1 got updated model
16:27:46 trainer_1 got updated model
16:27:46 trainer_1 got updated model
16:27:47 trainer_1 got updated model
INFO:root:Rank 1 training batch 425 loss 0.32540610432624817
16:27:47 trainer_1 got updated model
16:27:48 trainer_1 got updated model
16:27:49 trainer_1 got updated model
16:27:49 trainer_1 got updated model
16:27:50 trainer_1 got updated model
INFO:root:Rank 1 training batch 430 loss 0.21848349273204803
16:27:50 trainer_1 got updated model
16:27:51 trainer_1 got updated model
16:27:51 trainer_1 got updated model
16:27:52 trainer_1 got updated model
16:27:52 trainer_1 got updated model
INFO:root:Rank 1 training batch 435 loss 0.1036413386464119
16:27:53 trainer_1 got updated model
16:27:53 trainer_1 got updated model
16:27:54 trainer_1 got updated model
16:27:54 trainer_1 got updated model
16:27:55 trainer_1 got updated model
INFO:root:Rank 1 training batch 440 loss 0.16738976538181305
16:27:56 trainer_1 got updated model
16:27:56 trainer_1 got updated model
16:27:57 trainer_1 got updated model
16:27:57 trainer_1 got updated model
16:27:58 trainer_1 got updated model
INFO:root:Rank 1 training batch 445 loss 0.2230355590581894
16:27:58 trainer_1 got updated model
16:27:59 trainer_1 got updated model
16:27:59 trainer_1 got updated model
16:28:00 trainer_1 got updated model
16:28:00 trainer_1 got updated model
INFO:root:Rank 1 training batch 450 loss 0.2912532389163971
16:28:01 trainer_1 got updated model
16:28:01 trainer_1 got updated model
16:28:02 trainer_1 got updated model
16:28:02 trainer_1 got updated model
16:28:03 trainer_1 got updated model
INFO:root:Rank 1 training batch 455 loss 0.3143098056316376
16:28:03 trainer_1 got updated model
16:28:04 trainer_1 got updated model
16:28:04 trainer_1 got updated model
16:28:05 trainer_1 got updated model
16:28:05 trainer_1 got updated model
INFO:root:Rank 1 training batch 460 loss 0.3010433316230774
16:28:06 trainer_1 got updated model
16:28:06 trainer_1 got updated model
16:28:07 trainer_1 got updated model
16:28:07 trainer_1 got updated model
16:28:08 trainer_1 got updated model
INFO:root:Rank 1 training batch 465 loss 0.05542411282658577
16:28:08 trainer_1 got updated model
16:28:09 trainer_1 got updated model
16:28:09 trainer_1 got updated model
16:28:10 trainer_1 got updated model
16:28:10 trainer_1 got updated model
INFO:root:Rank 1 training batch 470 loss 0.07334158569574356
16:28:11 trainer_1 got updated model
16:28:11 trainer_1 got updated model
16:28:12 trainer_1 got updated model
16:28:13 trainer_1 got updated model
16:28:13 trainer_1 got updated model
INFO:root:Rank 1 training batch 475 loss 0.08568143099546432
16:28:14 trainer_1 got updated model
16:28:14 trainer_1 got updated model
16:28:15 trainer_1 got updated model
16:28:15 trainer_1 got updated model
16:28:16 trainer_1 got updated model
INFO:root:Rank 1 training batch 480 loss 0.020334171131253242
16:28:16 trainer_1 got updated model
16:28:17 trainer_1 got updated model
16:28:17 trainer_1 got updated model
16:28:18 trainer_1 got updated model
16:28:18 trainer_1 got updated model
INFO:root:Rank 1 training batch 485 loss 0.1651957780122757
16:28:19 trainer_1 got updated model
16:28:20 trainer_1 got updated model
16:28:20 trainer_1 got updated model
16:28:21 trainer_1 got updated model
16:28:21 trainer_1 got updated model
INFO:root:Rank 1 training batch 490 loss 0.20527726411819458
16:28:22 trainer_1 got updated model
16:28:22 trainer_1 got updated model
16:28:23 trainer_1 got updated model
16:28:23 trainer_1 got updated model
16:28:24 trainer_1 got updated model
INFO:root:Rank 1 training batch 495 loss 0.02804587036371231
16:28:24 trainer_1 got updated model
16:28:25 trainer_1 got updated model
16:28:25 trainer_1 got updated model
16:28:26 trainer_1 got updated model
16:28:26 trainer_1 got updated model
INFO:root:Rank 1 training batch 500 loss 0.030298326164484024
16:28:27 trainer_1 got updated model
16:28:27 trainer_1 got updated model
16:28:28 trainer_1 got updated model
16:28:28 trainer_1 got updated model
16:28:29 trainer_1 got updated model
INFO:root:Rank 1 training batch 505 loss 0.07657840102910995
16:28:30 trainer_1 got updated model
16:28:30 trainer_1 got updated model
16:28:31 trainer_1 got updated model
16:28:31 trainer_1 got updated model
16:28:32 trainer_1 got updated model
INFO:root:Rank 1 training batch 510 loss 0.14630603790283203
16:28:32 trainer_1 got updated model
16:28:33 trainer_1 got updated model
16:28:33 trainer_1 got updated model
16:28:34 trainer_1 got updated model
16:28:34 trainer_1 got updated model
INFO:root:Rank 1 training batch 515 loss 0.08946400135755539
16:28:35 trainer_1 got updated model
16:28:35 trainer_1 got updated model
16:28:36 trainer_1 got updated model
16:28:36 trainer_1 got updated model
16:28:37 trainer_1 got updated model
INFO:root:Rank 1 training batch 520 loss 0.13800092041492462
16:28:38 trainer_1 got updated model
16:28:38 trainer_1 got updated model
16:28:39 trainer_1 got updated model
16:28:39 trainer_1 got updated model
16:28:40 trainer_1 got updated model
INFO:root:Rank 1 training batch 525 loss 0.04731176421046257
16:28:40 trainer_1 got updated model
16:28:41 trainer_1 got updated model
16:28:41 trainer_1 got updated model
16:28:42 trainer_1 got updated model
16:28:42 trainer_1 got updated model
INFO:root:Rank 1 training batch 530 loss 0.02120572328567505
16:28:43 trainer_1 got updated model
16:28:43 trainer_1 got updated model
16:28:44 trainer_1 got updated model
16:28:44 trainer_1 got updated model
16:28:45 trainer_1 got updated model
INFO:root:Rank 1 training batch 535 loss 0.08885078877210617
16:28:45 trainer_1 got updated model
16:28:46 trainer_1 got updated model
16:28:46 trainer_1 got updated model
16:28:47 trainer_1 got updated model
16:28:47 trainer_1 got updated model
INFO:root:Rank 1 training batch 540 loss 0.6378330588340759
16:28:48 trainer_1 got updated model
16:28:48 trainer_1 got updated model
16:28:49 trainer_1 got updated model
16:28:49 trainer_1 got updated model
16:28:50 trainer_1 got updated model
INFO:root:Rank 1 training batch 545 loss 0.050825878977775574
16:28:50 trainer_1 got updated model
16:28:51 trainer_1 got updated model
16:28:51 trainer_1 got updated model
16:28:52 trainer_1 got updated model
16:28:52 trainer_1 got updated model
INFO:root:Rank 1 training batch 550 loss 0.05947958305478096
16:28:53 trainer_1 got updated model
16:28:53 trainer_1 got updated model
16:28:54 trainer_1 got updated model
16:28:54 trainer_1 got updated model
16:28:55 trainer_1 got updated model
INFO:root:Rank 1 training batch 555 loss 0.07169795036315918
16:28:55 trainer_1 got updated model
16:28:56 trainer_1 got updated model
16:28:56 trainer_1 got updated model
16:28:57 trainer_1 got updated model
16:28:57 trainer_1 got updated model
INFO:root:Rank 1 training batch 560 loss 0.43230903148651123
16:28:58 trainer_1 got updated model
16:28:59 trainer_1 got updated model
16:28:59 trainer_1 got updated model
16:29:00 trainer_1 got updated model
16:29:00 trainer_1 got updated model
INFO:root:Rank 1 training batch 565 loss 0.10281455516815186
16:29:01 trainer_1 got updated model
16:29:01 trainer_1 got updated model
16:29:02 trainer_1 got updated model
16:29:03 trainer_1 got updated model
16:29:03 trainer_1 got updated model
INFO:root:Rank 1 training batch 570 loss 0.21272821724414825
16:29:04 trainer_1 got updated model
16:29:04 trainer_1 got updated model
16:29:05 trainer_1 got updated model
16:29:05 trainer_1 got updated model
16:29:06 trainer_1 got updated model
INFO:root:Rank 1 training batch 575 loss 0.06867196410894394
16:29:06 trainer_1 got updated model
16:29:07 trainer_1 got updated model
16:29:07 trainer_1 got updated model
16:29:08 trainer_1 got updated model
16:29:08 trainer_1 got updated model
INFO:root:Rank 1 training batch 580 loss 0.2322988063097
16:29:09 trainer_1 got updated model
16:29:09 trainer_1 got updated model
16:29:10 trainer_1 got updated model
16:29:10 trainer_1 got updated model
16:29:11 trainer_1 got updated model
INFO:root:Rank 1 training batch 585 loss 0.26997262239456177
16:29:11 trainer_1 got updated model
16:29:12 trainer_1 got updated model
16:29:12 trainer_1 got updated model
16:29:13 trainer_1 got updated model
16:29:13 trainer_1 got updated model
INFO:root:Rank 1 training batch 590 loss 0.04418338090181351
16:29:14 trainer_1 got updated model
16:29:14 trainer_1 got updated model
16:29:15 trainer_1 got updated model
16:29:15 trainer_1 got updated model
16:29:16 trainer_1 got updated model
INFO:root:Rank 1 training batch 595 loss 0.11413729190826416
16:29:16 trainer_1 got updated model
16:29:17 trainer_1 got updated model
16:29:17 trainer_1 got updated model
16:29:18 trainer_1 got updated model
16:29:18 trainer_1 got updated model
INFO:root:Rank 1 training batch 600 loss 0.23709815740585327
16:29:19 trainer_1 got updated model
16:29:19 trainer_1 got updated model
16:29:20 trainer_1 got updated model
16:29:20 trainer_1 got updated model
16:29:21 trainer_1 got updated model
INFO:root:Rank 1 training batch 605 loss 0.013833330944180489
16:29:21 trainer_1 got updated model
16:29:22 trainer_1 got updated model
16:29:22 trainer_1 got updated model
16:29:23 trainer_1 got updated model
16:29:23 trainer_1 got updated model
INFO:root:Rank 1 training batch 610 loss 0.27317461371421814
16:29:24 trainer_1 got updated model
16:29:24 trainer_1 got updated model
16:29:25 trainer_1 got updated model
16:29:25 trainer_1 got updated model
16:29:26 trainer_1 got updated model
INFO:root:Rank 1 training batch 615 loss 0.01236805971711874
16:29:26 trainer_1 got updated model
16:29:27 trainer_1 got updated model
16:29:27 trainer_1 got updated model
16:29:28 trainer_1 got updated model
16:29:28 trainer_1 got updated model
INFO:root:Rank 1 training batch 620 loss 0.020602447912096977
16:29:29 trainer_1 got updated model
16:29:29 trainer_1 got updated model
16:29:30 trainer_1 got updated model
16:29:30 trainer_1 got updated model
16:29:31 trainer_1 got updated model
INFO:root:Rank 1 training batch 625 loss 0.2822997272014618
16:29:31 trainer_1 got updated model
16:29:32 trainer_1 got updated model
16:29:32 trainer_1 got updated model
16:29:33 trainer_1 got updated model
16:29:33 trainer_1 got updated model
INFO:root:Rank 1 training batch 630 loss 0.32448533177375793
16:29:34 trainer_1 got updated model
16:29:34 trainer_1 got updated model
16:29:35 trainer_1 got updated model
16:29:36 trainer_1 got updated model
16:29:36 trainer_1 got updated model
INFO:root:Rank 1 training batch 635 loss 0.3494641184806824
16:29:37 trainer_1 got updated model
16:29:37 trainer_1 got updated model
16:29:38 trainer_1 got updated model
16:29:38 trainer_1 got updated model
16:29:39 trainer_1 got updated model
INFO:root:Rank 1 training batch 640 loss 0.08617263287305832
16:29:39 trainer_1 got updated model
16:29:40 trainer_1 got updated model
16:29:40 trainer_1 got updated model
16:29:41 trainer_1 got updated model
16:29:41 trainer_1 got updated model
INFO:root:Rank 1 training batch 645 loss 0.3205978274345398
16:29:42 trainer_1 got updated model
16:29:42 trainer_1 got updated model
16:29:43 trainer_1 got updated model
16:29:43 trainer_1 got updated model
16:29:44 trainer_1 got updated model
INFO:root:Rank 1 training batch 650 loss 0.051287174224853516
16:29:44 trainer_1 got updated model
16:29:45 trainer_1 got updated model
16:29:45 trainer_1 got updated model
16:29:46 trainer_1 got updated model
16:29:46 trainer_1 got updated model
INFO:root:Rank 1 training batch 655 loss 0.015100311487913132
16:29:47 trainer_1 got updated model
16:29:47 trainer_1 got updated model
16:29:48 trainer_1 got updated model
16:29:48 trainer_1 got updated model
16:29:49 trainer_1 got updated model
INFO:root:Rank 1 training batch 660 loss 0.03259485587477684
16:29:49 trainer_1 got updated model
16:29:50 trainer_1 got updated model
16:29:50 trainer_1 got updated model
16:29:51 trainer_1 got updated model
16:29:51 trainer_1 got updated model
INFO:root:Rank 1 training batch 665 loss 0.11051822453737259
16:29:52 trainer_1 got updated model
16:29:52 trainer_1 got updated model
16:29:53 trainer_1 got updated model
16:29:53 trainer_1 got updated model
16:29:54 trainer_1 got updated model
INFO:root:Rank 1 training batch 670 loss 0.25155729055404663
16:29:54 trainer_1 got updated model
16:29:54 trainer_1 got updated model
16:29:55 trainer_1 got updated model
16:29:55 trainer_1 got updated model
16:29:56 trainer_1 got updated model
INFO:root:Rank 1 training batch 675 loss 0.13295184075832367
16:29:56 trainer_1 got updated model
16:29:57 trainer_1 got updated model
16:29:57 trainer_1 got updated model
16:29:58 trainer_1 got updated model
16:29:58 trainer_1 got updated model
INFO:root:Rank 1 training batch 680 loss 0.1379135102033615
16:29:59 trainer_1 got updated model
16:29:59 trainer_1 got updated model
16:30:00 trainer_1 got updated model
16:30:00 trainer_1 got updated model
16:30:01 trainer_1 got updated model
INFO:root:Rank 1 training batch 685 loss 0.20369987189769745
16:30:01 trainer_1 got updated model
16:30:02 trainer_1 got updated model
16:30:02 trainer_1 got updated model
16:30:03 trainer_1 got updated model
16:30:03 trainer_1 got updated model
INFO:root:Rank 1 training batch 690 loss 0.05443615838885307
16:30:04 trainer_1 got updated model
16:30:04 trainer_1 got updated model
16:30:05 trainer_1 got updated model
16:30:05 trainer_1 got updated model
16:30:06 trainer_1 got updated model
INFO:root:Rank 1 training batch 695 loss 0.08445823192596436
16:30:06 trainer_1 got updated model
16:30:07 trainer_1 got updated model
16:30:08 trainer_1 got updated model
16:30:08 trainer_1 got updated model
16:30:09 trainer_1 got updated model
INFO:root:Rank 1 training batch 700 loss 0.024133974686264992
16:30:09 trainer_1 got updated model
16:30:10 trainer_1 got updated model
16:30:10 trainer_1 got updated model
16:30:11 trainer_1 got updated model
16:30:11 trainer_1 got updated model
INFO:root:Rank 1 training batch 705 loss 0.13159671425819397
16:30:12 trainer_1 got updated model
16:30:12 trainer_1 got updated model
16:30:12 trainer_1 got updated model
16:30:13 trainer_1 got updated model
16:30:13 trainer_1 got updated model
INFO:root:Rank 1 training batch 710 loss 0.12409985810518265
16:30:14 trainer_1 got updated model
16:30:15 trainer_1 got updated model
16:30:15 trainer_1 got updated model
16:30:16 trainer_1 got updated model
16:30:16 trainer_1 got updated model
INFO:root:Rank 1 training batch 715 loss 0.208583801984787
16:30:17 trainer_1 got updated model
16:30:17 trainer_1 got updated model
16:30:18 trainer_1 got updated model
16:30:18 trainer_1 got updated model
16:30:19 trainer_1 got updated model
INFO:root:Rank 1 training batch 720 loss 0.0628649964928627
16:30:19 trainer_1 got updated model
16:30:20 trainer_1 got updated model
16:30:20 trainer_1 got updated model
16:30:21 trainer_1 got updated model
16:30:21 trainer_1 got updated model
INFO:root:Rank 1 training batch 725 loss 0.08391740918159485
16:30:22 trainer_1 got updated model
16:30:22 trainer_1 got updated model
16:30:23 trainer_1 got updated model
16:30:23 trainer_1 got updated model
16:30:24 trainer_1 got updated model
INFO:root:Rank 1 training batch 730 loss 0.054954126477241516
16:30:24 trainer_1 got updated model
16:30:25 trainer_1 got updated model
16:30:25 trainer_1 got updated model
16:30:26 trainer_1 got updated model
16:30:26 trainer_1 got updated model
INFO:root:Rank 1 training batch 735 loss 0.13897816836833954
16:30:27 trainer_1 got updated model
16:30:27 trainer_1 got updated model
16:30:28 trainer_1 got updated model
16:30:28 trainer_1 got updated model
16:30:29 trainer_1 got updated model
INFO:root:Rank 1 training batch 740 loss 0.17426705360412598
16:30:29 trainer_1 got updated model
16:30:30 trainer_1 got updated model
16:30:30 trainer_1 got updated model
16:30:31 trainer_1 got updated model
16:30:31 trainer_1 got updated model
INFO:root:Rank 1 training batch 745 loss 0.1946880966424942
16:30:32 trainer_1 got updated model
16:30:32 trainer_1 got updated model
16:30:33 trainer_1 got updated model
16:30:33 trainer_1 got updated model
16:30:34 trainer_1 got updated model
INFO:root:Rank 1 training batch 750 loss 0.06687546521425247
16:30:34 trainer_1 got updated model
16:30:35 trainer_1 got updated model
16:30:35 trainer_1 got updated model
16:30:36 trainer_1 got updated model
16:30:36 trainer_1 got updated model
INFO:root:Rank 1 training batch 755 loss 0.10089538246393204
16:30:37 trainer_1 got updated model
16:30:37 trainer_1 got updated model
16:30:38 trainer_1 got updated model
16:30:38 trainer_1 got updated model
16:30:39 trainer_1 got updated model
INFO:root:Rank 1 training batch 760 loss 0.12244042009115219
16:30:39 trainer_1 got updated model
16:30:40 trainer_1 got updated model
16:30:41 trainer_1 got updated model
16:30:41 trainer_1 got updated model
16:30:42 trainer_1 got updated model
INFO:root:Rank 1 training batch 765 loss 0.24392592906951904
16:30:42 trainer_1 got updated model
16:30:43 trainer_1 got updated model
16:30:43 trainer_1 got updated model
16:30:44 trainer_1 got updated model
16:30:44 trainer_1 got updated model
INFO:root:Rank 1 training batch 770 loss 0.5725660920143127
16:30:45 trainer_1 got updated model
16:30:46 trainer_1 got updated model
16:30:46 trainer_1 got updated model
16:30:47 trainer_1 got updated model
16:30:47 trainer_1 got updated model
INFO:root:Rank 1 training batch 775 loss 0.014487653970718384
16:30:48 trainer_1 got updated model
16:30:48 trainer_1 got updated model
16:30:49 trainer_1 got updated model
16:30:49 trainer_1 got updated model
16:30:50 trainer_1 got updated model
INFO:root:Rank 1 training batch 780 loss 0.19696936011314392
16:30:50 trainer_1 got updated model
16:30:51 trainer_1 got updated model
16:30:51 trainer_1 got updated model
16:30:52 trainer_1 got updated model
16:30:52 trainer_1 got updated model
INFO:root:Rank 1 training batch 785 loss 0.08401928842067719
16:30:53 trainer_1 got updated model
16:30:53 trainer_1 got updated model
16:30:54 trainer_1 got updated model
16:30:54 trainer_1 got updated model
16:30:55 trainer_1 got updated model
INFO:root:Rank 1 training batch 790 loss 0.3155413568019867
16:30:55 trainer_1 got updated model
16:30:56 trainer_1 got updated model
16:30:56 trainer_1 got updated model
16:30:57 trainer_1 got updated model
16:30:57 trainer_1 got updated model
INFO:root:Rank 1 training batch 795 loss 0.06053556501865387
16:30:58 trainer_1 got updated model
16:30:58 trainer_1 got updated model
16:30:59 trainer_1 got updated model
16:30:59 trainer_1 got updated model
16:31:00 trainer_1 got updated model
INFO:root:Rank 1 training batch 800 loss 0.14769546687602997
16:31:00 trainer_1 got updated model
16:31:01 trainer_1 got updated model
16:31:01 trainer_1 got updated model
16:31:02 trainer_1 got updated model
16:31:02 trainer_1 got updated model
INFO:root:Rank 1 training batch 805 loss 0.06704343110322952
16:31:03 trainer_1 got updated model
16:31:03 trainer_1 got updated model
16:31:04 trainer_1 got updated model
16:31:04 trainer_1 got updated model
16:31:05 trainer_1 got updated model
INFO:root:Rank 1 training batch 810 loss 0.34550392627716064
16:31:05 trainer_1 got updated model
16:31:06 trainer_1 got updated model
16:31:06 trainer_1 got updated model
16:31:07 trainer_1 got updated model
16:31:07 trainer_1 got updated model
INFO:root:Rank 1 training batch 815 loss 0.055975936353206635
16:31:08 trainer_1 got updated model
16:31:08 trainer_1 got updated model
16:31:09 trainer_1 got updated model
16:31:09 trainer_1 got updated model
16:31:10 trainer_1 got updated model
INFO:root:Rank 1 training batch 820 loss 0.030736638233065605
16:31:10 trainer_1 got updated model
16:31:11 trainer_1 got updated model
16:31:11 trainer_1 got updated model
16:31:12 trainer_1 got updated model
16:31:12 trainer_1 got updated model
INFO:root:Rank 1 training batch 825 loss 0.08685897290706635
16:31:13 trainer_1 got updated model
16:31:13 trainer_1 got updated model
16:31:14 trainer_1 got updated model
16:31:14 trainer_1 got updated model
16:31:15 trainer_1 got updated model
INFO:root:Rank 1 training batch 830 loss 0.29986125230789185
16:31:15 trainer_1 got updated model
16:31:16 trainer_1 got updated model
16:31:16 trainer_1 got updated model
16:31:17 trainer_1 got updated model
16:31:18 trainer_1 got updated model
INFO:root:Rank 1 training batch 835 loss 0.4679710268974304
16:31:18 trainer_1 got updated model
16:31:19 trainer_1 got updated model
16:31:19 trainer_1 got updated model
16:31:20 trainer_1 got updated model
16:31:20 trainer_1 got updated model
INFO:root:Rank 1 training batch 840 loss 0.10566308349370956
16:31:21 trainer_1 got updated model
16:31:21 trainer_1 got updated model
16:31:22 trainer_1 got updated model
16:31:22 trainer_1 got updated model
16:31:23 trainer_1 got updated model
INFO:root:Rank 1 training batch 845 loss 0.1703214943408966
16:31:23 trainer_1 got updated model
16:31:24 trainer_1 got updated model
16:31:24 trainer_1 got updated model
16:31:25 trainer_1 got updated model
16:31:25 trainer_1 got updated model
INFO:root:Rank 1 training batch 850 loss 0.08865262567996979
16:31:26 trainer_1 got updated model
16:31:26 trainer_1 got updated model
16:31:27 trainer_1 got updated model
16:31:27 trainer_1 got updated model
16:31:28 trainer_1 got updated model
INFO:root:Rank 1 training batch 855 loss 0.12147901952266693
16:31:28 trainer_1 got updated model
16:31:29 trainer_1 got updated model
16:31:29 trainer_1 got updated model
16:31:30 trainer_1 got updated model
16:31:30 trainer_1 got updated model
INFO:root:Rank 1 training batch 860 loss 0.006442216224968433
16:31:31 trainer_1 got updated model
16:31:31 trainer_1 got updated model
16:31:32 trainer_1 got updated model
16:31:32 trainer_1 got updated model
16:31:33 trainer_1 got updated model
INFO:root:Rank 1 training batch 865 loss 0.03513691946864128
16:31:33 trainer_1 got updated model
16:31:34 trainer_1 got updated model
16:31:34 trainer_1 got updated model
16:31:35 trainer_1 got updated model
16:31:35 trainer_1 got updated model
INFO:root:Rank 1 training batch 870 loss 0.2293945699930191
16:31:36 trainer_1 got updated model
16:31:36 trainer_1 got updated model
16:31:37 trainer_1 got updated model
16:31:37 trainer_1 got updated model
16:31:38 trainer_1 got updated model
INFO:root:Rank 1 training batch 875 loss 0.04730794206261635
16:31:38 trainer_1 got updated model
16:31:39 trainer_1 got updated model
16:31:39 trainer_1 got updated model
16:31:40 trainer_1 got updated model
16:31:41 trainer_1 got updated model
INFO:root:Rank 1 training batch 880 loss 0.005370583850890398
16:31:41 trainer_1 got updated model
16:31:42 trainer_1 got updated model
16:31:42 trainer_1 got updated model
16:31:43 trainer_1 got updated model
16:31:43 trainer_1 got updated model
INFO:root:Rank 1 training batch 885 loss 0.06663317233324051
16:31:44 trainer_1 got updated model
16:31:44 trainer_1 got updated model
16:31:45 trainer_1 got updated model
16:31:45 trainer_1 got updated model
16:31:46 trainer_1 got updated model
INFO:root:Rank 1 training batch 890 loss 0.06529378890991211
16:31:46 trainer_1 got updated model
16:31:47 trainer_1 got updated model
16:31:48 trainer_1 got updated model
16:31:48 trainer_1 got updated model
16:31:49 trainer_1 got updated model
INFO:root:Rank 1 training batch 895 loss 0.031920772045850754
16:31:49 trainer_1 got updated model
16:31:50 trainer_1 got updated model
16:31:50 trainer_1 got updated model
16:31:51 trainer_1 got updated model
16:31:51 trainer_1 got updated model
INFO:root:Rank 1 training batch 900 loss 0.03186561539769173
16:31:52 trainer_1 got updated model
16:31:52 trainer_1 got updated model
16:31:53 trainer_1 got updated model
16:31:53 trainer_1 got updated model
16:31:54 trainer_1 got updated model
INFO:root:Rank 1 training batch 905 loss 0.14271171391010284
16:31:54 trainer_1 got updated model
16:31:55 trainer_1 got updated model
16:31:55 trainer_1 got updated model
16:31:56 trainer_1 got updated model
16:31:56 trainer_1 got updated model
INFO:root:Rank 1 training batch 910 loss 0.5345732569694519
16:31:57 trainer_1 got updated model
16:31:57 trainer_1 got updated model
16:31:58 trainer_1 got updated model
16:31:59 trainer_1 got updated model
16:31:59 trainer_1 got updated model
INFO:root:Rank 1 training batch 915 loss 0.22620326280593872
16:32:00 trainer_1 got updated model
16:32:00 trainer_1 got updated model
16:32:01 trainer_1 got updated model
16:32:01 trainer_1 got updated model
16:32:02 trainer_1 got updated model
INFO:root:Rank 1 training batch 920 loss 0.2302836924791336
16:32:02 trainer_1 got updated model
16:32:03 trainer_1 got updated model
16:32:03 trainer_1 got updated model
16:32:04 trainer_1 got updated model
16:32:04 trainer_1 got updated model
INFO:root:Rank 1 training batch 925 loss 0.16235589981079102
16:32:05 trainer_1 got updated model
16:32:05 trainer_1 got updated model
16:32:06 trainer_1 got updated model
16:32:06 trainer_1 got updated model
16:32:07 trainer_1 got updated model
INFO:root:Rank 1 training batch 930 loss 0.07874908298254013
16:32:07 trainer_1 got updated model
16:32:08 trainer_1 got updated model
16:32:08 trainer_1 got updated model
16:32:09 trainer_1 got updated model
16:32:09 trainer_1 got updated model
INFO:root:Rank 1 training batch 935 loss 0.1928069293498993
16:32:10 trainer_1 got updated model
16:32:10 trainer_1 got updated model
16:32:11 trainer_1 got updated model
INFO:root:Training complete!
INFO:root:Getting accuracy....
INFO:root:Accuracy 0.9775
