gl1015
============>Torch version:  1.8.0
INFO:root:Worker rank 2 initializing RPC
INFO:root:Worker 2 done initializing RPC
INFO:root:Number of batchs 938
INFO:root:Rank 2 training batch 0 loss 2.3162851333618164
16:24:08 trainer_2 got updated model
16:24:08 trainer_2 got updated model
16:24:09 trainer_2 got updated model
16:24:09 trainer_2 got updated model
16:24:10 trainer_2 got updated model
INFO:root:Rank 2 training batch 5 loss 2.0174994468688965
16:24:10 trainer_2 got updated model
16:24:11 trainer_2 got updated model
16:24:11 trainer_2 got updated model
16:24:12 trainer_2 got updated model
16:24:12 trainer_2 got updated model
INFO:root:Rank 2 training batch 10 loss 1.503744125366211
16:24:13 trainer_2 got updated model
16:24:14 trainer_2 got updated model
16:24:14 trainer_2 got updated model
16:24:15 trainer_2 got updated model
16:24:15 trainer_2 got updated model
INFO:root:Rank 2 training batch 15 loss 1.179563045501709
16:24:16 trainer_2 got updated model
16:24:16 trainer_2 got updated model
16:24:17 trainer_2 got updated model
16:24:17 trainer_2 got updated model
16:24:18 trainer_2 got updated model
INFO:root:Rank 2 training batch 20 loss 0.8819636106491089
16:24:18 trainer_2 got updated model
16:24:19 trainer_2 got updated model
16:24:20 trainer_2 got updated model
16:24:20 trainer_2 got updated model
16:24:21 trainer_2 got updated model
INFO:root:Rank 2 training batch 25 loss 0.7069227695465088
16:24:21 trainer_2 got updated model
16:24:22 trainer_2 got updated model
16:24:22 trainer_2 got updated model
16:24:23 trainer_2 got updated model
16:24:23 trainer_2 got updated model
INFO:root:Rank 2 training batch 30 loss 0.8617204427719116
16:24:24 trainer_2 got updated model
16:24:24 trainer_2 got updated model
16:24:25 trainer_2 got updated model
16:24:25 trainer_2 got updated model
16:24:26 trainer_2 got updated model
INFO:root:Rank 2 training batch 35 loss 0.5391075611114502
16:24:26 trainer_2 got updated model
16:24:27 trainer_2 got updated model
16:24:27 trainer_2 got updated model
16:24:28 trainer_2 got updated model
16:24:28 trainer_2 got updated model
INFO:root:Rank 2 training batch 40 loss 0.5486574172973633
16:24:29 trainer_2 got updated model
16:24:29 trainer_2 got updated model
16:24:30 trainer_2 got updated model
16:24:30 trainer_2 got updated model
16:24:31 trainer_2 got updated model
INFO:root:Rank 2 training batch 45 loss 0.7101702094078064
16:24:31 trainer_2 got updated model
16:24:32 trainer_2 got updated model
16:24:32 trainer_2 got updated model
16:24:33 trainer_2 got updated model
16:24:33 trainer_2 got updated model
INFO:root:Rank 2 training batch 50 loss 0.5558264255523682
16:24:34 trainer_2 got updated model
16:24:34 trainer_2 got updated model
16:24:35 trainer_2 got updated model
16:24:35 trainer_2 got updated model
16:24:36 trainer_2 got updated model
INFO:root:Rank 2 training batch 55 loss 0.762505054473877
16:24:36 trainer_2 got updated model
16:24:37 trainer_2 got updated model
16:24:37 trainer_2 got updated model
16:24:38 trainer_2 got updated model
16:24:39 trainer_2 got updated model
INFO:root:Rank 2 training batch 60 loss 0.5798654556274414
16:24:39 trainer_2 got updated model
16:24:40 trainer_2 got updated model
16:24:40 trainer_2 got updated model
16:24:41 trainer_2 got updated model
16:24:41 trainer_2 got updated model
INFO:root:Rank 2 training batch 65 loss 0.29246845841407776
16:24:42 trainer_2 got updated model
16:24:42 trainer_2 got updated model
16:24:43 trainer_2 got updated model
16:24:43 trainer_2 got updated model
16:24:44 trainer_2 got updated model
INFO:root:Rank 2 training batch 70 loss 0.4193066656589508
16:24:45 trainer_2 got updated model
16:24:45 trainer_2 got updated model
16:24:46 trainer_2 got updated model
16:24:46 trainer_2 got updated model
16:24:47 trainer_2 got updated model
INFO:root:Rank 2 training batch 75 loss 0.2844517230987549
16:24:47 trainer_2 got updated model
16:24:48 trainer_2 got updated model
16:24:48 trainer_2 got updated model
16:24:49 trainer_2 got updated model
16:24:49 trainer_2 got updated model
INFO:root:Rank 2 training batch 80 loss 0.318444162607193
16:24:50 trainer_2 got updated model
16:24:50 trainer_2 got updated model
16:24:51 trainer_2 got updated model
16:24:51 trainer_2 got updated model
16:24:52 trainer_2 got updated model
INFO:root:Rank 2 training batch 85 loss 0.11001512408256531
16:24:52 trainer_2 got updated model
16:24:53 trainer_2 got updated model
16:24:53 trainer_2 got updated model
16:24:54 trainer_2 got updated model
16:24:54 trainer_2 got updated model
INFO:root:Rank 2 training batch 90 loss 0.4392560124397278
16:24:55 trainer_2 got updated model
16:24:55 trainer_2 got updated model
16:24:56 trainer_2 got updated model
16:24:56 trainer_2 got updated model
16:24:57 trainer_2 got updated model
INFO:root:Rank 2 training batch 95 loss 0.26456448435783386
16:24:57 trainer_2 got updated model
16:24:58 trainer_2 got updated model
16:24:58 trainer_2 got updated model
16:24:59 trainer_2 got updated model
16:24:59 trainer_2 got updated model
INFO:root:Rank 2 training batch 100 loss 0.3121480941772461
16:25:00 trainer_2 got updated model
16:25:00 trainer_2 got updated model
16:25:01 trainer_2 got updated model
16:25:01 trainer_2 got updated model
16:25:02 trainer_2 got updated model
INFO:root:Rank 2 training batch 105 loss 0.17456117272377014
16:25:02 trainer_2 got updated model
16:25:03 trainer_2 got updated model
16:25:03 trainer_2 got updated model
16:25:04 trainer_2 got updated model
16:25:04 trainer_2 got updated model
INFO:root:Rank 2 training batch 110 loss 0.1430237740278244
16:25:05 trainer_2 got updated model
16:25:05 trainer_2 got updated model
16:25:06 trainer_2 got updated model
16:25:06 trainer_2 got updated model
16:25:07 trainer_2 got updated model
INFO:root:Rank 2 training batch 115 loss 0.3691723644733429
16:25:07 trainer_2 got updated model
16:25:08 trainer_2 got updated model
16:25:08 trainer_2 got updated model
16:25:09 trainer_2 got updated model
16:25:09 trainer_2 got updated model
INFO:root:Rank 2 training batch 120 loss 0.09515274316072464
16:25:10 trainer_2 got updated model
16:25:10 trainer_2 got updated model
16:25:11 trainer_2 got updated model
16:25:12 trainer_2 got updated model
16:25:12 trainer_2 got updated model
INFO:root:Rank 2 training batch 125 loss 0.4300599992275238
16:25:13 trainer_2 got updated model
16:25:13 trainer_2 got updated model
16:25:14 trainer_2 got updated model
16:25:14 trainer_2 got updated model
16:25:15 trainer_2 got updated model
INFO:root:Rank 2 training batch 130 loss 0.18978357315063477
16:25:15 trainer_2 got updated model
16:25:16 trainer_2 got updated model
16:25:16 trainer_2 got updated model
16:25:17 trainer_2 got updated model
16:25:17 trainer_2 got updated model
INFO:root:Rank 2 training batch 135 loss 0.8512781262397766
16:25:18 trainer_2 got updated model
16:25:19 trainer_2 got updated model
16:25:19 trainer_2 got updated model
16:25:19 trainer_2 got updated model
16:25:20 trainer_2 got updated model
INFO:root:Rank 2 training batch 140 loss 0.9406194686889648
16:25:20 trainer_2 got updated model
16:25:21 trainer_2 got updated model
16:25:21 trainer_2 got updated model
16:25:22 trainer_2 got updated model
16:25:22 trainer_2 got updated model
INFO:root:Rank 2 training batch 145 loss 0.2889212667942047
16:25:23 trainer_2 got updated model
16:25:23 trainer_2 got updated model
16:25:24 trainer_2 got updated model
16:25:25 trainer_2 got updated model
16:25:25 trainer_2 got updated model
INFO:root:Rank 2 training batch 150 loss 0.21562236547470093
16:25:26 trainer_2 got updated model
16:25:26 trainer_2 got updated model
16:25:27 trainer_2 got updated model
16:25:27 trainer_2 got updated model
16:25:28 trainer_2 got updated model
INFO:root:Rank 2 training batch 155 loss 0.3447589576244354
16:25:28 trainer_2 got updated model
16:25:29 trainer_2 got updated model
16:25:29 trainer_2 got updated model
16:25:30 trainer_2 got updated model
16:25:30 trainer_2 got updated model
INFO:root:Rank 2 training batch 160 loss 0.08492660522460938
16:25:31 trainer_2 got updated model
16:25:31 trainer_2 got updated model
16:25:32 trainer_2 got updated model
16:25:32 trainer_2 got updated model
16:25:33 trainer_2 got updated model
INFO:root:Rank 2 training batch 165 loss 0.11312112212181091
16:25:33 trainer_2 got updated model
16:25:34 trainer_2 got updated model
16:25:34 trainer_2 got updated model
16:25:35 trainer_2 got updated model
16:25:35 trainer_2 got updated model
INFO:root:Rank 2 training batch 170 loss 0.1045355424284935
16:25:36 trainer_2 got updated model
16:25:36 trainer_2 got updated model
16:25:37 trainer_2 got updated model
16:25:38 trainer_2 got updated model
16:25:38 trainer_2 got updated model
INFO:root:Rank 2 training batch 175 loss 0.2186940610408783
16:25:39 trainer_2 got updated model
16:25:39 trainer_2 got updated model
16:25:40 trainer_2 got updated model
16:25:40 trainer_2 got updated model
16:25:41 trainer_2 got updated model
INFO:root:Rank 2 training batch 180 loss 0.3020705282688141
16:25:41 trainer_2 got updated model
16:25:42 trainer_2 got updated model
16:25:42 trainer_2 got updated model
16:25:43 trainer_2 got updated model
16:25:43 trainer_2 got updated model
INFO:root:Rank 2 training batch 185 loss 0.3828488290309906
16:25:44 trainer_2 got updated model
16:25:44 trainer_2 got updated model
16:25:45 trainer_2 got updated model
16:25:45 trainer_2 got updated model
16:25:46 trainer_2 got updated model
INFO:root:Rank 2 training batch 190 loss 0.20678654313087463
16:25:46 trainer_2 got updated model
16:25:47 trainer_2 got updated model
16:25:47 trainer_2 got updated model
16:25:48 trainer_2 got updated model
16:25:48 trainer_2 got updated model
INFO:root:Rank 2 training batch 195 loss 0.35026541352272034
16:25:49 trainer_2 got updated model
16:25:49 trainer_2 got updated model
16:25:50 trainer_2 got updated model
16:25:50 trainer_2 got updated model
16:25:51 trainer_2 got updated model
INFO:root:Rank 2 training batch 200 loss 0.4723266363143921
16:25:51 trainer_2 got updated model
16:25:52 trainer_2 got updated model
16:25:52 trainer_2 got updated model
16:25:53 trainer_2 got updated model
16:25:53 trainer_2 got updated model
INFO:root:Rank 2 training batch 205 loss 0.20852695405483246
16:25:54 trainer_2 got updated model
16:25:54 trainer_2 got updated model
16:25:55 trainer_2 got updated model
16:25:55 trainer_2 got updated model
16:25:56 trainer_2 got updated model
INFO:root:Rank 2 training batch 210 loss 0.14033488929271698
16:25:56 trainer_2 got updated model
16:25:57 trainer_2 got updated model
16:25:57 trainer_2 got updated model
16:25:58 trainer_2 got updated model
16:25:58 trainer_2 got updated model
INFO:root:Rank 2 training batch 215 loss 0.08111713081598282
16:25:59 trainer_2 got updated model
16:25:59 trainer_2 got updated model
16:26:00 trainer_2 got updated model
16:26:00 trainer_2 got updated model
16:26:01 trainer_2 got updated model
INFO:root:Rank 2 training batch 220 loss 0.06308512389659882
16:26:01 trainer_2 got updated model
16:26:02 trainer_2 got updated model
16:26:02 trainer_2 got updated model
16:26:03 trainer_2 got updated model
16:26:03 trainer_2 got updated model
INFO:root:Rank 2 training batch 225 loss 0.39822420477867126
16:26:04 trainer_2 got updated model
16:26:04 trainer_2 got updated model
16:26:05 trainer_2 got updated model
16:26:05 trainer_2 got updated model
16:26:06 trainer_2 got updated model
INFO:root:Rank 2 training batch 230 loss 0.13406886160373688
16:26:06 trainer_2 got updated model
16:26:07 trainer_2 got updated model
16:26:07 trainer_2 got updated model
16:26:08 trainer_2 got updated model
16:26:08 trainer_2 got updated model
INFO:root:Rank 2 training batch 235 loss 0.07537311315536499
16:26:09 trainer_2 got updated model
16:26:10 trainer_2 got updated model
16:26:10 trainer_2 got updated model
16:26:11 trainer_2 got updated model
16:26:11 trainer_2 got updated model
INFO:root:Rank 2 training batch 240 loss 0.12297143042087555
16:26:12 trainer_2 got updated model
16:26:12 trainer_2 got updated model
16:26:13 trainer_2 got updated model
16:26:13 trainer_2 got updated model
16:26:14 trainer_2 got updated model
INFO:root:Rank 2 training batch 245 loss 0.35345911979675293
16:26:14 trainer_2 got updated model
16:26:15 trainer_2 got updated model
16:26:15 trainer_2 got updated model
16:26:16 trainer_2 got updated model
16:26:16 trainer_2 got updated model
INFO:root:Rank 2 training batch 250 loss 0.17974305152893066
16:26:17 trainer_2 got updated model
16:26:17 trainer_2 got updated model
16:26:18 trainer_2 got updated model
16:26:18 trainer_2 got updated model
16:26:19 trainer_2 got updated model
INFO:root:Rank 2 training batch 255 loss 0.240169495344162
16:26:20 trainer_2 got updated model
16:26:20 trainer_2 got updated model
16:26:21 trainer_2 got updated model
16:26:21 trainer_2 got updated model
16:26:22 trainer_2 got updated model
INFO:root:Rank 2 training batch 260 loss 0.04381014406681061
16:26:22 trainer_2 got updated model
16:26:23 trainer_2 got updated model
16:26:24 trainer_2 got updated model
16:26:24 trainer_2 got updated model
16:26:25 trainer_2 got updated model
INFO:root:Rank 2 training batch 265 loss 0.12140323221683502
16:26:25 trainer_2 got updated model
16:26:26 trainer_2 got updated model
16:26:26 trainer_2 got updated model
16:26:27 trainer_2 got updated model
16:26:27 trainer_2 got updated model
INFO:root:Rank 2 training batch 270 loss 0.3425480127334595
16:26:28 trainer_2 got updated model
16:26:28 trainer_2 got updated model
16:26:29 trainer_2 got updated model
16:26:29 trainer_2 got updated model
16:26:30 trainer_2 got updated model
INFO:root:Rank 2 training batch 275 loss 0.18480388820171356
16:26:30 trainer_2 got updated model
16:26:31 trainer_2 got updated model
16:26:31 trainer_2 got updated model
16:26:32 trainer_2 got updated model
16:26:32 trainer_2 got updated model
INFO:root:Rank 2 training batch 280 loss 0.06705069541931152
16:26:33 trainer_2 got updated model
16:26:33 trainer_2 got updated model
16:26:34 trainer_2 got updated model
16:26:34 trainer_2 got updated model
16:26:35 trainer_2 got updated model
INFO:root:Rank 2 training batch 285 loss 0.1602453738451004
16:26:36 trainer_2 got updated model
16:26:36 trainer_2 got updated model
16:26:37 trainer_2 got updated model
16:26:37 trainer_2 got updated model
16:26:38 trainer_2 got updated model
INFO:root:Rank 2 training batch 290 loss 0.08629051595926285
16:26:38 trainer_2 got updated model
16:26:39 trainer_2 got updated model
16:26:39 trainer_2 got updated model
16:26:40 trainer_2 got updated model
16:26:40 trainer_2 got updated model
INFO:root:Rank 2 training batch 295 loss 0.11676778644323349
16:26:41 trainer_2 got updated model
16:26:41 trainer_2 got updated model
16:26:42 trainer_2 got updated model
16:26:42 trainer_2 got updated model
16:26:43 trainer_2 got updated model
INFO:root:Rank 2 training batch 300 loss 0.11221251636743546
16:26:43 trainer_2 got updated model
16:26:44 trainer_2 got updated model
16:26:44 trainer_2 got updated model
16:26:45 trainer_2 got updated model
16:26:45 trainer_2 got updated model
INFO:root:Rank 2 training batch 305 loss 0.06655941903591156
16:26:46 trainer_2 got updated model
16:26:46 trainer_2 got updated model
16:26:47 trainer_2 got updated model
16:26:47 trainer_2 got updated model
16:26:48 trainer_2 got updated model
INFO:root:Rank 2 training batch 310 loss 0.2229488343000412
16:26:48 trainer_2 got updated model
16:26:49 trainer_2 got updated model
16:26:49 trainer_2 got updated model
16:26:50 trainer_2 got updated model
16:26:51 trainer_2 got updated model
INFO:root:Rank 2 training batch 315 loss 0.08797513693571091
16:26:51 trainer_2 got updated model
16:26:52 trainer_2 got updated model
16:26:52 trainer_2 got updated model
16:26:53 trainer_2 got updated model
16:26:53 trainer_2 got updated model
INFO:root:Rank 2 training batch 320 loss 0.443352073431015
16:26:54 trainer_2 got updated model
16:26:54 trainer_2 got updated model
16:26:55 trainer_2 got updated model
16:26:55 trainer_2 got updated model
16:26:56 trainer_2 got updated model
INFO:root:Rank 2 training batch 325 loss 0.4648842513561249
16:26:56 trainer_2 got updated model
16:26:57 trainer_2 got updated model
16:26:58 trainer_2 got updated model
16:26:58 trainer_2 got updated model
16:26:59 trainer_2 got updated model
INFO:root:Rank 2 training batch 330 loss 0.15121491253376007
16:26:59 trainer_2 got updated model
16:27:00 trainer_2 got updated model
16:27:00 trainer_2 got updated model
16:27:01 trainer_2 got updated model
16:27:01 trainer_2 got updated model
INFO:root:Rank 2 training batch 335 loss 0.18034569919109344
16:27:02 trainer_2 got updated model
16:27:02 trainer_2 got updated model
16:27:03 trainer_2 got updated model
16:27:03 trainer_2 got updated model
16:27:04 trainer_2 got updated model
INFO:root:Rank 2 training batch 340 loss 0.286226749420166
16:27:04 trainer_2 got updated model
16:27:05 trainer_2 got updated model
16:27:05 trainer_2 got updated model
16:27:05 trainer_2 got updated model
16:27:06 trainer_2 got updated model
INFO:root:Rank 2 training batch 345 loss 0.07562171667814255
16:27:06 trainer_2 got updated model
16:27:07 trainer_2 got updated model
16:27:07 trainer_2 got updated model
16:27:08 trainer_2 got updated model
16:27:08 trainer_2 got updated model
INFO:root:Rank 2 training batch 350 loss 0.059159476310014725
16:27:09 trainer_2 got updated model
16:27:09 trainer_2 got updated model
16:27:10 trainer_2 got updated model
16:27:10 trainer_2 got updated model
16:27:11 trainer_2 got updated model
INFO:root:Rank 2 training batch 355 loss 0.09302332252264023
16:27:11 trainer_2 got updated model
16:27:12 trainer_2 got updated model
16:27:12 trainer_2 got updated model
16:27:13 trainer_2 got updated model
16:27:13 trainer_2 got updated model
INFO:root:Rank 2 training batch 360 loss 0.36847150325775146
16:27:14 trainer_2 got updated model
16:27:14 trainer_2 got updated model
16:27:15 trainer_2 got updated model
16:27:15 trainer_2 got updated model
16:27:16 trainer_2 got updated model
INFO:root:Rank 2 training batch 365 loss 0.17536816000938416
16:27:16 trainer_2 got updated model
16:27:17 trainer_2 got updated model
16:27:17 trainer_2 got updated model
16:27:18 trainer_2 got updated model
16:27:18 trainer_2 got updated model
INFO:root:Rank 2 training batch 370 loss 0.19778919219970703
16:27:19 trainer_2 got updated model
16:27:19 trainer_2 got updated model
16:27:20 trainer_2 got updated model
16:27:20 trainer_2 got updated model
16:27:21 trainer_2 got updated model
INFO:root:Rank 2 training batch 375 loss 0.4742138087749481
16:27:21 trainer_2 got updated model
16:27:22 trainer_2 got updated model
16:27:23 trainer_2 got updated model
16:27:23 trainer_2 got updated model
16:27:24 trainer_2 got updated model
INFO:root:Rank 2 training batch 380 loss 0.12402355670928955
16:27:24 trainer_2 got updated model
16:27:25 trainer_2 got updated model
16:27:25 trainer_2 got updated model
16:27:26 trainer_2 got updated model
16:27:27 trainer_2 got updated model
INFO:root:Rank 2 training batch 385 loss 0.25874823331832886
16:27:27 trainer_2 got updated model
16:27:28 trainer_2 got updated model
16:27:28 trainer_2 got updated model
16:27:29 trainer_2 got updated model
16:27:29 trainer_2 got updated model
INFO:root:Rank 2 training batch 390 loss 0.06971557438373566
16:27:30 trainer_2 got updated model
16:27:30 trainer_2 got updated model
16:27:31 trainer_2 got updated model
16:27:31 trainer_2 got updated model
16:27:32 trainer_2 got updated model
INFO:root:Rank 2 training batch 395 loss 0.05958034098148346
16:27:32 trainer_2 got updated model
16:27:33 trainer_2 got updated model
16:27:33 trainer_2 got updated model
16:27:34 trainer_2 got updated model
16:27:34 trainer_2 got updated model
INFO:root:Rank 2 training batch 400 loss 0.2498461753129959
16:27:35 trainer_2 got updated model
16:27:35 trainer_2 got updated model
16:27:36 trainer_2 got updated model
16:27:36 trainer_2 got updated model
16:27:37 trainer_2 got updated model
INFO:root:Rank 2 training batch 405 loss 0.12013541162014008
16:27:37 trainer_2 got updated model
16:27:38 trainer_2 got updated model
16:27:38 trainer_2 got updated model
16:27:39 trainer_2 got updated model
16:27:39 trainer_2 got updated model
INFO:root:Rank 2 training batch 410 loss 0.27790936827659607
16:27:40 trainer_2 got updated model
16:27:40 trainer_2 got updated model
16:27:41 trainer_2 got updated model
16:27:41 trainer_2 got updated model
16:27:42 trainer_2 got updated model
INFO:root:Rank 2 training batch 415 loss 0.17495538294315338
16:27:42 trainer_2 got updated model
16:27:43 trainer_2 got updated model
16:27:43 trainer_2 got updated model
16:27:44 trainer_2 got updated model
16:27:44 trainer_2 got updated model
INFO:root:Rank 2 training batch 420 loss 0.10132545977830887
16:27:45 trainer_2 got updated model
16:27:45 trainer_2 got updated model
16:27:46 trainer_2 got updated model
16:27:46 trainer_2 got updated model
16:27:47 trainer_2 got updated model
INFO:root:Rank 2 training batch 425 loss 0.22816073894500732
16:27:47 trainer_2 got updated model
16:27:48 trainer_2 got updated model
16:27:49 trainer_2 got updated model
16:27:49 trainer_2 got updated model
16:27:50 trainer_2 got updated model
INFO:root:Rank 2 training batch 430 loss 0.2528129518032074
16:27:50 trainer_2 got updated model
16:27:51 trainer_2 got updated model
16:27:51 trainer_2 got updated model
16:27:52 trainer_2 got updated model
16:27:52 trainer_2 got updated model
INFO:root:Rank 2 training batch 435 loss 0.0873538926243782
16:27:53 trainer_2 got updated model
16:27:53 trainer_2 got updated model
16:27:54 trainer_2 got updated model
16:27:54 trainer_2 got updated model
16:27:55 trainer_2 got updated model
INFO:root:Rank 2 training batch 440 loss 0.282289981842041
16:27:56 trainer_2 got updated model
16:27:56 trainer_2 got updated model
16:27:57 trainer_2 got updated model
16:27:57 trainer_2 got updated model
16:27:58 trainer_2 got updated model
INFO:root:Rank 2 training batch 445 loss 0.026592571288347244
16:27:58 trainer_2 got updated model
16:27:59 trainer_2 got updated model
16:27:59 trainer_2 got updated model
16:28:00 trainer_2 got updated model
16:28:00 trainer_2 got updated model
INFO:root:Rank 2 training batch 450 loss 0.07687204331159592
16:28:01 trainer_2 got updated model
16:28:01 trainer_2 got updated model
16:28:02 trainer_2 got updated model
16:28:02 trainer_2 got updated model
16:28:03 trainer_2 got updated model
INFO:root:Rank 2 training batch 455 loss 0.17750252783298492
16:28:03 trainer_2 got updated model
16:28:04 trainer_2 got updated model
16:28:04 trainer_2 got updated model
16:28:05 trainer_2 got updated model
16:28:05 trainer_2 got updated model
INFO:root:Rank 2 training batch 460 loss 0.17325803637504578
16:28:06 trainer_2 got updated model
16:28:06 trainer_2 got updated model
16:28:07 trainer_2 got updated model
16:28:07 trainer_2 got updated model
16:28:08 trainer_2 got updated model
INFO:root:Rank 2 training batch 465 loss 0.28665971755981445
16:28:08 trainer_2 got updated model
16:28:09 trainer_2 got updated model
16:28:09 trainer_2 got updated model
16:28:10 trainer_2 got updated model
16:28:10 trainer_2 got updated model
INFO:root:Rank 2 training batch 470 loss 0.20795512199401855
16:28:11 trainer_2 got updated model
16:28:11 trainer_2 got updated model
16:28:12 trainer_2 got updated model
16:28:13 trainer_2 got updated model
16:28:13 trainer_2 got updated model
INFO:root:Rank 2 training batch 475 loss 0.14639751613140106
16:28:14 trainer_2 got updated model
16:28:14 trainer_2 got updated model
16:28:15 trainer_2 got updated model
16:28:15 trainer_2 got updated model
16:28:16 trainer_2 got updated model
INFO:root:Rank 2 training batch 480 loss 0.010545831173658371
16:28:16 trainer_2 got updated model
16:28:17 trainer_2 got updated model
16:28:17 trainer_2 got updated model
16:28:18 trainer_2 got updated model
16:28:18 trainer_2 got updated model
INFO:root:Rank 2 training batch 485 loss 0.11760509014129639
16:28:19 trainer_2 got updated model
16:28:20 trainer_2 got updated model
16:28:20 trainer_2 got updated model
16:28:21 trainer_2 got updated model
16:28:21 trainer_2 got updated model
INFO:root:Rank 2 training batch 490 loss 0.06916146725416183
16:28:22 trainer_2 got updated model
16:28:22 trainer_2 got updated model
16:28:23 trainer_2 got updated model
16:28:23 trainer_2 got updated model
16:28:24 trainer_2 got updated model
INFO:root:Rank 2 training batch 495 loss 0.40190041065216064
16:28:24 trainer_2 got updated model
16:28:25 trainer_2 got updated model
16:28:25 trainer_2 got updated model
16:28:26 trainer_2 got updated model
16:28:26 trainer_2 got updated model
INFO:root:Rank 2 training batch 500 loss 0.15845026075839996
16:28:27 trainer_2 got updated model
16:28:27 trainer_2 got updated model
16:28:28 trainer_2 got updated model
16:28:28 trainer_2 got updated model
16:28:29 trainer_2 got updated model
INFO:root:Rank 2 training batch 505 loss 0.20012541115283966
16:28:30 trainer_2 got updated model
16:28:30 trainer_2 got updated model
16:28:31 trainer_2 got updated model
16:28:31 trainer_2 got updated model
16:28:32 trainer_2 got updated model
INFO:root:Rank 2 training batch 510 loss 0.0602068193256855
16:28:32 trainer_2 got updated model
16:28:33 trainer_2 got updated model
16:28:33 trainer_2 got updated model
16:28:34 trainer_2 got updated model
16:28:34 trainer_2 got updated model
INFO:root:Rank 2 training batch 515 loss 0.11325272917747498
16:28:35 trainer_2 got updated model
16:28:35 trainer_2 got updated model
16:28:36 trainer_2 got updated model
16:28:36 trainer_2 got updated model
16:28:37 trainer_2 got updated model
INFO:root:Rank 2 training batch 520 loss 0.11085086315870285
16:28:38 trainer_2 got updated model
16:28:38 trainer_2 got updated model
16:28:39 trainer_2 got updated model
16:28:39 trainer_2 got updated model
16:28:40 trainer_2 got updated model
INFO:root:Rank 2 training batch 525 loss 0.15662789344787598
16:28:40 trainer_2 got updated model
16:28:41 trainer_2 got updated model
16:28:41 trainer_2 got updated model
16:28:42 trainer_2 got updated model
16:28:42 trainer_2 got updated model
INFO:root:Rank 2 training batch 530 loss 0.12709452211856842
16:28:43 trainer_2 got updated model
16:28:43 trainer_2 got updated model
16:28:44 trainer_2 got updated model
16:28:44 trainer_2 got updated model
16:28:45 trainer_2 got updated model
INFO:root:Rank 2 training batch 535 loss 0.07428701221942902
16:28:45 trainer_2 got updated model
16:28:46 trainer_2 got updated model
16:28:46 trainer_2 got updated model
16:28:47 trainer_2 got updated model
16:28:47 trainer_2 got updated model
INFO:root:Rank 2 training batch 540 loss 0.17386484146118164
16:28:48 trainer_2 got updated model
16:28:48 trainer_2 got updated model
16:28:49 trainer_2 got updated model
16:28:49 trainer_2 got updated model
16:28:50 trainer_2 got updated model
INFO:root:Rank 2 training batch 545 loss 0.02839050255715847
16:28:50 trainer_2 got updated model
16:28:51 trainer_2 got updated model
16:28:51 trainer_2 got updated model
16:28:52 trainer_2 got updated model
16:28:52 trainer_2 got updated model
INFO:root:Rank 2 training batch 550 loss 0.39958515763282776
16:28:53 trainer_2 got updated model
16:28:53 trainer_2 got updated model
16:28:54 trainer_2 got updated model
16:28:54 trainer_2 got updated model
16:28:55 trainer_2 got updated model
INFO:root:Rank 2 training batch 555 loss 0.12806744873523712
16:28:55 trainer_2 got updated model
16:28:56 trainer_2 got updated model
16:28:56 trainer_2 got updated model
16:28:57 trainer_2 got updated model
16:28:57 trainer_2 got updated model
INFO:root:Rank 2 training batch 560 loss 0.04341748356819153
16:28:58 trainer_2 got updated model
16:28:59 trainer_2 got updated model
16:28:59 trainer_2 got updated model
16:29:00 trainer_2 got updated model
16:29:00 trainer_2 got updated model
INFO:root:Rank 2 training batch 565 loss 0.2962755262851715
16:29:01 trainer_2 got updated model
16:29:01 trainer_2 got updated model
16:29:02 trainer_2 got updated model
16:29:03 trainer_2 got updated model
16:29:03 trainer_2 got updated model
INFO:root:Rank 2 training batch 570 loss 0.00804284680634737
16:29:04 trainer_2 got updated model
16:29:04 trainer_2 got updated model
16:29:05 trainer_2 got updated model
16:29:05 trainer_2 got updated model
16:29:06 trainer_2 got updated model
INFO:root:Rank 2 training batch 575 loss 0.12314380705356598
16:29:06 trainer_2 got updated model
16:29:07 trainer_2 got updated model
16:29:07 trainer_2 got updated model
16:29:08 trainer_2 got updated model
16:29:08 trainer_2 got updated model
INFO:root:Rank 2 training batch 580 loss 0.019184518605470657
16:29:09 trainer_2 got updated model
16:29:09 trainer_2 got updated model
16:29:10 trainer_2 got updated model
16:29:10 trainer_2 got updated model
16:29:11 trainer_2 got updated model
INFO:root:Rank 2 training batch 585 loss 0.12356960028409958
16:29:11 trainer_2 got updated model
16:29:12 trainer_2 got updated model
16:29:12 trainer_2 got updated model
16:29:13 trainer_2 got updated model
16:29:13 trainer_2 got updated model
INFO:root:Rank 2 training batch 590 loss 0.21571792662143707
16:29:14 trainer_2 got updated model
16:29:14 trainer_2 got updated model
16:29:15 trainer_2 got updated model
16:29:15 trainer_2 got updated model
16:29:16 trainer_2 got updated model
INFO:root:Rank 2 training batch 595 loss 0.1509401500225067
16:29:16 trainer_2 got updated model
16:29:17 trainer_2 got updated model
16:29:17 trainer_2 got updated model
16:29:18 trainer_2 got updated model
16:29:18 trainer_2 got updated model
INFO:root:Rank 2 training batch 600 loss 0.01688731461763382
16:29:19 trainer_2 got updated model
16:29:19 trainer_2 got updated model
16:29:20 trainer_2 got updated model
16:29:20 trainer_2 got updated model
16:29:21 trainer_2 got updated model
INFO:root:Rank 2 training batch 605 loss 0.07062748074531555
16:29:21 trainer_2 got updated model
16:29:22 trainer_2 got updated model
16:29:22 trainer_2 got updated model
16:29:23 trainer_2 got updated model
16:29:23 trainer_2 got updated model
INFO:root:Rank 2 training batch 610 loss 0.11645813286304474
16:29:24 trainer_2 got updated model
16:29:24 trainer_2 got updated model
16:29:25 trainer_2 got updated model
16:29:25 trainer_2 got updated model
16:29:26 trainer_2 got updated model
INFO:root:Rank 2 training batch 615 loss 0.057269610464572906
16:29:26 trainer_2 got updated model
16:29:27 trainer_2 got updated model
16:29:27 trainer_2 got updated model
16:29:28 trainer_2 got updated model
16:29:28 trainer_2 got updated model
INFO:root:Rank 2 training batch 620 loss 0.03673041984438896
16:29:29 trainer_2 got updated model
16:29:29 trainer_2 got updated model
16:29:30 trainer_2 got updated model
16:29:30 trainer_2 got updated model
16:29:31 trainer_2 got updated model
INFO:root:Rank 2 training batch 625 loss 0.04712805151939392
16:29:31 trainer_2 got updated model
16:29:32 trainer_2 got updated model
16:29:32 trainer_2 got updated model
16:29:33 trainer_2 got updated model
16:29:33 trainer_2 got updated model
INFO:root:Rank 2 training batch 630 loss 0.2731899321079254
16:29:34 trainer_2 got updated model
16:29:34 trainer_2 got updated model
16:29:35 trainer_2 got updated model
16:29:36 trainer_2 got updated model
16:29:36 trainer_2 got updated model
INFO:root:Rank 2 training batch 635 loss 0.04441196471452713
16:29:37 trainer_2 got updated model
16:29:37 trainer_2 got updated model
16:29:38 trainer_2 got updated model
16:29:38 trainer_2 got updated model
16:29:39 trainer_2 got updated model
INFO:root:Rank 2 training batch 640 loss 0.4214344918727875
16:29:39 trainer_2 got updated model
16:29:40 trainer_2 got updated model
16:29:40 trainer_2 got updated model
16:29:41 trainer_2 got updated model
16:29:41 trainer_2 got updated model
INFO:root:Rank 2 training batch 645 loss 0.08959925174713135
16:29:42 trainer_2 got updated model
16:29:42 trainer_2 got updated model
16:29:43 trainer_2 got updated model
16:29:43 trainer_2 got updated model
16:29:44 trainer_2 got updated model
INFO:root:Rank 2 training batch 650 loss 0.15953484177589417
16:29:44 trainer_2 got updated model
16:29:45 trainer_2 got updated model
16:29:45 trainer_2 got updated model
16:29:46 trainer_2 got updated model
16:29:46 trainer_2 got updated model
INFO:root:Rank 2 training batch 655 loss 0.09040505439043045
16:29:47 trainer_2 got updated model
16:29:47 trainer_2 got updated model
16:29:48 trainer_2 got updated model
16:29:48 trainer_2 got updated model
16:29:49 trainer_2 got updated model
INFO:root:Rank 2 training batch 660 loss 0.023630622774362564
16:29:49 trainer_2 got updated model
16:29:50 trainer_2 got updated model
16:29:50 trainer_2 got updated model
16:29:51 trainer_2 got updated model
16:29:51 trainer_2 got updated model
INFO:root:Rank 2 training batch 665 loss 0.022641312330961227
16:29:52 trainer_2 got updated model
16:29:52 trainer_2 got updated model
16:29:53 trainer_2 got updated model
16:29:53 trainer_2 got updated model
16:29:54 trainer_2 got updated model
INFO:root:Rank 2 training batch 670 loss 0.13655194640159607
16:29:54 trainer_2 got updated model
16:29:54 trainer_2 got updated model
16:29:55 trainer_2 got updated model
16:29:55 trainer_2 got updated model
16:29:56 trainer_2 got updated model
INFO:root:Rank 2 training batch 675 loss 0.13886326551437378
16:29:56 trainer_2 got updated model
16:29:57 trainer_2 got updated model
16:29:57 trainer_2 got updated model
16:29:58 trainer_2 got updated model
16:29:58 trainer_2 got updated model
INFO:root:Rank 2 training batch 680 loss 0.17502935230731964
16:29:59 trainer_2 got updated model
16:29:59 trainer_2 got updated model
16:30:00 trainer_2 got updated model
16:30:00 trainer_2 got updated model
16:30:01 trainer_2 got updated model
INFO:root:Rank 2 training batch 685 loss 0.14209824800491333
16:30:01 trainer_2 got updated model
16:30:02 trainer_2 got updated model
16:30:02 trainer_2 got updated model
16:30:03 trainer_2 got updated model
16:30:03 trainer_2 got updated model
INFO:root:Rank 2 training batch 690 loss 0.02358568273484707
16:30:04 trainer_2 got updated model
16:30:04 trainer_2 got updated model
16:30:05 trainer_2 got updated model
16:30:05 trainer_2 got updated model
16:30:06 trainer_2 got updated model
INFO:root:Rank 2 training batch 695 loss 0.025844017043709755
16:30:06 trainer_2 got updated model
16:30:07 trainer_2 got updated model
16:30:08 trainer_2 got updated model
16:30:08 trainer_2 got updated model
16:30:09 trainer_2 got updated model
INFO:root:Rank 2 training batch 700 loss 0.31910234689712524
16:30:09 trainer_2 got updated model
16:30:10 trainer_2 got updated model
16:30:10 trainer_2 got updated model
16:30:11 trainer_2 got updated model
16:30:11 trainer_2 got updated model
INFO:root:Rank 2 training batch 705 loss 0.08360603451728821
16:30:12 trainer_2 got updated model
16:30:12 trainer_2 got updated model
16:30:12 trainer_2 got updated model
16:30:13 trainer_2 got updated model
16:30:13 trainer_2 got updated model
INFO:root:Rank 2 training batch 710 loss 0.12331050634384155
16:30:14 trainer_2 got updated model
16:30:15 trainer_2 got updated model
16:30:15 trainer_2 got updated model
16:30:16 trainer_2 got updated model
16:30:16 trainer_2 got updated model
INFO:root:Rank 2 training batch 715 loss 0.12480523437261581
16:30:17 trainer_2 got updated model
16:30:17 trainer_2 got updated model
16:30:18 trainer_2 got updated model
16:30:18 trainer_2 got updated model
16:30:19 trainer_2 got updated model
INFO:root:Rank 2 training batch 720 loss 0.07171051949262619
16:30:19 trainer_2 got updated model
16:30:20 trainer_2 got updated model
16:30:20 trainer_2 got updated model
16:30:21 trainer_2 got updated model
16:30:21 trainer_2 got updated model
INFO:root:Rank 2 training batch 725 loss 0.1668706089258194
16:30:22 trainer_2 got updated model
16:30:22 trainer_2 got updated model
16:30:23 trainer_2 got updated model
16:30:23 trainer_2 got updated model
16:30:24 trainer_2 got updated model
INFO:root:Rank 2 training batch 730 loss 0.06180763244628906
16:30:24 trainer_2 got updated model
16:30:25 trainer_2 got updated model
16:30:25 trainer_2 got updated model
16:30:26 trainer_2 got updated model
16:30:26 trainer_2 got updated model
INFO:root:Rank 2 training batch 735 loss 0.24536748230457306
16:30:27 trainer_2 got updated model
16:30:27 trainer_2 got updated model
16:30:28 trainer_2 got updated model
16:30:28 trainer_2 got updated model
16:30:29 trainer_2 got updated model
INFO:root:Rank 2 training batch 740 loss 0.11643295735120773
16:30:29 trainer_2 got updated model
16:30:30 trainer_2 got updated model
16:30:30 trainer_2 got updated model
16:30:31 trainer_2 got updated model
16:30:31 trainer_2 got updated model
INFO:root:Rank 2 training batch 745 loss 0.17012757062911987
16:30:32 trainer_2 got updated model
16:30:32 trainer_2 got updated model
16:30:33 trainer_2 got updated model
16:30:33 trainer_2 got updated model
16:30:34 trainer_2 got updated model
INFO:root:Rank 2 training batch 750 loss 0.1092175617814064
16:30:34 trainer_2 got updated model
16:30:35 trainer_2 got updated model
16:30:35 trainer_2 got updated model
16:30:36 trainer_2 got updated model
16:30:36 trainer_2 got updated model
INFO:root:Rank 2 training batch 755 loss 0.044625766575336456
16:30:37 trainer_2 got updated model
16:30:37 trainer_2 got updated model
16:30:38 trainer_2 got updated model
16:30:38 trainer_2 got updated model
16:30:39 trainer_2 got updated model
INFO:root:Rank 2 training batch 760 loss 0.08578020334243774
16:30:39 trainer_2 got updated model
16:30:40 trainer_2 got updated model
16:30:41 trainer_2 got updated model
16:30:41 trainer_2 got updated model
16:30:42 trainer_2 got updated model
INFO:root:Rank 2 training batch 765 loss 0.14948426187038422
16:30:42 trainer_2 got updated model
16:30:43 trainer_2 got updated model
16:30:43 trainer_2 got updated model
16:30:44 trainer_2 got updated model
16:30:44 trainer_2 got updated model
INFO:root:Rank 2 training batch 770 loss 0.0617949441075325
16:30:45 trainer_2 got updated model
16:30:46 trainer_2 got updated model
16:30:46 trainer_2 got updated model
16:30:47 trainer_2 got updated model
16:30:47 trainer_2 got updated model
INFO:root:Rank 2 training batch 775 loss 0.058909110724925995
16:30:48 trainer_2 got updated model
16:30:48 trainer_2 got updated model
16:30:49 trainer_2 got updated model
16:30:49 trainer_2 got updated model
16:30:50 trainer_2 got updated model
INFO:root:Rank 2 training batch 780 loss 0.19765813648700714
16:30:50 trainer_2 got updated model
16:30:51 trainer_2 got updated model
16:30:51 trainer_2 got updated model
16:30:52 trainer_2 got updated model
16:30:52 trainer_2 got updated model
INFO:root:Rank 2 training batch 785 loss 0.1270039826631546
16:30:53 trainer_2 got updated model
16:30:53 trainer_2 got updated model
16:30:54 trainer_2 got updated model
16:30:54 trainer_2 got updated model
16:30:55 trainer_2 got updated model
INFO:root:Rank 2 training batch 790 loss 0.02907899022102356
16:30:55 trainer_2 got updated model
16:30:56 trainer_2 got updated model
16:30:56 trainer_2 got updated model
16:30:57 trainer_2 got updated model
16:30:57 trainer_2 got updated model
INFO:root:Rank 2 training batch 795 loss 0.30616578459739685
16:30:58 trainer_2 got updated model
16:30:58 trainer_2 got updated model
16:30:59 trainer_2 got updated model
16:30:59 trainer_2 got updated model
16:31:00 trainer_2 got updated model
INFO:root:Rank 2 training batch 800 loss 0.07488945871591568
16:31:00 trainer_2 got updated model
16:31:01 trainer_2 got updated model
16:31:01 trainer_2 got updated model
16:31:02 trainer_2 got updated model
16:31:02 trainer_2 got updated model
INFO:root:Rank 2 training batch 805 loss 0.007403326686471701
16:31:03 trainer_2 got updated model
16:31:03 trainer_2 got updated model
16:31:04 trainer_2 got updated model
16:31:04 trainer_2 got updated model
16:31:05 trainer_2 got updated model
INFO:root:Rank 2 training batch 810 loss 0.020934056490659714
16:31:05 trainer_2 got updated model
16:31:06 trainer_2 got updated model
16:31:06 trainer_2 got updated model
16:31:07 trainer_2 got updated model
16:31:07 trainer_2 got updated model
INFO:root:Rank 2 training batch 815 loss 0.29924067854881287
16:31:08 trainer_2 got updated model
16:31:08 trainer_2 got updated model
16:31:09 trainer_2 got updated model
16:31:09 trainer_2 got updated model
16:31:10 trainer_2 got updated model
INFO:root:Rank 2 training batch 820 loss 0.004973399918526411
16:31:10 trainer_2 got updated model
16:31:11 trainer_2 got updated model
16:31:11 trainer_2 got updated model
16:31:12 trainer_2 got updated model
16:31:12 trainer_2 got updated model
INFO:root:Rank 2 training batch 825 loss 0.037484440952539444
16:31:13 trainer_2 got updated model
16:31:13 trainer_2 got updated model
16:31:14 trainer_2 got updated model
16:31:14 trainer_2 got updated model
16:31:15 trainer_2 got updated model
INFO:root:Rank 2 training batch 830 loss 0.171189084649086
16:31:15 trainer_2 got updated model
16:31:16 trainer_2 got updated model
16:31:16 trainer_2 got updated model
16:31:17 trainer_2 got updated model
16:31:18 trainer_2 got updated model
INFO:root:Rank 2 training batch 835 loss 0.20440086722373962
16:31:18 trainer_2 got updated model
16:31:19 trainer_2 got updated model
16:31:19 trainer_2 got updated model
16:31:20 trainer_2 got updated model
16:31:20 trainer_2 got updated model
INFO:root:Rank 2 training batch 840 loss 0.11311768740415573
16:31:21 trainer_2 got updated model
16:31:21 trainer_2 got updated model
16:31:22 trainer_2 got updated model
16:31:22 trainer_2 got updated model
16:31:23 trainer_2 got updated model
INFO:root:Rank 2 training batch 845 loss 0.22716718912124634
16:31:23 trainer_2 got updated model
16:31:24 trainer_2 got updated model
16:31:24 trainer_2 got updated model
16:31:25 trainer_2 got updated model
16:31:25 trainer_2 got updated model
INFO:root:Rank 2 training batch 850 loss 0.11982282996177673
16:31:26 trainer_2 got updated model
16:31:26 trainer_2 got updated model
16:31:27 trainer_2 got updated model
16:31:27 trainer_2 got updated model
16:31:28 trainer_2 got updated model
INFO:root:Rank 2 training batch 855 loss 0.10759668052196503
16:31:28 trainer_2 got updated model
16:31:29 trainer_2 got updated model
16:31:29 trainer_2 got updated model
16:31:30 trainer_2 got updated model
16:31:30 trainer_2 got updated model
INFO:root:Rank 2 training batch 860 loss 0.038885682821273804
16:31:31 trainer_2 got updated model
16:31:31 trainer_2 got updated model
16:31:32 trainer_2 got updated model
16:31:32 trainer_2 got updated model
16:31:33 trainer_2 got updated model
INFO:root:Rank 2 training batch 865 loss 0.01895010471343994
16:31:33 trainer_2 got updated model
16:31:34 trainer_2 got updated model
16:31:34 trainer_2 got updated model
16:31:35 trainer_2 got updated model
16:31:35 trainer_2 got updated model
INFO:root:Rank 2 training batch 870 loss 0.22856798768043518
16:31:36 trainer_2 got updated model
16:31:36 trainer_2 got updated model
16:31:37 trainer_2 got updated model
16:31:37 trainer_2 got updated model
16:31:38 trainer_2 got updated model
INFO:root:Rank 2 training batch 875 loss 0.04092111811041832
16:31:38 trainer_2 got updated model
16:31:39 trainer_2 got updated model
16:31:39 trainer_2 got updated model
16:31:40 trainer_2 got updated model
16:31:41 trainer_2 got updated model
INFO:root:Rank 2 training batch 880 loss 0.3710211217403412
16:31:41 trainer_2 got updated model
16:31:42 trainer_2 got updated model
16:31:42 trainer_2 got updated model
16:31:43 trainer_2 got updated model
16:31:43 trainer_2 got updated model
INFO:root:Rank 2 training batch 885 loss 0.09941574931144714
16:31:44 trainer_2 got updated model
16:31:44 trainer_2 got updated model
16:31:45 trainer_2 got updated model
16:31:45 trainer_2 got updated model
16:31:46 trainer_2 got updated model
INFO:root:Rank 2 training batch 890 loss 0.13182424008846283
16:31:46 trainer_2 got updated model
16:31:47 trainer_2 got updated model
16:31:48 trainer_2 got updated model
16:31:48 trainer_2 got updated model
16:31:49 trainer_2 got updated model
INFO:root:Rank 2 training batch 895 loss 0.055369339883327484
16:31:49 trainer_2 got updated model
16:31:50 trainer_2 got updated model
16:31:50 trainer_2 got updated model
16:31:51 trainer_2 got updated model
16:31:51 trainer_2 got updated model
INFO:root:Rank 2 training batch 900 loss 0.2365064173936844
16:31:52 trainer_2 got updated model
16:31:52 trainer_2 got updated model
16:31:53 trainer_2 got updated model
16:31:53 trainer_2 got updated model
16:31:54 trainer_2 got updated model
INFO:root:Rank 2 training batch 905 loss 0.18810847401618958
16:31:54 trainer_2 got updated model
16:31:55 trainer_2 got updated model
16:31:55 trainer_2 got updated model
16:31:56 trainer_2 got updated model
16:31:56 trainer_2 got updated model
INFO:root:Rank 2 training batch 910 loss 0.028207559138536453
16:31:57 trainer_2 got updated model
16:31:57 trainer_2 got updated model
16:31:58 trainer_2 got updated model
16:31:59 trainer_2 got updated model
16:31:59 trainer_2 got updated model
INFO:root:Rank 2 training batch 915 loss 0.07172033935785294
16:32:00 trainer_2 got updated model
16:32:00 trainer_2 got updated model
16:32:01 trainer_2 got updated model
16:32:01 trainer_2 got updated model
16:32:02 trainer_2 got updated model
INFO:root:Rank 2 training batch 920 loss 0.016349393874406815
16:32:02 trainer_2 got updated model
16:32:03 trainer_2 got updated model
16:32:03 trainer_2 got updated model
16:32:04 trainer_2 got updated model
16:32:04 trainer_2 got updated model
INFO:root:Rank 2 training batch 925 loss 0.06696586310863495
16:32:05 trainer_2 got updated model
16:32:05 trainer_2 got updated model
16:32:06 trainer_2 got updated model
16:32:06 trainer_2 got updated model
16:32:07 trainer_2 got updated model
INFO:root:Rank 2 training batch 930 loss 0.28476041555404663
16:32:07 trainer_2 got updated model
16:32:08 trainer_2 got updated model
16:32:08 trainer_2 got updated model
16:32:09 trainer_2 got updated model
16:32:09 trainer_2 got updated model
INFO:root:Rank 2 training batch 935 loss 0.055096037685871124
16:32:10 trainer_2 got updated model
16:32:10 trainer_2 got updated model
16:32:11 trainer_2 got updated model
INFO:root:Training complete!
INFO:root:Getting accuracy....
INFO:root:Accuracy 0.9775
